
<!DOCTYPE html>
<html>


<head>
	<meta charset='utf-8' /> 
	<meta name='description' content='' />
	<meta name='robots' content='noodp, noydir' />
	<meta name='viewport' content='width=device-width, initial-scale=1' />
	<meta id="timeStampFormat" name="timeStampFormat" content='MMM d, yyyy hh:mm:ss a'/>
	
	<link href='https://fonts.googleapis.com/css?family=Source+Sans+Pro:400,600' rel='stylesheet' type='text/css'>
	<link href="https://fonts.googleapis.com/icon?family=Material+Icons" rel="stylesheet">

		<link href='https://cdn.rawgit.com/anshooarora/extentreports-java/6d3843c29c354373fafad29c03a1a89b7e06c374/dist/css/extent.css' type='text/css' rel='stylesheet' />
	
	<title>ExtentReports</title>

</head>

	<body class='extent standard default hide-overflow '>
		<div id='theme-selector' alt='Click to toggle theme. To enable by default, use theme configuration.' title='Click to toggle theme. To enable by default, use theme configuration.'>
			<span><i class='material-icons'>desktop_windows</i></span>
		</div>

<nav>
	<div class="nav-wrapper">
		<a href="#!" class="brand-logo blue darken-3">Extent</a>

		<!-- slideout menu -->
		<ul id='slide-out' class='side-nav fixed hide-on-med-and-down'>
			<li class='waves-effect active'><a href='#!' view='test-view' onclick="configureView(0);chartsView('test');"><i class='material-icons'>dashboard</i></a></li>
						<li class='waves-effect'><a href='#!' view='exception-view' onclick="configureView(2)"><i class='material-icons'>bug_report</i></a></li>
			<li class='waves-effect'><a href='#!' onclick="configureView(-1);chartsView('dashboard');" view='dashboard-view'><i class='material-icons'>track_changes</i></i></a></li>
		</ul>

		<!-- report name -->
		<span class='report-name'>ExtentReports</span>
		
		<!-- report headline -->
		<span class='report-headline'></span>

		<!-- nav-right -->
		<ul id='nav-mobile' class='right hide-on-med-and-down nav-right'>
			<li>
                <a href='#!'>
                    <span class='label suite-start-time blue darken-3'>Jul 18, 2017 01:14:29 PM</span>
				</a>
			</li>
			<li>
                <a href='#!'>
                    <span class='label blue darken-3'>v3.0.6</span>
				</a>
			</li>
		</ul>
	</div>
</nav>

		<!-- container -->
		<div class='container'>

<div id='test-view' class='view'>
				
	<section id='controls'>
		<div class='controls grey lighten-4'>
			<!-- test toggle -->
			<div class='chip transparent'>
				<a class='dropdown-button tests-toggle' data-activates='tests-toggle' data-constrainwidth='true' data-beloworigin='true' data-hover='true' href='#'>
					<i class='material-icons'>warning</i> Status
				</a>
				<ul id='tests-toggle' class='dropdown-content'>
											<li status='pass'><a href='#!'>Pass <i class='material-icons green-text'>check_circle</i></a></li>
						<li status='fail'><a href='#!'>Fail <i class='material-icons red-text'>cancel</i></a></li>
					<li class='divider'></li>
					<li status='clear' clear='true'><a href='#!'>Clear Filters <i class='material-icons'>clear</i></a></li>
				</ul>
			</div>
			<!-- test toggle -->

			<!-- category toggle -->
			<!-- category toggle -->

			<!-- clear filters -->
			<div class='chip transparent hide'>
				<a class='' id='clear-filters' alt='Clear Filters' title='Clear Filters'>
					<i class='material-icons'>close</i> Clear
				</a>
			</div>
			<!-- clear filters -->

			<!-- enable dashboard -->
			<div id='toggle-test-view-charts' class='chip transparent'>
				<a class='pink-text' id='enable-dashboard' alt='Enable Dashboard' title='Enable Dashboard'>
					<i class='material-icons'>track_changes</i> Dashboard
				</a>
			</div>
			<!-- enable dashboard -->

			<!-- search -->
			<div class='chip transparent' alt='Search Tests' title='Search Tests'>
				<a href="#" class='search-div'>
					<i class='material-icons'>search</i> Search
				</a>

				<div class='input-field left hide'>
					<input id='search-tests' type='text' class='validate browser-default' placeholder='Search Tests...'>
				</div>
				
			</div>
			<!-- search -->
		</div>
	</section>


<div id='test-view-charts' class='subview-full'>
	<div id='charts-row' class='row nm-v nm-h'>
		<div class='col s12 m6 l6 np-h'>
			<div class='card-panel nm-v'>
				<div class='left panel-name'>Tests</div>
				<div class='chart-box'>
					<canvas id='parent-analysis' width='100' height='80'></canvas>
				</div>
				<div class='block text-small'>
					<span class='tooltipped' data-position='top' data-tooltip='78.049%'><span class='strong'>32</span> test(s) passed</span>
				</div>
				<div class='block text-small'>
					<span class='strong tooltipped' data-position='top' data-tooltip='21.951%'>9</span> test(s) failed, <span class='strong tooltipped' data-position='top' data-tooltip='0%'>0</span> others
				</div>
			</div>
		</div>
		
		<div class='col s12 m6 l6 np-h'>
			<div class='card-panel nm-v'>
				<div class='left panel-name'>Steps</div>
				<div class='chart-box'>
					<canvas id='child-analysis' width='100' height='80'></canvas>
				</div>
				<div class='block text-small'>
					<span class='tooltipped' data-position='top' data-tooltip='22.513%'><span class='strong'>43</span> step(s) passed</span>
				</div>
				<div class='block text-small'>
					<span class='strong tooltipped' data-position='top' data-tooltip='9.424%'>18</span> step(s) failed, <span class='strong tooltipped' data-position='top' data-tooltip='68.063%'>130</span> others
				</div>
			</div>
		</div>
		
	</div>
</div>

	<div class='subview-left left'>
		
		<div class='view-summary'>
			<h5>Tests</h5>
			<ul id='test-collection' class='test-collection'>
				
				
				<li class='test displayed active  pass' status='pass' bdd='false' test-id='1'>
					<div class='test-heading'>
						<span class='test-name'>GDSPOPCO_01 Validate login for Valid Credential</span>
						<span class='test-time'>Jul 18, 2017 01:14:36 PM</span>
						<span class='test-status right pass'>pass</span>
					</div>
					<div class='test-content hide'>
<div class='test-time-info'>
	<span class='label start-time'>Jul 18, 2017 01:14:36 PM</span>
	<span class='label end-time'>Jul 18, 2017 01:14:41 PM</span>
	<span class='label time-taken grey lighten-1 white-text'>0h 0m 4s+425ms</span>
</div>
	<div class='test-steps'>
		<table class='bordered table-results'>
			<thead>
				<tr>
					<th>Status</th>
					<th>Timestamp</th>
					<th>Details</th>
				</tr>
			</thead>
			<tbody>
				<tr class='log' status='info'>
					<td class='status info' title='info' alt='info'><i class='material-icons'>info_outline</i></td>
					<td class='timestamp'>1:14:36 PM</td>
					<td class='step-details'>Browser has been Launched</td>
				</tr>
				<tr class='log' status='info'>
					<td class='status info' title='info' alt='info'><i class='material-icons'>info_outline</i></td>
					<td class='timestamp'>1:14:39 PM</td>
					<td class='step-details'>entered valid username and password</td>
				</tr>
				<tr class='log' status='pass'>
					<td class='status pass' title='pass' alt='pass'><i class='material-icons'>check_circle</i></td>
					<td class='timestamp'>1:14:40 PM</td>
					<td class='step-details'>Login is successful</td>
				</tr>
				<tr class='log' status='info'>
					<td class='status info' title='info' alt='info'><i class='material-icons'>info_outline</i></td>
					<td class='timestamp'>1:14:40 PM</td>
					<td class='step-details'>Login is successful</td>
				</tr>
				<tr class='log' status='pass'>
					<td class='status pass' title='pass' alt='pass'><i class='material-icons'>check_circle</i></td>
					<td class='timestamp'>1:14:41 PM</td>
					<td class='step-details'><span class='label white-text green'>TC_001Test Case Passed</span></td>
				</tr>
			</tbody>
		</table>
	</div>
							<ul class='screenshots'>
								<li><img data-featherlight='C:\Users\arabinda.samal\new proj\GDSP_REGRESSION_GUI_AUTOMATION_platform\src\test\java\extentReports\TestReport18-Jul-2017 01-14\18-Jul-2017 01-14-39GDSPOPCO_01.png' width='10%' src='C:\Users\arabinda.samal\new proj\GDSP_REGRESSION_GUI_AUTOMATION_platform\src\test\java\extentReports\TestReport18-Jul-2017 01-14\18-Jul-2017 01-14-39GDSPOPCO_01.png' data-src='C:\Users\arabinda.samal\new proj\GDSP_REGRESSION_GUI_AUTOMATION_platform\src\test\java\extentReports\TestReport18-Jul-2017 01-14\18-Jul-2017 01-14-39GDSPOPCO_01.png'></li>
							</ul>
					</div>
				</li>
				
				
				<li class='test displayed active  pass' status='pass' bdd='false' test-id='2'>
					<div class='test-heading'>
						<span class='test-name'>GDSPOPCO_10 Filter User using different parameters</span>
						<span class='test-time'>Jul 18, 2017 01:14:48 PM</span>
						<span class='test-status right pass'>pass</span>
					</div>
					<div class='test-content hide'>
<div class='test-time-info'>
	<span class='label start-time'>Jul 18, 2017 01:14:48 PM</span>
	<span class='label end-time'>Jul 18, 2017 01:15:06 PM</span>
	<span class='label time-taken grey lighten-1 white-text'>0h 0m 17s+340ms</span>
</div>
	<div class='test-steps'>
		<table class='bordered table-results'>
			<thead>
				<tr>
					<th>Status</th>
					<th>Timestamp</th>
					<th>Details</th>
				</tr>
			</thead>
			<tbody>
				<tr class='log' status='info'>
					<td class='status info' title='info' alt='info'><i class='material-icons'>info_outline</i></td>
					<td class='timestamp'>1:14:48 PM</td>
					<td class='step-details'>Browser has been Launched</td>
				</tr>
				<tr class='log' status='info'>
					<td class='status info' title='info' alt='info'><i class='material-icons'>info_outline</i></td>
					<td class='timestamp'>1:14:51 PM</td>
					<td class='step-details'>Login is successful</td>
				</tr>
				<tr class='log' status='info'>
					<td class='status info' title='info' alt='info'><i class='material-icons'>info_outline</i></td>
					<td class='timestamp'>1:14:55 PM</td>
					<td class='step-details'>Search with username is successful</td>
				</tr>
				<tr class='log' status='info'>
					<td class='status info' title='info' alt='info'><i class='material-icons'>info_outline</i></td>
					<td class='timestamp'>1:14:58 PM</td>
					<td class='step-details'>Search with fullname is successful</td>
				</tr>
				<tr class='log' status='info'>
					<td class='status info' title='info' alt='info'><i class='material-icons'>info_outline</i></td>
					<td class='timestamp'>1:15:00 PM</td>
					<td class='step-details'>Search with Customercodeis successful</td>
				</tr>
				<tr class='log' status='info'>
					<td class='status info' title='info' alt='info'><i class='material-icons'>info_outline</i></td>
					<td class='timestamp'>1:15:04 PM</td>
					<td class='step-details'>Search with Accessright is successful</td>
				</tr>
				<tr class='log' status='pass'>
					<td class='status pass' title='pass' alt='pass'><i class='material-icons'>check_circle</i></td>
					<td class='timestamp'>1:15:06 PM</td>
					<td class='step-details'><span class='label white-text green'>TC_010Test Case Passed</span></td>
				</tr>
			</tbody>
		</table>
	</div>
							<ul class='screenshots'>
								<li><img data-featherlight='C:\Users\arabinda.samal\new proj\GDSP_REGRESSION_GUI_AUTOMATION_platform\src\test\java\extentReports\TestReport18-Jul-2017 01-14\18-Jul-2017 01-14-39GDSPOPCO_10.png' width='10%' src='C:\Users\arabinda.samal\new proj\GDSP_REGRESSION_GUI_AUTOMATION_platform\src\test\java\extentReports\TestReport18-Jul-2017 01-14\18-Jul-2017 01-14-39GDSPOPCO_10.png' data-src='C:\Users\arabinda.samal\new proj\GDSP_REGRESSION_GUI_AUTOMATION_platform\src\test\java\extentReports\TestReport18-Jul-2017 01-14\18-Jul-2017 01-14-39GDSPOPCO_10.png'></li>
								<li><img data-featherlight='C:\Users\arabinda.samal\new proj\GDSP_REGRESSION_GUI_AUTOMATION_platform\src\test\java\extentReports\TestReport18-Jul-2017 01-14\18-Jul-2017 01-14-39GDSPOPCO_10.png' width='10%' src='C:\Users\arabinda.samal\new proj\GDSP_REGRESSION_GUI_AUTOMATION_platform\src\test\java\extentReports\TestReport18-Jul-2017 01-14\18-Jul-2017 01-14-39GDSPOPCO_10.png' data-src='C:\Users\arabinda.samal\new proj\GDSP_REGRESSION_GUI_AUTOMATION_platform\src\test\java\extentReports\TestReport18-Jul-2017 01-14\18-Jul-2017 01-14-39GDSPOPCO_10.png'></li>
								<li><img data-featherlight='C:\Users\arabinda.samal\new proj\GDSP_REGRESSION_GUI_AUTOMATION_platform\src\test\java\extentReports\TestReport18-Jul-2017 01-14\18-Jul-2017 01-14-39GDSPOPCO_10.png' width='10%' src='C:\Users\arabinda.samal\new proj\GDSP_REGRESSION_GUI_AUTOMATION_platform\src\test\java\extentReports\TestReport18-Jul-2017 01-14\18-Jul-2017 01-14-39GDSPOPCO_10.png' data-src='C:\Users\arabinda.samal\new proj\GDSP_REGRESSION_GUI_AUTOMATION_platform\src\test\java\extentReports\TestReport18-Jul-2017 01-14\18-Jul-2017 01-14-39GDSPOPCO_10.png'></li>
								<li><img data-featherlight='C:\Users\arabinda.samal\new proj\GDSP_REGRESSION_GUI_AUTOMATION_platform\src\test\java\extentReports\TestReport18-Jul-2017 01-14\18-Jul-2017 01-14-39GDSPOPCO_10.png' width='10%' src='C:\Users\arabinda.samal\new proj\GDSP_REGRESSION_GUI_AUTOMATION_platform\src\test\java\extentReports\TestReport18-Jul-2017 01-14\18-Jul-2017 01-14-39GDSPOPCO_10.png' data-src='C:\Users\arabinda.samal\new proj\GDSP_REGRESSION_GUI_AUTOMATION_platform\src\test\java\extentReports\TestReport18-Jul-2017 01-14\18-Jul-2017 01-14-39GDSPOPCO_10.png'></li>
							</ul>
					</div>
				</li>
				
				
				<li class='test displayed active  pass' status='pass' bdd='false' test-id='3'>
					<div class='test-heading'>
						<span class='test-name'>GDSPOPCO_13 Filter by Contact name</span>
						<span class='test-time'>Jul 18, 2017 01:15:13 PM</span>
						<span class='test-status right pass'>pass</span>
					</div>
					<div class='test-content hide'>
<div class='test-time-info'>
	<span class='label start-time'>Jul 18, 2017 01:15:13 PM</span>
	<span class='label end-time'>Jul 18, 2017 01:15:33 PM</span>
	<span class='label time-taken grey lighten-1 white-text'>0h 0m 19s+810ms</span>
</div>
	<div class='test-steps'>
		<table class='bordered table-results'>
			<thead>
				<tr>
					<th>Status</th>
					<th>Timestamp</th>
					<th>Details</th>
				</tr>
			</thead>
			<tbody>
				<tr class='log' status='info'>
					<td class='status info' title='info' alt='info'><i class='material-icons'>info_outline</i></td>
					<td class='timestamp'>1:15:13 PM</td>
					<td class='step-details'>Browser has been Launched</td>
				</tr>
				<tr class='log' status='info'>
					<td class='status info' title='info' alt='info'><i class='material-icons'>info_outline</i></td>
					<td class='timestamp'>1:15:15 PM</td>
					<td class='step-details'>Login is successful</td>
				</tr>
				<tr class='log' status='info'>
					<td class='status info' title='info' alt='info'><i class='material-icons'>info_outline</i></td>
					<td class='timestamp'>1:15:32 PM</td>
					<td class='step-details'>Contacts search is successful</td>
				</tr>
				<tr class='log' status='pass'>
					<td class='status pass' title='pass' alt='pass'><i class='material-icons'>check_circle</i></td>
					<td class='timestamp'>1:15:33 PM</td>
					<td class='step-details'><span class='label white-text green'>TC_003Test Case Passed</span></td>
				</tr>
			</tbody>
		</table>
	</div>
							<ul class='screenshots'>
								<li><img data-featherlight='C:\Users\arabinda.samal\new proj\GDSP_REGRESSION_GUI_AUTOMATION_platform\src\test\java\extentReports\TestReport18-Jul-2017 01-14\18-Jul-2017 01-14-39GDSPOPCO_13.png' width='10%' src='C:\Users\arabinda.samal\new proj\GDSP_REGRESSION_GUI_AUTOMATION_platform\src\test\java\extentReports\TestReport18-Jul-2017 01-14\18-Jul-2017 01-14-39GDSPOPCO_13.png' data-src='C:\Users\arabinda.samal\new proj\GDSP_REGRESSION_GUI_AUTOMATION_platform\src\test\java\extentReports\TestReport18-Jul-2017 01-14\18-Jul-2017 01-14-39GDSPOPCO_13.png'></li>
							</ul>
					</div>
				</li>
				
				
				<li class='test displayed active  pass' status='pass' bdd='false' test-id='4'>
					<div class='test-heading'>
						<span class='test-name'>GDSP_014 Contact_BackToTop Button Verification</span>
						<span class='test-time'>Jul 18, 2017 01:15:40 PM</span>
						<span class='test-status right pass'>pass</span>
					</div>
					<div class='test-content hide'>
<div class='test-time-info'>
	<span class='label start-time'>Jul 18, 2017 01:15:40 PM</span>
	<span class='label end-time'>Jul 18, 2017 01:16:05 PM</span>
	<span class='label time-taken grey lighten-1 white-text'>0h 0m 24s+609ms</span>
</div>
	<div class='test-steps'>
		<table class='bordered table-results'>
			<thead>
				<tr>
					<th>Status</th>
					<th>Timestamp</th>
					<th>Details</th>
				</tr>
			</thead>
			<tbody>
				<tr class='log' status='info'>
					<td class='status info' title='info' alt='info'><i class='material-icons'>info_outline</i></td>
					<td class='timestamp'>1:15:40 PM</td>
					<td class='step-details'>Browser has been Launched</td>
				</tr>
				<tr class='log' status='info'>
					<td class='status info' title='info' alt='info'><i class='material-icons'>info_outline</i></td>
					<td class='timestamp'>1:15:44 PM</td>
					<td class='step-details'>Login is successful</td>
				</tr>
				<tr class='log' status='info'>
					<td class='status info' title='info' alt='info'><i class='material-icons'>info_outline</i></td>
					<td class='timestamp'>1:15:57 PM</td>
					<td class='step-details'>Contacts search is successful</td>
				</tr>
				<tr class='log' status='info'>
					<td class='status info' title='info' alt='info'><i class='material-icons'>info_outline</i></td>
					<td class='timestamp'>1:15:57 PM</td>
					<td class='step-details'>Scroll down has been done</td>
				</tr>
				<tr class='log' status='info'>
					<td class='status info' title='info' alt='info'><i class='material-icons'>info_outline</i></td>
					<td class='timestamp'>1:15:59 PM</td>
					<td class='step-details'>Successfully clicked on Back to top button</td>
				</tr>
				<tr class='log' status='pass'>
					<td class='status pass' title='pass' alt='pass'><i class='material-icons'>check_circle</i></td>
					<td class='timestamp'>1:16:05 PM</td>
					<td class='step-details'><span class='label white-text green'>TC_014Test Case Passed</span></td>
				</tr>
			</tbody>
		</table>
	</div>
							<ul class='screenshots'>
								<li><img data-featherlight='C:\Users\arabinda.samal\new proj\GDSP_REGRESSION_GUI_AUTOMATION_platform\src\test\java\extentReports\TestReport18-Jul-2017 01-14\18-Jul-2017 01-14-39GDSP_014.png' width='10%' src='C:\Users\arabinda.samal\new proj\GDSP_REGRESSION_GUI_AUTOMATION_platform\src\test\java\extentReports\TestReport18-Jul-2017 01-14\18-Jul-2017 01-14-39GDSP_014.png' data-src='C:\Users\arabinda.samal\new proj\GDSP_REGRESSION_GUI_AUTOMATION_platform\src\test\java\extentReports\TestReport18-Jul-2017 01-14\18-Jul-2017 01-14-39GDSP_014.png'></li>
							</ul>
					</div>
				</li>
				
				
				<li class='test displayed active  pass' status='pass' bdd='false' test-id='5'>
					<div class='test-heading'>
						<span class='test-name'>GDSP_018 Filter Tariff</span>
						<span class='test-time'>Jul 18, 2017 01:16:11 PM</span>
						<span class='test-status right pass'>pass</span>
					</div>
					<div class='test-content hide'>
<div class='test-time-info'>
	<span class='label start-time'>Jul 18, 2017 01:16:11 PM</span>
	<span class='label end-time'>Jul 18, 2017 01:16:25 PM</span>
	<span class='label time-taken grey lighten-1 white-text'>0h 0m 13s+521ms</span>
</div>
	<div class='test-steps'>
		<table class='bordered table-results'>
			<thead>
				<tr>
					<th>Status</th>
					<th>Timestamp</th>
					<th>Details</th>
				</tr>
			</thead>
			<tbody>
				<tr class='log' status='info'>
					<td class='status info' title='info' alt='info'><i class='material-icons'>info_outline</i></td>
					<td class='timestamp'>1:16:11 PM</td>
					<td class='step-details'>Browser has been Launched</td>
				</tr>
				<tr class='log' status='info'>
					<td class='status info' title='info' alt='info'><i class='material-icons'>info_outline</i></td>
					<td class='timestamp'>1:16:14 PM</td>
					<td class='step-details'>Login is successful</td>
				</tr>
				<tr class='log' status='info'>
					<td class='status info' title='info' alt='info'><i class='material-icons'>info_outline</i></td>
					<td class='timestamp'>1:16:21 PM</td>
					<td class='step-details'>Tariff Names search is successful</td>
				</tr>
				<tr class='log' status='pass'>
					<td class='status pass' title='pass' alt='pass'><i class='material-icons'>check_circle</i></td>
					<td class='timestamp'>1:16:25 PM</td>
					<td class='step-details'><span class='label white-text green'>TC_018Test Case Passed</span></td>
				</tr>
			</tbody>
		</table>
	</div>
							<ul class='screenshots'>
								<li><img data-featherlight='C:\Users\arabinda.samal\new proj\GDSP_REGRESSION_GUI_AUTOMATION_platform\src\test\java\extentReports\TestReport18-Jul-2017 01-14\18-Jul-2017 01-14-39GDSP_018.png' width='10%' src='C:\Users\arabinda.samal\new proj\GDSP_REGRESSION_GUI_AUTOMATION_platform\src\test\java\extentReports\TestReport18-Jul-2017 01-14\18-Jul-2017 01-14-39GDSP_018.png' data-src='C:\Users\arabinda.samal\new proj\GDSP_REGRESSION_GUI_AUTOMATION_platform\src\test\java\extentReports\TestReport18-Jul-2017 01-14\18-Jul-2017 01-14-39GDSP_018.png'></li>
							</ul>
					</div>
				</li>
				
				
				<li class='test displayed active  pass' status='pass' bdd='false' test-id='6'>
					<div class='test-heading'>
						<span class='test-name'>GDSP_019 BackTotop_tariff</span>
						<span class='test-time'>Jul 18, 2017 01:16:31 PM</span>
						<span class='test-status right pass'>pass</span>
					</div>
					<div class='test-content hide'>
<div class='test-time-info'>
	<span class='label start-time'>Jul 18, 2017 01:16:31 PM</span>
	<span class='label end-time'>Jul 18, 2017 01:16:46 PM</span>
	<span class='label time-taken grey lighten-1 white-text'>0h 0m 14s+874ms</span>
</div>
	<div class='test-steps'>
		<table class='bordered table-results'>
			<thead>
				<tr>
					<th>Status</th>
					<th>Timestamp</th>
					<th>Details</th>
				</tr>
			</thead>
			<tbody>
				<tr class='log' status='info'>
					<td class='status info' title='info' alt='info'><i class='material-icons'>info_outline</i></td>
					<td class='timestamp'>1:16:31 PM</td>
					<td class='step-details'>Browser has been Launched</td>
				</tr>
				<tr class='log' status='info'>
					<td class='status info' title='info' alt='info'><i class='material-icons'>info_outline</i></td>
					<td class='timestamp'>1:16:34 PM</td>
					<td class='step-details'>Login is successful</td>
				</tr>
				<tr class='log' status='info'>
					<td class='status info' title='info' alt='info'><i class='material-icons'>info_outline</i></td>
					<td class='timestamp'>1:16:37 PM</td>
					<td class='step-details'>Scroll down has been done</td>
				</tr>
				<tr class='log' status='info'>
					<td class='status info' title='info' alt='info'><i class='material-icons'>info_outline</i></td>
					<td class='timestamp'>1:16:43 PM</td>
					<td class='step-details'>Successfully clicked on Back to top button</td>
				</tr>
				<tr class='log' status='pass'>
					<td class='status pass' title='pass' alt='pass'><i class='material-icons'>check_circle</i></td>
					<td class='timestamp'>1:16:46 PM</td>
					<td class='step-details'><span class='label white-text green'>TC_019Test Case Passed</span></td>
				</tr>
			</tbody>
		</table>
	</div>
							<ul class='screenshots'>
								<li><img data-featherlight='C:\Users\arabinda.samal\new proj\GDSP_REGRESSION_GUI_AUTOMATION_platform\src\test\java\extentReports\TestReport18-Jul-2017 01-14\18-Jul-2017 01-14-39GDSP_019.png' width='10%' src='C:\Users\arabinda.samal\new proj\GDSP_REGRESSION_GUI_AUTOMATION_platform\src\test\java\extentReports\TestReport18-Jul-2017 01-14\18-Jul-2017 01-14-39GDSP_019.png' data-src='C:\Users\arabinda.samal\new proj\GDSP_REGRESSION_GUI_AUTOMATION_platform\src\test\java\extentReports\TestReport18-Jul-2017 01-14\18-Jul-2017 01-14-39GDSP_019.png'></li>
							</ul>
					</div>
				</li>
				
				
				<li class='test displayed active  pass' status='pass' bdd='false' test-id='7'>
					<div class='test-heading'>
						<span class='test-name'>GDSP_025 ManageCustomer_Customer_Filter</span>
						<span class='test-time'>Jul 18, 2017 01:16:53 PM</span>
						<span class='test-status right pass'>pass</span>
					</div>
					<div class='test-content hide'>
<div class='test-time-info'>
	<span class='label start-time'>Jul 18, 2017 01:16:53 PM</span>
	<span class='label end-time'>Jul 18, 2017 01:17:19 PM</span>
	<span class='label time-taken grey lighten-1 white-text'>0h 0m 26s+369ms</span>
</div>
	<div class='test-steps'>
		<table class='bordered table-results'>
			<thead>
				<tr>
					<th>Status</th>
					<th>Timestamp</th>
					<th>Details</th>
				</tr>
			</thead>
			<tbody>
				<tr class='log' status='info'>
					<td class='status info' title='info' alt='info'><i class='material-icons'>info_outline</i></td>
					<td class='timestamp'>1:16:53 PM</td>
					<td class='step-details'>Browser has been Launched</td>
				</tr>
				<tr class='log' status='info'>
					<td class='status info' title='info' alt='info'><i class='material-icons'>info_outline</i></td>
					<td class='timestamp'>1:16:55 PM</td>
					<td class='step-details'>Login is successful</td>
				</tr>
				<tr class='log' status='info'>
					<td class='status info' title='info' alt='info'><i class='material-icons'>info_outline</i></td>
					<td class='timestamp'>1:17:16 PM</td>
					<td class='step-details'>Customers search is successful</td>
				</tr>
				<tr class='log' status='pass'>
					<td class='status pass' title='pass' alt='pass'><i class='material-icons'>check_circle</i></td>
					<td class='timestamp'>1:17:19 PM</td>
					<td class='step-details'><span class='label white-text green'>TC_025Test Case Passed</span></td>
				</tr>
			</tbody>
		</table>
	</div>
							<ul class='screenshots'>
								<li><img data-featherlight='C:\Users\arabinda.samal\new proj\GDSP_REGRESSION_GUI_AUTOMATION_platform\src\test\java\extentReports\TestReport18-Jul-2017 01-14\18-Jul-2017 01-14-39GDSP_025.png' width='10%' src='C:\Users\arabinda.samal\new proj\GDSP_REGRESSION_GUI_AUTOMATION_platform\src\test\java\extentReports\TestReport18-Jul-2017 01-14\18-Jul-2017 01-14-39GDSP_025.png' data-src='C:\Users\arabinda.samal\new proj\GDSP_REGRESSION_GUI_AUTOMATION_platform\src\test\java\extentReports\TestReport18-Jul-2017 01-14\18-Jul-2017 01-14-39GDSP_025.png'></li>
							</ul>
					</div>
				</li>
				
				
				<li class='test displayed active  pass' status='pass' bdd='false' test-id='8'>
					<div class='test-heading'>
						<span class='test-name'>GDSP_034 Customer_ManageCertificate_Filter</span>
						<span class='test-time'>Jul 18, 2017 01:17:26 PM</span>
						<span class='test-status right pass'>pass</span>
					</div>
					<div class='test-content hide'>
<div class='test-time-info'>
	<span class='label start-time'>Jul 18, 2017 01:17:26 PM</span>
	<span class='label end-time'>Jul 18, 2017 01:18:05 PM</span>
	<span class='label time-taken grey lighten-1 white-text'>0h 0m 39s+800ms</span>
</div>
	<div class='test-steps'>
		<table class='bordered table-results'>
			<thead>
				<tr>
					<th>Status</th>
					<th>Timestamp</th>
					<th>Details</th>
				</tr>
			</thead>
			<tbody>
				<tr class='log' status='info'>
					<td class='status info' title='info' alt='info'><i class='material-icons'>info_outline</i></td>
					<td class='timestamp'>1:17:30 PM</td>
					<td class='step-details'>Login is successful</td>
				</tr>
				<tr class='log' status='info'>
					<td class='status info' title='info' alt='info'><i class='material-icons'>info_outline</i></td>
					<td class='timestamp'>1:17:53 PM</td>
					<td class='step-details'>customer Names search is successful</td>
				</tr>
				<tr class='log' status='info'>
					<td class='status info' title='info' alt='info'><i class='material-icons'>info_outline</i></td>
					<td class='timestamp'>1:18:00 PM</td>
					<td class='step-details'>certifiacte Names search is successful</td>
				</tr>
				<tr class='log' status='pass'>
					<td class='status pass' title='pass' alt='pass'><i class='material-icons'>check_circle</i></td>
					<td class='timestamp'>1:18:05 PM</td>
					<td class='step-details'><span class='label white-text green'>TC_034Test Case Passed</span></td>
				</tr>
			</tbody>
		</table>
	</div>
							<ul class='screenshots'>
								<li><img data-featherlight='C:\Users\arabinda.samal\new proj\GDSP_REGRESSION_GUI_AUTOMATION_platform\src\test\java\extentReports\TestReport18-Jul-2017 01-14\18-Jul-2017 01-14-39GDSP_034.png' width='10%' src='C:\Users\arabinda.samal\new proj\GDSP_REGRESSION_GUI_AUTOMATION_platform\src\test\java\extentReports\TestReport18-Jul-2017 01-14\18-Jul-2017 01-14-39GDSP_034.png' data-src='C:\Users\arabinda.samal\new proj\GDSP_REGRESSION_GUI_AUTOMATION_platform\src\test\java\extentReports\TestReport18-Jul-2017 01-14\18-Jul-2017 01-14-39GDSP_034.png'></li>
								<li><img data-featherlight='C:\Users\arabinda.samal\new proj\GDSP_REGRESSION_GUI_AUTOMATION_platform\src\test\java\extentReports\TestReport18-Jul-2017 01-14\18-Jul-2017 01-14-39GDSP_034.png' width='10%' src='C:\Users\arabinda.samal\new proj\GDSP_REGRESSION_GUI_AUTOMATION_platform\src\test\java\extentReports\TestReport18-Jul-2017 01-14\18-Jul-2017 01-14-39GDSP_034.png' data-src='C:\Users\arabinda.samal\new proj\GDSP_REGRESSION_GUI_AUTOMATION_platform\src\test\java\extentReports\TestReport18-Jul-2017 01-14\18-Jul-2017 01-14-39GDSP_034.png'></li>
							</ul>
					</div>
				</li>
				
				
				<li class='test displayed active  pass' status='pass' bdd='false' test-id='9'>
					<div class='test-heading'>
						<span class='test-name'>GDSP_037 ManageCustomer_Customer_BackToTop</span>
						<span class='test-time'>Jul 18, 2017 01:18:13 PM</span>
						<span class='test-status right pass'>pass</span>
					</div>
					<div class='test-content hide'>
<div class='test-time-info'>
	<span class='label start-time'>Jul 18, 2017 01:18:13 PM</span>
	<span class='label end-time'>Jul 18, 2017 01:18:36 PM</span>
	<span class='label time-taken grey lighten-1 white-text'>0h 0m 22s+349ms</span>
</div>
	<div class='test-steps'>
		<table class='bordered table-results'>
			<thead>
				<tr>
					<th>Status</th>
					<th>Timestamp</th>
					<th>Details</th>
				</tr>
			</thead>
			<tbody>
				<tr class='log' status='info'>
					<td class='status info' title='info' alt='info'><i class='material-icons'>info_outline</i></td>
					<td class='timestamp'>1:18:13 PM</td>
					<td class='step-details'>Browser has been Launched</td>
				</tr>
				<tr class='log' status='info'>
					<td class='status info' title='info' alt='info'><i class='material-icons'>info_outline</i></td>
					<td class='timestamp'>1:18:16 PM</td>
					<td class='step-details'>Login is successful</td>
				</tr>
				<tr class='log' status='info'>
					<td class='status info' title='info' alt='info'><i class='material-icons'>info_outline</i></td>
					<td class='timestamp'>1:18:27 PM</td>
					<td class='step-details'>Scroll down has been done</td>
				</tr>
				<tr class='log' status='info'>
					<td class='status info' title='info' alt='info'><i class='material-icons'>info_outline</i></td>
					<td class='timestamp'>1:18:32 PM</td>
					<td class='step-details'>Successfully clicked on Back to top button</td>
				</tr>
				<tr class='log' status='pass'>
					<td class='status pass' title='pass' alt='pass'><i class='material-icons'>check_circle</i></td>
					<td class='timestamp'>1:18:36 PM</td>
					<td class='step-details'><span class='label white-text green'>TC_037Test Case Passed</span></td>
				</tr>
			</tbody>
		</table>
	</div>
							<ul class='screenshots'>
								<li><img data-featherlight='C:\Users\arabinda.samal\new proj\GDSP_REGRESSION_GUI_AUTOMATION_platform\src\test\java\extentReports\TestReport18-Jul-2017 01-14\18-Jul-2017 01-14-39GDSP_037.png' width='10%' src='C:\Users\arabinda.samal\new proj\GDSP_REGRESSION_GUI_AUTOMATION_platform\src\test\java\extentReports\TestReport18-Jul-2017 01-14\18-Jul-2017 01-14-39GDSP_037.png' data-src='C:\Users\arabinda.samal\new proj\GDSP_REGRESSION_GUI_AUTOMATION_platform\src\test\java\extentReports\TestReport18-Jul-2017 01-14\18-Jul-2017 01-14-39GDSP_037.png'></li>
								<li><img data-featherlight='C:\Users\arabinda.samal\new proj\GDSP_REGRESSION_GUI_AUTOMATION_platform\src\test\java\extentReports\TestReport18-Jul-2017 01-14\18-Jul-2017 01-14-39GDSP_037.png' width='10%' src='C:\Users\arabinda.samal\new proj\GDSP_REGRESSION_GUI_AUTOMATION_platform\src\test\java\extentReports\TestReport18-Jul-2017 01-14\18-Jul-2017 01-14-39GDSP_037.png' data-src='C:\Users\arabinda.samal\new proj\GDSP_REGRESSION_GUI_AUTOMATION_platform\src\test\java\extentReports\TestReport18-Jul-2017 01-14\18-Jul-2017 01-14-39GDSP_037.png'></li>
							</ul>
					</div>
				</li>
				
				
				<li class='test displayed active  pass' status='pass' bdd='false' test-id='10'>
					<div class='test-heading'>
						<span class='test-name'>GDSP_040 ManageCustomer_CustomerServiceProfile_Filter</span>
						<span class='test-time'>Jul 18, 2017 01:18:43 PM</span>
						<span class='test-status right pass'>pass</span>
					</div>
					<div class='test-content hide'>
<div class='test-time-info'>
	<span class='label start-time'>Jul 18, 2017 01:18:43 PM</span>
	<span class='label end-time'>Jul 18, 2017 01:19:22 PM</span>
	<span class='label time-taken grey lighten-1 white-text'>0h 0m 39s+45ms</span>
</div>
	<div class='test-steps'>
		<table class='bordered table-results'>
			<thead>
				<tr>
					<th>Status</th>
					<th>Timestamp</th>
					<th>Details</th>
				</tr>
			</thead>
			<tbody>
				<tr class='log' status='info'>
					<td class='status info' title='info' alt='info'><i class='material-icons'>info_outline</i></td>
					<td class='timestamp'>1:18:43 PM</td>
					<td class='step-details'>Browser has been Launched</td>
				</tr>
				<tr class='log' status='info'>
					<td class='status info' title='info' alt='info'><i class='material-icons'>info_outline</i></td>
					<td class='timestamp'>1:18:45 PM</td>
					<td class='step-details'>Login is successful</td>
				</tr>
				<tr class='log' status='info'>
					<td class='status info' title='info' alt='info'><i class='material-icons'>info_outline</i></td>
					<td class='timestamp'>1:19:18 PM</td>
					<td class='step-details'>profile Names search is successful</td>
				</tr>
				<tr class='log' status='pass'>
					<td class='status pass' title='pass' alt='pass'><i class='material-icons'>check_circle</i></td>
					<td class='timestamp'>1:19:22 PM</td>
					<td class='step-details'><span class='label white-text green'>TC_040Test Case Passed</span></td>
				</tr>
			</tbody>
		</table>
	</div>
							<ul class='screenshots'>
								<li><img data-featherlight='C:\Users\arabinda.samal\new proj\GDSP_REGRESSION_GUI_AUTOMATION_platform\src\test\java\extentReports\TestReport18-Jul-2017 01-14\18-Jul-2017 01-14-39GDSP_040.png' width='10%' src='C:\Users\arabinda.samal\new proj\GDSP_REGRESSION_GUI_AUTOMATION_platform\src\test\java\extentReports\TestReport18-Jul-2017 01-14\18-Jul-2017 01-14-39GDSP_040.png' data-src='C:\Users\arabinda.samal\new proj\GDSP_REGRESSION_GUI_AUTOMATION_platform\src\test\java\extentReports\TestReport18-Jul-2017 01-14\18-Jul-2017 01-14-39GDSP_040.png'></li>
							</ul>
					</div>
				</li>
				
				
				<li class='test displayed active  pass' status='pass' bdd='false' test-id='11'>
					<div class='test-heading'>
						<span class='test-name'>GDSP_047 ManageCustomer_CustomerServiceProfile_Filter</span>
						<span class='test-time'>Jul 18, 2017 01:19:28 PM</span>
						<span class='test-status right pass'>pass</span>
					</div>
					<div class='test-content hide'>
<div class='test-time-info'>
	<span class='label start-time'>Jul 18, 2017 01:19:28 PM</span>
	<span class='label end-time'>Jul 18, 2017 01:19:48 PM</span>
	<span class='label time-taken grey lighten-1 white-text'>0h 0m 19s+690ms</span>
</div>
	<div class='test-steps'>
		<table class='bordered table-results'>
			<thead>
				<tr>
					<th>Status</th>
					<th>Timestamp</th>
					<th>Details</th>
				</tr>
			</thead>
			<tbody>
				<tr class='log' status='info'>
					<td class='status info' title='info' alt='info'><i class='material-icons'>info_outline</i></td>
					<td class='timestamp'>1:19:28 PM</td>
					<td class='step-details'>Browser has been Launched</td>
				</tr>
				<tr class='log' status='info'>
					<td class='status info' title='info' alt='info'><i class='material-icons'>info_outline</i></td>
					<td class='timestamp'>1:19:31 PM</td>
					<td class='step-details'>Login is successful</td>
				</tr>
				<tr class='log' status='info'>
					<td class='status info' title='info' alt='info'><i class='material-icons'>info_outline</i></td>
					<td class='timestamp'>1:19:47 PM</td>
					<td class='step-details'>Provisioning profile name search is successful</td>
				</tr>
				<tr class='log' status='pass'>
					<td class='status pass' title='pass' alt='pass'><i class='material-icons'>check_circle</i></td>
					<td class='timestamp'>1:19:48 PM</td>
					<td class='step-details'><span class='label white-text green'>TC_047Test Case Passed</span></td>
				</tr>
			</tbody>
		</table>
	</div>
							<ul class='screenshots'>
								<li><img data-featherlight='C:\Users\arabinda.samal\new proj\GDSP_REGRESSION_GUI_AUTOMATION_platform\src\test\java\extentReports\TestReport18-Jul-2017 01-14\18-Jul-2017 01-14-39GDSP_047.png' width='10%' src='C:\Users\arabinda.samal\new proj\GDSP_REGRESSION_GUI_AUTOMATION_platform\src\test\java\extentReports\TestReport18-Jul-2017 01-14\18-Jul-2017 01-14-39GDSP_047.png' data-src='C:\Users\arabinda.samal\new proj\GDSP_REGRESSION_GUI_AUTOMATION_platform\src\test\java\extentReports\TestReport18-Jul-2017 01-14\18-Jul-2017 01-14-39GDSP_047.png'></li>
							</ul>
					</div>
				</li>
				
				
				<li class='test displayed active  pass' status='pass' bdd='false' test-id='12'>
					<div class='test-heading'>
						<span class='test-name'>GDSP_050 ManageCustomer_IMSIRange_Filter</span>
						<span class='test-time'>Jul 18, 2017 01:19:54 PM</span>
						<span class='test-status right pass'>pass</span>
					</div>
					<div class='test-content hide'>
<div class='test-time-info'>
	<span class='label start-time'>Jul 18, 2017 01:19:54 PM</span>
	<span class='label end-time'>Jul 18, 2017 01:20:21 PM</span>
	<span class='label time-taken grey lighten-1 white-text'>0h 0m 26s+351ms</span>
</div>
	<div class='test-steps'>
		<table class='bordered table-results'>
			<thead>
				<tr>
					<th>Status</th>
					<th>Timestamp</th>
					<th>Details</th>
				</tr>
			</thead>
			<tbody>
				<tr class='log' status='info'>
					<td class='status info' title='info' alt='info'><i class='material-icons'>info_outline</i></td>
					<td class='timestamp'>1:19:54 PM</td>
					<td class='step-details'>Browser has been Launched</td>
				</tr>
				<tr class='log' status='info'>
					<td class='status info' title='info' alt='info'><i class='material-icons'>info_outline</i></td>
					<td class='timestamp'>1:19:57 PM</td>
					<td class='step-details'>Login is successful</td>
				</tr>
				<tr class='log' status='info'>
					<td class='status info' title='info' alt='info'><i class='material-icons'>info_outline</i></td>
					<td class='timestamp'>1:20:17 PM</td>
					<td class='step-details'>Next availableIMSI ranges search is successful</td>
				</tr>
				<tr class='log' status='pass'>
					<td class='status pass' title='pass' alt='pass'><i class='material-icons'>check_circle</i></td>
					<td class='timestamp'>1:20:21 PM</td>
					<td class='step-details'><span class='label white-text green'>TC_50Test Case Passed</span></td>
				</tr>
			</tbody>
		</table>
	</div>
							<ul class='screenshots'>
								<li><img data-featherlight='C:\Users\arabinda.samal\new proj\GDSP_REGRESSION_GUI_AUTOMATION_platform\src\test\java\extentReports\TestReport18-Jul-2017 01-14\18-Jul-2017 01-14-39GDSP_050.png' width='10%' src='C:\Users\arabinda.samal\new proj\GDSP_REGRESSION_GUI_AUTOMATION_platform\src\test\java\extentReports\TestReport18-Jul-2017 01-14\18-Jul-2017 01-14-39GDSP_050.png' data-src='C:\Users\arabinda.samal\new proj\GDSP_REGRESSION_GUI_AUTOMATION_platform\src\test\java\extentReports\TestReport18-Jul-2017 01-14\18-Jul-2017 01-14-39GDSP_050.png'></li>
							</ul>
					</div>
				</li>
				
				
				<li class='test displayed active  pass' status='pass' bdd='false' test-id='13'>
					<div class='test-heading'>
						<span class='test-name'>GDSP_051 ManageCustomer_IMSIRange_BackToTop</span>
						<span class='test-time'>Jul 18, 2017 01:20:28 PM</span>
						<span class='test-status right pass'>pass</span>
					</div>
					<div class='test-content hide'>
<div class='test-time-info'>
	<span class='label start-time'>Jul 18, 2017 01:20:28 PM</span>
	<span class='label end-time'>Jul 18, 2017 01:20:57 PM</span>
	<span class='label time-taken grey lighten-1 white-text'>0h 0m 29s+182ms</span>
</div>
	<div class='test-steps'>
		<table class='bordered table-results'>
			<thead>
				<tr>
					<th>Status</th>
					<th>Timestamp</th>
					<th>Details</th>
				</tr>
			</thead>
			<tbody>
				<tr class='log' status='info'>
					<td class='status info' title='info' alt='info'><i class='material-icons'>info_outline</i></td>
					<td class='timestamp'>1:20:28 PM</td>
					<td class='step-details'>Browser has been Launched</td>
				</tr>
				<tr class='log' status='info'>
					<td class='status info' title='info' alt='info'><i class='material-icons'>info_outline</i></td>
					<td class='timestamp'>1:20:30 PM</td>
					<td class='step-details'>Login is successful</td>
				</tr>
				<tr class='log' status='info'>
					<td class='status info' title='info' alt='info'><i class='material-icons'>info_outline</i></td>
					<td class='timestamp'>1:20:51 PM</td>
					<td class='step-details'>Next availableIMSI ranges search is successful</td>
				</tr>
				<tr class='log' status='info'>
					<td class='status info' title='info' alt='info'><i class='material-icons'>info_outline</i></td>
					<td class='timestamp'>1:20:51 PM</td>
					<td class='step-details'>Scroll down has been done</td>
				</tr>
				<tr class='log' status='info'>
					<td class='status info' title='info' alt='info'><i class='material-icons'>info_outline</i></td>
					<td class='timestamp'>1:20:53 PM</td>
					<td class='step-details'>Successfully clicked on Back to top button</td>
				</tr>
				<tr class='log' status='pass'>
					<td class='status pass' title='pass' alt='pass'><i class='material-icons'>check_circle</i></td>
					<td class='timestamp'>1:20:57 PM</td>
					<td class='step-details'><span class='label white-text green'>TC_51Test Case Passed</span></td>
				</tr>
			</tbody>
		</table>
	</div>
							<ul class='screenshots'>
								<li><img data-featherlight='C:\Users\arabinda.samal\new proj\GDSP_REGRESSION_GUI_AUTOMATION_platform\src\test\java\extentReports\TestReport18-Jul-2017 01-14\18-Jul-2017 01-14-39GDSP_051.png' width='10%' src='C:\Users\arabinda.samal\new proj\GDSP_REGRESSION_GUI_AUTOMATION_platform\src\test\java\extentReports\TestReport18-Jul-2017 01-14\18-Jul-2017 01-14-39GDSP_051.png' data-src='C:\Users\arabinda.samal\new proj\GDSP_REGRESSION_GUI_AUTOMATION_platform\src\test\java\extentReports\TestReport18-Jul-2017 01-14\18-Jul-2017 01-14-39GDSP_051.png'></li>
							</ul>
					</div>
				</li>
				
				
				<li class='test displayed active  pass' status='pass' bdd='false' test-id='14'>
					<div class='test-heading'>
						<span class='test-name'>GDSP_052 ManageCustomer_LoginAsCustomer</span>
						<span class='test-time'>Jul 18, 2017 01:21:05 PM</span>
						<span class='test-status right pass'>pass</span>
					</div>
					<div class='test-content hide'>
<div class='test-time-info'>
	<span class='label start-time'>Jul 18, 2017 01:21:05 PM</span>
	<span class='label end-time'>Jul 18, 2017 01:21:49 PM</span>
	<span class='label time-taken grey lighten-1 white-text'>0h 0m 44s+346ms</span>
</div>
	<div class='test-steps'>
		<table class='bordered table-results'>
			<thead>
				<tr>
					<th>Status</th>
					<th>Timestamp</th>
					<th>Details</th>
				</tr>
			</thead>
			<tbody>
				<tr class='log' status='info'>
					<td class='status info' title='info' alt='info'><i class='material-icons'>info_outline</i></td>
					<td class='timestamp'>1:21:05 PM</td>
					<td class='step-details'>Browser has been Launched</td>
				</tr>
				<tr class='log' status='info'>
					<td class='status info' title='info' alt='info'><i class='material-icons'>info_outline</i></td>
					<td class='timestamp'>1:21:08 PM</td>
					<td class='step-details'>Login is successful</td>
				</tr>
				<tr class='log' status='info'>
					<td class='status info' title='info' alt='info'><i class='material-icons'>info_outline</i></td>
					<td class='timestamp'>1:21:46 PM</td>
					<td class='step-details'>filteration of customer is successful</td>
				</tr>
				<tr class='log' status='pass'>
					<td class='status pass' title='pass' alt='pass'><i class='material-icons'>check_circle</i></td>
					<td class='timestamp'>1:21:49 PM</td>
					<td class='step-details'><span class='label white-text green'>TC_052Test Case Passed</span></td>
				</tr>
			</tbody>
		</table>
	</div>
							<ul class='screenshots'>
								<li><img data-featherlight='C:\Users\arabinda.samal\new proj\GDSP_REGRESSION_GUI_AUTOMATION_platform\src\test\java\extentReports\TestReport18-Jul-2017 01-14\18-Jul-2017 01-14-39GDSP_052.png' width='10%' src='C:\Users\arabinda.samal\new proj\GDSP_REGRESSION_GUI_AUTOMATION_platform\src\test\java\extentReports\TestReport18-Jul-2017 01-14\18-Jul-2017 01-14-39GDSP_052.png' data-src='C:\Users\arabinda.samal\new proj\GDSP_REGRESSION_GUI_AUTOMATION_platform\src\test\java\extentReports\TestReport18-Jul-2017 01-14\18-Jul-2017 01-14-39GDSP_052.png'></li>
							</ul>
					</div>
				</li>
				
				
				<li class='test displayed active  pass' status='pass' bdd='false' test-id='15'>
					<div class='test-heading'>
						<span class='test-name'>GDSP_053 ManageSIM_SearchSim_Customer</span>
						<span class='test-time'>Jul 18, 2017 01:21:57 PM</span>
						<span class='test-status right pass'>pass</span>
					</div>
					<div class='test-content hide'>
<div class='test-time-info'>
	<span class='label start-time'>Jul 18, 2017 01:21:57 PM</span>
	<span class='label end-time'>Jul 18, 2017 01:22:40 PM</span>
	<span class='label time-taken grey lighten-1 white-text'>0h 0m 42s+757ms</span>
</div>
	<div class='test-steps'>
		<table class='bordered table-results'>
			<thead>
				<tr>
					<th>Status</th>
					<th>Timestamp</th>
					<th>Details</th>
				</tr>
			</thead>
			<tbody>
				<tr class='log' status='info'>
					<td class='status info' title='info' alt='info'><i class='material-icons'>info_outline</i></td>
					<td class='timestamp'>1:21:57 PM</td>
					<td class='step-details'>Browser has been Launched</td>
				</tr>
				<tr class='log' status='info'>
					<td class='status info' title='info' alt='info'><i class='material-icons'>info_outline</i></td>
					<td class='timestamp'>1:22:02 PM</td>
					<td class='step-details'>Login is successful</td>
				</tr>
				<tr class='log' status='info'>
					<td class='status info' title='info' alt='info'><i class='material-icons'>info_outline</i></td>
					<td class='timestamp'>1:22:36 PM</td>
					<td class='step-details'>Scroll down has been done</td>
				</tr>
				<tr class='log' status='info'>
					<td class='status info' title='info' alt='info'><i class='material-icons'>info_outline</i></td>
					<td class='timestamp'>1:22:37 PM</td>
					<td class='step-details'>filteration of customer is successful and data found</td>
				</tr>
				<tr class='log' status='pass'>
					<td class='status pass' title='pass' alt='pass'><i class='material-icons'>check_circle</i></td>
					<td class='timestamp'>1:22:40 PM</td>
					<td class='step-details'><span class='label white-text green'>TC_053Test Case Passed</span></td>
				</tr>
			</tbody>
		</table>
	</div>
							<ul class='screenshots'>
								<li><img data-featherlight='C:\Users\arabinda.samal\new proj\GDSP_REGRESSION_GUI_AUTOMATION_platform\src\test\java\extentReports\TestReport18-Jul-2017 01-14\18-Jul-2017 01-14-39GDSP_053.png' width='10%' src='C:\Users\arabinda.samal\new proj\GDSP_REGRESSION_GUI_AUTOMATION_platform\src\test\java\extentReports\TestReport18-Jul-2017 01-14\18-Jul-2017 01-14-39GDSP_053.png' data-src='C:\Users\arabinda.samal\new proj\GDSP_REGRESSION_GUI_AUTOMATION_platform\src\test\java\extentReports\TestReport18-Jul-2017 01-14\18-Jul-2017 01-14-39GDSP_053.png'></li>
							</ul>
					</div>
				</li>
				
				
				<li class='test displayed active  pass' status='pass' bdd='false' test-id='16'>
					<div class='test-heading'>
						<span class='test-name'>GDSP_054 ManageSIM_SearchSim_State</span>
						<span class='test-time'>Jul 18, 2017 01:22:49 PM</span>
						<span class='test-status right pass'>pass</span>
					</div>
					<div class='test-content hide'>
<div class='test-time-info'>
	<span class='label start-time'>Jul 18, 2017 01:22:49 PM</span>
	<span class='label end-time'>Jul 18, 2017 01:23:31 PM</span>
	<span class='label time-taken grey lighten-1 white-text'>0h 0m 41s+464ms</span>
</div>
	<div class='test-steps'>
		<table class='bordered table-results'>
			<thead>
				<tr>
					<th>Status</th>
					<th>Timestamp</th>
					<th>Details</th>
				</tr>
			</thead>
			<tbody>
				<tr class='log' status='info'>
					<td class='status info' title='info' alt='info'><i class='material-icons'>info_outline</i></td>
					<td class='timestamp'>1:22:49 PM</td>
					<td class='step-details'>Browser has been Launched</td>
				</tr>
				<tr class='log' status='info'>
					<td class='status info' title='info' alt='info'><i class='material-icons'>info_outline</i></td>
					<td class='timestamp'>1:22:51 PM</td>
					<td class='step-details'>Login is successful</td>
				</tr>
				<tr class='log' status='info'>
					<td class='status info' title='info' alt='info'><i class='material-icons'>info_outline</i></td>
					<td class='timestamp'>1:23:25 PM</td>
					<td class='step-details'>Scroll down has been done</td>
				</tr>
				<tr class='log' status='info'>
					<td class='status info' title='info' alt='info'><i class='material-icons'>info_outline</i></td>
					<td class='timestamp'>1:23:25 PM</td>
					<td class='step-details'>Sim search Results data  found</td>
				</tr>
				<tr class='log' status='pass'>
					<td class='status pass' title='pass' alt='pass'><i class='material-icons'>check_circle</i></td>
					<td class='timestamp'>1:23:31 PM</td>
					<td class='step-details'><span class='label white-text green'>TC_054Test Case Passed</span></td>
				</tr>
			</tbody>
		</table>
	</div>
							<ul class='screenshots'>
								<li><img data-featherlight='C:\Users\arabinda.samal\new proj\GDSP_REGRESSION_GUI_AUTOMATION_platform\src\test\java\extentReports\TestReport18-Jul-2017 01-14\18-Jul-2017 01-14-39GDSP_054.png' width='10%' src='C:\Users\arabinda.samal\new proj\GDSP_REGRESSION_GUI_AUTOMATION_platform\src\test\java\extentReports\TestReport18-Jul-2017 01-14\18-Jul-2017 01-14-39GDSP_054.png' data-src='C:\Users\arabinda.samal\new proj\GDSP_REGRESSION_GUI_AUTOMATION_platform\src\test\java\extentReports\TestReport18-Jul-2017 01-14\18-Jul-2017 01-14-39GDSP_054.png'></li>
								<li><img data-featherlight='C:\Users\arabinda.samal\new proj\GDSP_REGRESSION_GUI_AUTOMATION_platform\src\test\java\extentReports\TestReport18-Jul-2017 01-14\18-Jul-2017 01-14-39GDSP_054.png' width='10%' src='C:\Users\arabinda.samal\new proj\GDSP_REGRESSION_GUI_AUTOMATION_platform\src\test\java\extentReports\TestReport18-Jul-2017 01-14\18-Jul-2017 01-14-39GDSP_054.png' data-src='C:\Users\arabinda.samal\new proj\GDSP_REGRESSION_GUI_AUTOMATION_platform\src\test\java\extentReports\TestReport18-Jul-2017 01-14\18-Jul-2017 01-14-39GDSP_054.png'></li>
							</ul>
					</div>
				</li>
				
				
				<li class='test displayed active  pass' status='pass' bdd='false' test-id='17'>
					<div class='test-heading'>
						<span class='test-name'>GDSP_056 ManageSIM_SearchSim_Customer Service Profile</span>
						<span class='test-time'>Jul 18, 2017 01:23:39 PM</span>
						<span class='test-status right pass'>pass</span>
					</div>
					<div class='test-content hide'>
<div class='test-time-info'>
	<span class='label start-time'>Jul 18, 2017 01:23:39 PM</span>
	<span class='label end-time'>Jul 18, 2017 01:24:12 PM</span>
	<span class='label time-taken grey lighten-1 white-text'>0h 0m 33s+301ms</span>
</div>
	<div class='test-steps'>
		<table class='bordered table-results'>
			<thead>
				<tr>
					<th>Status</th>
					<th>Timestamp</th>
					<th>Details</th>
				</tr>
			</thead>
			<tbody>
				<tr class='log' status='info'>
					<td class='status info' title='info' alt='info'><i class='material-icons'>info_outline</i></td>
					<td class='timestamp'>1:23:39 PM</td>
					<td class='step-details'>Browser has been Launched</td>
				</tr>
				<tr class='log' status='info'>
					<td class='status info' title='info' alt='info'><i class='material-icons'>info_outline</i></td>
					<td class='timestamp'>1:23:43 PM</td>
					<td class='step-details'>Login is successful</td>
				</tr>
				<tr class='log' status='info'>
					<td class='status info' title='info' alt='info'><i class='material-icons'>info_outline</i></td>
					<td class='timestamp'>1:24:01 PM</td>
					<td class='step-details'>Scroll down has been done</td>
				</tr>
				<tr class='log' status='info'>
					<td class='status info' title='info' alt='info'><i class='material-icons'>info_outline</i></td>
					<td class='timestamp'>1:24:01 PM</td>
					<td class='step-details'>Sim search Results  data  found</td>
				</tr>
				<tr class='log' status='info'>
					<td class='status info' title='info' alt='info'><i class='material-icons'>info_outline</i></td>
					<td class='timestamp'>1:24:01 PM</td>
					<td class='step-details'>Scroll down has been done</td>
				</tr>
				<tr class='log' status='pass'>
					<td class='status pass' title='pass' alt='pass'><i class='material-icons'>check_circle</i></td>
					<td class='timestamp'>1:24:12 PM</td>
					<td class='step-details'><span class='label white-text green'>TC_056Test Case Passed</span></td>
				</tr>
			</tbody>
		</table>
	</div>
							<ul class='screenshots'>
								<li><img data-featherlight='C:\Users\arabinda.samal\new proj\GDSP_REGRESSION_GUI_AUTOMATION_platform\src\test\java\extentReports\TestReport18-Jul-2017 01-14\18-Jul-2017 01-14-39GDSP_056.png' width='10%' src='C:\Users\arabinda.samal\new proj\GDSP_REGRESSION_GUI_AUTOMATION_platform\src\test\java\extentReports\TestReport18-Jul-2017 01-14\18-Jul-2017 01-14-39GDSP_056.png' data-src='C:\Users\arabinda.samal\new proj\GDSP_REGRESSION_GUI_AUTOMATION_platform\src\test\java\extentReports\TestReport18-Jul-2017 01-14\18-Jul-2017 01-14-39GDSP_056.png'></li>
								<li><img data-featherlight='C:\Users\arabinda.samal\new proj\GDSP_REGRESSION_GUI_AUTOMATION_platform\src\test\java\extentReports\TestReport18-Jul-2017 01-14\18-Jul-2017 01-14-39GDSP_056.png' width='10%' src='C:\Users\arabinda.samal\new proj\GDSP_REGRESSION_GUI_AUTOMATION_platform\src\test\java\extentReports\TestReport18-Jul-2017 01-14\18-Jul-2017 01-14-39GDSP_056.png' data-src='C:\Users\arabinda.samal\new proj\GDSP_REGRESSION_GUI_AUTOMATION_platform\src\test\java\extentReports\TestReport18-Jul-2017 01-14\18-Jul-2017 01-14-39GDSP_056.png'></li>
							</ul>
					</div>
				</li>
				
				
				<li class='test displayed active  pass' status='pass' bdd='false' test-id='18'>
					<div class='test-heading'>
						<span class='test-name'>GDSP_057 ManageSIM_SearchSim_SIM Group</span>
						<span class='test-time'>Jul 18, 2017 01:24:20 PM</span>
						<span class='test-status right pass'>pass</span>
					</div>
					<div class='test-content hide'>
<div class='test-time-info'>
	<span class='label start-time'>Jul 18, 2017 01:24:20 PM</span>
	<span class='label end-time'>Jul 18, 2017 01:24:53 PM</span>
	<span class='label time-taken grey lighten-1 white-text'>0h 0m 32s+305ms</span>
</div>
	<div class='test-steps'>
		<table class='bordered table-results'>
			<thead>
				<tr>
					<th>Status</th>
					<th>Timestamp</th>
					<th>Details</th>
				</tr>
			</thead>
			<tbody>
				<tr class='log' status='info'>
					<td class='status info' title='info' alt='info'><i class='material-icons'>info_outline</i></td>
					<td class='timestamp'>1:24:20 PM</td>
					<td class='step-details'>Browser has been Launched</td>
				</tr>
				<tr class='log' status='info'>
					<td class='status info' title='info' alt='info'><i class='material-icons'>info_outline</i></td>
					<td class='timestamp'>1:24:23 PM</td>
					<td class='step-details'>Login is successful</td>
				</tr>
				<tr class='log' status='info'>
					<td class='status info' title='info' alt='info'><i class='material-icons'>info_outline</i></td>
					<td class='timestamp'>1:24:41 PM</td>
					<td class='step-details'>Scroll down has been done</td>
				</tr>
				<tr class='log' status='info'>
					<td class='status info' title='info' alt='info'><i class='material-icons'>info_outline</i></td>
					<td class='timestamp'>1:24:41 PM</td>
					<td class='step-details'>Sim search Results  data  found</td>
				</tr>
				<tr class='log' status='info'>
					<td class='status info' title='info' alt='info'><i class='material-icons'>info_outline</i></td>
					<td class='timestamp'>1:24:41 PM</td>
					<td class='step-details'>Scroll down has been done</td>
				</tr>
				<tr class='log' status='pass'>
					<td class='status pass' title='pass' alt='pass'><i class='material-icons'>check_circle</i></td>
					<td class='timestamp'>1:24:53 PM</td>
					<td class='step-details'><span class='label white-text green'>TC_057Test Case Passed</span></td>
				</tr>
			</tbody>
		</table>
	</div>
							<ul class='screenshots'>
								<li><img data-featherlight='C:\Users\arabinda.samal\new proj\GDSP_REGRESSION_GUI_AUTOMATION_platform\src\test\java\extentReports\TestReport18-Jul-2017 01-14\18-Jul-2017 01-14-39GDSP_057.png' width='10%' src='C:\Users\arabinda.samal\new proj\GDSP_REGRESSION_GUI_AUTOMATION_platform\src\test\java\extentReports\TestReport18-Jul-2017 01-14\18-Jul-2017 01-14-39GDSP_057.png' data-src='C:\Users\arabinda.samal\new proj\GDSP_REGRESSION_GUI_AUTOMATION_platform\src\test\java\extentReports\TestReport18-Jul-2017 01-14\18-Jul-2017 01-14-39GDSP_057.png'></li>
							</ul>
					</div>
				</li>
				
				
				<li class='test displayed active  pass' status='pass' bdd='false' test-id='19'>
					<div class='test-heading'>
						<span class='test-name'>GDSP_058 ManageSIM_SearchSim_OTA Status</span>
						<span class='test-time'>Jul 18, 2017 01:25:01 PM</span>
						<span class='test-status right pass'>pass</span>
					</div>
					<div class='test-content hide'>
<div class='test-time-info'>
	<span class='label start-time'>Jul 18, 2017 01:25:01 PM</span>
	<span class='label end-time'>Jul 18, 2017 01:25:50 PM</span>
	<span class='label time-taken grey lighten-1 white-text'>0h 0m 49s+235ms</span>
</div>
	<div class='test-steps'>
		<table class='bordered table-results'>
			<thead>
				<tr>
					<th>Status</th>
					<th>Timestamp</th>
					<th>Details</th>
				</tr>
			</thead>
			<tbody>
				<tr class='log' status='info'>
					<td class='status info' title='info' alt='info'><i class='material-icons'>info_outline</i></td>
					<td class='timestamp'>1:25:01 PM</td>
					<td class='step-details'>Browser has been Launched</td>
				</tr>
				<tr class='log' status='info'>
					<td class='status info' title='info' alt='info'><i class='material-icons'>info_outline</i></td>
					<td class='timestamp'>1:25:04 PM</td>
					<td class='step-details'>Login is successful</td>
				</tr>
				<tr class='log' status='info'>
					<td class='status info' title='info' alt='info'><i class='material-icons'>info_outline</i></td>
					<td class='timestamp'>1:25:22 PM</td>
					<td class='step-details'>Scroll down has been done</td>
				</tr>
				<tr class='log' status='info'>
					<td class='status info' title='info' alt='info'><i class='material-icons'>info_outline</i></td>
					<td class='timestamp'>1:25:22 PM</td>
					<td class='step-details'>Sim search Results  data  found</td>
				</tr>
				<tr class='log' status='info'>
					<td class='status info' title='info' alt='info'><i class='material-icons'>info_outline</i></td>
					<td class='timestamp'>1:25:22 PM</td>
					<td class='step-details'>Scroll down has been done</td>
				</tr>
				<tr class='log' status='pass'>
					<td class='status pass' title='pass' alt='pass'><i class='material-icons'>check_circle</i></td>
					<td class='timestamp'>1:25:50 PM</td>
					<td class='step-details'><span class='label white-text green'>TC_058Test Case Passed</span></td>
				</tr>
			</tbody>
		</table>
	</div>
							<ul class='screenshots'>
								<li><img data-featherlight='C:\Users\arabinda.samal\new proj\GDSP_REGRESSION_GUI_AUTOMATION_platform\src\test\java\extentReports\TestReport18-Jul-2017 01-14\18-Jul-2017 01-14-39GDSP_058.png' width='10%' src='C:\Users\arabinda.samal\new proj\GDSP_REGRESSION_GUI_AUTOMATION_platform\src\test\java\extentReports\TestReport18-Jul-2017 01-14\18-Jul-2017 01-14-39GDSP_058.png' data-src='C:\Users\arabinda.samal\new proj\GDSP_REGRESSION_GUI_AUTOMATION_platform\src\test\java\extentReports\TestReport18-Jul-2017 01-14\18-Jul-2017 01-14-39GDSP_058.png'></li>
							</ul>
					</div>
				</li>
				
				
				<li class='test displayed active  pass' status='pass' bdd='false' test-id='20'>
					<div class='test-heading'>
						<span class='test-name'>GDSP_059 ManageSIM_SearchSim_SIM ID</span>
						<span class='test-time'>Jul 18, 2017 01:25:58 PM</span>
						<span class='test-status right pass'>pass</span>
					</div>
					<div class='test-content hide'>
<div class='test-time-info'>
	<span class='label start-time'>Jul 18, 2017 01:25:58 PM</span>
	<span class='label end-time'>Jul 18, 2017 01:26:27 PM</span>
	<span class='label time-taken grey lighten-1 white-text'>0h 0m 29s+68ms</span>
</div>
	<div class='test-steps'>
		<table class='bordered table-results'>
			<thead>
				<tr>
					<th>Status</th>
					<th>Timestamp</th>
					<th>Details</th>
				</tr>
			</thead>
			<tbody>
				<tr class='log' status='info'>
					<td class='status info' title='info' alt='info'><i class='material-icons'>info_outline</i></td>
					<td class='timestamp'>1:25:58 PM</td>
					<td class='step-details'>Browser has been Launched</td>
				</tr>
				<tr class='log' status='info'>
					<td class='status info' title='info' alt='info'><i class='material-icons'>info_outline</i></td>
					<td class='timestamp'>1:25:58 PM</td>
					<td class='step-details'>Browser has been Launched</td>
				</tr>
				<tr class='log' status='info'>
					<td class='status info' title='info' alt='info'><i class='material-icons'>info_outline</i></td>
					<td class='timestamp'>1:26:01 PM</td>
					<td class='step-details'>Login is successful</td>
				</tr>
				<tr class='log' status='info'>
					<td class='status info' title='info' alt='info'><i class='material-icons'>info_outline</i></td>
					<td class='timestamp'>1:26:22 PM</td>
					<td class='step-details'>Scroll down has been done</td>
				</tr>
				<tr class='log' status='info'>
					<td class='status info' title='info' alt='info'><i class='material-icons'>info_outline</i></td>
					<td class='timestamp'>1:26:22 PM</td>
					<td class='step-details'>Sim search Results data  found</td>
				</tr>
				<tr class='log' status='pass'>
					<td class='status pass' title='pass' alt='pass'><i class='material-icons'>check_circle</i></td>
					<td class='timestamp'>1:26:27 PM</td>
					<td class='step-details'><span class='label white-text green'>TC_059Test Case Passed</span></td>
				</tr>
			</tbody>
		</table>
	</div>
							<ul class='screenshots'>
								<li><img data-featherlight='C:\Users\arabinda.samal\new proj\GDSP_REGRESSION_GUI_AUTOMATION_platform\src\test\java\extentReports\TestReport18-Jul-2017 01-14\18-Jul-2017 01-14-39GDSP_059.png' width='10%' src='C:\Users\arabinda.samal\new proj\GDSP_REGRESSION_GUI_AUTOMATION_platform\src\test\java\extentReports\TestReport18-Jul-2017 01-14\18-Jul-2017 01-14-39GDSP_059.png' data-src='C:\Users\arabinda.samal\new proj\GDSP_REGRESSION_GUI_AUTOMATION_platform\src\test\java\extentReports\TestReport18-Jul-2017 01-14\18-Jul-2017 01-14-39GDSP_059.png'></li>
							</ul>
					</div>
				</li>
				
				
				<li class='test displayed active  pass' status='pass' bdd='false' test-id='21'>
					<div class='test-heading'>
						<span class='test-name'>GDSP_059 ManageSIM_SearchSim_IMSI</span>
						<span class='test-time'>Jul 18, 2017 01:26:36 PM</span>
						<span class='test-status right pass'>pass</span>
					</div>
					<div class='test-content hide'>
<div class='test-time-info'>
	<span class='label start-time'>Jul 18, 2017 01:26:36 PM</span>
	<span class='label end-time'>Jul 18, 2017 01:27:03 PM</span>
	<span class='label time-taken grey lighten-1 white-text'>0h 0m 27s+385ms</span>
</div>
	<div class='test-steps'>
		<table class='bordered table-results'>
			<thead>
				<tr>
					<th>Status</th>
					<th>Timestamp</th>
					<th>Details</th>
				</tr>
			</thead>
			<tbody>
				<tr class='log' status='info'>
					<td class='status info' title='info' alt='info'><i class='material-icons'>info_outline</i></td>
					<td class='timestamp'>1:26:36 PM</td>
					<td class='step-details'>Browser has been Launched</td>
				</tr>
				<tr class='log' status='info'>
					<td class='status info' title='info' alt='info'><i class='material-icons'>info_outline</i></td>
					<td class='timestamp'>1:26:39 PM</td>
					<td class='step-details'>Login is successful</td>
				</tr>
				<tr class='log' status='info'>
					<td class='status info' title='info' alt='info'><i class='material-icons'>info_outline</i></td>
					<td class='timestamp'>1:26:57 PM</td>
					<td class='step-details'>Scroll down has been done</td>
				</tr>
				<tr class='log' status='info'>
					<td class='status info' title='info' alt='info'><i class='material-icons'>info_outline</i></td>
					<td class='timestamp'>1:26:58 PM</td>
					<td class='step-details'>Sim search Results  data  found</td>
				</tr>
				<tr class='log' status='pass'>
					<td class='status pass' title='pass' alt='pass'><i class='material-icons'>check_circle</i></td>
					<td class='timestamp'>1:26:58 PM</td>
					<td class='step-details'>SIM search results  data found</td>
				</tr>
				<tr class='log' status='pass'>
					<td class='status pass' title='pass' alt='pass'><i class='material-icons'>check_circle</i></td>
					<td class='timestamp'>1:27:03 PM</td>
					<td class='step-details'><span class='label white-text green'>TC_060Test Case Passed</span></td>
				</tr>
			</tbody>
		</table>
	</div>
							<ul class='screenshots'>
								<li><img data-featherlight='C:\Users\arabinda.samal\new proj\GDSP_REGRESSION_GUI_AUTOMATION_platform\src\test\java\extentReports\TestReport18-Jul-2017 01-14\18-Jul-2017 01-14-39GDSP_059.png' width='10%' src='C:\Users\arabinda.samal\new proj\GDSP_REGRESSION_GUI_AUTOMATION_platform\src\test\java\extentReports\TestReport18-Jul-2017 01-14\18-Jul-2017 01-14-39GDSP_059.png' data-src='C:\Users\arabinda.samal\new proj\GDSP_REGRESSION_GUI_AUTOMATION_platform\src\test\java\extentReports\TestReport18-Jul-2017 01-14\18-Jul-2017 01-14-39GDSP_059.png'></li>
							</ul>
					</div>
				</li>
				
				
				<li class='test displayed active  pass' status='pass' bdd='false' test-id='22'>
					<div class='test-heading'>
						<span class='test-name'>GDSP_061 ManageSIM_SearchSim_IMEI</span>
						<span class='test-time'>Jul 18, 2017 01:27:12 PM</span>
						<span class='test-status right pass'>pass</span>
					</div>
					<div class='test-content hide'>
<div class='test-time-info'>
	<span class='label start-time'>Jul 18, 2017 01:27:12 PM</span>
	<span class='label end-time'>Jul 18, 2017 01:27:39 PM</span>
	<span class='label time-taken grey lighten-1 white-text'>0h 0m 26s+941ms</span>
</div>
	<div class='test-steps'>
		<table class='bordered table-results'>
			<thead>
				<tr>
					<th>Status</th>
					<th>Timestamp</th>
					<th>Details</th>
				</tr>
			</thead>
			<tbody>
				<tr class='log' status='info'>
					<td class='status info' title='info' alt='info'><i class='material-icons'>info_outline</i></td>
					<td class='timestamp'>1:27:12 PM</td>
					<td class='step-details'>Browser has been Launched</td>
				</tr>
				<tr class='log' status='info'>
					<td class='status info' title='info' alt='info'><i class='material-icons'>info_outline</i></td>
					<td class='timestamp'>1:27:16 PM</td>
					<td class='step-details'>Login is successful</td>
				</tr>
				<tr class='log' status='info'>
					<td class='status info' title='info' alt='info'><i class='material-icons'>info_outline</i></td>
					<td class='timestamp'>1:27:33 PM</td>
					<td class='step-details'>Scroll down has been done</td>
				</tr>
				<tr class='log' status='info'>
					<td class='status info' title='info' alt='info'><i class='material-icons'>info_outline</i></td>
					<td class='timestamp'>1:27:33 PM</td>
					<td class='step-details'>Sim search Results  data  found</td>
				</tr>
				<tr class='log' status='pass'>
					<td class='status pass' title='pass' alt='pass'><i class='material-icons'>check_circle</i></td>
					<td class='timestamp'>1:27:33 PM</td>
					<td class='step-details'>SIM search results  data found</td>
				</tr>
				<tr class='log' status='pass'>
					<td class='status pass' title='pass' alt='pass'><i class='material-icons'>check_circle</i></td>
					<td class='timestamp'>1:27:39 PM</td>
					<td class='step-details'><span class='label white-text green'>TC_061Test Case Passed</span></td>
				</tr>
			</tbody>
		</table>
	</div>
							<ul class='screenshots'>
								<li><img data-featherlight='C:\Users\arabinda.samal\new proj\GDSP_REGRESSION_GUI_AUTOMATION_platform\src\test\java\extentReports\TestReport18-Jul-2017 01-14\18-Jul-2017 01-14-39GDSP_061.png' width='10%' src='C:\Users\arabinda.samal\new proj\GDSP_REGRESSION_GUI_AUTOMATION_platform\src\test\java\extentReports\TestReport18-Jul-2017 01-14\18-Jul-2017 01-14-39GDSP_061.png' data-src='C:\Users\arabinda.samal\new proj\GDSP_REGRESSION_GUI_AUTOMATION_platform\src\test\java\extentReports\TestReport18-Jul-2017 01-14\18-Jul-2017 01-14-39GDSP_061.png'></li>
							</ul>
					</div>
				</li>
				
				
				<li class='test displayed active  pass' status='pass' bdd='false' test-id='23'>
					<div class='test-heading'>
						<span class='test-name'>GDSP_062 ManageSIM_SearchSim_ICCID</span>
						<span class='test-time'>Jul 18, 2017 01:27:48 PM</span>
						<span class='test-status right pass'>pass</span>
					</div>
					<div class='test-content hide'>
<div class='test-time-info'>
	<span class='label start-time'>Jul 18, 2017 01:27:48 PM</span>
	<span class='label end-time'>Jul 18, 2017 01:28:14 PM</span>
	<span class='label time-taken grey lighten-1 white-text'>0h 0m 26s+603ms</span>
</div>
	<div class='test-steps'>
		<table class='bordered table-results'>
			<thead>
				<tr>
					<th>Status</th>
					<th>Timestamp</th>
					<th>Details</th>
				</tr>
			</thead>
			<tbody>
				<tr class='log' status='info'>
					<td class='status info' title='info' alt='info'><i class='material-icons'>info_outline</i></td>
					<td class='timestamp'>1:27:48 PM</td>
					<td class='step-details'>Browser has been Launched</td>
				</tr>
				<tr class='log' status='info'>
					<td class='status info' title='info' alt='info'><i class='material-icons'>info_outline</i></td>
					<td class='timestamp'>1:27:51 PM</td>
					<td class='step-details'>Login is successful</td>
				</tr>
				<tr class='log' status='info'>
					<td class='status info' title='info' alt='info'><i class='material-icons'>info_outline</i></td>
					<td class='timestamp'>1:28:09 PM</td>
					<td class='step-details'>Scroll down has been done</td>
				</tr>
				<tr class='log' status='info'>
					<td class='status info' title='info' alt='info'><i class='material-icons'>info_outline</i></td>
					<td class='timestamp'>1:28:09 PM</td>
					<td class='step-details'>Sim search Results  data  found</td>
				</tr>
				<tr class='log' status='pass'>
					<td class='status pass' title='pass' alt='pass'><i class='material-icons'>check_circle</i></td>
					<td class='timestamp'>1:28:09 PM</td>
					<td class='step-details'>SIM search results  data found</td>
				</tr>
				<tr class='log' status='pass'>
					<td class='status pass' title='pass' alt='pass'><i class='material-icons'>check_circle</i></td>
					<td class='timestamp'>1:28:14 PM</td>
					<td class='step-details'><span class='label white-text green'>TC_062Test Case Passed</span></td>
				</tr>
			</tbody>
		</table>
	</div>
							<ul class='screenshots'>
								<li><img data-featherlight='C:\Users\arabinda.samal\new proj\GDSP_REGRESSION_GUI_AUTOMATION_platform\src\test\java\extentReports\TestReport18-Jul-2017 01-14\18-Jul-2017 01-14-39GDSP_062.png' width='10%' src='C:\Users\arabinda.samal\new proj\GDSP_REGRESSION_GUI_AUTOMATION_platform\src\test\java\extentReports\TestReport18-Jul-2017 01-14\18-Jul-2017 01-14-39GDSP_062.png' data-src='C:\Users\arabinda.samal\new proj\GDSP_REGRESSION_GUI_AUTOMATION_platform\src\test\java\extentReports\TestReport18-Jul-2017 01-14\18-Jul-2017 01-14-39GDSP_062.png'></li>
							</ul>
					</div>
				</li>
				
				
				<li class='test displayed active  pass' status='pass' bdd='false' test-id='24'>
					<div class='test-heading'>
						<span class='test-name'>GDSP_063 ManageSIM_SearchSim_IPADDRESS</span>
						<span class='test-time'>Jul 18, 2017 01:28:23 PM</span>
						<span class='test-status right pass'>pass</span>
					</div>
					<div class='test-content hide'>
<div class='test-time-info'>
	<span class='label start-time'>Jul 18, 2017 01:28:23 PM</span>
	<span class='label end-time'>Jul 18, 2017 01:28:49 PM</span>
	<span class='label time-taken grey lighten-1 white-text'>0h 0m 26s+304ms</span>
</div>
	<div class='test-steps'>
		<table class='bordered table-results'>
			<thead>
				<tr>
					<th>Status</th>
					<th>Timestamp</th>
					<th>Details</th>
				</tr>
			</thead>
			<tbody>
				<tr class='log' status='info'>
					<td class='status info' title='info' alt='info'><i class='material-icons'>info_outline</i></td>
					<td class='timestamp'>1:28:23 PM</td>
					<td class='step-details'>Browser has been Launched</td>
				</tr>
				<tr class='log' status='info'>
					<td class='status info' title='info' alt='info'><i class='material-icons'>info_outline</i></td>
					<td class='timestamp'>1:28:27 PM</td>
					<td class='step-details'>Login is successful</td>
				</tr>
				<tr class='log' status='info'>
					<td class='status info' title='info' alt='info'><i class='material-icons'>info_outline</i></td>
					<td class='timestamp'>1:28:46 PM</td>
					<td class='step-details'>Scroll down has been done</td>
				</tr>
				<tr class='log' status='info'>
					<td class='status info' title='info' alt='info'><i class='material-icons'>info_outline</i></td>
					<td class='timestamp'>1:28:46 PM</td>
					<td class='step-details'>Sim search Results  data  found</td>
				</tr>
				<tr class='log' status='pass'>
					<td class='status pass' title='pass' alt='pass'><i class='material-icons'>check_circle</i></td>
					<td class='timestamp'>1:28:46 PM</td>
					<td class='step-details'>SIM search results  data found</td>
				</tr>
				<tr class='log' status='pass'>
					<td class='status pass' title='pass' alt='pass'><i class='material-icons'>check_circle</i></td>
					<td class='timestamp'>1:28:49 PM</td>
					<td class='step-details'><span class='label white-text green'>TC_063Test Case Passed</span></td>
				</tr>
			</tbody>
		</table>
	</div>
							<ul class='screenshots'>
								<li><img data-featherlight='C:\Users\arabinda.samal\new proj\GDSP_REGRESSION_GUI_AUTOMATION_platform\src\test\java\extentReports\TestReport18-Jul-2017 01-14\18-Jul-2017 01-14-39GDSP_063.png' width='10%' src='C:\Users\arabinda.samal\new proj\GDSP_REGRESSION_GUI_AUTOMATION_platform\src\test\java\extentReports\TestReport18-Jul-2017 01-14\18-Jul-2017 01-14-39GDSP_063.png' data-src='C:\Users\arabinda.samal\new proj\GDSP_REGRESSION_GUI_AUTOMATION_platform\src\test\java\extentReports\TestReport18-Jul-2017 01-14\18-Jul-2017 01-14-39GDSP_063.png'></li>
							</ul>
					</div>
				</li>
				
				
				<li class='test displayed active  pass' status='pass' bdd='false' test-id='25'>
					<div class='test-heading'>
						<span class='test-name'>GDSP_064 ManageSIM_SearchSim_MSISDN</span>
						<span class='test-time'>Jul 18, 2017 01:28:57 PM</span>
						<span class='test-status right pass'>pass</span>
					</div>
					<div class='test-content hide'>
<div class='test-time-info'>
	<span class='label start-time'>Jul 18, 2017 01:28:57 PM</span>
	<span class='label end-time'>Jul 18, 2017 01:29:26 PM</span>
	<span class='label time-taken grey lighten-1 white-text'>0h 0m 28s+422ms</span>
</div>
	<div class='test-steps'>
		<table class='bordered table-results'>
			<thead>
				<tr>
					<th>Status</th>
					<th>Timestamp</th>
					<th>Details</th>
				</tr>
			</thead>
			<tbody>
				<tr class='log' status='info'>
					<td class='status info' title='info' alt='info'><i class='material-icons'>info_outline</i></td>
					<td class='timestamp'>1:28:57 PM</td>
					<td class='step-details'>Browser has been Launched</td>
				</tr>
				<tr class='log' status='info'>
					<td class='status info' title='info' alt='info'><i class='material-icons'>info_outline</i></td>
					<td class='timestamp'>1:29:01 PM</td>
					<td class='step-details'>Login is successful</td>
				</tr>
				<tr class='log' status='info'>
					<td class='status info' title='info' alt='info'><i class='material-icons'>info_outline</i></td>
					<td class='timestamp'>1:29:20 PM</td>
					<td class='step-details'>Scroll down has been done</td>
				</tr>
				<tr class='log' status='info'>
					<td class='status info' title='info' alt='info'><i class='material-icons'>info_outline</i></td>
					<td class='timestamp'>1:29:20 PM</td>
					<td class='step-details'>Sim search Results  data  found</td>
				</tr>
				<tr class='log' status='pass'>
					<td class='status pass' title='pass' alt='pass'><i class='material-icons'>check_circle</i></td>
					<td class='timestamp'>1:29:20 PM</td>
					<td class='step-details'>SIM search results  data found</td>
				</tr>
				<tr class='log' status='pass'>
					<td class='status pass' title='pass' alt='pass'><i class='material-icons'>check_circle</i></td>
					<td class='timestamp'>1:29:26 PM</td>
					<td class='step-details'><span class='label white-text green'>TC_064Test Case Passed</span></td>
				</tr>
			</tbody>
		</table>
	</div>
							<ul class='screenshots'>
								<li><img data-featherlight='C:\Users\arabinda.samal\new proj\GDSP_REGRESSION_GUI_AUTOMATION_platform\src\test\java\extentReports\TestReport18-Jul-2017 01-14\18-Jul-2017 01-14-39GDSP_064.png' width='10%' src='C:\Users\arabinda.samal\new proj\GDSP_REGRESSION_GUI_AUTOMATION_platform\src\test\java\extentReports\TestReport18-Jul-2017 01-14\18-Jul-2017 01-14-39GDSP_064.png' data-src='C:\Users\arabinda.samal\new proj\GDSP_REGRESSION_GUI_AUTOMATION_platform\src\test\java\extentReports\TestReport18-Jul-2017 01-14\18-Jul-2017 01-14-39GDSP_064.png'></li>
							</ul>
					</div>
				</li>
				
				
				<li class='test displayed active  fail' status='fail' bdd='false' test-id='26'>
					<div class='test-heading'>
						<span class='test-name'>GDSP_065 ManageSIM_SearchSim_APN Profile</span>
						<span class='test-time'>Jul 18, 2017 01:29:34 PM</span>
						<span class='test-status right fail'>fail</span>
					</div>
					<div class='test-content hide'>
<div class='test-time-info'>
	<span class='label start-time'>Jul 18, 2017 01:29:34 PM</span>
	<span class='label end-time'>Jul 18, 2017 01:29:35 PM</span>
	<span class='label time-taken grey lighten-1 white-text'>0h 0m 1s+705ms</span>
</div>
	<div class='test-steps'>
		<table class='bordered table-results'>
			<thead>
				<tr>
					<th>Status</th>
					<th>Timestamp</th>
					<th>Details</th>
				</tr>
			</thead>
			<tbody>
				<tr class='log' status='info'>
					<td class='status info' title='info' alt='info'><i class='material-icons'>info_outline</i></td>
					<td class='timestamp'>1:29:34 PM</td>
					<td class='step-details'>Browser has been Launched</td>
				</tr>
				<tr class='log' status='info'>
					<td class='status info' title='info' alt='info'><i class='material-icons'>info_outline</i></td>
					<td class='timestamp'>1:29:35 PM</td>
					<td class='step-details'>Login is successful</td>
				</tr>
				<tr class='log' status='fail'>
					<td class='status fail' title='fail' alt='fail'><i class='material-icons'>cancel</i></td>
					<td class='timestamp'>1:29:35 PM</td>
					<td class='step-details'><span class='label white-text red'>TC_065Test Case failed</span></td>
				</tr>
				<tr class='log' status='fail'>
					<td class='status fail' title='fail' alt='fail'><i class='material-icons'>cancel</i></td>
					<td class='timestamp'>1:29:35 PM</td>
					<td class='step-details'><pre>org.openqa.selenium.NoSuchElementException: no such element: Unable to locate element: {"method":"xpath","selector":"//a[@href='indexOpCoSims.htm']"}
  (Session info: chrome=59.0.3071.115)
  (Driver info: chromedriver=2.28.455520 (cc17746adff54984afff480136733114c6b3704b),platform=Windows NT 6.1.7601 SP1 x86_64) (WARNING: The server did not provide any stacktrace information)
Command duration or timeout: 30 milliseconds
For documentation on this error, please visit: http://seleniumhq.org/exceptions/no_such_element.html
Build info: version: '2.53.0', revision: '35ae25b1534ae328c771e0856c93e187490ca824', time: '2016-03-15 10:43:46'
System info: host: 'INL-1ZDLPF2', ip: '10.14.246.188', os.name: 'Windows 7', os.arch: 'amd64', os.version: '6.1', java.version: '1.8.0_102'
Driver info: org.openqa.selenium.chrome.ChromeDriver
Capabilities [{applicationCacheEnabled=false, rotatable=false, mobileEmulationEnabled=false, networkConnectionEnabled=false, chrome={chromedriverVersion=2.28.455520 (cc17746adff54984afff480136733114c6b3704b), userDataDir=C:\Users\ARABIN~1.SAM\AppData\Local\Temp\scoped_dir7948_11983}, takesHeapSnapshot=true, pageLoadStrategy=normal, databaseEnabled=false, handlesAlerts=true, hasTouchScreen=false, version=59.0.3071.115, platform=XP, browserConnectionEnabled=false, nativeEvents=true, acceptSslCerts=true, locationContextEnabled=true, webStorageEnabled=true, browserName=chrome, takesScreenshot=true, javascriptEnabled=true, cssSelectorsEnabled=true, unexpectedAlertBehaviour=}]
Session ID: e842a03a2d3622d10871d7abdd659b2e
*** Element info: {Using=xpath, value=//a[@href='indexOpCoSims.htm']}
	at sun.reflect.NativeConstructorAccessorImpl.newInstance0(Native Method)
	at sun.reflect.NativeConstructorAccessorImpl.newInstance(NativeConstructorAccessorImpl.java:62)
	at sun.reflect.DelegatingConstructorAccessorImpl.newInstance(DelegatingConstructorAccessorImpl.java:45)
	at java.lang.reflect.Constructor.newInstance(Constructor.java:423)
	at org.openqa.selenium.remote.ErrorHandler.createThrowable(ErrorHandler.java:206)
	at org.openqa.selenium.remote.ErrorHandler.throwIfResponseFailed(ErrorHandler.java:158)
	at org.openqa.selenium.remote.RemoteWebDriver.execute(RemoteWebDriver.java:678)
	at org.openqa.selenium.remote.RemoteWebDriver.findElement(RemoteWebDriver.java:363)
	at org.openqa.selenium.remote.RemoteWebDriver.findElementByXPath(RemoteWebDriver.java:500)
	at org.openqa.selenium.By$ByXPath.findElement(By.java:361)
	at org.openqa.selenium.remote.RemoteWebDriver.findElement(RemoteWebDriver.java:355)
	at org.openqa.selenium.support.pagefactory.DefaultElementLocator.findElement(DefaultElementLocator.java:69)
	at org.openqa.selenium.support.pagefactory.internal.LocatingElementHandler.invoke(LocatingElementHandler.java:38)
	at com.sun.proxy.$Proxy7.click(Unknown Source)
	at OpcoUserActions.GDSP_OpcoGUI_065.searchSIMcustomers(GDSP_OpcoGUI_065.java:58)
	at OpcoUserActions.GDSP_OpcoGUI_065_IMPCLASS.TC_065(GDSP_OpcoGUI_065_IMPCLASS.java:42)
	at sun.reflect.NativeMethodAccessorImpl.invoke0(Native Method)
	at sun.reflect.NativeMethodAccessorImpl.invoke(NativeMethodAccessorImpl.java:62)
	at sun.reflect.DelegatingMethodAccessorImpl.invoke(DelegatingMethodAccessorImpl.java:43)
	at java.lang.reflect.Method.invoke(Method.java:498)
	at org.testng.internal.MethodInvocationHelper.invokeMethod(MethodInvocationHelper.java:86)
	at org.testng.internal.Invoker.invokeMethod(Invoker.java:643)
	at org.testng.internal.Invoker.invokeTestMethod(Invoker.java:820)
	at org.testng.internal.Invoker.invokeTestMethods(Invoker.java:1128)
	at org.testng.internal.TestMethodWorker.invokeTestMethods(TestMethodWorker.java:129)
	at org.testng.internal.TestMethodWorker.run(TestMethodWorker.java:112)
	at org.testng.TestRunner.privateRun(TestRunner.java:782)
	at org.testng.TestRunner.run(TestRunner.java:632)
	at org.testng.SuiteRunner.runTest(SuiteRunner.java:366)
	at org.testng.SuiteRunner.runSequentially(SuiteRunner.java:361)
	at org.testng.SuiteRunner.privateRun(SuiteRunner.java:319)
	at org.testng.SuiteRunner.run(SuiteRunner.java:268)
	at org.testng.SuiteRunnerWorker.runSuite(SuiteRunnerWorker.java:52)
	at org.testng.SuiteRunnerWorker.run(SuiteRunnerWorker.java:86)
	at org.testng.TestNG.runSuitesSequentially(TestNG.java:1244)
	at org.testng.TestNG.runSuitesLocally(TestNG.java:1169)
	at org.testng.TestNG.run(TestNG.java:1064)
	at genericLibrary.CreateTestngXML.main(CreateTestngXML.java:90)
</pre></td>
				</tr>
			</tbody>
		</table>
	</div>
					</div>
				</li>
				
				
				<li class='test displayed active  fail' status='fail' bdd='false' test-id='27'>
					<div class='test-heading'>
						<span class='test-name'>GDSP_071 ManageSIM_SIM_Diagnostic Trace</span>
						<span class='test-time'>Jul 18, 2017 01:29:45 PM</span>
						<span class='test-status right fail'>fail</span>
					</div>
					<div class='test-content hide'>
<div class='test-time-info'>
	<span class='label start-time'>Jul 18, 2017 01:29:45 PM</span>
	<span class='label end-time'>Jul 18, 2017 01:54:05 PM</span>
	<span class='label time-taken grey lighten-1 white-text'>0h 24m 20s+559ms</span>
</div>
	<div class='test-steps'>
		<table class='bordered table-results'>
			<thead>
				<tr>
					<th>Status</th>
					<th>Timestamp</th>
					<th>Details</th>
				</tr>
			</thead>
			<tbody>
				<tr class='log' status='info'>
					<td class='status info' title='info' alt='info'><i class='material-icons'>info_outline</i></td>
					<td class='timestamp'>1:29:45 PM</td>
					<td class='step-details'>Browser has been Launched</td>
				</tr>
				<tr class='log' status='fail'>
					<td class='status fail' title='fail' alt='fail'><i class='material-icons'>cancel</i></td>
					<td class='timestamp'>1:54:05 PM</td>
					<td class='step-details'><span class='label white-text red'>TC_071Test Case failed</span></td>
				</tr>
				<tr class='log' status='fail'>
					<td class='status fail' title='fail' alt='fail'><i class='material-icons'>cancel</i></td>
					<td class='timestamp'>1:54:05 PM</td>
					<td class='step-details'><pre>org.openqa.selenium.TimeoutException: timeout: cannot determine loading status
from timeout: Timed out receiving message from renderer: -1159.238
  (Session info: chrome=59.0.3071.115)
  (Driver info: chromedriver=2.28.455520 (cc17746adff54984afff480136733114c6b3704b),platform=Windows NT 6.1.7601 SP1 x86_64) (WARNING: The server did not provide any stacktrace information)
Command duration or timeout: 1459.53 seconds
Build info: version: '2.53.0', revision: '35ae25b1534ae328c771e0856c93e187490ca824', time: '2016-03-15 10:43:46'
System info: host: 'INL-1ZDLPF2', ip: '10.14.246.188', os.name: 'Windows 7', os.arch: 'amd64', os.version: '6.1', java.version: '1.8.0_102'
Driver info: org.openqa.selenium.chrome.ChromeDriver
Capabilities [{applicationCacheEnabled=false, rotatable=false, mobileEmulationEnabled=false, networkConnectionEnabled=false, chrome={chromedriverVersion=2.28.455520 (cc17746adff54984afff480136733114c6b3704b), userDataDir=C:\Users\ARABIN~1.SAM\AppData\Local\Temp\scoped_dir11900_4555}, takesHeapSnapshot=true, pageLoadStrategy=normal, databaseEnabled=false, handlesAlerts=true, hasTouchScreen=false, version=59.0.3071.115, platform=XP, browserConnectionEnabled=false, nativeEvents=true, acceptSslCerts=true, locationContextEnabled=true, webStorageEnabled=true, browserName=chrome, takesScreenshot=true, javascriptEnabled=true, cssSelectorsEnabled=true, unexpectedAlertBehaviour=}]
Session ID: 2d338181a0c021e07d1c25462760c3b1
	at sun.reflect.NativeConstructorAccessorImpl.newInstance0(Native Method)
	at sun.reflect.NativeConstructorAccessorImpl.newInstance(NativeConstructorAccessorImpl.java:62)
	at sun.reflect.DelegatingConstructorAccessorImpl.newInstance(DelegatingConstructorAccessorImpl.java:45)
	at java.lang.reflect.Constructor.newInstance(Constructor.java:423)
	at org.openqa.selenium.remote.ErrorHandler.createThrowable(ErrorHandler.java:206)
	at org.openqa.selenium.remote.ErrorHandler.throwIfResponseFailed(ErrorHandler.java:158)
	at org.openqa.selenium.remote.RemoteWebDriver.execute(RemoteWebDriver.java:678)
	at org.openqa.selenium.remote.RemoteWebElement.execute(RemoteWebElement.java:327)
	at org.openqa.selenium.remote.RemoteWebElement.click(RemoteWebElement.java:85)
	at sun.reflect.GeneratedMethodAccessor3.invoke(Unknown Source)
	at sun.reflect.DelegatingMethodAccessorImpl.invoke(DelegatingMethodAccessorImpl.java:43)
	at java.lang.reflect.Method.invoke(Method.java:498)
	at org.openqa.selenium.support.pagefactory.internal.LocatingElementHandler.invoke(LocatingElementHandler.java:51)
	at com.sun.proxy.$Proxy7.click(Unknown Source)
	at OpcoUserActions.GDSP_OpcoGUI_071.login(GDSP_OpcoGUI_071.java:64)
	at OpcoUserActions.GDSP_OpcoGUI_071_IMPCLASS.TC_071(GDSP_OpcoGUI_071_IMPCLASS.java:45)
	at sun.reflect.NativeMethodAccessorImpl.invoke0(Native Method)
	at sun.reflect.NativeMethodAccessorImpl.invoke(NativeMethodAccessorImpl.java:62)
	at sun.reflect.DelegatingMethodAccessorImpl.invoke(DelegatingMethodAccessorImpl.java:43)
	at java.lang.reflect.Method.invoke(Method.java:498)
	at org.testng.internal.MethodInvocationHelper.invokeMethod(MethodInvocationHelper.java:86)
	at org.testng.internal.Invoker.invokeMethod(Invoker.java:643)
	at org.testng.internal.Invoker.invokeTestMethod(Invoker.java:820)
	at org.testng.internal.Invoker.invokeTestMethods(Invoker.java:1128)
	at org.testng.internal.TestMethodWorker.invokeTestMethods(TestMethodWorker.java:129)
	at org.testng.internal.TestMethodWorker.run(TestMethodWorker.java:112)
	at org.testng.TestRunner.privateRun(TestRunner.java:782)
	at org.testng.TestRunner.run(TestRunner.java:632)
	at org.testng.SuiteRunner.runTest(SuiteRunner.java:366)
	at org.testng.SuiteRunner.runSequentially(SuiteRunner.java:361)
	at org.testng.SuiteRunner.privateRun(SuiteRunner.java:319)
	at org.testng.SuiteRunner.run(SuiteRunner.java:268)
	at org.testng.SuiteRunnerWorker.runSuite(SuiteRunnerWorker.java:52)
	at org.testng.SuiteRunnerWorker.run(SuiteRunnerWorker.java:86)
	at org.testng.TestNG.runSuitesSequentially(TestNG.java:1244)
	at org.testng.TestNG.runSuitesLocally(TestNG.java:1169)
	at org.testng.TestNG.run(TestNG.java:1064)
	at genericLibrary.CreateTestngXML.main(CreateTestngXML.java:90)
</pre></td>
				</tr>
			</tbody>
		</table>
	</div>
					</div>
				</li>
				
				
				<li class='test displayed active  fail' status='fail' bdd='false' test-id='28'>
					<div class='test-heading'>
						<span class='test-name'>GDSP_094 ManageSIM_SIMManufactrerOrder_Filter</span>
						<span class='test-time'>Jul 18, 2017 01:54:29 PM</span>
						<span class='test-status right fail'>fail</span>
					</div>
					<div class='test-content hide'>
<div class='test-time-info'>
	<span class='label start-time'>Jul 18, 2017 01:54:29 PM</span>
	<span class='label end-time'>Jul 18, 2017 01:54:30 PM</span>
	<span class='label time-taken grey lighten-1 white-text'>0h 0m 0s+794ms</span>
</div>
	<div class='test-steps'>
		<table class='bordered table-results'>
			<thead>
				<tr>
					<th>Status</th>
					<th>Timestamp</th>
					<th>Details</th>
				</tr>
			</thead>
			<tbody>
				<tr class='log' status='info'>
					<td class='status info' title='info' alt='info'><i class='material-icons'>info_outline</i></td>
					<td class='timestamp'>1:54:29 PM</td>
					<td class='step-details'>Browser has been Launched</td>
				</tr>
				<tr class='log' status='fail'>
					<td class='status fail' title='fail' alt='fail'><i class='material-icons'>cancel</i></td>
					<td class='timestamp'>1:54:30 PM</td>
					<td class='step-details'><span class='label white-text red'>TC_094Test Case failed</span></td>
				</tr>
				<tr class='log' status='fail'>
					<td class='status fail' title='fail' alt='fail'><i class='material-icons'>cancel</i></td>
					<td class='timestamp'>1:54:30 PM</td>
					<td class='step-details'><pre>org.openqa.selenium.NoSuchElementException: no such element: Unable to locate element: {"method":"name","selector":"login.password"}
  (Session info: chrome=59.0.3071.115)
  (Driver info: chromedriver=2.28.455520 (cc17746adff54984afff480136733114c6b3704b),platform=Windows NT 6.1.7601 SP1 x86_64) (WARNING: The server did not provide any stacktrace information)
Command duration or timeout: 65 milliseconds
For documentation on this error, please visit: http://seleniumhq.org/exceptions/no_such_element.html
Build info: version: '2.53.0', revision: '35ae25b1534ae328c771e0856c93e187490ca824', time: '2016-03-15 10:43:46'
System info: host: 'INL-1ZDLPF2', ip: '10.14.246.188', os.name: 'Windows 7', os.arch: 'amd64', os.version: '6.1', java.version: '1.8.0_102'
Driver info: org.openqa.selenium.chrome.ChromeDriver
Capabilities [{applicationCacheEnabled=false, rotatable=false, mobileEmulationEnabled=false, networkConnectionEnabled=false, chrome={chromedriverVersion=2.28.455520 (cc17746adff54984afff480136733114c6b3704b), userDataDir=C:\Users\ARABIN~1.SAM\AppData\Local\Temp\scoped_dir10324_25650}, takesHeapSnapshot=true, pageLoadStrategy=normal, databaseEnabled=false, handlesAlerts=true, hasTouchScreen=false, version=59.0.3071.115, platform=XP, browserConnectionEnabled=false, nativeEvents=true, acceptSslCerts=true, locationContextEnabled=true, webStorageEnabled=true, browserName=chrome, takesScreenshot=true, javascriptEnabled=true, cssSelectorsEnabled=true, unexpectedAlertBehaviour=}]
Session ID: c3912f88953d219ee4d6887bba9cef9d
*** Element info: {Using=name, value=login.password}
	at sun.reflect.NativeConstructorAccessorImpl.newInstance0(Native Method)
	at sun.reflect.NativeConstructorAccessorImpl.newInstance(NativeConstructorAccessorImpl.java:62)
	at sun.reflect.DelegatingConstructorAccessorImpl.newInstance(DelegatingConstructorAccessorImpl.java:45)
	at java.lang.reflect.Constructor.newInstance(Constructor.java:423)
	at org.openqa.selenium.remote.ErrorHandler.createThrowable(ErrorHandler.java:206)
	at org.openqa.selenium.remote.ErrorHandler.throwIfResponseFailed(ErrorHandler.java:158)
	at org.openqa.selenium.remote.RemoteWebDriver.execute(RemoteWebDriver.java:678)
	at org.openqa.selenium.remote.RemoteWebDriver.findElement(RemoteWebDriver.java:363)
	at org.openqa.selenium.remote.RemoteWebDriver.findElementByName(RemoteWebDriver.java:461)
	at org.openqa.selenium.By$ByName.findElement(By.java:303)
	at org.openqa.selenium.remote.RemoteWebDriver.findElement(RemoteWebDriver.java:355)
	at org.openqa.selenium.support.pagefactory.DefaultElementLocator.findElement(DefaultElementLocator.java:69)
	at org.openqa.selenium.support.pagefactory.internal.LocatingElementHandler.invoke(LocatingElementHandler.java:38)
	at com.sun.proxy.$Proxy7.sendKeys(Unknown Source)
	at OpcoUserActions.GDSP_OpcoGUI_094.login(GDSP_OpcoGUI_094.java:59)
	at OpcoUserActions.GDSP_OpcoGUI_094_IMPCLASS.TC_094(GDSP_OpcoGUI_094_IMPCLASS.java:42)
	at sun.reflect.NativeMethodAccessorImpl.invoke0(Native Method)
	at sun.reflect.NativeMethodAccessorImpl.invoke(NativeMethodAccessorImpl.java:62)
	at sun.reflect.DelegatingMethodAccessorImpl.invoke(DelegatingMethodAccessorImpl.java:43)
	at java.lang.reflect.Method.invoke(Method.java:498)
	at org.testng.internal.MethodInvocationHelper.invokeMethod(MethodInvocationHelper.java:86)
	at org.testng.internal.Invoker.invokeMethod(Invoker.java:643)
	at org.testng.internal.Invoker.invokeTestMethod(Invoker.java:820)
	at org.testng.internal.Invoker.invokeTestMethods(Invoker.java:1128)
	at org.testng.internal.TestMethodWorker.invokeTestMethods(TestMethodWorker.java:129)
	at org.testng.internal.TestMethodWorker.run(TestMethodWorker.java:112)
	at org.testng.TestRunner.privateRun(TestRunner.java:782)
	at org.testng.TestRunner.run(TestRunner.java:632)
	at org.testng.SuiteRunner.runTest(SuiteRunner.java:366)
	at org.testng.SuiteRunner.runSequentially(SuiteRunner.java:361)
	at org.testng.SuiteRunner.privateRun(SuiteRunner.java:319)
	at org.testng.SuiteRunner.run(SuiteRunner.java:268)
	at org.testng.SuiteRunnerWorker.runSuite(SuiteRunnerWorker.java:52)
	at org.testng.SuiteRunnerWorker.run(SuiteRunnerWorker.java:86)
	at org.testng.TestNG.runSuitesSequentially(TestNG.java:1244)
	at org.testng.TestNG.runSuitesLocally(TestNG.java:1169)
	at org.testng.TestNG.run(TestNG.java:1064)
	at genericLibrary.CreateTestngXML.main(CreateTestngXML.java:90)
</pre></td>
				</tr>
			</tbody>
		</table>
	</div>
					</div>
				</li>
				
				
				<li class='test displayed active  fail' status='fail' bdd='false' test-id='29'>
					<div class='test-heading'>
						<span class='test-name'>GDSP_095 ManageSIM_SIMManufactrerOrder_View Order</span>
						<span class='test-time'>Jul 18, 2017 01:54:43 PM</span>
						<span class='test-status right fail'>fail</span>
					</div>
					<div class='test-content hide'>
<div class='test-time-info'>
	<span class='label start-time'>Jul 18, 2017 01:54:43 PM</span>
	<span class='label end-time'>Jul 18, 2017 01:54:44 PM</span>
	<span class='label time-taken grey lighten-1 white-text'>0h 0m 0s+572ms</span>
</div>
	<div class='test-steps'>
		<table class='bordered table-results'>
			<thead>
				<tr>
					<th>Status</th>
					<th>Timestamp</th>
					<th>Details</th>
				</tr>
			</thead>
			<tbody>
				<tr class='log' status='info'>
					<td class='status info' title='info' alt='info'><i class='material-icons'>info_outline</i></td>
					<td class='timestamp'>1:54:43 PM</td>
					<td class='step-details'>Browser has been Launched</td>
				</tr>
				<tr class='log' status='fail'>
					<td class='status fail' title='fail' alt='fail'><i class='material-icons'>cancel</i></td>
					<td class='timestamp'>1:54:44 PM</td>
					<td class='step-details'><span class='label white-text red'>TC_095Test Case failed</span></td>
				</tr>
				<tr class='log' status='fail'>
					<td class='status fail' title='fail' alt='fail'><i class='material-icons'>cancel</i></td>
					<td class='timestamp'>1:54:44 PM</td>
					<td class='step-details'><pre>org.openqa.selenium.NoSuchElementException: no such element: Unable to locate element: {"method":"name","selector":"login.password"}
  (Session info: chrome=59.0.3071.115)
  (Driver info: chromedriver=2.28.455520 (cc17746adff54984afff480136733114c6b3704b),platform=Windows NT 6.1.7601 SP1 x86_64) (WARNING: The server did not provide any stacktrace information)
Command duration or timeout: 28 milliseconds
For documentation on this error, please visit: http://seleniumhq.org/exceptions/no_such_element.html
Build info: version: '2.53.0', revision: '35ae25b1534ae328c771e0856c93e187490ca824', time: '2016-03-15 10:43:46'
System info: host: 'INL-1ZDLPF2', ip: '10.14.246.188', os.name: 'Windows 7', os.arch: 'amd64', os.version: '6.1', java.version: '1.8.0_102'
Driver info: org.openqa.selenium.chrome.ChromeDriver
Capabilities [{applicationCacheEnabled=false, rotatable=false, mobileEmulationEnabled=false, networkConnectionEnabled=false, chrome={chromedriverVersion=2.28.455520 (cc17746adff54984afff480136733114c6b3704b), userDataDir=C:\Users\ARABIN~1.SAM\AppData\Local\Temp\scoped_dir5812_18691}, takesHeapSnapshot=true, pageLoadStrategy=normal, databaseEnabled=false, handlesAlerts=true, hasTouchScreen=false, version=59.0.3071.115, platform=XP, browserConnectionEnabled=false, nativeEvents=true, acceptSslCerts=true, locationContextEnabled=true, webStorageEnabled=true, browserName=chrome, takesScreenshot=true, javascriptEnabled=true, cssSelectorsEnabled=true, unexpectedAlertBehaviour=}]
Session ID: ef8f9ece858229ebd39cbc1156407130
*** Element info: {Using=name, value=login.password}
	at sun.reflect.NativeConstructorAccessorImpl.newInstance0(Native Method)
	at sun.reflect.NativeConstructorAccessorImpl.newInstance(NativeConstructorAccessorImpl.java:62)
	at sun.reflect.DelegatingConstructorAccessorImpl.newInstance(DelegatingConstructorAccessorImpl.java:45)
	at java.lang.reflect.Constructor.newInstance(Constructor.java:423)
	at org.openqa.selenium.remote.ErrorHandler.createThrowable(ErrorHandler.java:206)
	at org.openqa.selenium.remote.ErrorHandler.throwIfResponseFailed(ErrorHandler.java:158)
	at org.openqa.selenium.remote.RemoteWebDriver.execute(RemoteWebDriver.java:678)
	at org.openqa.selenium.remote.RemoteWebDriver.findElement(RemoteWebDriver.java:363)
	at org.openqa.selenium.remote.RemoteWebDriver.findElementByName(RemoteWebDriver.java:461)
	at org.openqa.selenium.By$ByName.findElement(By.java:303)
	at org.openqa.selenium.remote.RemoteWebDriver.findElement(RemoteWebDriver.java:355)
	at org.openqa.selenium.support.pagefactory.DefaultElementLocator.findElement(DefaultElementLocator.java:69)
	at org.openqa.selenium.support.pagefactory.internal.LocatingElementHandler.invoke(LocatingElementHandler.java:38)
	at com.sun.proxy.$Proxy7.sendKeys(Unknown Source)
	at OpcoUserActions.GDSP_OpcoGUI_095.login(GDSP_OpcoGUI_095.java:54)
	at OpcoUserActions.GDSP_OpcoGUI_095_IMPCLASS.TC_095(GDSP_OpcoGUI_095_IMPCLASS.java:40)
	at sun.reflect.NativeMethodAccessorImpl.invoke0(Native Method)
	at sun.reflect.NativeMethodAccessorImpl.invoke(NativeMethodAccessorImpl.java:62)
	at sun.reflect.DelegatingMethodAccessorImpl.invoke(DelegatingMethodAccessorImpl.java:43)
	at java.lang.reflect.Method.invoke(Method.java:498)
	at org.testng.internal.MethodInvocationHelper.invokeMethod(MethodInvocationHelper.java:86)
	at org.testng.internal.Invoker.invokeMethod(Invoker.java:643)
	at org.testng.internal.Invoker.invokeTestMethod(Invoker.java:820)
	at org.testng.internal.Invoker.invokeTestMethods(Invoker.java:1128)
	at org.testng.internal.TestMethodWorker.invokeTestMethods(TestMethodWorker.java:129)
	at org.testng.internal.TestMethodWorker.run(TestMethodWorker.java:112)
	at org.testng.TestRunner.privateRun(TestRunner.java:782)
	at org.testng.TestRunner.run(TestRunner.java:632)
	at org.testng.SuiteRunner.runTest(SuiteRunner.java:366)
	at org.testng.SuiteRunner.runSequentially(SuiteRunner.java:361)
	at org.testng.SuiteRunner.privateRun(SuiteRunner.java:319)
	at org.testng.SuiteRunner.run(SuiteRunner.java:268)
	at org.testng.SuiteRunnerWorker.runSuite(SuiteRunnerWorker.java:52)
	at org.testng.SuiteRunnerWorker.run(SuiteRunnerWorker.java:86)
	at org.testng.TestNG.runSuitesSequentially(TestNG.java:1244)
	at org.testng.TestNG.runSuitesLocally(TestNG.java:1169)
	at org.testng.TestNG.run(TestNG.java:1064)
	at genericLibrary.CreateTestngXML.main(CreateTestngXML.java:90)
</pre></td>
				</tr>
			</tbody>
		</table>
	</div>
					</div>
				</li>
				
				
				<li class='test displayed active  fail' status='fail' bdd='false' test-id='30'>
					<div class='test-heading'>
						<span class='test-name'>GDSP_111 ManageVPNs_NumberList_Back to Top</span>
						<span class='test-time'>Jul 18, 2017 01:54:52 PM</span>
						<span class='test-status right fail'>fail</span>
					</div>
					<div class='test-content hide'>
<div class='test-time-info'>
	<span class='label start-time'>Jul 18, 2017 01:54:52 PM</span>
	<span class='label end-time'>Jul 18, 2017 01:54:53 PM</span>
	<span class='label time-taken grey lighten-1 white-text'>0h 0m 0s+541ms</span>
</div>
	<div class='test-steps'>
		<table class='bordered table-results'>
			<thead>
				<tr>
					<th>Status</th>
					<th>Timestamp</th>
					<th>Details</th>
				</tr>
			</thead>
			<tbody>
				<tr class='log' status='info'>
					<td class='status info' title='info' alt='info'><i class='material-icons'>info_outline</i></td>
					<td class='timestamp'>1:54:52 PM</td>
					<td class='step-details'>Browser has been Launched</td>
				</tr>
				<tr class='log' status='fail'>
					<td class='status fail' title='fail' alt='fail'><i class='material-icons'>cancel</i></td>
					<td class='timestamp'>1:54:53 PM</td>
					<td class='step-details'><span class='label white-text red'>TC_111Test Case failed</span></td>
				</tr>
				<tr class='log' status='fail'>
					<td class='status fail' title='fail' alt='fail'><i class='material-icons'>cancel</i></td>
					<td class='timestamp'>1:54:53 PM</td>
					<td class='step-details'><pre>org.openqa.selenium.NoSuchElementException: no such element: Unable to locate element: {"method":"name","selector":"login.password"}
  (Session info: chrome=59.0.3071.115)
  (Driver info: chromedriver=2.28.455520 (cc17746adff54984afff480136733114c6b3704b),platform=Windows NT 6.1.7601 SP1 x86_64) (WARNING: The server did not provide any stacktrace information)
Command duration or timeout: 28 milliseconds
For documentation on this error, please visit: http://seleniumhq.org/exceptions/no_such_element.html
Build info: version: '2.53.0', revision: '35ae25b1534ae328c771e0856c93e187490ca824', time: '2016-03-15 10:43:46'
System info: host: 'INL-1ZDLPF2', ip: '10.14.246.188', os.name: 'Windows 7', os.arch: 'amd64', os.version: '6.1', java.version: '1.8.0_102'
Driver info: org.openqa.selenium.chrome.ChromeDriver
Capabilities [{applicationCacheEnabled=false, rotatable=false, mobileEmulationEnabled=false, networkConnectionEnabled=false, chrome={chromedriverVersion=2.28.455520 (cc17746adff54984afff480136733114c6b3704b), userDataDir=C:\Users\ARABIN~1.SAM\AppData\Local\Temp\scoped_dir6824_27226}, takesHeapSnapshot=true, pageLoadStrategy=normal, databaseEnabled=false, handlesAlerts=true, hasTouchScreen=false, version=59.0.3071.115, platform=XP, browserConnectionEnabled=false, nativeEvents=true, acceptSslCerts=true, locationContextEnabled=true, webStorageEnabled=true, browserName=chrome, takesScreenshot=true, javascriptEnabled=true, cssSelectorsEnabled=true, unexpectedAlertBehaviour=}]
Session ID: 530288edb67f08fd86a254aa7d345537
*** Element info: {Using=name, value=login.password}
	at sun.reflect.NativeConstructorAccessorImpl.newInstance0(Native Method)
	at sun.reflect.NativeConstructorAccessorImpl.newInstance(NativeConstructorAccessorImpl.java:62)
	at sun.reflect.DelegatingConstructorAccessorImpl.newInstance(DelegatingConstructorAccessorImpl.java:45)
	at java.lang.reflect.Constructor.newInstance(Constructor.java:423)
	at org.openqa.selenium.remote.ErrorHandler.createThrowable(ErrorHandler.java:206)
	at org.openqa.selenium.remote.ErrorHandler.throwIfResponseFailed(ErrorHandler.java:158)
	at org.openqa.selenium.remote.RemoteWebDriver.execute(RemoteWebDriver.java:678)
	at org.openqa.selenium.remote.RemoteWebDriver.findElement(RemoteWebDriver.java:363)
	at org.openqa.selenium.remote.RemoteWebDriver.findElementByName(RemoteWebDriver.java:461)
	at org.openqa.selenium.By$ByName.findElement(By.java:303)
	at org.openqa.selenium.remote.RemoteWebDriver.findElement(RemoteWebDriver.java:355)
	at org.openqa.selenium.support.pagefactory.DefaultElementLocator.findElement(DefaultElementLocator.java:69)
	at org.openqa.selenium.support.pagefactory.internal.LocatingElementHandler.invoke(LocatingElementHandler.java:38)
	at com.sun.proxy.$Proxy7.sendKeys(Unknown Source)
	at OpcoUserActions.GDSP_OpcoGUI_111.login(GDSP_OpcoGUI_111.java:57)
	at OpcoUserActions.GDSP_OpcoGUI_111_IMPCLASS.TC_111(GDSP_OpcoGUI_111_IMPCLASS.java:40)
	at sun.reflect.NativeMethodAccessorImpl.invoke0(Native Method)
	at sun.reflect.NativeMethodAccessorImpl.invoke(NativeMethodAccessorImpl.java:62)
	at sun.reflect.DelegatingMethodAccessorImpl.invoke(DelegatingMethodAccessorImpl.java:43)
	at java.lang.reflect.Method.invoke(Method.java:498)
	at org.testng.internal.MethodInvocationHelper.invokeMethod(MethodInvocationHelper.java:86)
	at org.testng.internal.Invoker.invokeMethod(Invoker.java:643)
	at org.testng.internal.Invoker.invokeTestMethod(Invoker.java:820)
	at org.testng.internal.Invoker.invokeTestMethods(Invoker.java:1128)
	at org.testng.internal.TestMethodWorker.invokeTestMethods(TestMethodWorker.java:129)
	at org.testng.internal.TestMethodWorker.run(TestMethodWorker.java:112)
	at org.testng.TestRunner.privateRun(TestRunner.java:782)
	at org.testng.TestRunner.run(TestRunner.java:632)
	at org.testng.SuiteRunner.runTest(SuiteRunner.java:366)
	at org.testng.SuiteRunner.runSequentially(SuiteRunner.java:361)
	at org.testng.SuiteRunner.privateRun(SuiteRunner.java:319)
	at org.testng.SuiteRunner.run(SuiteRunner.java:268)
	at org.testng.SuiteRunnerWorker.runSuite(SuiteRunnerWorker.java:52)
	at org.testng.SuiteRunnerWorker.run(SuiteRunnerWorker.java:86)
	at org.testng.TestNG.runSuitesSequentially(TestNG.java:1244)
	at org.testng.TestNG.runSuitesLocally(TestNG.java:1169)
	at org.testng.TestNG.run(TestNG.java:1064)
	at genericLibrary.CreateTestngXML.main(CreateTestngXML.java:90)
</pre></td>
				</tr>
			</tbody>
		</table>
	</div>
					</div>
				</li>
				
				
				<li class='test displayed active  fail' status='fail' bdd='false' test-id='31'>
					<div class='test-heading'>
						<span class='test-name'>GDSP_115 ManageVPNs_CallListConfiguration_Filter</span>
						<span class='test-time'>Jul 18, 2017 01:55:03 PM</span>
						<span class='test-status right fail'>fail</span>
					</div>
					<div class='test-content hide'>
<div class='test-time-info'>
	<span class='label start-time'>Jul 18, 2017 01:55:03 PM</span>
	<span class='label end-time'>Jul 18, 2017 01:55:04 PM</span>
	<span class='label time-taken grey lighten-1 white-text'>0h 0m 1s+420ms</span>
</div>
	<div class='test-steps'>
		<table class='bordered table-results'>
			<thead>
				<tr>
					<th>Status</th>
					<th>Timestamp</th>
					<th>Details</th>
				</tr>
			</thead>
			<tbody>
				<tr class='log' status='info'>
					<td class='status info' title='info' alt='info'><i class='material-icons'>info_outline</i></td>
					<td class='timestamp'>1:55:03 PM</td>
					<td class='step-details'>Browser has been Launched</td>
				</tr>
				<tr class='log' status='fail'>
					<td class='status fail' title='fail' alt='fail'><i class='material-icons'>cancel</i></td>
					<td class='timestamp'>1:55:04 PM</td>
					<td class='step-details'><span class='label white-text red'>TC_115Test Case failed</span></td>
				</tr>
				<tr class='log' status='fail'>
					<td class='status fail' title='fail' alt='fail'><i class='material-icons'>cancel</i></td>
					<td class='timestamp'>1:55:04 PM</td>
					<td class='step-details'><pre>org.openqa.selenium.NoSuchElementException: no such element: Unable to locate element: {"method":"name","selector":"login.password"}
  (Session info: chrome=59.0.3071.115)
  (Driver info: chromedriver=2.28.455520 (cc17746adff54984afff480136733114c6b3704b),platform=Windows NT 6.1.7601 SP1 x86_64) (WARNING: The server did not provide any stacktrace information)
Command duration or timeout: 40 milliseconds
For documentation on this error, please visit: http://seleniumhq.org/exceptions/no_such_element.html
Build info: version: '2.53.0', revision: '35ae25b1534ae328c771e0856c93e187490ca824', time: '2016-03-15 10:43:46'
System info: host: 'INL-1ZDLPF2', ip: '10.14.246.188', os.name: 'Windows 7', os.arch: 'amd64', os.version: '6.1', java.version: '1.8.0_102'
Driver info: org.openqa.selenium.chrome.ChromeDriver
Capabilities [{applicationCacheEnabled=false, rotatable=false, mobileEmulationEnabled=false, networkConnectionEnabled=false, chrome={chromedriverVersion=2.28.455520 (cc17746adff54984afff480136733114c6b3704b), userDataDir=C:\Users\ARABIN~1.SAM\AppData\Local\Temp\scoped_dir3508_3845}, takesHeapSnapshot=true, pageLoadStrategy=normal, databaseEnabled=false, handlesAlerts=true, hasTouchScreen=false, version=59.0.3071.115, platform=XP, browserConnectionEnabled=false, nativeEvents=true, acceptSslCerts=true, locationContextEnabled=true, webStorageEnabled=true, browserName=chrome, takesScreenshot=true, javascriptEnabled=true, cssSelectorsEnabled=true, unexpectedAlertBehaviour=}]
Session ID: 4c042e67ecb9fb3d6d1f22fb14ce6a5b
*** Element info: {Using=name, value=login.password}
	at sun.reflect.NativeConstructorAccessorImpl.newInstance0(Native Method)
	at sun.reflect.NativeConstructorAccessorImpl.newInstance(NativeConstructorAccessorImpl.java:62)
	at sun.reflect.DelegatingConstructorAccessorImpl.newInstance(DelegatingConstructorAccessorImpl.java:45)
	at java.lang.reflect.Constructor.newInstance(Constructor.java:423)
	at org.openqa.selenium.remote.ErrorHandler.createThrowable(ErrorHandler.java:206)
	at org.openqa.selenium.remote.ErrorHandler.throwIfResponseFailed(ErrorHandler.java:158)
	at org.openqa.selenium.remote.RemoteWebDriver.execute(RemoteWebDriver.java:678)
	at org.openqa.selenium.remote.RemoteWebDriver.findElement(RemoteWebDriver.java:363)
	at org.openqa.selenium.remote.RemoteWebDriver.findElementByName(RemoteWebDriver.java:461)
	at org.openqa.selenium.By$ByName.findElement(By.java:303)
	at org.openqa.selenium.remote.RemoteWebDriver.findElement(RemoteWebDriver.java:355)
	at org.openqa.selenium.support.pagefactory.DefaultElementLocator.findElement(DefaultElementLocator.java:69)
	at org.openqa.selenium.support.pagefactory.internal.LocatingElementHandler.invoke(LocatingElementHandler.java:38)
	at com.sun.proxy.$Proxy7.sendKeys(Unknown Source)
	at OpcoUserActions.GDSP_OpcoGUI_115.login(GDSP_OpcoGUI_115.java:52)
	at OpcoUserActions.GDSP_OpcoGUI_115_IMPCLASS.TC_115(GDSP_OpcoGUI_115_IMPCLASS.java:40)
	at sun.reflect.NativeMethodAccessorImpl.invoke0(Native Method)
	at sun.reflect.NativeMethodAccessorImpl.invoke(NativeMethodAccessorImpl.java:62)
	at sun.reflect.DelegatingMethodAccessorImpl.invoke(DelegatingMethodAccessorImpl.java:43)
	at java.lang.reflect.Method.invoke(Method.java:498)
	at org.testng.internal.MethodInvocationHelper.invokeMethod(MethodInvocationHelper.java:86)
	at org.testng.internal.Invoker.invokeMethod(Invoker.java:643)
	at org.testng.internal.Invoker.invokeTestMethod(Invoker.java:820)
	at org.testng.internal.Invoker.invokeTestMethods(Invoker.java:1128)
	at org.testng.internal.TestMethodWorker.invokeTestMethods(TestMethodWorker.java:129)
	at org.testng.internal.TestMethodWorker.run(TestMethodWorker.java:112)
	at org.testng.TestRunner.privateRun(TestRunner.java:782)
	at org.testng.TestRunner.run(TestRunner.java:632)
	at org.testng.SuiteRunner.runTest(SuiteRunner.java:366)
	at org.testng.SuiteRunner.runSequentially(SuiteRunner.java:361)
	at org.testng.SuiteRunner.privateRun(SuiteRunner.java:319)
	at org.testng.SuiteRunner.run(SuiteRunner.java:268)
	at org.testng.SuiteRunnerWorker.runSuite(SuiteRunnerWorker.java:52)
	at org.testng.SuiteRunnerWorker.run(SuiteRunnerWorker.java:86)
	at org.testng.TestNG.runSuitesSequentially(TestNG.java:1244)
	at org.testng.TestNG.runSuitesLocally(TestNG.java:1169)
	at org.testng.TestNG.run(TestNG.java:1064)
	at genericLibrary.CreateTestngXML.main(CreateTestngXML.java:90)
</pre></td>
				</tr>
			</tbody>
		</table>
	</div>
					</div>
				</li>
				
				
				<li class='test displayed active  fail' status='fail' bdd='false' test-id='32'>
					<div class='test-heading'>
						<span class='test-name'>GDSP_121 ManageEvents_NotificationEvents_Filter by Event Name</span>
						<span class='test-time'>Jul 18, 2017 01:55:15 PM</span>
						<span class='test-status right fail'>fail</span>
					</div>
					<div class='test-content hide'>
<div class='test-time-info'>
	<span class='label start-time'>Jul 18, 2017 01:55:15 PM</span>
	<span class='label end-time'>Jul 18, 2017 01:55:17 PM</span>
	<span class='label time-taken grey lighten-1 white-text'>0h 0m 1s+426ms</span>
</div>
	<div class='test-steps'>
		<table class='bordered table-results'>
			<thead>
				<tr>
					<th>Status</th>
					<th>Timestamp</th>
					<th>Details</th>
				</tr>
			</thead>
			<tbody>
				<tr class='log' status='info'>
					<td class='status info' title='info' alt='info'><i class='material-icons'>info_outline</i></td>
					<td class='timestamp'>1:55:15 PM</td>
					<td class='step-details'>Browser has been Launched</td>
				</tr>
				<tr class='log' status='fail'>
					<td class='status fail' title='fail' alt='fail'><i class='material-icons'>cancel</i></td>
					<td class='timestamp'>1:55:17 PM</td>
					<td class='step-details'><span class='label white-text red'>TC_121Test Case failed</span></td>
				</tr>
				<tr class='log' status='fail'>
					<td class='status fail' title='fail' alt='fail'><i class='material-icons'>cancel</i></td>
					<td class='timestamp'>1:55:17 PM</td>
					<td class='step-details'><pre>org.openqa.selenium.NoSuchElementException: no such element: Unable to locate element: {"method":"name","selector":"login.password"}
  (Session info: chrome=59.0.3071.115)
  (Driver info: chromedriver=2.28.455520 (cc17746adff54984afff480136733114c6b3704b),platform=Windows NT 6.1.7601 SP1 x86_64) (WARNING: The server did not provide any stacktrace information)
Command duration or timeout: 25 milliseconds
For documentation on this error, please visit: http://seleniumhq.org/exceptions/no_such_element.html
Build info: version: '2.53.0', revision: '35ae25b1534ae328c771e0856c93e187490ca824', time: '2016-03-15 10:43:46'
System info: host: 'INL-1ZDLPF2', ip: '10.14.246.188', os.name: 'Windows 7', os.arch: 'amd64', os.version: '6.1', java.version: '1.8.0_102'
Driver info: org.openqa.selenium.chrome.ChromeDriver
Capabilities [{applicationCacheEnabled=false, rotatable=false, mobileEmulationEnabled=false, networkConnectionEnabled=false, chrome={chromedriverVersion=2.28.455520 (cc17746adff54984afff480136733114c6b3704b), userDataDir=C:\Users\ARABIN~1.SAM\AppData\Local\Temp\scoped_dir10196_26723}, takesHeapSnapshot=true, pageLoadStrategy=normal, databaseEnabled=false, handlesAlerts=true, hasTouchScreen=false, version=59.0.3071.115, platform=XP, browserConnectionEnabled=false, nativeEvents=true, acceptSslCerts=true, locationContextEnabled=true, webStorageEnabled=true, browserName=chrome, takesScreenshot=true, javascriptEnabled=true, cssSelectorsEnabled=true, unexpectedAlertBehaviour=}]
Session ID: e9ce0df0bff8000b18431d84d1df3805
*** Element info: {Using=name, value=login.password}
	at sun.reflect.NativeConstructorAccessorImpl.newInstance0(Native Method)
	at sun.reflect.NativeConstructorAccessorImpl.newInstance(NativeConstructorAccessorImpl.java:62)
	at sun.reflect.DelegatingConstructorAccessorImpl.newInstance(DelegatingConstructorAccessorImpl.java:45)
	at java.lang.reflect.Constructor.newInstance(Constructor.java:423)
	at org.openqa.selenium.remote.ErrorHandler.createThrowable(ErrorHandler.java:206)
	at org.openqa.selenium.remote.ErrorHandler.throwIfResponseFailed(ErrorHandler.java:158)
	at org.openqa.selenium.remote.RemoteWebDriver.execute(RemoteWebDriver.java:678)
	at org.openqa.selenium.remote.RemoteWebDriver.findElement(RemoteWebDriver.java:363)
	at org.openqa.selenium.remote.RemoteWebDriver.findElementByName(RemoteWebDriver.java:461)
	at org.openqa.selenium.By$ByName.findElement(By.java:303)
	at org.openqa.selenium.remote.RemoteWebDriver.findElement(RemoteWebDriver.java:355)
	at org.openqa.selenium.support.pagefactory.DefaultElementLocator.findElement(DefaultElementLocator.java:69)
	at org.openqa.selenium.support.pagefactory.internal.LocatingElementHandler.invoke(LocatingElementHandler.java:38)
	at com.sun.proxy.$Proxy7.sendKeys(Unknown Source)
	at OpcoUserActions.GDSP_OpcoGUI_121.login(GDSP_OpcoGUI_121.java:52)
	at OpcoUserActions.GDSP_OpcoGUI_121_IMPCLASS.TC_121(GDSP_OpcoGUI_121_IMPCLASS.java:40)
	at sun.reflect.NativeMethodAccessorImpl.invoke0(Native Method)
	at sun.reflect.NativeMethodAccessorImpl.invoke(NativeMethodAccessorImpl.java:62)
	at sun.reflect.DelegatingMethodAccessorImpl.invoke(DelegatingMethodAccessorImpl.java:43)
	at java.lang.reflect.Method.invoke(Method.java:498)
	at org.testng.internal.MethodInvocationHelper.invokeMethod(MethodInvocationHelper.java:86)
	at org.testng.internal.Invoker.invokeMethod(Invoker.java:643)
	at org.testng.internal.Invoker.invokeTestMethod(Invoker.java:820)
	at org.testng.internal.Invoker.invokeTestMethods(Invoker.java:1128)
	at org.testng.internal.TestMethodWorker.invokeTestMethods(TestMethodWorker.java:129)
	at org.testng.internal.TestMethodWorker.run(TestMethodWorker.java:112)
	at org.testng.TestRunner.privateRun(TestRunner.java:782)
	at org.testng.TestRunner.run(TestRunner.java:632)
	at org.testng.SuiteRunner.runTest(SuiteRunner.java:366)
	at org.testng.SuiteRunner.runSequentially(SuiteRunner.java:361)
	at org.testng.SuiteRunner.privateRun(SuiteRunner.java:319)
	at org.testng.SuiteRunner.run(SuiteRunner.java:268)
	at org.testng.SuiteRunnerWorker.runSuite(SuiteRunnerWorker.java:52)
	at org.testng.SuiteRunnerWorker.run(SuiteRunnerWorker.java:86)
	at org.testng.TestNG.runSuitesSequentially(TestNG.java:1244)
	at org.testng.TestNG.runSuitesLocally(TestNG.java:1169)
	at org.testng.TestNG.run(TestNG.java:1064)
	at genericLibrary.CreateTestngXML.main(CreateTestngXML.java:90)
</pre></td>
				</tr>
			</tbody>
		</table>
	</div>
					</div>
				</li>
				
				
				<li class='test displayed active  fail' status='fail' bdd='false' test-id='33'>
					<div class='test-heading'>
						<span class='test-name'>GDSP_122 ManageEvents_NotificationEvents_Filter by by Customer Code</span>
						<span class='test-time'>Jul 18, 2017 01:55:27 PM</span>
						<span class='test-status right fail'>fail</span>
					</div>
					<div class='test-content hide'>
<div class='test-time-info'>
	<span class='label start-time'>Jul 18, 2017 01:55:27 PM</span>
	<span class='label end-time'>Jul 18, 2017 01:55:28 PM</span>
	<span class='label time-taken grey lighten-1 white-text'>0h 0m 1s+648ms</span>
</div>
	<div class='test-steps'>
		<table class='bordered table-results'>
			<thead>
				<tr>
					<th>Status</th>
					<th>Timestamp</th>
					<th>Details</th>
				</tr>
			</thead>
			<tbody>
				<tr class='log' status='info'>
					<td class='status info' title='info' alt='info'><i class='material-icons'>info_outline</i></td>
					<td class='timestamp'>1:55:27 PM</td>
					<td class='step-details'>Browser has been Launched</td>
				</tr>
				<tr class='log' status='fail'>
					<td class='status fail' title='fail' alt='fail'><i class='material-icons'>cancel</i></td>
					<td class='timestamp'>1:55:28 PM</td>
					<td class='step-details'><span class='label white-text red'>TC_122Test Case failed</span></td>
				</tr>
				<tr class='log' status='fail'>
					<td class='status fail' title='fail' alt='fail'><i class='material-icons'>cancel</i></td>
					<td class='timestamp'>1:55:28 PM</td>
					<td class='step-details'><pre>org.openqa.selenium.NoSuchElementException: no such element: Unable to locate element: {"method":"name","selector":"login.password"}
  (Session info: chrome=59.0.3071.115)
  (Driver info: chromedriver=2.28.455520 (cc17746adff54984afff480136733114c6b3704b),platform=Windows NT 6.1.7601 SP1 x86_64) (WARNING: The server did not provide any stacktrace information)
Command duration or timeout: 42 milliseconds
For documentation on this error, please visit: http://seleniumhq.org/exceptions/no_such_element.html
Build info: version: '2.53.0', revision: '35ae25b1534ae328c771e0856c93e187490ca824', time: '2016-03-15 10:43:46'
System info: host: 'INL-1ZDLPF2', ip: '10.14.246.188', os.name: 'Windows 7', os.arch: 'amd64', os.version: '6.1', java.version: '1.8.0_102'
Driver info: org.openqa.selenium.chrome.ChromeDriver
Capabilities [{applicationCacheEnabled=false, rotatable=false, mobileEmulationEnabled=false, networkConnectionEnabled=false, chrome={chromedriverVersion=2.28.455520 (cc17746adff54984afff480136733114c6b3704b), userDataDir=C:\Users\ARABIN~1.SAM\AppData\Local\Temp\scoped_dir12832_7636}, takesHeapSnapshot=true, pageLoadStrategy=normal, databaseEnabled=false, handlesAlerts=true, hasTouchScreen=false, version=59.0.3071.115, platform=XP, browserConnectionEnabled=false, nativeEvents=true, acceptSslCerts=true, locationContextEnabled=true, webStorageEnabled=true, browserName=chrome, takesScreenshot=true, javascriptEnabled=true, cssSelectorsEnabled=true, unexpectedAlertBehaviour=}]
Session ID: 13601b9e7dd39034f60a9d19e33fe639
*** Element info: {Using=name, value=login.password}
	at sun.reflect.NativeConstructorAccessorImpl.newInstance0(Native Method)
	at sun.reflect.NativeConstructorAccessorImpl.newInstance(NativeConstructorAccessorImpl.java:62)
	at sun.reflect.DelegatingConstructorAccessorImpl.newInstance(DelegatingConstructorAccessorImpl.java:45)
	at java.lang.reflect.Constructor.newInstance(Constructor.java:423)
	at org.openqa.selenium.remote.ErrorHandler.createThrowable(ErrorHandler.java:206)
	at org.openqa.selenium.remote.ErrorHandler.throwIfResponseFailed(ErrorHandler.java:158)
	at org.openqa.selenium.remote.RemoteWebDriver.execute(RemoteWebDriver.java:678)
	at org.openqa.selenium.remote.RemoteWebDriver.findElement(RemoteWebDriver.java:363)
	at org.openqa.selenium.remote.RemoteWebDriver.findElementByName(RemoteWebDriver.java:461)
	at org.openqa.selenium.By$ByName.findElement(By.java:303)
	at org.openqa.selenium.remote.RemoteWebDriver.findElement(RemoteWebDriver.java:355)
	at org.openqa.selenium.support.pagefactory.DefaultElementLocator.findElement(DefaultElementLocator.java:69)
	at org.openqa.selenium.support.pagefactory.internal.LocatingElementHandler.invoke(LocatingElementHandler.java:38)
	at com.sun.proxy.$Proxy7.sendKeys(Unknown Source)
	at OpcoUserActions.GDSP_OpcoGUI_122.login(GDSP_OpcoGUI_122.java:51)
	at OpcoUserActions.GDSP_OpcoGUI_122_IMPCLASS.TC_122(GDSP_OpcoGUI_122_IMPCLASS.java:40)
	at sun.reflect.NativeMethodAccessorImpl.invoke0(Native Method)
	at sun.reflect.NativeMethodAccessorImpl.invoke(NativeMethodAccessorImpl.java:62)
	at sun.reflect.DelegatingMethodAccessorImpl.invoke(DelegatingMethodAccessorImpl.java:43)
	at java.lang.reflect.Method.invoke(Method.java:498)
	at org.testng.internal.MethodInvocationHelper.invokeMethod(MethodInvocationHelper.java:86)
	at org.testng.internal.Invoker.invokeMethod(Invoker.java:643)
	at org.testng.internal.Invoker.invokeTestMethod(Invoker.java:820)
	at org.testng.internal.Invoker.invokeTestMethods(Invoker.java:1128)
	at org.testng.internal.TestMethodWorker.invokeTestMethods(TestMethodWorker.java:129)
	at org.testng.internal.TestMethodWorker.run(TestMethodWorker.java:112)
	at org.testng.TestRunner.privateRun(TestRunner.java:782)
	at org.testng.TestRunner.run(TestRunner.java:632)
	at org.testng.SuiteRunner.runTest(SuiteRunner.java:366)
	at org.testng.SuiteRunner.runSequentially(SuiteRunner.java:361)
	at org.testng.SuiteRunner.privateRun(SuiteRunner.java:319)
	at org.testng.SuiteRunner.run(SuiteRunner.java:268)
	at org.testng.SuiteRunnerWorker.runSuite(SuiteRunnerWorker.java:52)
	at org.testng.SuiteRunnerWorker.run(SuiteRunnerWorker.java:86)
	at org.testng.TestNG.runSuitesSequentially(TestNG.java:1244)
	at org.testng.TestNG.runSuitesLocally(TestNG.java:1169)
	at org.testng.TestNG.run(TestNG.java:1064)
	at genericLibrary.CreateTestngXML.main(CreateTestngXML.java:90)
</pre></td>
				</tr>
			</tbody>
		</table>
	</div>
					</div>
				</li>
				
				
				<li class='test displayed active  fail' status='fail' bdd='false' test-id='34'>
					<div class='test-heading'>
						<span class='test-name'>GDSP_123 ManageEvents_NotificationEvents_Threshold Enable Disable</span>
						<span class='test-time'>Jul 18, 2017 01:55:40 PM</span>
						<span class='test-status right fail'>fail</span>
					</div>
					<div class='test-content hide'>
<div class='test-time-info'>
	<span class='label start-time'>Jul 18, 2017 01:55:40 PM</span>
	<span class='label end-time'>Jul 18, 2017 01:55:40 PM</span>
	<span class='label time-taken grey lighten-1 white-text'>0h 0m 0s+590ms</span>
</div>
	<div class='test-steps'>
		<table class='bordered table-results'>
			<thead>
				<tr>
					<th>Status</th>
					<th>Timestamp</th>
					<th>Details</th>
				</tr>
			</thead>
			<tbody>
				<tr class='log' status='info'>
					<td class='status info' title='info' alt='info'><i class='material-icons'>info_outline</i></td>
					<td class='timestamp'>1:55:40 PM</td>
					<td class='step-details'>Browser has been Launched</td>
				</tr>
				<tr class='log' status='fail'>
					<td class='status fail' title='fail' alt='fail'><i class='material-icons'>cancel</i></td>
					<td class='timestamp'>1:55:40 PM</td>
					<td class='step-details'><span class='label white-text red'>TC_123Test Case failed</span></td>
				</tr>
				<tr class='log' status='fail'>
					<td class='status fail' title='fail' alt='fail'><i class='material-icons'>cancel</i></td>
					<td class='timestamp'>1:55:40 PM</td>
					<td class='step-details'><pre>org.openqa.selenium.NoSuchElementException: no such element: Unable to locate element: {"method":"name","selector":"login.password"}
  (Session info: chrome=59.0.3071.115)
  (Driver info: chromedriver=2.28.455520 (cc17746adff54984afff480136733114c6b3704b),platform=Windows NT 6.1.7601 SP1 x86_64) (WARNING: The server did not provide any stacktrace information)
Command duration or timeout: 30 milliseconds
For documentation on this error, please visit: http://seleniumhq.org/exceptions/no_such_element.html
Build info: version: '2.53.0', revision: '35ae25b1534ae328c771e0856c93e187490ca824', time: '2016-03-15 10:43:46'
System info: host: 'INL-1ZDLPF2', ip: '10.14.246.188', os.name: 'Windows 7', os.arch: 'amd64', os.version: '6.1', java.version: '1.8.0_102'
Driver info: org.openqa.selenium.chrome.ChromeDriver
Capabilities [{applicationCacheEnabled=false, rotatable=false, mobileEmulationEnabled=false, networkConnectionEnabled=false, chrome={chromedriverVersion=2.28.455520 (cc17746adff54984afff480136733114c6b3704b), userDataDir=C:\Users\ARABIN~1.SAM\AppData\Local\Temp\scoped_dir8304_13665}, takesHeapSnapshot=true, pageLoadStrategy=normal, databaseEnabled=false, handlesAlerts=true, hasTouchScreen=false, version=59.0.3071.115, platform=XP, browserConnectionEnabled=false, nativeEvents=true, acceptSslCerts=true, locationContextEnabled=true, webStorageEnabled=true, browserName=chrome, takesScreenshot=true, javascriptEnabled=true, cssSelectorsEnabled=true, unexpectedAlertBehaviour=}]
Session ID: 6786b6fc40e62a28c5329de3807ed5a8
*** Element info: {Using=name, value=login.password}
	at sun.reflect.NativeConstructorAccessorImpl.newInstance0(Native Method)
	at sun.reflect.NativeConstructorAccessorImpl.newInstance(NativeConstructorAccessorImpl.java:62)
	at sun.reflect.DelegatingConstructorAccessorImpl.newInstance(DelegatingConstructorAccessorImpl.java:45)
	at java.lang.reflect.Constructor.newInstance(Constructor.java:423)
	at org.openqa.selenium.remote.ErrorHandler.createThrowable(ErrorHandler.java:206)
	at org.openqa.selenium.remote.ErrorHandler.throwIfResponseFailed(ErrorHandler.java:158)
	at org.openqa.selenium.remote.RemoteWebDriver.execute(RemoteWebDriver.java:678)
	at org.openqa.selenium.remote.RemoteWebDriver.findElement(RemoteWebDriver.java:363)
	at org.openqa.selenium.remote.RemoteWebDriver.findElementByName(RemoteWebDriver.java:461)
	at org.openqa.selenium.By$ByName.findElement(By.java:303)
	at org.openqa.selenium.remote.RemoteWebDriver.findElement(RemoteWebDriver.java:355)
	at org.openqa.selenium.support.pagefactory.DefaultElementLocator.findElement(DefaultElementLocator.java:69)
	at org.openqa.selenium.support.pagefactory.internal.LocatingElementHandler.invoke(LocatingElementHandler.java:38)
	at com.sun.proxy.$Proxy7.sendKeys(Unknown Source)
	at OpcoUserActions.GDSP_OpcoGUI_123.login(GDSP_OpcoGUI_123.java:56)
	at OpcoUserActions.GDSP_OpcoGUI_123_IMPCLASS.TC_123(GDSP_OpcoGUI_123_IMPCLASS.java:40)
	at sun.reflect.NativeMethodAccessorImpl.invoke0(Native Method)
	at sun.reflect.NativeMethodAccessorImpl.invoke(NativeMethodAccessorImpl.java:62)
	at sun.reflect.DelegatingMethodAccessorImpl.invoke(DelegatingMethodAccessorImpl.java:43)
	at java.lang.reflect.Method.invoke(Method.java:498)
	at org.testng.internal.MethodInvocationHelper.invokeMethod(MethodInvocationHelper.java:86)
	at org.testng.internal.Invoker.invokeMethod(Invoker.java:643)
	at org.testng.internal.Invoker.invokeTestMethod(Invoker.java:820)
	at org.testng.internal.Invoker.invokeTestMethods(Invoker.java:1128)
	at org.testng.internal.TestMethodWorker.invokeTestMethods(TestMethodWorker.java:129)
	at org.testng.internal.TestMethodWorker.run(TestMethodWorker.java:112)
	at org.testng.TestRunner.privateRun(TestRunner.java:782)
	at org.testng.TestRunner.run(TestRunner.java:632)
	at org.testng.SuiteRunner.runTest(SuiteRunner.java:366)
	at org.testng.SuiteRunner.runSequentially(SuiteRunner.java:361)
	at org.testng.SuiteRunner.privateRun(SuiteRunner.java:319)
	at org.testng.SuiteRunner.run(SuiteRunner.java:268)
	at org.testng.SuiteRunnerWorker.runSuite(SuiteRunnerWorker.java:52)
	at org.testng.SuiteRunnerWorker.run(SuiteRunnerWorker.java:86)
	at org.testng.TestNG.runSuitesSequentially(TestNG.java:1244)
	at org.testng.TestNG.runSuitesLocally(TestNG.java:1169)
	at org.testng.TestNG.run(TestNG.java:1064)
	at genericLibrary.CreateTestngXML.main(CreateTestngXML.java:90)
</pre></td>
				</tr>
			</tbody>
		</table>
	</div>
					</div>
				</li>
				
				
				<li class='test displayed active  pass' status='pass' bdd='false' test-id='35'>
					<div class='test-heading'>
						<span class='test-name'>GDSP_124 ManageEvents_NotificationEvents_Customer visibility</span>
						<span class='test-time'>Jul 18, 2017 01:55:51 PM</span>
						<span class='test-status right pass'>pass</span>
					</div>
					<div class='test-content hide'>
<div class='test-time-info'>
	<span class='label start-time'>Jul 18, 2017 01:55:51 PM</span>
	<span class='label end-time'>Jul 18, 2017 01:56:29 PM</span>
	<span class='label time-taken grey lighten-1 white-text'>0h 0m 38s+176ms</span>
</div>
	<div class='test-steps'>
		<table class='bordered table-results'>
			<thead>
				<tr>
					<th>Status</th>
					<th>Timestamp</th>
					<th>Details</th>
				</tr>
			</thead>
			<tbody>
				<tr class='log' status='info'>
					<td class='status info' title='info' alt='info'><i class='material-icons'>info_outline</i></td>
					<td class='timestamp'>1:55:51 PM</td>
					<td class='step-details'>Browser has been Launched</td>
				</tr>
				<tr class='log' status='info'>
					<td class='status info' title='info' alt='info'><i class='material-icons'>info_outline</i></td>
					<td class='timestamp'>1:55:59 PM</td>
					<td class='step-details'>Login is successful</td>
				</tr>
				<tr class='log' status='info'>
					<td class='status info' title='info' alt='info'><i class='material-icons'>info_outline</i></td>
					<td class='timestamp'>1:56:28 PM</td>
					<td class='step-details'>clicked on visible eye</td>
				</tr>
				<tr class='log' status='pass'>
					<td class='status pass' title='pass' alt='pass'><i class='material-icons'>check_circle</i></td>
					<td class='timestamp'>1:56:28 PM</td>
					<td class='step-details'>invisible of event done successfully</td>
				</tr>
				<tr class='log' status='pass'>
					<td class='status pass' title='pass' alt='pass'><i class='material-icons'>check_circle</i></td>
					<td class='timestamp'>1:56:29 PM</td>
					<td class='step-details'><span class='label white-text green'>TC_124Test Case Passed</span></td>
				</tr>
			</tbody>
		</table>
	</div>
							<ul class='screenshots'>
								<li><img data-featherlight='C:\Users\arabinda.samal\new proj\GDSP_REGRESSION_GUI_AUTOMATION_platform\src\test\java\extentReports\TestReport18-Jul-2017 01-14\18-Jul-2017 01-14-39GDSP_124.png' width='10%' src='C:\Users\arabinda.samal\new proj\GDSP_REGRESSION_GUI_AUTOMATION_platform\src\test\java\extentReports\TestReport18-Jul-2017 01-14\18-Jul-2017 01-14-39GDSP_124.png' data-src='C:\Users\arabinda.samal\new proj\GDSP_REGRESSION_GUI_AUTOMATION_platform\src\test\java\extentReports\TestReport18-Jul-2017 01-14\18-Jul-2017 01-14-39GDSP_124.png'></li>
								<li><img data-featherlight='C:\Users\arabinda.samal\new proj\GDSP_REGRESSION_GUI_AUTOMATION_platform\src\test\java\extentReports\TestReport18-Jul-2017 01-14\18-Jul-2017 01-14-39GDSP_124.png' width='10%' src='C:\Users\arabinda.samal\new proj\GDSP_REGRESSION_GUI_AUTOMATION_platform\src\test\java\extentReports\TestReport18-Jul-2017 01-14\18-Jul-2017 01-14-39GDSP_124.png' data-src='C:\Users\arabinda.samal\new proj\GDSP_REGRESSION_GUI_AUTOMATION_platform\src\test\java\extentReports\TestReport18-Jul-2017 01-14\18-Jul-2017 01-14-39GDSP_124.png'></li>
							</ul>
					</div>
				</li>
				
				
				<li class='test displayed active  pass' status='pass' bdd='false' test-id='36'>
					<div class='test-heading'>
						<span class='test-name'>GDSP_125 ManageEvents_NotificationEvents_Clear Filter</span>
						<span class='test-time'>Jul 18, 2017 01:56:38 PM</span>
						<span class='test-status right pass'>pass</span>
					</div>
					<div class='test-content hide'>
<div class='test-time-info'>
	<span class='label start-time'>Jul 18, 2017 01:56:38 PM</span>
	<span class='label end-time'>Jul 18, 2017 01:57:09 PM</span>
	<span class='label time-taken grey lighten-1 white-text'>0h 0m 30s+909ms</span>
</div>
	<div class='test-steps'>
		<table class='bordered table-results'>
			<thead>
				<tr>
					<th>Status</th>
					<th>Timestamp</th>
					<th>Details</th>
				</tr>
			</thead>
			<tbody>
				<tr class='log' status='info'>
					<td class='status info' title='info' alt='info'><i class='material-icons'>info_outline</i></td>
					<td class='timestamp'>1:56:38 PM</td>
					<td class='step-details'>Browser has been Launched</td>
				</tr>
				<tr class='log' status='info'>
					<td class='status info' title='info' alt='info'><i class='material-icons'>info_outline</i></td>
					<td class='timestamp'>1:56:41 PM</td>
					<td class='step-details'>Login is successful</td>
				</tr>
				<tr class='log' status='info'>
					<td class='status info' title='info' alt='info'><i class='material-icons'>info_outline</i></td>
					<td class='timestamp'>1:57:04 PM</td>
					<td class='step-details'>filteration is cleared successfully</td>
				</tr>
				<tr class='log' status='pass'>
					<td class='status pass' title='pass' alt='pass'><i class='material-icons'>check_circle</i></td>
					<td class='timestamp'>1:57:09 PM</td>
					<td class='step-details'><span class='label white-text green'>TC_125Test Case Passed</span></td>
				</tr>
			</tbody>
		</table>
	</div>
							<ul class='screenshots'>
								<li><img data-featherlight='C:\Users\arabinda.samal\new proj\GDSP_REGRESSION_GUI_AUTOMATION_platform\src\test\java\extentReports\TestReport18-Jul-2017 01-14\18-Jul-2017 01-14-39GDSP_125.png' width='10%' src='C:\Users\arabinda.samal\new proj\GDSP_REGRESSION_GUI_AUTOMATION_platform\src\test\java\extentReports\TestReport18-Jul-2017 01-14\18-Jul-2017 01-14-39GDSP_125.png' data-src='C:\Users\arabinda.samal\new proj\GDSP_REGRESSION_GUI_AUTOMATION_platform\src\test\java\extentReports\TestReport18-Jul-2017 01-14\18-Jul-2017 01-14-39GDSP_125.png'></li>
							</ul>
					</div>
				</li>
				
				
				<li class='test displayed active  pass' status='pass' bdd='false' test-id='37'>
					<div class='test-heading'>
						<span class='test-name'>GDSP_142 Network_ConfigureNetworkTrace_Back To Top</span>
						<span class='test-time'>Jul 18, 2017 01:57:19 PM</span>
						<span class='test-status right pass'>pass</span>
					</div>
					<div class='test-content hide'>
<div class='test-time-info'>
	<span class='label start-time'>Jul 18, 2017 01:57:19 PM</span>
	<span class='label end-time'>Jul 18, 2017 01:57:36 PM</span>
	<span class='label time-taken grey lighten-1 white-text'>0h 0m 17s+637ms</span>
</div>
	<div class='test-steps'>
		<table class='bordered table-results'>
			<thead>
				<tr>
					<th>Status</th>
					<th>Timestamp</th>
					<th>Details</th>
				</tr>
			</thead>
			<tbody>
				<tr class='log' status='info'>
					<td class='status info' title='info' alt='info'><i class='material-icons'>info_outline</i></td>
					<td class='timestamp'>1:57:19 PM</td>
					<td class='step-details'>Browser has been Launched</td>
				</tr>
				<tr class='log' status='info'>
					<td class='status info' title='info' alt='info'><i class='material-icons'>info_outline</i></td>
					<td class='timestamp'>1:57:21 PM</td>
					<td class='step-details'>Login is successful</td>
				</tr>
				<tr class='log' status='info'>
					<td class='status info' title='info' alt='info'><i class='material-icons'>info_outline</i></td>
					<td class='timestamp'>1:57:28 PM</td>
					<td class='step-details'>Scroll down has been done</td>
				</tr>
				<tr class='log' status='info'>
					<td class='status info' title='info' alt='info'><i class='material-icons'>info_outline</i></td>
					<td class='timestamp'>1:57:33 PM</td>
					<td class='step-details'>Successfully clicked on Back to top button</td>
				</tr>
				<tr class='log' status='pass'>
					<td class='status pass' title='pass' alt='pass'><i class='material-icons'>check_circle</i></td>
					<td class='timestamp'>1:57:33 PM</td>
					<td class='step-details'>Successfully reached on the top button</td>
				</tr>
				<tr class='log' status='pass'>
					<td class='status pass' title='pass' alt='pass'><i class='material-icons'>check_circle</i></td>
					<td class='timestamp'>1:57:36 PM</td>
					<td class='step-details'><span class='label white-text green'>TC_142Test Case Passed</span></td>
				</tr>
			</tbody>
		</table>
	</div>
							<ul class='screenshots'>
								<li><img data-featherlight='C:\Users\arabinda.samal\new proj\GDSP_REGRESSION_GUI_AUTOMATION_platform\src\test\java\extentReports\TestReport18-Jul-2017 01-14\18-Jul-2017 01-14-39GDSP_142.png' width='10%' src='C:\Users\arabinda.samal\new proj\GDSP_REGRESSION_GUI_AUTOMATION_platform\src\test\java\extentReports\TestReport18-Jul-2017 01-14\18-Jul-2017 01-14-39GDSP_142.png' data-src='C:\Users\arabinda.samal\new proj\GDSP_REGRESSION_GUI_AUTOMATION_platform\src\test\java\extentReports\TestReport18-Jul-2017 01-14\18-Jul-2017 01-14-39GDSP_142.png'></li>
								<li><img data-featherlight='C:\Users\arabinda.samal\new proj\GDSP_REGRESSION_GUI_AUTOMATION_platform\src\test\java\extentReports\TestReport18-Jul-2017 01-14\18-Jul-2017 01-14-39GDSP_142.png' width='10%' src='C:\Users\arabinda.samal\new proj\GDSP_REGRESSION_GUI_AUTOMATION_platform\src\test\java\extentReports\TestReport18-Jul-2017 01-14\18-Jul-2017 01-14-39GDSP_142.png' data-src='C:\Users\arabinda.samal\new proj\GDSP_REGRESSION_GUI_AUTOMATION_platform\src\test\java\extentReports\TestReport18-Jul-2017 01-14\18-Jul-2017 01-14-39GDSP_142.png'></li>
							</ul>
					</div>
				</li>
				
				
				<li class='test displayed active  pass' status='pass' bdd='false' test-id='38'>
					<div class='test-heading'>
						<span class='test-name'>GDSP_143 Network_ConfigureNetworkTrace_Filter by APN</span>
						<span class='test-time'>Jul 18, 2017 01:57:45 PM</span>
						<span class='test-status right pass'>pass</span>
					</div>
					<div class='test-content hide'>
<div class='test-time-info'>
	<span class='label start-time'>Jul 18, 2017 01:57:45 PM</span>
	<span class='label end-time'>Jul 18, 2017 01:57:56 PM</span>
	<span class='label time-taken grey lighten-1 white-text'>0h 0m 10s+594ms</span>
</div>
	<div class='test-steps'>
		<table class='bordered table-results'>
			<thead>
				<tr>
					<th>Status</th>
					<th>Timestamp</th>
					<th>Details</th>
				</tr>
			</thead>
			<tbody>
				<tr class='log' status='info'>
					<td class='status info' title='info' alt='info'><i class='material-icons'>info_outline</i></td>
					<td class='timestamp'>1:57:45 PM</td>
					<td class='step-details'>Browser has been Launched</td>
				</tr>
				<tr class='log' status='info'>
					<td class='status info' title='info' alt='info'><i class='material-icons'>info_outline</i></td>
					<td class='timestamp'>1:57:48 PM</td>
					<td class='step-details'>Login is successful</td>
				</tr>
				<tr class='log' status='info'>
					<td class='status info' title='info' alt='info'><i class='material-icons'>info_outline</i></td>
					<td class='timestamp'>1:57:52 PM</td>
					<td class='step-details'>successfully get the list of Network Trace using filters.</td>
				</tr>
				<tr class='log' status='pass'>
					<td class='status pass' title='pass' alt='pass'><i class='material-icons'>check_circle</i></td>
					<td class='timestamp'>1:57:53 PM</td>
					<td class='step-details'>successfully get the list of Network Trace  using filters</td>
				</tr>
				<tr class='log' status='pass'>
					<td class='status pass' title='pass' alt='pass'><i class='material-icons'>check_circle</i></td>
					<td class='timestamp'>1:57:56 PM</td>
					<td class='step-details'><span class='label white-text green'>TC_143Test Case Passed</span></td>
				</tr>
			</tbody>
		</table>
	</div>
							<ul class='screenshots'>
								<li><img data-featherlight='C:\Users\arabinda.samal\new proj\GDSP_REGRESSION_GUI_AUTOMATION_platform\src\test\java\extentReports\TestReport18-Jul-2017 01-14\18-Jul-2017 01-14-39GDSP_143.png' width='10%' src='C:\Users\arabinda.samal\new proj\GDSP_REGRESSION_GUI_AUTOMATION_platform\src\test\java\extentReports\TestReport18-Jul-2017 01-14\18-Jul-2017 01-14-39GDSP_143.png' data-src='C:\Users\arabinda.samal\new proj\GDSP_REGRESSION_GUI_AUTOMATION_platform\src\test\java\extentReports\TestReport18-Jul-2017 01-14\18-Jul-2017 01-14-39GDSP_143.png'></li>
							</ul>
					</div>
				</li>
				
				
				<li class='test displayed active  pass' status='pass' bdd='false' test-id='39'>
					<div class='test-heading'>
						<span class='test-name'>GDSP_147 Network_ProcessingInformation_KPI Filter</span>
						<span class='test-time'>Jul 18, 2017 01:58:04 PM</span>
						<span class='test-status right pass'>pass</span>
					</div>
					<div class='test-content hide'>
<div class='test-time-info'>
	<span class='label start-time'>Jul 18, 2017 01:58:04 PM</span>
	<span class='label end-time'>Jul 18, 2017 01:58:19 PM</span>
	<span class='label time-taken grey lighten-1 white-text'>0h 0m 15s+482ms</span>
</div>
	<div class='test-steps'>
		<table class='bordered table-results'>
			<thead>
				<tr>
					<th>Status</th>
					<th>Timestamp</th>
					<th>Details</th>
				</tr>
			</thead>
			<tbody>
				<tr class='log' status='info'>
					<td class='status info' title='info' alt='info'><i class='material-icons'>info_outline</i></td>
					<td class='timestamp'>1:58:04 PM</td>
					<td class='step-details'>Browser has been Launched</td>
				</tr>
				<tr class='log' status='info'>
					<td class='status info' title='info' alt='info'><i class='material-icons'>info_outline</i></td>
					<td class='timestamp'>1:58:06 PM</td>
					<td class='step-details'>Login is successful</td>
				</tr>
				<tr class='log' status='info'>
					<td class='status info' title='info' alt='info'><i class='material-icons'>info_outline</i></td>
					<td class='timestamp'>1:58:16 PM</td>
					<td class='step-details'>successfully get the list of KPI trends successfully using filters.</td>
				</tr>
				<tr class='log' status='pass'>
					<td class='status pass' title='pass' alt='pass'><i class='material-icons'>check_circle</i></td>
					<td class='timestamp'>1:58:16 PM</td>
					<td class='step-details'>successfully get the list of KPI trends successfully using filters</td>
				</tr>
				<tr class='log' status='pass'>
					<td class='status pass' title='pass' alt='pass'><i class='material-icons'>check_circle</i></td>
					<td class='timestamp'>1:58:19 PM</td>
					<td class='step-details'><span class='label white-text green'>TC_147Test Case Passed</span></td>
				</tr>
			</tbody>
		</table>
	</div>
							<ul class='screenshots'>
								<li><img data-featherlight='C:\Users\arabinda.samal\new proj\GDSP_REGRESSION_GUI_AUTOMATION_platform\src\test\java\extentReports\TestReport18-Jul-2017 01-14\18-Jul-2017 01-14-39GDSP_147.png' width='10%' src='C:\Users\arabinda.samal\new proj\GDSP_REGRESSION_GUI_AUTOMATION_platform\src\test\java\extentReports\TestReport18-Jul-2017 01-14\18-Jul-2017 01-14-39GDSP_147.png' data-src='C:\Users\arabinda.samal\new proj\GDSP_REGRESSION_GUI_AUTOMATION_platform\src\test\java\extentReports\TestReport18-Jul-2017 01-14\18-Jul-2017 01-14-39GDSP_147.png'></li>
							</ul>
					</div>
				</li>
				
				
				<li class='test displayed active  pass' status='pass' bdd='false' test-id='40'>
					<div class='test-heading'>
						<span class='test-name'>GDSPOpco_152 Filter by KPI name</span>
						<span class='test-time'>Jul 18, 2017 01:58:28 PM</span>
						<span class='test-status right pass'>pass</span>
					</div>
					<div class='test-content hide'>
<div class='test-time-info'>
	<span class='label start-time'>Jul 18, 2017 01:58:28 PM</span>
	<span class='label end-time'>Jul 18, 2017 01:58:35 PM</span>
	<span class='label time-taken grey lighten-1 white-text'>0h 0m 7s+484ms</span>
</div>
	<div class='test-steps'>
		<table class='bordered table-results'>
			<thead>
				<tr>
					<th>Status</th>
					<th>Timestamp</th>
					<th>Details</th>
				</tr>
			</thead>
			<tbody>
				<tr class='log' status='info'>
					<td class='status info' title='info' alt='info'><i class='material-icons'>info_outline</i></td>
					<td class='timestamp'>1:58:28 PM</td>
					<td class='step-details'>Browser has been Launched</td>
				</tr>
				<tr class='log' status='info'>
					<td class='status info' title='info' alt='info'><i class='material-icons'>info_outline</i></td>
					<td class='timestamp'>1:58:30 PM</td>
					<td class='step-details'>Login is successful</td>
				</tr>
				<tr class='log' status='pass'>
					<td class='status pass' title='pass' alt='pass'><i class='material-icons'>check_circle</i></td>
					<td class='timestamp'>1:58:35 PM</td>
					<td class='step-details'><span class='label white-text green'>TC_152Test Case Passed</span></td>
				</tr>
			</tbody>
		</table>
	</div>
					</div>
				</li>
				
				
				<li class='test displayed active  pass' status='pass' bdd='false' test-id='41'>
					<div class='test-heading'>
						<span class='test-name'>GDSPOpco_152 Filter by KPI name</span>
						<span class='test-time'>Jul 18, 2017 01:58:43 PM</span>
						<span class='test-status right pass'>pass</span>
					</div>
					<div class='test-content hide'>
<div class='test-time-info'>
	<span class='label start-time'>Jul 18, 2017 01:58:43 PM</span>
	<span class='label end-time'>Jul 18, 2017 01:58:52 PM</span>
	<span class='label time-taken grey lighten-1 white-text'>0h 0m 8s+781ms</span>
</div>
	<div class='test-steps'>
		<table class='bordered table-results'>
			<thead>
				<tr>
					<th>Status</th>
					<th>Timestamp</th>
					<th>Details</th>
				</tr>
			</thead>
			<tbody>
				<tr class='log' status='info'>
					<td class='status info' title='info' alt='info'><i class='material-icons'>info_outline</i></td>
					<td class='timestamp'>1:58:43 PM</td>
					<td class='step-details'>Browser has been Launched</td>
				</tr>
				<tr class='log' status='info'>
					<td class='status info' title='info' alt='info'><i class='material-icons'>info_outline</i></td>
					<td class='timestamp'>1:58:46 PM</td>
					<td class='step-details'>Login is suceessful</td>
				</tr>
				<tr class='log' status='info'>
					<td class='status info' title='info' alt='info'><i class='material-icons'>info_outline</i></td>
					<td class='timestamp'>1:58:49 PM</td>
					<td class='step-details'>show KPI trend has been displayed</td>
				</tr>
				<tr class='log' status='pass'>
					<td class='status pass' title='pass' alt='pass'><i class='material-icons'>check_circle</i></td>
					<td class='timestamp'>1:58:51 PM</td>
					<td class='step-details'>show KPI trend has been clicked successfully</td>
				</tr>
				<tr class='log' status='pass'>
					<td class='status pass' title='pass' alt='pass'><i class='material-icons'>check_circle</i></td>
					<td class='timestamp'>1:58:52 PM</td>
					<td class='step-details'><span class='label white-text green'>TC_153Test Case Passed</span></td>
				</tr>
			</tbody>
		</table>
	</div>
							<ul class='screenshots'>
								<li><img data-featherlight='C:\Users\arabinda.samal\new proj\GDSP_REGRESSION_GUI_AUTOMATION_platform\src\test\java\extentReports\TestReport18-Jul-2017 01-14\18-Jul-2017 01-14-39GDSPOpco_152.png' width='10%' src='C:\Users\arabinda.samal\new proj\GDSP_REGRESSION_GUI_AUTOMATION_platform\src\test\java\extentReports\TestReport18-Jul-2017 01-14\18-Jul-2017 01-14-39GDSPOpco_152.png' data-src='C:\Users\arabinda.samal\new proj\GDSP_REGRESSION_GUI_AUTOMATION_platform\src\test\java\extentReports\TestReport18-Jul-2017 01-14\18-Jul-2017 01-14-39GDSPOpco_152.png'></li>
							</ul>
					</div>
				</li>
			</ul>
		</div>
	</div>
	<!-- subview left -->

	<div class='subview-right left'>
		<div class='view-summary'>
			<h5 class='test-name'></h5>

			<div id='step-filters' class="right">
				<span class="blue-text" status="info" alt="info" title="info"><i class="material-icons">info_outline</i></span>
				<span class="green-text" status="pass" alt="pass" title="pass"><i class="material-icons">check_circle</i></span>
				<span class="red-text" status="fail" alt="fail" title="fail"><i class="material-icons">cancel</i></span>
				<span class="red-text text-darken-4" status="fatal" alt="fatal" title="fatal"><i class="material-icons">cancel</i></span>
				<span class="pink-text text-lighten-1" status="error" alt="error" title="error"><i class="material-icons">error</i></span>
				<span class="orange-text" alt="warning" status="warning" title="warning"><i class="material-icons">warning</i></span>
				<span class="teal-text" status="skip" alt="skip" title="skip"><i class="material-icons">redo</i></span>
				<span status="clear" alt="Clear filters" title="Clear filters"><i class="material-icons">clear</i></span>
			</div>
		</div>
	</div>
	<!-- subview right -->

</div>
<!-- test view -->
<!-- category view -->
<div id='exception-view' class='view hide'>

    <section id='controls'>
        <div class='controls grey lighten-4'>
            <!-- search -->
            <div class='chip transparent' alt='Search Tests' title='Search Tests'>
                <a href="#" class='search-div'>
                    <i class='material-icons'>search</i> Search
                </a>

                <div class='input-field left hide'>
                    <input id='search-tests' type='text' class='validate browser-default' placeholder='Search Tests...'>
                </div>

            </div>
            <!-- search -->
        </div>
    </section>

    <div class='subview-left left'>

        <div class='view-summary'>
            <h5>Exceptions</h3>
                <ul id='exception-collection' class='exception-collection'>

                        <li class='exception displayed active'>
                            <div class='exception-heading'>
                                <span class='exception-name'>org.openqa.selenium.NoSuchElementException</span>
                                <span class='exception-count right'><span class='label red lighten-1 white-text'>8</span></span>
                            </div>
                            <div class='exception-content hide'>
                                <div class='exception-tests'>
                                    <table class='bordered table-results'>
                                        <thead>
                                        <tr>
                                            <th>Timestamp</th>
                                            <th>TestName</th>
                                            <th>Status</th>
                                        </tr>
                                        </thead>
                                        <tbody>
                                                    <tr>
                                                        <td>Jul 18, 2017 01:29:34 PM</td>
                                                        <td class='linked' test-id='26'>GDSP_065 ManageSIM_SearchSim_APN Profile</td>
                                                        <td><pre><pre>org.openqa.selenium.NoSuchElementException: no such element: Unable to locate element: {"method":"xpath","selector":"//a[@href='indexOpCoSims.htm']"}
  (Session info: chrome=59.0.3071.115)
  (Driver info: chromedriver=2.28.455520 (cc17746adff54984afff480136733114c6b3704b),platform=Windows NT 6.1.7601 SP1 x86_64) (WARNING: The server did not provide any stacktrace information)
Command duration or timeout: 30 milliseconds
For documentation on this error, please visit: http://seleniumhq.org/exceptions/no_such_element.html
Build info: version: '2.53.0', revision: '35ae25b1534ae328c771e0856c93e187490ca824', time: '2016-03-15 10:43:46'
System info: host: 'INL-1ZDLPF2', ip: '10.14.246.188', os.name: 'Windows 7', os.arch: 'amd64', os.version: '6.1', java.version: '1.8.0_102'
Driver info: org.openqa.selenium.chrome.ChromeDriver
Capabilities [{applicationCacheEnabled=false, rotatable=false, mobileEmulationEnabled=false, networkConnectionEnabled=false, chrome={chromedriverVersion=2.28.455520 (cc17746adff54984afff480136733114c6b3704b), userDataDir=C:\Users\ARABIN~1.SAM\AppData\Local\Temp\scoped_dir7948_11983}, takesHeapSnapshot=true, pageLoadStrategy=normal, databaseEnabled=false, handlesAlerts=true, hasTouchScreen=false, version=59.0.3071.115, platform=XP, browserConnectionEnabled=false, nativeEvents=true, acceptSslCerts=true, locationContextEnabled=true, webStorageEnabled=true, browserName=chrome, takesScreenshot=true, javascriptEnabled=true, cssSelectorsEnabled=true, unexpectedAlertBehaviour=}]
Session ID: e842a03a2d3622d10871d7abdd659b2e
*** Element info: {Using=xpath, value=//a[@href='indexOpCoSims.htm']}
	at sun.reflect.NativeConstructorAccessorImpl.newInstance0(Native Method)
	at sun.reflect.NativeConstructorAccessorImpl.newInstance(NativeConstructorAccessorImpl.java:62)
	at sun.reflect.DelegatingConstructorAccessorImpl.newInstance(DelegatingConstructorAccessorImpl.java:45)
	at java.lang.reflect.Constructor.newInstance(Constructor.java:423)
	at org.openqa.selenium.remote.ErrorHandler.createThrowable(ErrorHandler.java:206)
	at org.openqa.selenium.remote.ErrorHandler.throwIfResponseFailed(ErrorHandler.java:158)
	at org.openqa.selenium.remote.RemoteWebDriver.execute(RemoteWebDriver.java:678)
	at org.openqa.selenium.remote.RemoteWebDriver.findElement(RemoteWebDriver.java:363)
	at org.openqa.selenium.remote.RemoteWebDriver.findElementByXPath(RemoteWebDriver.java:500)
	at org.openqa.selenium.By$ByXPath.findElement(By.java:361)
	at org.openqa.selenium.remote.RemoteWebDriver.findElement(RemoteWebDriver.java:355)
	at org.openqa.selenium.support.pagefactory.DefaultElementLocator.findElement(DefaultElementLocator.java:69)
	at org.openqa.selenium.support.pagefactory.internal.LocatingElementHandler.invoke(LocatingElementHandler.java:38)
	at com.sun.proxy.$Proxy7.click(Unknown Source)
	at OpcoUserActions.GDSP_OpcoGUI_065.searchSIMcustomers(GDSP_OpcoGUI_065.java:58)
	at OpcoUserActions.GDSP_OpcoGUI_065_IMPCLASS.TC_065(GDSP_OpcoGUI_065_IMPCLASS.java:42)
	at sun.reflect.NativeMethodAccessorImpl.invoke0(Native Method)
	at sun.reflect.NativeMethodAccessorImpl.invoke(NativeMethodAccessorImpl.java:62)
	at sun.reflect.DelegatingMethodAccessorImpl.invoke(DelegatingMethodAccessorImpl.java:43)
	at java.lang.reflect.Method.invoke(Method.java:498)
	at org.testng.internal.MethodInvocationHelper.invokeMethod(MethodInvocationHelper.java:86)
	at org.testng.internal.Invoker.invokeMethod(Invoker.java:643)
	at org.testng.internal.Invoker.invokeTestMethod(Invoker.java:820)
	at org.testng.internal.Invoker.invokeTestMethods(Invoker.java:1128)
	at org.testng.internal.TestMethodWorker.invokeTestMethods(TestMethodWorker.java:129)
	at org.testng.internal.TestMethodWorker.run(TestMethodWorker.java:112)
	at org.testng.TestRunner.privateRun(TestRunner.java:782)
	at org.testng.TestRunner.run(TestRunner.java:632)
	at org.testng.SuiteRunner.runTest(SuiteRunner.java:366)
	at org.testng.SuiteRunner.runSequentially(SuiteRunner.java:361)
	at org.testng.SuiteRunner.privateRun(SuiteRunner.java:319)
	at org.testng.SuiteRunner.run(SuiteRunner.java:268)
	at org.testng.SuiteRunnerWorker.runSuite(SuiteRunnerWorker.java:52)
	at org.testng.SuiteRunnerWorker.run(SuiteRunnerWorker.java:86)
	at org.testng.TestNG.runSuitesSequentially(TestNG.java:1244)
	at org.testng.TestNG.runSuitesLocally(TestNG.java:1169)
	at org.testng.TestNG.run(TestNG.java:1064)
	at genericLibrary.CreateTestngXML.main(CreateTestngXML.java:90)
</pre></pre></td>
                                                    </tr>
                                                    <tr>
                                                        <td>Jul 18, 2017 01:54:29 PM</td>
                                                        <td class='linked' test-id='28'>GDSP_094 ManageSIM_SIMManufactrerOrder_Filter</td>
                                                        <td><pre><pre>org.openqa.selenium.NoSuchElementException: no such element: Unable to locate element: {"method":"name","selector":"login.password"}
  (Session info: chrome=59.0.3071.115)
  (Driver info: chromedriver=2.28.455520 (cc17746adff54984afff480136733114c6b3704b),platform=Windows NT 6.1.7601 SP1 x86_64) (WARNING: The server did not provide any stacktrace information)
Command duration or timeout: 65 milliseconds
For documentation on this error, please visit: http://seleniumhq.org/exceptions/no_such_element.html
Build info: version: '2.53.0', revision: '35ae25b1534ae328c771e0856c93e187490ca824', time: '2016-03-15 10:43:46'
System info: host: 'INL-1ZDLPF2', ip: '10.14.246.188', os.name: 'Windows 7', os.arch: 'amd64', os.version: '6.1', java.version: '1.8.0_102'
Driver info: org.openqa.selenium.chrome.ChromeDriver
Capabilities [{applicationCacheEnabled=false, rotatable=false, mobileEmulationEnabled=false, networkConnectionEnabled=false, chrome={chromedriverVersion=2.28.455520 (cc17746adff54984afff480136733114c6b3704b), userDataDir=C:\Users\ARABIN~1.SAM\AppData\Local\Temp\scoped_dir10324_25650}, takesHeapSnapshot=true, pageLoadStrategy=normal, databaseEnabled=false, handlesAlerts=true, hasTouchScreen=false, version=59.0.3071.115, platform=XP, browserConnectionEnabled=false, nativeEvents=true, acceptSslCerts=true, locationContextEnabled=true, webStorageEnabled=true, browserName=chrome, takesScreenshot=true, javascriptEnabled=true, cssSelectorsEnabled=true, unexpectedAlertBehaviour=}]
Session ID: c3912f88953d219ee4d6887bba9cef9d
*** Element info: {Using=name, value=login.password}
	at sun.reflect.NativeConstructorAccessorImpl.newInstance0(Native Method)
	at sun.reflect.NativeConstructorAccessorImpl.newInstance(NativeConstructorAccessorImpl.java:62)
	at sun.reflect.DelegatingConstructorAccessorImpl.newInstance(DelegatingConstructorAccessorImpl.java:45)
	at java.lang.reflect.Constructor.newInstance(Constructor.java:423)
	at org.openqa.selenium.remote.ErrorHandler.createThrowable(ErrorHandler.java:206)
	at org.openqa.selenium.remote.ErrorHandler.throwIfResponseFailed(ErrorHandler.java:158)
	at org.openqa.selenium.remote.RemoteWebDriver.execute(RemoteWebDriver.java:678)
	at org.openqa.selenium.remote.RemoteWebDriver.findElement(RemoteWebDriver.java:363)
	at org.openqa.selenium.remote.RemoteWebDriver.findElementByName(RemoteWebDriver.java:461)
	at org.openqa.selenium.By$ByName.findElement(By.java:303)
	at org.openqa.selenium.remote.RemoteWebDriver.findElement(RemoteWebDriver.java:355)
	at org.openqa.selenium.support.pagefactory.DefaultElementLocator.findElement(DefaultElementLocator.java:69)
	at org.openqa.selenium.support.pagefactory.internal.LocatingElementHandler.invoke(LocatingElementHandler.java:38)
	at com.sun.proxy.$Proxy7.sendKeys(Unknown Source)
	at OpcoUserActions.GDSP_OpcoGUI_094.login(GDSP_OpcoGUI_094.java:59)
	at OpcoUserActions.GDSP_OpcoGUI_094_IMPCLASS.TC_094(GDSP_OpcoGUI_094_IMPCLASS.java:42)
	at sun.reflect.NativeMethodAccessorImpl.invoke0(Native Method)
	at sun.reflect.NativeMethodAccessorImpl.invoke(NativeMethodAccessorImpl.java:62)
	at sun.reflect.DelegatingMethodAccessorImpl.invoke(DelegatingMethodAccessorImpl.java:43)
	at java.lang.reflect.Method.invoke(Method.java:498)
	at org.testng.internal.MethodInvocationHelper.invokeMethod(MethodInvocationHelper.java:86)
	at org.testng.internal.Invoker.invokeMethod(Invoker.java:643)
	at org.testng.internal.Invoker.invokeTestMethod(Invoker.java:820)
	at org.testng.internal.Invoker.invokeTestMethods(Invoker.java:1128)
	at org.testng.internal.TestMethodWorker.invokeTestMethods(TestMethodWorker.java:129)
	at org.testng.internal.TestMethodWorker.run(TestMethodWorker.java:112)
	at org.testng.TestRunner.privateRun(TestRunner.java:782)
	at org.testng.TestRunner.run(TestRunner.java:632)
	at org.testng.SuiteRunner.runTest(SuiteRunner.java:366)
	at org.testng.SuiteRunner.runSequentially(SuiteRunner.java:361)
	at org.testng.SuiteRunner.privateRun(SuiteRunner.java:319)
	at org.testng.SuiteRunner.run(SuiteRunner.java:268)
	at org.testng.SuiteRunnerWorker.runSuite(SuiteRunnerWorker.java:52)
	at org.testng.SuiteRunnerWorker.run(SuiteRunnerWorker.java:86)
	at org.testng.TestNG.runSuitesSequentially(TestNG.java:1244)
	at org.testng.TestNG.runSuitesLocally(TestNG.java:1169)
	at org.testng.TestNG.run(TestNG.java:1064)
	at genericLibrary.CreateTestngXML.main(CreateTestngXML.java:90)
</pre></pre></td>
                                                    </tr>
                                                    <tr>
                                                        <td>Jul 18, 2017 01:54:43 PM</td>
                                                        <td class='linked' test-id='29'>GDSP_095 ManageSIM_SIMManufactrerOrder_View Order</td>
                                                        <td><pre><pre>org.openqa.selenium.NoSuchElementException: no such element: Unable to locate element: {"method":"name","selector":"login.password"}
  (Session info: chrome=59.0.3071.115)
  (Driver info: chromedriver=2.28.455520 (cc17746adff54984afff480136733114c6b3704b),platform=Windows NT 6.1.7601 SP1 x86_64) (WARNING: The server did not provide any stacktrace information)
Command duration or timeout: 28 milliseconds
For documentation on this error, please visit: http://seleniumhq.org/exceptions/no_such_element.html
Build info: version: '2.53.0', revision: '35ae25b1534ae328c771e0856c93e187490ca824', time: '2016-03-15 10:43:46'
System info: host: 'INL-1ZDLPF2', ip: '10.14.246.188', os.name: 'Windows 7', os.arch: 'amd64', os.version: '6.1', java.version: '1.8.0_102'
Driver info: org.openqa.selenium.chrome.ChromeDriver
Capabilities [{applicationCacheEnabled=false, rotatable=false, mobileEmulationEnabled=false, networkConnectionEnabled=false, chrome={chromedriverVersion=2.28.455520 (cc17746adff54984afff480136733114c6b3704b), userDataDir=C:\Users\ARABIN~1.SAM\AppData\Local\Temp\scoped_dir5812_18691}, takesHeapSnapshot=true, pageLoadStrategy=normal, databaseEnabled=false, handlesAlerts=true, hasTouchScreen=false, version=59.0.3071.115, platform=XP, browserConnectionEnabled=false, nativeEvents=true, acceptSslCerts=true, locationContextEnabled=true, webStorageEnabled=true, browserName=chrome, takesScreenshot=true, javascriptEnabled=true, cssSelectorsEnabled=true, unexpectedAlertBehaviour=}]
Session ID: ef8f9ece858229ebd39cbc1156407130
*** Element info: {Using=name, value=login.password}
	at sun.reflect.NativeConstructorAccessorImpl.newInstance0(Native Method)
	at sun.reflect.NativeConstructorAccessorImpl.newInstance(NativeConstructorAccessorImpl.java:62)
	at sun.reflect.DelegatingConstructorAccessorImpl.newInstance(DelegatingConstructorAccessorImpl.java:45)
	at java.lang.reflect.Constructor.newInstance(Constructor.java:423)
	at org.openqa.selenium.remote.ErrorHandler.createThrowable(ErrorHandler.java:206)
	at org.openqa.selenium.remote.ErrorHandler.throwIfResponseFailed(ErrorHandler.java:158)
	at org.openqa.selenium.remote.RemoteWebDriver.execute(RemoteWebDriver.java:678)
	at org.openqa.selenium.remote.RemoteWebDriver.findElement(RemoteWebDriver.java:363)
	at org.openqa.selenium.remote.RemoteWebDriver.findElementByName(RemoteWebDriver.java:461)
	at org.openqa.selenium.By$ByName.findElement(By.java:303)
	at org.openqa.selenium.remote.RemoteWebDriver.findElement(RemoteWebDriver.java:355)
	at org.openqa.selenium.support.pagefactory.DefaultElementLocator.findElement(DefaultElementLocator.java:69)
	at org.openqa.selenium.support.pagefactory.internal.LocatingElementHandler.invoke(LocatingElementHandler.java:38)
	at com.sun.proxy.$Proxy7.sendKeys(Unknown Source)
	at OpcoUserActions.GDSP_OpcoGUI_095.login(GDSP_OpcoGUI_095.java:54)
	at OpcoUserActions.GDSP_OpcoGUI_095_IMPCLASS.TC_095(GDSP_OpcoGUI_095_IMPCLASS.java:40)
	at sun.reflect.NativeMethodAccessorImpl.invoke0(Native Method)
	at sun.reflect.NativeMethodAccessorImpl.invoke(NativeMethodAccessorImpl.java:62)
	at sun.reflect.DelegatingMethodAccessorImpl.invoke(DelegatingMethodAccessorImpl.java:43)
	at java.lang.reflect.Method.invoke(Method.java:498)
	at org.testng.internal.MethodInvocationHelper.invokeMethod(MethodInvocationHelper.java:86)
	at org.testng.internal.Invoker.invokeMethod(Invoker.java:643)
	at org.testng.internal.Invoker.invokeTestMethod(Invoker.java:820)
	at org.testng.internal.Invoker.invokeTestMethods(Invoker.java:1128)
	at org.testng.internal.TestMethodWorker.invokeTestMethods(TestMethodWorker.java:129)
	at org.testng.internal.TestMethodWorker.run(TestMethodWorker.java:112)
	at org.testng.TestRunner.privateRun(TestRunner.java:782)
	at org.testng.TestRunner.run(TestRunner.java:632)
	at org.testng.SuiteRunner.runTest(SuiteRunner.java:366)
	at org.testng.SuiteRunner.runSequentially(SuiteRunner.java:361)
	at org.testng.SuiteRunner.privateRun(SuiteRunner.java:319)
	at org.testng.SuiteRunner.run(SuiteRunner.java:268)
	at org.testng.SuiteRunnerWorker.runSuite(SuiteRunnerWorker.java:52)
	at org.testng.SuiteRunnerWorker.run(SuiteRunnerWorker.java:86)
	at org.testng.TestNG.runSuitesSequentially(TestNG.java:1244)
	at org.testng.TestNG.runSuitesLocally(TestNG.java:1169)
	at org.testng.TestNG.run(TestNG.java:1064)
	at genericLibrary.CreateTestngXML.main(CreateTestngXML.java:90)
</pre></pre></td>
                                                    </tr>
                                                    <tr>
                                                        <td>Jul 18, 2017 01:54:52 PM</td>
                                                        <td class='linked' test-id='30'>GDSP_111 ManageVPNs_NumberList_Back to Top</td>
                                                        <td><pre><pre>org.openqa.selenium.NoSuchElementException: no such element: Unable to locate element: {"method":"name","selector":"login.password"}
  (Session info: chrome=59.0.3071.115)
  (Driver info: chromedriver=2.28.455520 (cc17746adff54984afff480136733114c6b3704b),platform=Windows NT 6.1.7601 SP1 x86_64) (WARNING: The server did not provide any stacktrace information)
Command duration or timeout: 28 milliseconds
For documentation on this error, please visit: http://seleniumhq.org/exceptions/no_such_element.html
Build info: version: '2.53.0', revision: '35ae25b1534ae328c771e0856c93e187490ca824', time: '2016-03-15 10:43:46'
System info: host: 'INL-1ZDLPF2', ip: '10.14.246.188', os.name: 'Windows 7', os.arch: 'amd64', os.version: '6.1', java.version: '1.8.0_102'
Driver info: org.openqa.selenium.chrome.ChromeDriver
Capabilities [{applicationCacheEnabled=false, rotatable=false, mobileEmulationEnabled=false, networkConnectionEnabled=false, chrome={chromedriverVersion=2.28.455520 (cc17746adff54984afff480136733114c6b3704b), userDataDir=C:\Users\ARABIN~1.SAM\AppData\Local\Temp\scoped_dir6824_27226}, takesHeapSnapshot=true, pageLoadStrategy=normal, databaseEnabled=false, handlesAlerts=true, hasTouchScreen=false, version=59.0.3071.115, platform=XP, browserConnectionEnabled=false, nativeEvents=true, acceptSslCerts=true, locationContextEnabled=true, webStorageEnabled=true, browserName=chrome, takesScreenshot=true, javascriptEnabled=true, cssSelectorsEnabled=true, unexpectedAlertBehaviour=}]
Session ID: 530288edb67f08fd86a254aa7d345537
*** Element info: {Using=name, value=login.password}
	at sun.reflect.NativeConstructorAccessorImpl.newInstance0(Native Method)
	at sun.reflect.NativeConstructorAccessorImpl.newInstance(NativeConstructorAccessorImpl.java:62)
	at sun.reflect.DelegatingConstructorAccessorImpl.newInstance(DelegatingConstructorAccessorImpl.java:45)
	at java.lang.reflect.Constructor.newInstance(Constructor.java:423)
	at org.openqa.selenium.remote.ErrorHandler.createThrowable(ErrorHandler.java:206)
	at org.openqa.selenium.remote.ErrorHandler.throwIfResponseFailed(ErrorHandler.java:158)
	at org.openqa.selenium.remote.RemoteWebDriver.execute(RemoteWebDriver.java:678)
	at org.openqa.selenium.remote.RemoteWebDriver.findElement(RemoteWebDriver.java:363)
	at org.openqa.selenium.remote.RemoteWebDriver.findElementByName(RemoteWebDriver.java:461)
	at org.openqa.selenium.By$ByName.findElement(By.java:303)
	at org.openqa.selenium.remote.RemoteWebDriver.findElement(RemoteWebDriver.java:355)
	at org.openqa.selenium.support.pagefactory.DefaultElementLocator.findElement(DefaultElementLocator.java:69)
	at org.openqa.selenium.support.pagefactory.internal.LocatingElementHandler.invoke(LocatingElementHandler.java:38)
	at com.sun.proxy.$Proxy7.sendKeys(Unknown Source)
	at OpcoUserActions.GDSP_OpcoGUI_111.login(GDSP_OpcoGUI_111.java:57)
	at OpcoUserActions.GDSP_OpcoGUI_111_IMPCLASS.TC_111(GDSP_OpcoGUI_111_IMPCLASS.java:40)
	at sun.reflect.NativeMethodAccessorImpl.invoke0(Native Method)
	at sun.reflect.NativeMethodAccessorImpl.invoke(NativeMethodAccessorImpl.java:62)
	at sun.reflect.DelegatingMethodAccessorImpl.invoke(DelegatingMethodAccessorImpl.java:43)
	at java.lang.reflect.Method.invoke(Method.java:498)
	at org.testng.internal.MethodInvocationHelper.invokeMethod(MethodInvocationHelper.java:86)
	at org.testng.internal.Invoker.invokeMethod(Invoker.java:643)
	at org.testng.internal.Invoker.invokeTestMethod(Invoker.java:820)
	at org.testng.internal.Invoker.invokeTestMethods(Invoker.java:1128)
	at org.testng.internal.TestMethodWorker.invokeTestMethods(TestMethodWorker.java:129)
	at org.testng.internal.TestMethodWorker.run(TestMethodWorker.java:112)
	at org.testng.TestRunner.privateRun(TestRunner.java:782)
	at org.testng.TestRunner.run(TestRunner.java:632)
	at org.testng.SuiteRunner.runTest(SuiteRunner.java:366)
	at org.testng.SuiteRunner.runSequentially(SuiteRunner.java:361)
	at org.testng.SuiteRunner.privateRun(SuiteRunner.java:319)
	at org.testng.SuiteRunner.run(SuiteRunner.java:268)
	at org.testng.SuiteRunnerWorker.runSuite(SuiteRunnerWorker.java:52)
	at org.testng.SuiteRunnerWorker.run(SuiteRunnerWorker.java:86)
	at org.testng.TestNG.runSuitesSequentially(TestNG.java:1244)
	at org.testng.TestNG.runSuitesLocally(TestNG.java:1169)
	at org.testng.TestNG.run(TestNG.java:1064)
	at genericLibrary.CreateTestngXML.main(CreateTestngXML.java:90)
</pre></pre></td>
                                                    </tr>
                                                    <tr>
                                                        <td>Jul 18, 2017 01:55:03 PM</td>
                                                        <td class='linked' test-id='31'>GDSP_115 ManageVPNs_CallListConfiguration_Filter</td>
                                                        <td><pre><pre>org.openqa.selenium.NoSuchElementException: no such element: Unable to locate element: {"method":"name","selector":"login.password"}
  (Session info: chrome=59.0.3071.115)
  (Driver info: chromedriver=2.28.455520 (cc17746adff54984afff480136733114c6b3704b),platform=Windows NT 6.1.7601 SP1 x86_64) (WARNING: The server did not provide any stacktrace information)
Command duration or timeout: 40 milliseconds
For documentation on this error, please visit: http://seleniumhq.org/exceptions/no_such_element.html
Build info: version: '2.53.0', revision: '35ae25b1534ae328c771e0856c93e187490ca824', time: '2016-03-15 10:43:46'
System info: host: 'INL-1ZDLPF2', ip: '10.14.246.188', os.name: 'Windows 7', os.arch: 'amd64', os.version: '6.1', java.version: '1.8.0_102'
Driver info: org.openqa.selenium.chrome.ChromeDriver
Capabilities [{applicationCacheEnabled=false, rotatable=false, mobileEmulationEnabled=false, networkConnectionEnabled=false, chrome={chromedriverVersion=2.28.455520 (cc17746adff54984afff480136733114c6b3704b), userDataDir=C:\Users\ARABIN~1.SAM\AppData\Local\Temp\scoped_dir3508_3845}, takesHeapSnapshot=true, pageLoadStrategy=normal, databaseEnabled=false, handlesAlerts=true, hasTouchScreen=false, version=59.0.3071.115, platform=XP, browserConnectionEnabled=false, nativeEvents=true, acceptSslCerts=true, locationContextEnabled=true, webStorageEnabled=true, browserName=chrome, takesScreenshot=true, javascriptEnabled=true, cssSelectorsEnabled=true, unexpectedAlertBehaviour=}]
Session ID: 4c042e67ecb9fb3d6d1f22fb14ce6a5b
*** Element info: {Using=name, value=login.password}
	at sun.reflect.NativeConstructorAccessorImpl.newInstance0(Native Method)
	at sun.reflect.NativeConstructorAccessorImpl.newInstance(NativeConstructorAccessorImpl.java:62)
	at sun.reflect.DelegatingConstructorAccessorImpl.newInstance(DelegatingConstructorAccessorImpl.java:45)
	at java.lang.reflect.Constructor.newInstance(Constructor.java:423)
	at org.openqa.selenium.remote.ErrorHandler.createThrowable(ErrorHandler.java:206)
	at org.openqa.selenium.remote.ErrorHandler.throwIfResponseFailed(ErrorHandler.java:158)
	at org.openqa.selenium.remote.RemoteWebDriver.execute(RemoteWebDriver.java:678)
	at org.openqa.selenium.remote.RemoteWebDriver.findElement(RemoteWebDriver.java:363)
	at org.openqa.selenium.remote.RemoteWebDriver.findElementByName(RemoteWebDriver.java:461)
	at org.openqa.selenium.By$ByName.findElement(By.java:303)
	at org.openqa.selenium.remote.RemoteWebDriver.findElement(RemoteWebDriver.java:355)
	at org.openqa.selenium.support.pagefactory.DefaultElementLocator.findElement(DefaultElementLocator.java:69)
	at org.openqa.selenium.support.pagefactory.internal.LocatingElementHandler.invoke(LocatingElementHandler.java:38)
	at com.sun.proxy.$Proxy7.sendKeys(Unknown Source)
	at OpcoUserActions.GDSP_OpcoGUI_115.login(GDSP_OpcoGUI_115.java:52)
	at OpcoUserActions.GDSP_OpcoGUI_115_IMPCLASS.TC_115(GDSP_OpcoGUI_115_IMPCLASS.java:40)
	at sun.reflect.NativeMethodAccessorImpl.invoke0(Native Method)
	at sun.reflect.NativeMethodAccessorImpl.invoke(NativeMethodAccessorImpl.java:62)
	at sun.reflect.DelegatingMethodAccessorImpl.invoke(DelegatingMethodAccessorImpl.java:43)
	at java.lang.reflect.Method.invoke(Method.java:498)
	at org.testng.internal.MethodInvocationHelper.invokeMethod(MethodInvocationHelper.java:86)
	at org.testng.internal.Invoker.invokeMethod(Invoker.java:643)
	at org.testng.internal.Invoker.invokeTestMethod(Invoker.java:820)
	at org.testng.internal.Invoker.invokeTestMethods(Invoker.java:1128)
	at org.testng.internal.TestMethodWorker.invokeTestMethods(TestMethodWorker.java:129)
	at org.testng.internal.TestMethodWorker.run(TestMethodWorker.java:112)
	at org.testng.TestRunner.privateRun(TestRunner.java:782)
	at org.testng.TestRunner.run(TestRunner.java:632)
	at org.testng.SuiteRunner.runTest(SuiteRunner.java:366)
	at org.testng.SuiteRunner.runSequentially(SuiteRunner.java:361)
	at org.testng.SuiteRunner.privateRun(SuiteRunner.java:319)
	at org.testng.SuiteRunner.run(SuiteRunner.java:268)
	at org.testng.SuiteRunnerWorker.runSuite(SuiteRunnerWorker.java:52)
	at org.testng.SuiteRunnerWorker.run(SuiteRunnerWorker.java:86)
	at org.testng.TestNG.runSuitesSequentially(TestNG.java:1244)
	at org.testng.TestNG.runSuitesLocally(TestNG.java:1169)
	at org.testng.TestNG.run(TestNG.java:1064)
	at genericLibrary.CreateTestngXML.main(CreateTestngXML.java:90)
</pre></pre></td>
                                                    </tr>
                                                    <tr>
                                                        <td>Jul 18, 2017 01:55:15 PM</td>
                                                        <td class='linked' test-id='32'>GDSP_121 ManageEvents_NotificationEvents_Filter by Event Name</td>
                                                        <td><pre><pre>org.openqa.selenium.NoSuchElementException: no such element: Unable to locate element: {"method":"name","selector":"login.password"}
  (Session info: chrome=59.0.3071.115)
  (Driver info: chromedriver=2.28.455520 (cc17746adff54984afff480136733114c6b3704b),platform=Windows NT 6.1.7601 SP1 x86_64) (WARNING: The server did not provide any stacktrace information)
Command duration or timeout: 25 milliseconds
For documentation on this error, please visit: http://seleniumhq.org/exceptions/no_such_element.html
Build info: version: '2.53.0', revision: '35ae25b1534ae328c771e0856c93e187490ca824', time: '2016-03-15 10:43:46'
System info: host: 'INL-1ZDLPF2', ip: '10.14.246.188', os.name: 'Windows 7', os.arch: 'amd64', os.version: '6.1', java.version: '1.8.0_102'
Driver info: org.openqa.selenium.chrome.ChromeDriver
Capabilities [{applicationCacheEnabled=false, rotatable=false, mobileEmulationEnabled=false, networkConnectionEnabled=false, chrome={chromedriverVersion=2.28.455520 (cc17746adff54984afff480136733114c6b3704b), userDataDir=C:\Users\ARABIN~1.SAM\AppData\Local\Temp\scoped_dir10196_26723}, takesHeapSnapshot=true, pageLoadStrategy=normal, databaseEnabled=false, handlesAlerts=true, hasTouchScreen=false, version=59.0.3071.115, platform=XP, browserConnectionEnabled=false, nativeEvents=true, acceptSslCerts=true, locationContextEnabled=true, webStorageEnabled=true, browserName=chrome, takesScreenshot=true, javascriptEnabled=true, cssSelectorsEnabled=true, unexpectedAlertBehaviour=}]
Session ID: e9ce0df0bff8000b18431d84d1df3805
*** Element info: {Using=name, value=login.password}
	at sun.reflect.NativeConstructorAccessorImpl.newInstance0(Native Method)
	at sun.reflect.NativeConstructorAccessorImpl.newInstance(NativeConstructorAccessorImpl.java:62)
	at sun.reflect.DelegatingConstructorAccessorImpl.newInstance(DelegatingConstructorAccessorImpl.java:45)
	at java.lang.reflect.Constructor.newInstance(Constructor.java:423)
	at org.openqa.selenium.remote.ErrorHandler.createThrowable(ErrorHandler.java:206)
	at org.openqa.selenium.remote.ErrorHandler.throwIfResponseFailed(ErrorHandler.java:158)
	at org.openqa.selenium.remote.RemoteWebDriver.execute(RemoteWebDriver.java:678)
	at org.openqa.selenium.remote.RemoteWebDriver.findElement(RemoteWebDriver.java:363)
	at org.openqa.selenium.remote.RemoteWebDriver.findElementByName(RemoteWebDriver.java:461)
	at org.openqa.selenium.By$ByName.findElement(By.java:303)
	at org.openqa.selenium.remote.RemoteWebDriver.findElement(RemoteWebDriver.java:355)
	at org.openqa.selenium.support.pagefactory.DefaultElementLocator.findElement(DefaultElementLocator.java:69)
	at org.openqa.selenium.support.pagefactory.internal.LocatingElementHandler.invoke(LocatingElementHandler.java:38)
	at com.sun.proxy.$Proxy7.sendKeys(Unknown Source)
	at OpcoUserActions.GDSP_OpcoGUI_121.login(GDSP_OpcoGUI_121.java:52)
	at OpcoUserActions.GDSP_OpcoGUI_121_IMPCLASS.TC_121(GDSP_OpcoGUI_121_IMPCLASS.java:40)
	at sun.reflect.NativeMethodAccessorImpl.invoke0(Native Method)
	at sun.reflect.NativeMethodAccessorImpl.invoke(NativeMethodAccessorImpl.java:62)
	at sun.reflect.DelegatingMethodAccessorImpl.invoke(DelegatingMethodAccessorImpl.java:43)
	at java.lang.reflect.Method.invoke(Method.java:498)
	at org.testng.internal.MethodInvocationHelper.invokeMethod(MethodInvocationHelper.java:86)
	at org.testng.internal.Invoker.invokeMethod(Invoker.java:643)
	at org.testng.internal.Invoker.invokeTestMethod(Invoker.java:820)
	at org.testng.internal.Invoker.invokeTestMethods(Invoker.java:1128)
	at org.testng.internal.TestMethodWorker.invokeTestMethods(TestMethodWorker.java:129)
	at org.testng.internal.TestMethodWorker.run(TestMethodWorker.java:112)
	at org.testng.TestRunner.privateRun(TestRunner.java:782)
	at org.testng.TestRunner.run(TestRunner.java:632)
	at org.testng.SuiteRunner.runTest(SuiteRunner.java:366)
	at org.testng.SuiteRunner.runSequentially(SuiteRunner.java:361)
	at org.testng.SuiteRunner.privateRun(SuiteRunner.java:319)
	at org.testng.SuiteRunner.run(SuiteRunner.java:268)
	at org.testng.SuiteRunnerWorker.runSuite(SuiteRunnerWorker.java:52)
	at org.testng.SuiteRunnerWorker.run(SuiteRunnerWorker.java:86)
	at org.testng.TestNG.runSuitesSequentially(TestNG.java:1244)
	at org.testng.TestNG.runSuitesLocally(TestNG.java:1169)
	at org.testng.TestNG.run(TestNG.java:1064)
	at genericLibrary.CreateTestngXML.main(CreateTestngXML.java:90)
</pre></pre></td>
                                                    </tr>
                                                    <tr>
                                                        <td>Jul 18, 2017 01:55:27 PM</td>
                                                        <td class='linked' test-id='33'>GDSP_122 ManageEvents_NotificationEvents_Filter by by Customer Code</td>
                                                        <td><pre><pre>org.openqa.selenium.NoSuchElementException: no such element: Unable to locate element: {"method":"name","selector":"login.password"}
  (Session info: chrome=59.0.3071.115)
  (Driver info: chromedriver=2.28.455520 (cc17746adff54984afff480136733114c6b3704b),platform=Windows NT 6.1.7601 SP1 x86_64) (WARNING: The server did not provide any stacktrace information)
Command duration or timeout: 42 milliseconds
For documentation on this error, please visit: http://seleniumhq.org/exceptions/no_such_element.html
Build info: version: '2.53.0', revision: '35ae25b1534ae328c771e0856c93e187490ca824', time: '2016-03-15 10:43:46'
System info: host: 'INL-1ZDLPF2', ip: '10.14.246.188', os.name: 'Windows 7', os.arch: 'amd64', os.version: '6.1', java.version: '1.8.0_102'
Driver info: org.openqa.selenium.chrome.ChromeDriver
Capabilities [{applicationCacheEnabled=false, rotatable=false, mobileEmulationEnabled=false, networkConnectionEnabled=false, chrome={chromedriverVersion=2.28.455520 (cc17746adff54984afff480136733114c6b3704b), userDataDir=C:\Users\ARABIN~1.SAM\AppData\Local\Temp\scoped_dir12832_7636}, takesHeapSnapshot=true, pageLoadStrategy=normal, databaseEnabled=false, handlesAlerts=true, hasTouchScreen=false, version=59.0.3071.115, platform=XP, browserConnectionEnabled=false, nativeEvents=true, acceptSslCerts=true, locationContextEnabled=true, webStorageEnabled=true, browserName=chrome, takesScreenshot=true, javascriptEnabled=true, cssSelectorsEnabled=true, unexpectedAlertBehaviour=}]
Session ID: 13601b9e7dd39034f60a9d19e33fe639
*** Element info: {Using=name, value=login.password}
	at sun.reflect.NativeConstructorAccessorImpl.newInstance0(Native Method)
	at sun.reflect.NativeConstructorAccessorImpl.newInstance(NativeConstructorAccessorImpl.java:62)
	at sun.reflect.DelegatingConstructorAccessorImpl.newInstance(DelegatingConstructorAccessorImpl.java:45)
	at java.lang.reflect.Constructor.newInstance(Constructor.java:423)
	at org.openqa.selenium.remote.ErrorHandler.createThrowable(ErrorHandler.java:206)
	at org.openqa.selenium.remote.ErrorHandler.throwIfResponseFailed(ErrorHandler.java:158)
	at org.openqa.selenium.remote.RemoteWebDriver.execute(RemoteWebDriver.java:678)
	at org.openqa.selenium.remote.RemoteWebDriver.findElement(RemoteWebDriver.java:363)
	at org.openqa.selenium.remote.RemoteWebDriver.findElementByName(RemoteWebDriver.java:461)
	at org.openqa.selenium.By$ByName.findElement(By.java:303)
	at org.openqa.selenium.remote.RemoteWebDriver.findElement(RemoteWebDriver.java:355)
	at org.openqa.selenium.support.pagefactory.DefaultElementLocator.findElement(DefaultElementLocator.java:69)
	at org.openqa.selenium.support.pagefactory.internal.LocatingElementHandler.invoke(LocatingElementHandler.java:38)
	at com.sun.proxy.$Proxy7.sendKeys(Unknown Source)
	at OpcoUserActions.GDSP_OpcoGUI_122.login(GDSP_OpcoGUI_122.java:51)
	at OpcoUserActions.GDSP_OpcoGUI_122_IMPCLASS.TC_122(GDSP_OpcoGUI_122_IMPCLASS.java:40)
	at sun.reflect.NativeMethodAccessorImpl.invoke0(Native Method)
	at sun.reflect.NativeMethodAccessorImpl.invoke(NativeMethodAccessorImpl.java:62)
	at sun.reflect.DelegatingMethodAccessorImpl.invoke(DelegatingMethodAccessorImpl.java:43)
	at java.lang.reflect.Method.invoke(Method.java:498)
	at org.testng.internal.MethodInvocationHelper.invokeMethod(MethodInvocationHelper.java:86)
	at org.testng.internal.Invoker.invokeMethod(Invoker.java:643)
	at org.testng.internal.Invoker.invokeTestMethod(Invoker.java:820)
	at org.testng.internal.Invoker.invokeTestMethods(Invoker.java:1128)
	at org.testng.internal.TestMethodWorker.invokeTestMethods(TestMethodWorker.java:129)
	at org.testng.internal.TestMethodWorker.run(TestMethodWorker.java:112)
	at org.testng.TestRunner.privateRun(TestRunner.java:782)
	at org.testng.TestRunner.run(TestRunner.java:632)
	at org.testng.SuiteRunner.runTest(SuiteRunner.java:366)
	at org.testng.SuiteRunner.runSequentially(SuiteRunner.java:361)
	at org.testng.SuiteRunner.privateRun(SuiteRunner.java:319)
	at org.testng.SuiteRunner.run(SuiteRunner.java:268)
	at org.testng.SuiteRunnerWorker.runSuite(SuiteRunnerWorker.java:52)
	at org.testng.SuiteRunnerWorker.run(SuiteRunnerWorker.java:86)
	at org.testng.TestNG.runSuitesSequentially(TestNG.java:1244)
	at org.testng.TestNG.runSuitesLocally(TestNG.java:1169)
	at org.testng.TestNG.run(TestNG.java:1064)
	at genericLibrary.CreateTestngXML.main(CreateTestngXML.java:90)
</pre></pre></td>
                                                    </tr>
                                                    <tr>
                                                        <td>Jul 18, 2017 01:55:40 PM</td>
                                                        <td class='linked' test-id='34'>GDSP_123 ManageEvents_NotificationEvents_Threshold Enable Disable</td>
                                                        <td><pre><pre>org.openqa.selenium.NoSuchElementException: no such element: Unable to locate element: {"method":"name","selector":"login.password"}
  (Session info: chrome=59.0.3071.115)
  (Driver info: chromedriver=2.28.455520 (cc17746adff54984afff480136733114c6b3704b),platform=Windows NT 6.1.7601 SP1 x86_64) (WARNING: The server did not provide any stacktrace information)
Command duration or timeout: 30 milliseconds
For documentation on this error, please visit: http://seleniumhq.org/exceptions/no_such_element.html
Build info: version: '2.53.0', revision: '35ae25b1534ae328c771e0856c93e187490ca824', time: '2016-03-15 10:43:46'
System info: host: 'INL-1ZDLPF2', ip: '10.14.246.188', os.name: 'Windows 7', os.arch: 'amd64', os.version: '6.1', java.version: '1.8.0_102'
Driver info: org.openqa.selenium.chrome.ChromeDriver
Capabilities [{applicationCacheEnabled=false, rotatable=false, mobileEmulationEnabled=false, networkConnectionEnabled=false, chrome={chromedriverVersion=2.28.455520 (cc17746adff54984afff480136733114c6b3704b), userDataDir=C:\Users\ARABIN~1.SAM\AppData\Local\Temp\scoped_dir8304_13665}, takesHeapSnapshot=true, pageLoadStrategy=normal, databaseEnabled=false, handlesAlerts=true, hasTouchScreen=false, version=59.0.3071.115, platform=XP, browserConnectionEnabled=false, nativeEvents=true, acceptSslCerts=true, locationContextEnabled=true, webStorageEnabled=true, browserName=chrome, takesScreenshot=true, javascriptEnabled=true, cssSelectorsEnabled=true, unexpectedAlertBehaviour=}]
Session ID: 6786b6fc40e62a28c5329de3807ed5a8
*** Element info: {Using=name, value=login.password}
	at sun.reflect.NativeConstructorAccessorImpl.newInstance0(Native Method)
	at sun.reflect.NativeConstructorAccessorImpl.newInstance(NativeConstructorAccessorImpl.java:62)
	at sun.reflect.DelegatingConstructorAccessorImpl.newInstance(DelegatingConstructorAccessorImpl.java:45)
	at java.lang.reflect.Constructor.newInstance(Constructor.java:423)
	at org.openqa.selenium.remote.ErrorHandler.createThrowable(ErrorHandler.java:206)
	at org.openqa.selenium.remote.ErrorHandler.throwIfResponseFailed(ErrorHandler.java:158)
	at org.openqa.selenium.remote.RemoteWebDriver.execute(RemoteWebDriver.java:678)
	at org.openqa.selenium.remote.RemoteWebDriver.findElement(RemoteWebDriver.java:363)
	at org.openqa.selenium.remote.RemoteWebDriver.findElementByName(RemoteWebDriver.java:461)
	at org.openqa.selenium.By$ByName.findElement(By.java:303)
	at org.openqa.selenium.remote.RemoteWebDriver.findElement(RemoteWebDriver.java:355)
	at org.openqa.selenium.support.pagefactory.DefaultElementLocator.findElement(DefaultElementLocator.java:69)
	at org.openqa.selenium.support.pagefactory.internal.LocatingElementHandler.invoke(LocatingElementHandler.java:38)
	at com.sun.proxy.$Proxy7.sendKeys(Unknown Source)
	at OpcoUserActions.GDSP_OpcoGUI_123.login(GDSP_OpcoGUI_123.java:56)
	at OpcoUserActions.GDSP_OpcoGUI_123_IMPCLASS.TC_123(GDSP_OpcoGUI_123_IMPCLASS.java:40)
	at sun.reflect.NativeMethodAccessorImpl.invoke0(Native Method)
	at sun.reflect.NativeMethodAccessorImpl.invoke(NativeMethodAccessorImpl.java:62)
	at sun.reflect.DelegatingMethodAccessorImpl.invoke(DelegatingMethodAccessorImpl.java:43)
	at java.lang.reflect.Method.invoke(Method.java:498)
	at org.testng.internal.MethodInvocationHelper.invokeMethod(MethodInvocationHelper.java:86)
	at org.testng.internal.Invoker.invokeMethod(Invoker.java:643)
	at org.testng.internal.Invoker.invokeTestMethod(Invoker.java:820)
	at org.testng.internal.Invoker.invokeTestMethods(Invoker.java:1128)
	at org.testng.internal.TestMethodWorker.invokeTestMethods(TestMethodWorker.java:129)
	at org.testng.internal.TestMethodWorker.run(TestMethodWorker.java:112)
	at org.testng.TestRunner.privateRun(TestRunner.java:782)
	at org.testng.TestRunner.run(TestRunner.java:632)
	at org.testng.SuiteRunner.runTest(SuiteRunner.java:366)
	at org.testng.SuiteRunner.runSequentially(SuiteRunner.java:361)
	at org.testng.SuiteRunner.privateRun(SuiteRunner.java:319)
	at org.testng.SuiteRunner.run(SuiteRunner.java:268)
	at org.testng.SuiteRunnerWorker.runSuite(SuiteRunnerWorker.java:52)
	at org.testng.SuiteRunnerWorker.run(SuiteRunnerWorker.java:86)
	at org.testng.TestNG.runSuitesSequentially(TestNG.java:1244)
	at org.testng.TestNG.runSuitesLocally(TestNG.java:1169)
	at org.testng.TestNG.run(TestNG.java:1064)
	at genericLibrary.CreateTestngXML.main(CreateTestngXML.java:90)
</pre></pre></td>
                                                    </tr>
                                        </tbody>
                                    </table>
                                </div>
                            </div>
                        </li>
                        <li class='exception displayed active'>
                            <div class='exception-heading'>
                                <span class='exception-name'>org.openqa.selenium.TimeoutException</span>
                                <span class='exception-count right'><span class='label red lighten-1 white-text'>1</span></span>
                            </div>
                            <div class='exception-content hide'>
                                <div class='exception-tests'>
                                    <table class='bordered table-results'>
                                        <thead>
                                        <tr>
                                            <th>Timestamp</th>
                                            <th>TestName</th>
                                            <th>Status</th>
                                        </tr>
                                        </thead>
                                        <tbody>
                                                    <tr>
                                                        <td>Jul 18, 2017 01:29:45 PM</td>
                                                        <td class='linked' test-id='27'>GDSP_071 ManageSIM_SIM_Diagnostic Trace</td>
                                                        <td><pre><pre>org.openqa.selenium.TimeoutException: timeout: cannot determine loading status
from timeout: Timed out receiving message from renderer: -1159.238
  (Session info: chrome=59.0.3071.115)
  (Driver info: chromedriver=2.28.455520 (cc17746adff54984afff480136733114c6b3704b),platform=Windows NT 6.1.7601 SP1 x86_64) (WARNING: The server did not provide any stacktrace information)
Command duration or timeout: 1459.53 seconds
Build info: version: '2.53.0', revision: '35ae25b1534ae328c771e0856c93e187490ca824', time: '2016-03-15 10:43:46'
System info: host: 'INL-1ZDLPF2', ip: '10.14.246.188', os.name: 'Windows 7', os.arch: 'amd64', os.version: '6.1', java.version: '1.8.0_102'
Driver info: org.openqa.selenium.chrome.ChromeDriver
Capabilities [{applicationCacheEnabled=false, rotatable=false, mobileEmulationEnabled=false, networkConnectionEnabled=false, chrome={chromedriverVersion=2.28.455520 (cc17746adff54984afff480136733114c6b3704b), userDataDir=C:\Users\ARABIN~1.SAM\AppData\Local\Temp\scoped_dir11900_4555}, takesHeapSnapshot=true, pageLoadStrategy=normal, databaseEnabled=false, handlesAlerts=true, hasTouchScreen=false, version=59.0.3071.115, platform=XP, browserConnectionEnabled=false, nativeEvents=true, acceptSslCerts=true, locationContextEnabled=true, webStorageEnabled=true, browserName=chrome, takesScreenshot=true, javascriptEnabled=true, cssSelectorsEnabled=true, unexpectedAlertBehaviour=}]
Session ID: 2d338181a0c021e07d1c25462760c3b1
	at sun.reflect.NativeConstructorAccessorImpl.newInstance0(Native Method)
	at sun.reflect.NativeConstructorAccessorImpl.newInstance(NativeConstructorAccessorImpl.java:62)
	at sun.reflect.DelegatingConstructorAccessorImpl.newInstance(DelegatingConstructorAccessorImpl.java:45)
	at java.lang.reflect.Constructor.newInstance(Constructor.java:423)
	at org.openqa.selenium.remote.ErrorHandler.createThrowable(ErrorHandler.java:206)
	at org.openqa.selenium.remote.ErrorHandler.throwIfResponseFailed(ErrorHandler.java:158)
	at org.openqa.selenium.remote.RemoteWebDriver.execute(RemoteWebDriver.java:678)
	at org.openqa.selenium.remote.RemoteWebElement.execute(RemoteWebElement.java:327)
	at org.openqa.selenium.remote.RemoteWebElement.click(RemoteWebElement.java:85)
	at sun.reflect.GeneratedMethodAccessor3.invoke(Unknown Source)
	at sun.reflect.DelegatingMethodAccessorImpl.invoke(DelegatingMethodAccessorImpl.java:43)
	at java.lang.reflect.Method.invoke(Method.java:498)
	at org.openqa.selenium.support.pagefactory.internal.LocatingElementHandler.invoke(LocatingElementHandler.java:51)
	at com.sun.proxy.$Proxy7.click(Unknown Source)
	at OpcoUserActions.GDSP_OpcoGUI_071.login(GDSP_OpcoGUI_071.java:64)
	at OpcoUserActions.GDSP_OpcoGUI_071_IMPCLASS.TC_071(GDSP_OpcoGUI_071_IMPCLASS.java:45)
	at sun.reflect.NativeMethodAccessorImpl.invoke0(Native Method)
	at sun.reflect.NativeMethodAccessorImpl.invoke(NativeMethodAccessorImpl.java:62)
	at sun.reflect.DelegatingMethodAccessorImpl.invoke(DelegatingMethodAccessorImpl.java:43)
	at java.lang.reflect.Method.invoke(Method.java:498)
	at org.testng.internal.MethodInvocationHelper.invokeMethod(MethodInvocationHelper.java:86)
	at org.testng.internal.Invoker.invokeMethod(Invoker.java:643)
	at org.testng.internal.Invoker.invokeTestMethod(Invoker.java:820)
	at org.testng.internal.Invoker.invokeTestMethods(Invoker.java:1128)
	at org.testng.internal.TestMethodWorker.invokeTestMethods(TestMethodWorker.java:129)
	at org.testng.internal.TestMethodWorker.run(TestMethodWorker.java:112)
	at org.testng.TestRunner.privateRun(TestRunner.java:782)
	at org.testng.TestRunner.run(TestRunner.java:632)
	at org.testng.SuiteRunner.runTest(SuiteRunner.java:366)
	at org.testng.SuiteRunner.runSequentially(SuiteRunner.java:361)
	at org.testng.SuiteRunner.privateRun(SuiteRunner.java:319)
	at org.testng.SuiteRunner.run(SuiteRunner.java:268)
	at org.testng.SuiteRunnerWorker.runSuite(SuiteRunnerWorker.java:52)
	at org.testng.SuiteRunnerWorker.run(SuiteRunnerWorker.java:86)
	at org.testng.TestNG.runSuitesSequentially(TestNG.java:1244)
	at org.testng.TestNG.runSuitesLocally(TestNG.java:1169)
	at org.testng.TestNG.run(TestNG.java:1064)
	at genericLibrary.CreateTestngXML.main(CreateTestngXML.java:90)
</pre></pre></td>
                                                    </tr>
                                        </tbody>
                                    </table>
                                </div>
                            </div>
                        </li>
                </ul>
        </div>
    </div>

    <div class='subview-right left'>
        <div class='view-summary'>
            <h5 class='exception-name'></h5>
        </div>
    </div>
</div>
<!-- exception view -->
<div id='dashboard-view' class='view hide'>
	<div class='card-panel transparent np-v'>
		<h5>Dashboard</h5>

		<div class='row'>
			<div class='col s2'>
				<div class='card-panel r'>
					Tests
					<div class='panel-lead'>41</div>
				</div>
			</div>
			<div class='col s2'>
				<div class='card-panel r'>
					Steps
					<div class='panel-lead'>191</div>
				</div>
			</div>
			<div class='col s2'>
				<div class='card-panel r'>
					Start
					<div class='panel-lead'>Jul 18, 2017 01:14:29 PM</div>
				</div>
			</div>
			<div class='col s2'>
				<div class='card-panel r'>
			 		End
			 		<div class='panel-lead'>Jul 18, 2017 01:58:52 PM</div>
				</div>
			</div>
			<div class='col s2'>
				<div class='card-panel r'>
					Time Taken
					<div class='panel-lead'>2,663,349ms</div>
				</div>
			</div>
		</div>
	</div>
</div>
<!-- dashboard view -->
<!-- testrunner-logs view -->
		</div>
		<!-- container -->

		<script>
			var statusGroup = {
				passParent: 32,
				failParent: 9,
				fatalParent: 0,
				errorParent: 0,
				warningParent: 0,
				skipParent: 0,
				exceptionsParent: 9,
				
				passChild: 43,
				failChild: 18,
				fatalChild: 0,
				errorChild: 0,
				warningChild: 0,
				skipChild: 0,
				infoChild: 130,
				exceptionsChild: 18,
				
				passGrandChild: 0,
				failGrandChild: 0,
				fatalGrandChild: 0,
				errorGrandChild: 0,
				warningGrandChild: 0,
				skipGrandChild: 0,
				infoGrandChild: 0,
				exceptionsGrandChild: 0,
			};
		</script>
		
			<script src='https://cdn.rawgit.com/anshooarora/extentreports-java/5ed7b0c339b51aa347b44ccaa2e2ff29905b2f9f/dist/js/extent.js' type='text/javascript'></script>
		
		
	</body>
	
</html>
