<html>
<head>
<title>TestNG:  Test</title>
<link href="../testng.css" rel="stylesheet" type="text/css" />
<link href="../my-testng.css" rel="stylesheet" type="text/css" />

<style type="text/css">
.log { display: none;} 
.stack-trace { display: none;} 
</style>
<script type="text/javascript">
<!--
function flip(e) {
  current = e.style.display;
  if (current == 'block') {
    e.style.display = 'none';
    return 0;
  }
  else {
    e.style.display = 'block';
    return 1;
  }
}

function toggleBox(szDivId, elem, msg1, msg2)
{
  var res = -1;  if (document.getElementById) {
    res = flip(document.getElementById(szDivId));
  }
  else if (document.all) {
    // this is the way old msie versions work
    res = flip(document.all[szDivId]);
  }
  if(elem) {
    if(res == 0) elem.innerHTML = msg1; else elem.innerHTML = msg2;
  }

}

function toggleAllBoxes() {
  if (document.getElementsByTagName) {
    d = document.getElementsByTagName('div');
    for (i = 0; i < d.length; i++) {
      if (d[i].className == 'log') {
        flip(d[i]);
      }
    }
  }
}

// -->
</script>

</head>
<body>
<h2 align='center'>Test</h2><table border='1' align="center">
<tr>
<td>Tests passed/Failed/Skipped:</td><td>80/15/0</td>
</tr><tr>
<td>Started on:</td><td>Tue Sep 12 17:19:02 IST 2017</td>
</tr>
<tr><td>Total time:</td><td>4783 seconds (4783260 ms)</td>
</tr><tr>
<td>Included groups:</td><td></td>
</tr><tr>
<td>Excluded groups:</td><td></td>
</tr>
</table><p/>
<small><i>(Hover the method name to see the test class name)</i></small><p/>
<table width='100%' border='1' class='invocation-failed'>
<tr><td colspan='4' align='center'><b>FAILED TESTS</b></td></tr>
<tr><td><b>Test method</b></td>
<td width="30%"><b>Exception</b></td>
<td width="10%"><b>Time (seconds)</b></td>
<td><b>Instance</b></td>
</tr>
<tr>
<td title='OpcoUserActions.GDSP_OpcoGUI_065_IMPCLASS.TC_065()'><b>TC_065</b><br>Test class: OpcoUserActions.GDSP_OpcoGUI_065_IMPCLASS<br>Parameters: {Order=1.0, Script=GDSPOpco, TC_ID=GDSP_065, Execute=Y, APNPROFILE=07testapn, TC_DESC=ManageSIM_SearchSim_APN Profile, pwd=Secret123, url=http://158.234.62.73:8080/GDSPGui/login.htm, username=SUPPNL4}</td>
<td><div><pre>org.openqa.selenium.NoSuchElementException: Cannot locate element with text: 07testapn
For documentation on this error, please visit: http://seleniumhq.org/exceptions/no_such_element.html
Build info: version: &apos;2.53.0&apos;, revision: &apos;35ae25b1534ae328c771e0856c93e187490ca824&apos;, time: &apos;2016-03-15 10:43:46&apos;
System info: host: &apos;INL-1ZDLPF2&apos;, ip: &apos;10.155.22.83&apos;, os.name: &apos;Windows 7&apos;, os.arch: &apos;amd64&apos;, os.version: &apos;6.1&apos;, java.version: &apos;1.8.0_102&apos;
Driver info: driver.version: unknown
	at org.openqa.selenium.support.ui.Select.selectByVisibleText(Select.java:150)
	at OpcoUserActions.GDSP_OpcoGUI_065.searchSIMcustomers(GDSP_OpcoGUI_065.java:69)
	at OpcoUserActions.GDSP_OpcoGUI_065_IMPCLASS.TC_065(GDSP_OpcoGUI_065_IMPCLASS.java:42)
	at genericLibrary.CreateTestngXML.main(CreateTestngXML.java:90)
... Removed 21 stack frames</pre></div><a href='#' onClick='toggleBox("stack-trace815017812", this, "Click to show all stack frames", "Click to hide stack frames")'>Click to show all stack frames</a>
<div class='stack-trace' id='stack-trace815017812'><pre>org.openqa.selenium.NoSuchElementException: Cannot locate element with text: 07testapn
For documentation on this error, please visit: http://seleniumhq.org/exceptions/no_such_element.html
Build info: version: &apos;2.53.0&apos;, revision: &apos;35ae25b1534ae328c771e0856c93e187490ca824&apos;, time: &apos;2016-03-15 10:43:46&apos;
System info: host: &apos;INL-1ZDLPF2&apos;, ip: &apos;10.155.22.83&apos;, os.name: &apos;Windows 7&apos;, os.arch: &apos;amd64&apos;, os.version: &apos;6.1&apos;, java.version: &apos;1.8.0_102&apos;
Driver info: driver.version: unknown
	at org.openqa.selenium.support.ui.Select.selectByVisibleText(Select.java:150)
	at OpcoUserActions.GDSP_OpcoGUI_065.searchSIMcustomers(GDSP_OpcoGUI_065.java:69)
	at OpcoUserActions.GDSP_OpcoGUI_065_IMPCLASS.TC_065(GDSP_OpcoGUI_065_IMPCLASS.java:42)
	at sun.reflect.NativeMethodAccessorImpl.invoke0(Native Method)
	at sun.reflect.NativeMethodAccessorImpl.invoke(NativeMethodAccessorImpl.java:62)
	at sun.reflect.DelegatingMethodAccessorImpl.invoke(DelegatingMethodAccessorImpl.java:43)
	at java.lang.reflect.Method.invoke(Method.java:498)
	at org.testng.internal.MethodInvocationHelper.invokeMethod(MethodInvocationHelper.java:86)
	at org.testng.internal.Invoker.invokeMethod(Invoker.java:643)
	at org.testng.internal.Invoker.invokeTestMethod(Invoker.java:820)
	at org.testng.internal.Invoker.invokeTestMethods(Invoker.java:1128)
	at org.testng.internal.TestMethodWorker.invokeTestMethods(TestMethodWorker.java:129)
	at org.testng.internal.TestMethodWorker.run(TestMethodWorker.java:112)
	at org.testng.TestRunner.privateRun(TestRunner.java:782)
	at org.testng.TestRunner.run(TestRunner.java:632)
	at org.testng.SuiteRunner.runTest(SuiteRunner.java:366)
	at org.testng.SuiteRunner.runSequentially(SuiteRunner.java:361)
	at org.testng.SuiteRunner.privateRun(SuiteRunner.java:319)
	at org.testng.SuiteRunner.run(SuiteRunner.java:268)
	at org.testng.SuiteRunnerWorker.runSuite(SuiteRunnerWorker.java:52)
	at org.testng.SuiteRunnerWorker.run(SuiteRunnerWorker.java:86)
	at org.testng.TestNG.runSuitesSequentially(TestNG.java:1244)
	at org.testng.TestNG.runSuitesLocally(TestNG.java:1169)
	at org.testng.TestNG.run(TestNG.java:1064)
	at genericLibrary.CreateTestngXML.main(CreateTestngXML.java:90)
</pre></div></td>
<td>15</td>
<td>OpcoUserActions.GDSP_OpcoGUI_065_IMPCLASS@3c419631</td></tr>
<tr>
<td title='OpcoUserActions.GDSP_OpcoGUI_066_IMPCLASS.TC_066()'><b>TC_066</b><br>Test class: OpcoUserActions.GDSP_OpcoGUI_066_IMPCLASS<br>Parameters: {Order=1.0, Script=GDSPOpco, SIMID=330000000000154, TC_ID=GDSP_066, Execute=Y, TC_DESC=ManageSIM_SIM_Edit, pwd=Secret123, url=http://158.234.62.73:8080/GDSPGui/login.htm, username=SUPPNL4}</td>
<td><div><pre>org.openqa.selenium.TimeoutException: Timed out after 180 seconds waiting for visibility of element located by By.linkText: 330000000000154
Build info: version: &apos;2.53.0&apos;, revision: &apos;35ae25b1534ae328c771e0856c93e187490ca824&apos;, time: &apos;2016-03-15 10:43:46&apos;
System info: host: &apos;INL-1ZDLPF2&apos;, ip: &apos;10.155.22.83&apos;, os.name: &apos;Windows 7&apos;, os.arch: &apos;amd64&apos;, os.version: &apos;6.1&apos;, java.version: &apos;1.8.0_102&apos;
Driver info: org.openqa.selenium.chrome.ChromeDriver
Capabilities [{applicationCacheEnabled=false, rotatable=false, mobileEmulationEnabled=false, networkConnectionEnabled=false, chrome={chromedriverVersion=2.28.455520 (cc17746adff54984afff480136733114c6b3704b), userDataDir=C:\Users\ARABIN~1.SAM\AppData\Local\Temp\scoped_dir14896_4595}, takesHeapSnapshot=true, pageLoadStrategy=normal, databaseEnabled=false, handlesAlerts=true, hasTouchScreen=false, version=60.0.3112.113, platform=XP, browserConnectionEnabled=false, nativeEvents=true, acceptSslCerts=true, locationContextEnabled=true, webStorageEnabled=true, browserName=chrome, takesScreenshot=true, javascriptEnabled=true, cssSelectorsEnabled=true, unexpectedAlertBehaviour=}]
Session ID: 474f50d1abc1baf3531f82f86f05a319
	at org.openqa.selenium.support.ui.WebDriverWait.timeoutException(WebDriverWait.java:80)
	at org.openqa.selenium.support.ui.FluentWait.until(FluentWait.java:261)
	at OpcoUserActions.GDSP_OpcoGUI_066.editSIMs(GDSP_OpcoGUI_066.java:77)
	at OpcoUserActions.GDSP_OpcoGUI_066_IMPCLASS.TC_066(GDSP_OpcoGUI_066_IMPCLASS.java:47)
	at genericLibrary.CreateTestngXML.main(CreateTestngXML.java:90)
Caused by: org.openqa.selenium.NoSuchElementException: no such element: Unable to locate element: {&quot;method&quot;:&quot;link text&quot;,&quot;selector&quot;:&quot;330000000000154&quot;}
  (Session info: chrome=60.0.3112.113)
  (Driver info: chromedriver=2.28.455520 (cc17746adff54984afff480136733114c6b3704b),platform=Windows NT 6.1.7601 SP1 x86_64) (WARNING: The server did not provide any stacktrace information)
Command duration or timeout: 31 milliseconds
For documentation on this error, please visit: http://seleniumhq.org/exceptions/no_such_element.html
Build info: version: &apos;2.53.0&apos;, revision: &apos;35ae25b1534ae328c771e0856c93e187490ca824&apos;, time: &apos;2016-03-15 10:43:46&apos;
System info: host: &apos;INL-1ZDLPF2&apos;, ip: &apos;10.155.22.83&apos;, os.name: &apos;Windows 7&apos;, os.arch: &apos;amd64&apos;, os.version: &apos;6.1&apos;, java.version: &apos;1.8.0_102&apos;
Driver info: org.openqa.selenium.chrome.ChromeDriver
Capabilities [{applicationCacheEnabled=false, rotatable=false, mobileEmulationEnabled=false, networkConnectionEnabled=false, chrome={chromedriverVersion=2.28.455520 (cc17746adff54984afff480136733114c6b3704b), userDataDir=C:\Users\ARABIN~1.SAM\AppData\Local\Temp\scoped_dir14896_4595}, takesHeapSnapshot=true, pageLoadStrategy=normal, databaseEnabled=false, handlesAlerts=true, hasTouchScreen=false, version=60.0.3112.113, platform=XP, browserConnectionEnabled=false, nativeEvents=true, acceptSslCerts=true, locationContextEnabled=true, webStorageEnabled=true, browserName=chrome, takesScreenshot=true, javascriptEnabled=true, cssSelectorsEnabled=true, unexpectedAlertBehaviour=}]
Session ID: 474f50d1abc1baf3531f82f86f05a319
*** Element info: {Using=link text, value=330000000000154}
	at org.openqa.selenium.remote.ErrorHandler.createThrowable(ErrorHandler.java:206)
	at org.openqa.selenium.remote.ErrorHandler.throwIfResponseFailed(ErrorHandler.java:158)
	at org.openqa.selenium.remote.RemoteWebDriver.execute(RemoteWebDriver.java:678)
	at org.openqa.selenium.remote.RemoteWebDriver.findElement(RemoteWebDriver.java:363)
	at org.openqa.selenium.remote.RemoteWebDriver.findElementByLinkText(RemoteWebDriver.java:428)
	at org.openqa.selenium.By$ByLinkText.findElement(By.java:246)
	at org.openqa.selenium.remote.RemoteWebDriver.findElement(RemoteWebDriver.java:355)
	at org.openqa.selenium.support.ui.ExpectedConditions.findElement(ExpectedConditions.java:899)
	at org.openqa.selenium.support.ui.ExpectedConditions.access$000(ExpectedConditions.java:41)
	at org.openqa.selenium.support.ui.ExpectedConditions$7.apply(ExpectedConditions.java:205)
	at org.openqa.selenium.support.ui.ExpectedConditions$7.apply(ExpectedConditions.java:201)
	at org.openqa.selenium.support.ui.FluentWait.until(FluentWait.java:238)
	... 24 more
... Removed 24 stack frames</pre></div><a href='#' onClick='toggleBox("stack-trace245582109", this, "Click to show all stack frames", "Click to hide stack frames")'>Click to show all stack frames</a>
<div class='stack-trace' id='stack-trace245582109'><pre>org.openqa.selenium.TimeoutException: Timed out after 180 seconds waiting for visibility of element located by By.linkText: 330000000000154
Build info: version: &apos;2.53.0&apos;, revision: &apos;35ae25b1534ae328c771e0856c93e187490ca824&apos;, time: &apos;2016-03-15 10:43:46&apos;
System info: host: &apos;INL-1ZDLPF2&apos;, ip: &apos;10.155.22.83&apos;, os.name: &apos;Windows 7&apos;, os.arch: &apos;amd64&apos;, os.version: &apos;6.1&apos;, java.version: &apos;1.8.0_102&apos;
Driver info: org.openqa.selenium.chrome.ChromeDriver
Capabilities [{applicationCacheEnabled=false, rotatable=false, mobileEmulationEnabled=false, networkConnectionEnabled=false, chrome={chromedriverVersion=2.28.455520 (cc17746adff54984afff480136733114c6b3704b), userDataDir=C:\Users\ARABIN~1.SAM\AppData\Local\Temp\scoped_dir14896_4595}, takesHeapSnapshot=true, pageLoadStrategy=normal, databaseEnabled=false, handlesAlerts=true, hasTouchScreen=false, version=60.0.3112.113, platform=XP, browserConnectionEnabled=false, nativeEvents=true, acceptSslCerts=true, locationContextEnabled=true, webStorageEnabled=true, browserName=chrome, takesScreenshot=true, javascriptEnabled=true, cssSelectorsEnabled=true, unexpectedAlertBehaviour=}]
Session ID: 474f50d1abc1baf3531f82f86f05a319
	at org.openqa.selenium.support.ui.WebDriverWait.timeoutException(WebDriverWait.java:80)
	at org.openqa.selenium.support.ui.FluentWait.until(FluentWait.java:261)
	at OpcoUserActions.GDSP_OpcoGUI_066.editSIMs(GDSP_OpcoGUI_066.java:77)
	at OpcoUserActions.GDSP_OpcoGUI_066_IMPCLASS.TC_066(GDSP_OpcoGUI_066_IMPCLASS.java:47)
	at sun.reflect.NativeMethodAccessorImpl.invoke0(Native Method)
	at sun.reflect.NativeMethodAccessorImpl.invoke(NativeMethodAccessorImpl.java:62)
	at sun.reflect.DelegatingMethodAccessorImpl.invoke(DelegatingMethodAccessorImpl.java:43)
	at java.lang.reflect.Method.invoke(Method.java:498)
	at org.testng.internal.MethodInvocationHelper.invokeMethod(MethodInvocationHelper.java:86)
	at org.testng.internal.Invoker.invokeMethod(Invoker.java:643)
	at org.testng.internal.Invoker.invokeTestMethod(Invoker.java:820)
	at org.testng.internal.Invoker.invokeTestMethods(Invoker.java:1128)
	at org.testng.internal.TestMethodWorker.invokeTestMethods(TestMethodWorker.java:129)
	at org.testng.internal.TestMethodWorker.run(TestMethodWorker.java:112)
	at org.testng.TestRunner.privateRun(TestRunner.java:782)
	at org.testng.TestRunner.run(TestRunner.java:632)
	at org.testng.SuiteRunner.runTest(SuiteRunner.java:366)
	at org.testng.SuiteRunner.runSequentially(SuiteRunner.java:361)
	at org.testng.SuiteRunner.privateRun(SuiteRunner.java:319)
	at org.testng.SuiteRunner.run(SuiteRunner.java:268)
	at org.testng.SuiteRunnerWorker.runSuite(SuiteRunnerWorker.java:52)
	at org.testng.SuiteRunnerWorker.run(SuiteRunnerWorker.java:86)
	at org.testng.TestNG.runSuitesSequentially(TestNG.java:1244)
	at org.testng.TestNG.runSuitesLocally(TestNG.java:1169)
	at org.testng.TestNG.run(TestNG.java:1064)
	at genericLibrary.CreateTestngXML.main(CreateTestngXML.java:90)
Caused by: org.openqa.selenium.NoSuchElementException: no such element: Unable to locate element: {&quot;method&quot;:&quot;link text&quot;,&quot;selector&quot;:&quot;330000000000154&quot;}
  (Session info: chrome=60.0.3112.113)
  (Driver info: chromedriver=2.28.455520 (cc17746adff54984afff480136733114c6b3704b),platform=Windows NT 6.1.7601 SP1 x86_64) (WARNING: The server did not provide any stacktrace information)
Command duration or timeout: 31 milliseconds
For documentation on this error, please visit: http://seleniumhq.org/exceptions/no_such_element.html
Build info: version: &apos;2.53.0&apos;, revision: &apos;35ae25b1534ae328c771e0856c93e187490ca824&apos;, time: &apos;2016-03-15 10:43:46&apos;
System info: host: &apos;INL-1ZDLPF2&apos;, ip: &apos;10.155.22.83&apos;, os.name: &apos;Windows 7&apos;, os.arch: &apos;amd64&apos;, os.version: &apos;6.1&apos;, java.version: &apos;1.8.0_102&apos;
Driver info: org.openqa.selenium.chrome.ChromeDriver
Capabilities [{applicationCacheEnabled=false, rotatable=false, mobileEmulationEnabled=false, networkConnectionEnabled=false, chrome={chromedriverVersion=2.28.455520 (cc17746adff54984afff480136733114c6b3704b), userDataDir=C:\Users\ARABIN~1.SAM\AppData\Local\Temp\scoped_dir14896_4595}, takesHeapSnapshot=true, pageLoadStrategy=normal, databaseEnabled=false, handlesAlerts=true, hasTouchScreen=false, version=60.0.3112.113, platform=XP, browserConnectionEnabled=false, nativeEvents=true, acceptSslCerts=true, locationContextEnabled=true, webStorageEnabled=true, browserName=chrome, takesScreenshot=true, javascriptEnabled=true, cssSelectorsEnabled=true, unexpectedAlertBehaviour=}]
Session ID: 474f50d1abc1baf3531f82f86f05a319
*** Element info: {Using=link text, value=330000000000154}
	at sun.reflect.GeneratedConstructorAccessor51.newInstance(Unknown Source)
	at sun.reflect.DelegatingConstructorAccessorImpl.newInstance(DelegatingConstructorAccessorImpl.java:45)
	at java.lang.reflect.Constructor.newInstance(Constructor.java:423)
	at org.openqa.selenium.remote.ErrorHandler.createThrowable(ErrorHandler.java:206)
	at org.openqa.selenium.remote.ErrorHandler.throwIfResponseFailed(ErrorHandler.java:158)
	at org.openqa.selenium.remote.RemoteWebDriver.execute(RemoteWebDriver.java:678)
	at org.openqa.selenium.remote.RemoteWebDriver.findElement(RemoteWebDriver.java:363)
	at org.openqa.selenium.remote.RemoteWebDriver.findElementByLinkText(RemoteWebDriver.java:428)
	at org.openqa.selenium.By$ByLinkText.findElement(By.java:246)
	at org.openqa.selenium.remote.RemoteWebDriver.findElement(RemoteWebDriver.java:355)
	at org.openqa.selenium.support.ui.ExpectedConditions.findElement(ExpectedConditions.java:899)
	at org.openqa.selenium.support.ui.ExpectedConditions.access$000(ExpectedConditions.java:41)
	at org.openqa.selenium.support.ui.ExpectedConditions$7.apply(ExpectedConditions.java:205)
	at org.openqa.selenium.support.ui.ExpectedConditions$7.apply(ExpectedConditions.java:201)
	at org.openqa.selenium.support.ui.FluentWait.until(FluentWait.java:238)
	... 24 more
</pre></div></td>
<td>195</td>
<td>OpcoUserActions.GDSP_OpcoGUI_066_IMPCLASS@418e7838</td></tr>
<tr>
<td title='OpcoUserActions.GDSP_OpcoGUI_067_IMPCLASS.TC_067()'><b>TC_067</b><br>Test class: OpcoUserActions.GDSP_OpcoGUI_067_IMPCLASS<br>Parameters: {Order=1.0, Script=GDSPOpco, SIMID=210000000502004, TC_ID=GDSP_067, Execute=Y, ACTIONNAME=Change State, TC_DESC=ManageSIM_SIM_Diagnostic Trace, pwd=Secret123, url=http://158.234.62.73:8080/GDSPGui/login.htm, CHANGEREASON=Activation of new SIM in state ready, username=SUPPNL4}</td>
<td><div><pre>org.openqa.selenium.TimeoutException: timeout: cannot determine loading status
from timeout: Timed out receiving message from renderer: -0.017
  (Session info: chrome=60.0.3112.113)
  (Driver info: chromedriver=2.28.455520 (cc17746adff54984afff480136733114c6b3704b),platform=Windows NT 6.1.7601 SP1 x86_64) (WARNING: The server did not provide any stacktrace information)
Command duration or timeout: 300.07 seconds
Build info: version: &apos;2.53.0&apos;, revision: &apos;35ae25b1534ae328c771e0856c93e187490ca824&apos;, time: &apos;2016-03-15 10:43:46&apos;
System info: host: &apos;INL-1ZDLPF2&apos;, ip: &apos;10.155.22.83&apos;, os.name: &apos;Windows 7&apos;, os.arch: &apos;amd64&apos;, os.version: &apos;6.1&apos;, java.version: &apos;1.8.0_102&apos;
Driver info: org.openqa.selenium.chrome.ChromeDriver
Capabilities [{applicationCacheEnabled=false, rotatable=false, mobileEmulationEnabled=false, networkConnectionEnabled=false, chrome={chromedriverVersion=2.28.455520 (cc17746adff54984afff480136733114c6b3704b), userDataDir=C:\Users\ARABIN~1.SAM\AppData\Local\Temp\scoped_dir12276_6344}, takesHeapSnapshot=true, pageLoadStrategy=normal, databaseEnabled=false, handlesAlerts=true, hasTouchScreen=false, version=60.0.3112.113, platform=XP, browserConnectionEnabled=false, nativeEvents=true, acceptSslCerts=true, locationContextEnabled=true, webStorageEnabled=true, browserName=chrome, takesScreenshot=true, javascriptEnabled=true, cssSelectorsEnabled=true, unexpectedAlertBehaviour=}]
Session ID: e3027f15659b2fb83db1312226e4883a
	at org.openqa.selenium.remote.ErrorHandler.createThrowable(ErrorHandler.java:206)
	at org.openqa.selenium.remote.ErrorHandler.throwIfResponseFailed(ErrorHandler.java:158)
	at org.openqa.selenium.remote.RemoteWebDriver.execute(RemoteWebDriver.java:678)
	at org.openqa.selenium.remote.RemoteWebElement.execute(RemoteWebElement.java:327)
	at org.openqa.selenium.remote.RemoteWebElement.click(RemoteWebElement.java:85)
	at org.openqa.selenium.support.pagefactory.internal.LocatingElementHandler.invoke(LocatingElementHandler.java:51)
	at com.sun.proxy.$Proxy7.click(Unknown Source)
	at OpcoUserActions.GDSP_OpcoGUI_067.selectactiononSIMs(GDSP_OpcoGUI_067.java:123)
	at OpcoUserActions.GDSP_OpcoGUI_067_IMPCLASS.TC_067(GDSP_OpcoGUI_067_IMPCLASS.java:51)
	at genericLibrary.CreateTestngXML.main(CreateTestngXML.java:90)
... Removed 28 stack frames</pre></div><a href='#' onClick='toggleBox("stack-trace1066159055", this, "Click to show all stack frames", "Click to hide stack frames")'>Click to show all stack frames</a>
<div class='stack-trace' id='stack-trace1066159055'><pre>org.openqa.selenium.TimeoutException: timeout: cannot determine loading status
from timeout: Timed out receiving message from renderer: -0.017
  (Session info: chrome=60.0.3112.113)
  (Driver info: chromedriver=2.28.455520 (cc17746adff54984afff480136733114c6b3704b),platform=Windows NT 6.1.7601 SP1 x86_64) (WARNING: The server did not provide any stacktrace information)
Command duration or timeout: 300.07 seconds
Build info: version: &apos;2.53.0&apos;, revision: &apos;35ae25b1534ae328c771e0856c93e187490ca824&apos;, time: &apos;2016-03-15 10:43:46&apos;
System info: host: &apos;INL-1ZDLPF2&apos;, ip: &apos;10.155.22.83&apos;, os.name: &apos;Windows 7&apos;, os.arch: &apos;amd64&apos;, os.version: &apos;6.1&apos;, java.version: &apos;1.8.0_102&apos;
Driver info: org.openqa.selenium.chrome.ChromeDriver
Capabilities [{applicationCacheEnabled=false, rotatable=false, mobileEmulationEnabled=false, networkConnectionEnabled=false, chrome={chromedriverVersion=2.28.455520 (cc17746adff54984afff480136733114c6b3704b), userDataDir=C:\Users\ARABIN~1.SAM\AppData\Local\Temp\scoped_dir12276_6344}, takesHeapSnapshot=true, pageLoadStrategy=normal, databaseEnabled=false, handlesAlerts=true, hasTouchScreen=false, version=60.0.3112.113, platform=XP, browserConnectionEnabled=false, nativeEvents=true, acceptSslCerts=true, locationContextEnabled=true, webStorageEnabled=true, browserName=chrome, takesScreenshot=true, javascriptEnabled=true, cssSelectorsEnabled=true, unexpectedAlertBehaviour=}]
Session ID: e3027f15659b2fb83db1312226e4883a
	at sun.reflect.NativeConstructorAccessorImpl.newInstance0(Native Method)
	at sun.reflect.NativeConstructorAccessorImpl.newInstance(NativeConstructorAccessorImpl.java:62)
	at sun.reflect.DelegatingConstructorAccessorImpl.newInstance(DelegatingConstructorAccessorImpl.java:45)
	at java.lang.reflect.Constructor.newInstance(Constructor.java:423)
	at org.openqa.selenium.remote.ErrorHandler.createThrowable(ErrorHandler.java:206)
	at org.openqa.selenium.remote.ErrorHandler.throwIfResponseFailed(ErrorHandler.java:158)
	at org.openqa.selenium.remote.RemoteWebDriver.execute(RemoteWebDriver.java:678)
	at org.openqa.selenium.remote.RemoteWebElement.execute(RemoteWebElement.java:327)
	at org.openqa.selenium.remote.RemoteWebElement.click(RemoteWebElement.java:85)
	at sun.reflect.GeneratedMethodAccessor3.invoke(Unknown Source)
	at sun.reflect.DelegatingMethodAccessorImpl.invoke(DelegatingMethodAccessorImpl.java:43)
	at java.lang.reflect.Method.invoke(Method.java:498)
	at org.openqa.selenium.support.pagefactory.internal.LocatingElementHandler.invoke(LocatingElementHandler.java:51)
	at com.sun.proxy.$Proxy7.click(Unknown Source)
	at OpcoUserActions.GDSP_OpcoGUI_067.selectactiononSIMs(GDSP_OpcoGUI_067.java:123)
	at OpcoUserActions.GDSP_OpcoGUI_067_IMPCLASS.TC_067(GDSP_OpcoGUI_067_IMPCLASS.java:51)
	at sun.reflect.NativeMethodAccessorImpl.invoke0(Native Method)
	at sun.reflect.NativeMethodAccessorImpl.invoke(NativeMethodAccessorImpl.java:62)
	at sun.reflect.DelegatingMethodAccessorImpl.invoke(DelegatingMethodAccessorImpl.java:43)
	at java.lang.reflect.Method.invoke(Method.java:498)
	at org.testng.internal.MethodInvocationHelper.invokeMethod(MethodInvocationHelper.java:86)
	at org.testng.internal.Invoker.invokeMethod(Invoker.java:643)
	at org.testng.internal.Invoker.invokeTestMethod(Invoker.java:820)
	at org.testng.internal.Invoker.invokeTestMethods(Invoker.java:1128)
	at org.testng.internal.TestMethodWorker.invokeTestMethods(TestMethodWorker.java:129)
	at org.testng.internal.TestMethodWorker.run(TestMethodWorker.java:112)
	at org.testng.TestRunner.privateRun(TestRunner.java:782)
	at org.testng.TestRunner.run(TestRunner.java:632)
	at org.testng.SuiteRunner.runTest(SuiteRunner.java:366)
	at org.testng.SuiteRunner.runSequentially(SuiteRunner.java:361)
	at org.testng.SuiteRunner.privateRun(SuiteRunner.java:319)
	at org.testng.SuiteRunner.run(SuiteRunner.java:268)
	at org.testng.SuiteRunnerWorker.runSuite(SuiteRunnerWorker.java:52)
	at org.testng.SuiteRunnerWorker.run(SuiteRunnerWorker.java:86)
	at org.testng.TestNG.runSuitesSequentially(TestNG.java:1244)
	at org.testng.TestNG.runSuitesLocally(TestNG.java:1169)
	at org.testng.TestNG.run(TestNG.java:1064)
	at genericLibrary.CreateTestngXML.main(CreateTestngXML.java:90)
</pre></div></td>
<td>323</td>
<td>OpcoUserActions.GDSP_OpcoGUI_067_IMPCLASS@61230f6a</td></tr>
<tr>
<td title='OpcoUserActions.GDSP_OpcoGUI_072_IMPCLASS.TC_072()'><b>TC_072</b><br>Test class: OpcoUserActions.GDSP_OpcoGUI_072_IMPCLASS<br>Parameters: {Order=1.0, Script=GDSPOpco, SIMID=210000000502004, TC_ID=GDSP_072, Execute=Y, OPCOCODE=opcoindia, ACTIONNAME=Prepare Transformation, TC_DESC=ManageSIM_SIM_Prepare Transformation}</td>
<td><div><pre>org.openqa.selenium.TimeoutException: timeout: cannot determine loading status
from timeout: Timed out receiving message from renderer: -0.028
  (Session info: chrome=60.0.3112.113)
  (Driver info: chromedriver=2.28.455520 (cc17746adff54984afff480136733114c6b3704b),platform=Windows NT 6.1.7601 SP1 x86_64) (WARNING: The server did not provide any stacktrace information)
Command duration or timeout: 300.12 seconds
Build info: version: &apos;2.53.0&apos;, revision: &apos;35ae25b1534ae328c771e0856c93e187490ca824&apos;, time: &apos;2016-03-15 10:43:46&apos;
System info: host: &apos;INL-1ZDLPF2&apos;, ip: &apos;10.155.22.83&apos;, os.name: &apos;Windows 7&apos;, os.arch: &apos;amd64&apos;, os.version: &apos;6.1&apos;, java.version: &apos;1.8.0_102&apos;
Driver info: org.openqa.selenium.chrome.ChromeDriver
Capabilities [{applicationCacheEnabled=false, rotatable=false, mobileEmulationEnabled=false, networkConnectionEnabled=false, chrome={chromedriverVersion=2.28.455520 (cc17746adff54984afff480136733114c6b3704b), userDataDir=C:\Users\ARABIN~1.SAM\AppData\Local\Temp\scoped_dir12252_21707}, takesHeapSnapshot=true, pageLoadStrategy=normal, databaseEnabled=false, handlesAlerts=true, hasTouchScreen=false, version=60.0.3112.113, platform=XP, browserConnectionEnabled=false, nativeEvents=true, acceptSslCerts=true, locationContextEnabled=true, webStorageEnabled=true, browserName=chrome, takesScreenshot=true, javascriptEnabled=true, cssSelectorsEnabled=true, unexpectedAlertBehaviour=}]
Session ID: 96a39d2086d1469f6e1a235c683cb8cd
	at org.openqa.selenium.remote.ErrorHandler.createThrowable(ErrorHandler.java:206)
	at org.openqa.selenium.remote.ErrorHandler.throwIfResponseFailed(ErrorHandler.java:158)
	at org.openqa.selenium.remote.RemoteWebDriver.execute(RemoteWebDriver.java:678)
	at org.openqa.selenium.remote.RemoteWebElement.execute(RemoteWebElement.java:327)
	at org.openqa.selenium.remote.RemoteWebElement.click(RemoteWebElement.java:85)
	at org.openqa.selenium.support.pagefactory.internal.LocatingElementHandler.invoke(LocatingElementHandler.java:51)
	at com.sun.proxy.$Proxy7.click(Unknown Source)
	at OpcoUserActions.GDSP_OpcoGUI_072.selectactiononSIMs(GDSP_OpcoGUI_072.java:102)
	at OpcoUserActions.GDSP_OpcoGUI_072_IMPCLASS.TC_072(GDSP_OpcoGUI_072_IMPCLASS.java:50)
	at genericLibrary.CreateTestngXML.main(CreateTestngXML.java:90)
... Removed 28 stack frames</pre></div><a href='#' onClick='toggleBox("stack-trace1725548614", this, "Click to show all stack frames", "Click to hide stack frames")'>Click to show all stack frames</a>
<div class='stack-trace' id='stack-trace1725548614'><pre>org.openqa.selenium.TimeoutException: timeout: cannot determine loading status
from timeout: Timed out receiving message from renderer: -0.028
  (Session info: chrome=60.0.3112.113)
  (Driver info: chromedriver=2.28.455520 (cc17746adff54984afff480136733114c6b3704b),platform=Windows NT 6.1.7601 SP1 x86_64) (WARNING: The server did not provide any stacktrace information)
Command duration or timeout: 300.12 seconds
Build info: version: &apos;2.53.0&apos;, revision: &apos;35ae25b1534ae328c771e0856c93e187490ca824&apos;, time: &apos;2016-03-15 10:43:46&apos;
System info: host: &apos;INL-1ZDLPF2&apos;, ip: &apos;10.155.22.83&apos;, os.name: &apos;Windows 7&apos;, os.arch: &apos;amd64&apos;, os.version: &apos;6.1&apos;, java.version: &apos;1.8.0_102&apos;
Driver info: org.openqa.selenium.chrome.ChromeDriver
Capabilities [{applicationCacheEnabled=false, rotatable=false, mobileEmulationEnabled=false, networkConnectionEnabled=false, chrome={chromedriverVersion=2.28.455520 (cc17746adff54984afff480136733114c6b3704b), userDataDir=C:\Users\ARABIN~1.SAM\AppData\Local\Temp\scoped_dir12252_21707}, takesHeapSnapshot=true, pageLoadStrategy=normal, databaseEnabled=false, handlesAlerts=true, hasTouchScreen=false, version=60.0.3112.113, platform=XP, browserConnectionEnabled=false, nativeEvents=true, acceptSslCerts=true, locationContextEnabled=true, webStorageEnabled=true, browserName=chrome, takesScreenshot=true, javascriptEnabled=true, cssSelectorsEnabled=true, unexpectedAlertBehaviour=}]
Session ID: 96a39d2086d1469f6e1a235c683cb8cd
	at sun.reflect.NativeConstructorAccessorImpl.newInstance0(Native Method)
	at sun.reflect.NativeConstructorAccessorImpl.newInstance(NativeConstructorAccessorImpl.java:62)
	at sun.reflect.DelegatingConstructorAccessorImpl.newInstance(DelegatingConstructorAccessorImpl.java:45)
	at java.lang.reflect.Constructor.newInstance(Constructor.java:423)
	at org.openqa.selenium.remote.ErrorHandler.createThrowable(ErrorHandler.java:206)
	at org.openqa.selenium.remote.ErrorHandler.throwIfResponseFailed(ErrorHandler.java:158)
	at org.openqa.selenium.remote.RemoteWebDriver.execute(RemoteWebDriver.java:678)
	at org.openqa.selenium.remote.RemoteWebElement.execute(RemoteWebElement.java:327)
	at org.openqa.selenium.remote.RemoteWebElement.click(RemoteWebElement.java:85)
	at sun.reflect.GeneratedMethodAccessor3.invoke(Unknown Source)
	at sun.reflect.DelegatingMethodAccessorImpl.invoke(DelegatingMethodAccessorImpl.java:43)
	at java.lang.reflect.Method.invoke(Method.java:498)
	at org.openqa.selenium.support.pagefactory.internal.LocatingElementHandler.invoke(LocatingElementHandler.java:51)
	at com.sun.proxy.$Proxy7.click(Unknown Source)
	at OpcoUserActions.GDSP_OpcoGUI_072.selectactiononSIMs(GDSP_OpcoGUI_072.java:102)
	at OpcoUserActions.GDSP_OpcoGUI_072_IMPCLASS.TC_072(GDSP_OpcoGUI_072_IMPCLASS.java:50)
	at sun.reflect.NativeMethodAccessorImpl.invoke0(Native Method)
	at sun.reflect.NativeMethodAccessorImpl.invoke(NativeMethodAccessorImpl.java:62)
	at sun.reflect.DelegatingMethodAccessorImpl.invoke(DelegatingMethodAccessorImpl.java:43)
	at java.lang.reflect.Method.invoke(Method.java:498)
	at org.testng.internal.MethodInvocationHelper.invokeMethod(MethodInvocationHelper.java:86)
	at org.testng.internal.Invoker.invokeMethod(Invoker.java:643)
	at org.testng.internal.Invoker.invokeTestMethod(Invoker.java:820)
	at org.testng.internal.Invoker.invokeTestMethods(Invoker.java:1128)
	at org.testng.internal.TestMethodWorker.invokeTestMethods(TestMethodWorker.java:129)
	at org.testng.internal.TestMethodWorker.run(TestMethodWorker.java:112)
	at org.testng.TestRunner.privateRun(TestRunner.java:782)
	at org.testng.TestRunner.run(TestRunner.java:632)
	at org.testng.SuiteRunner.runTest(SuiteRunner.java:366)
	at org.testng.SuiteRunner.runSequentially(SuiteRunner.java:361)
	at org.testng.SuiteRunner.privateRun(SuiteRunner.java:319)
	at org.testng.SuiteRunner.run(SuiteRunner.java:268)
	at org.testng.SuiteRunnerWorker.runSuite(SuiteRunnerWorker.java:52)
	at org.testng.SuiteRunnerWorker.run(SuiteRunnerWorker.java:86)
	at org.testng.TestNG.runSuitesSequentially(TestNG.java:1244)
	at org.testng.TestNG.runSuitesLocally(TestNG.java:1169)
	at org.testng.TestNG.run(TestNG.java:1064)
	at genericLibrary.CreateTestngXML.main(CreateTestngXML.java:90)
</pre></div></td>
<td>326</td>
<td>OpcoUserActions.GDSP_OpcoGUI_072_IMPCLASS@cd3fee8</td></tr>
<tr>
<td title='OpcoUserActions.GDSP_OpcoGUI_073_IMPCLASS.TC_073()'><b>TC_073</b><br>Test class: OpcoUserActions.GDSP_OpcoGUI_073_IMPCLASS<br>Parameters: {Order=1.0, Script=GDSPOpco, SIMID=210000000502004, TC_ID=GDSP_073, Execute=Y, ACTIONNAME=Execute Transformation, TC_DESC=ManageSIM_SIM_Execute Transformation}</td>
<td><div><pre>org.openqa.selenium.TimeoutException: timeout: cannot determine loading status
from timeout: Timed out receiving message from renderer: -0.017
  (Session info: chrome=60.0.3112.113)
  (Driver info: chromedriver=2.28.455520 (cc17746adff54984afff480136733114c6b3704b),platform=Windows NT 6.1.7601 SP1 x86_64) (WARNING: The server did not provide any stacktrace information)
Command duration or timeout: 300.11 seconds
Build info: version: &apos;2.53.0&apos;, revision: &apos;35ae25b1534ae328c771e0856c93e187490ca824&apos;, time: &apos;2016-03-15 10:43:46&apos;
System info: host: &apos;INL-1ZDLPF2&apos;, ip: &apos;10.155.22.83&apos;, os.name: &apos;Windows 7&apos;, os.arch: &apos;amd64&apos;, os.version: &apos;6.1&apos;, java.version: &apos;1.8.0_102&apos;
Driver info: org.openqa.selenium.chrome.ChromeDriver
Capabilities [{applicationCacheEnabled=false, rotatable=false, mobileEmulationEnabled=false, networkConnectionEnabled=false, chrome={chromedriverVersion=2.28.455520 (cc17746adff54984afff480136733114c6b3704b), userDataDir=C:\Users\ARABIN~1.SAM\AppData\Local\Temp\scoped_dir12964_1421}, takesHeapSnapshot=true, pageLoadStrategy=normal, databaseEnabled=false, handlesAlerts=true, hasTouchScreen=false, version=60.0.3112.113, platform=XP, browserConnectionEnabled=false, nativeEvents=true, acceptSslCerts=true, locationContextEnabled=true, webStorageEnabled=true, browserName=chrome, takesScreenshot=true, javascriptEnabled=true, cssSelectorsEnabled=true, unexpectedAlertBehaviour=}]
Session ID: ef5bc64daa6efb08ed4fdd43df0fcd0b
	at org.openqa.selenium.remote.ErrorHandler.createThrowable(ErrorHandler.java:206)
	at org.openqa.selenium.remote.ErrorHandler.throwIfResponseFailed(ErrorHandler.java:158)
	at org.openqa.selenium.remote.RemoteWebDriver.execute(RemoteWebDriver.java:678)
	at org.openqa.selenium.remote.RemoteWebElement.execute(RemoteWebElement.java:327)
	at org.openqa.selenium.remote.RemoteWebElement.click(RemoteWebElement.java:85)
	at org.openqa.selenium.support.pagefactory.internal.LocatingElementHandler.invoke(LocatingElementHandler.java:51)
	at com.sun.proxy.$Proxy7.click(Unknown Source)
	at OpcoUserActions.GDSP_OpcoGUI_073.selectactiononSIMs(GDSP_OpcoGUI_073.java:100)
	at OpcoUserActions.GDSP_OpcoGUI_073_IMPCLASS.TC_073(GDSP_OpcoGUI_073_IMPCLASS.java:50)
	at genericLibrary.CreateTestngXML.main(CreateTestngXML.java:90)
... Removed 28 stack frames</pre></div><a href='#' onClick='toggleBox("stack-trace497164700", this, "Click to show all stack frames", "Click to hide stack frames")'>Click to show all stack frames</a>
<div class='stack-trace' id='stack-trace497164700'><pre>org.openqa.selenium.TimeoutException: timeout: cannot determine loading status
from timeout: Timed out receiving message from renderer: -0.017
  (Session info: chrome=60.0.3112.113)
  (Driver info: chromedriver=2.28.455520 (cc17746adff54984afff480136733114c6b3704b),platform=Windows NT 6.1.7601 SP1 x86_64) (WARNING: The server did not provide any stacktrace information)
Command duration or timeout: 300.11 seconds
Build info: version: &apos;2.53.0&apos;, revision: &apos;35ae25b1534ae328c771e0856c93e187490ca824&apos;, time: &apos;2016-03-15 10:43:46&apos;
System info: host: &apos;INL-1ZDLPF2&apos;, ip: &apos;10.155.22.83&apos;, os.name: &apos;Windows 7&apos;, os.arch: &apos;amd64&apos;, os.version: &apos;6.1&apos;, java.version: &apos;1.8.0_102&apos;
Driver info: org.openqa.selenium.chrome.ChromeDriver
Capabilities [{applicationCacheEnabled=false, rotatable=false, mobileEmulationEnabled=false, networkConnectionEnabled=false, chrome={chromedriverVersion=2.28.455520 (cc17746adff54984afff480136733114c6b3704b), userDataDir=C:\Users\ARABIN~1.SAM\AppData\Local\Temp\scoped_dir12964_1421}, takesHeapSnapshot=true, pageLoadStrategy=normal, databaseEnabled=false, handlesAlerts=true, hasTouchScreen=false, version=60.0.3112.113, platform=XP, browserConnectionEnabled=false, nativeEvents=true, acceptSslCerts=true, locationContextEnabled=true, webStorageEnabled=true, browserName=chrome, takesScreenshot=true, javascriptEnabled=true, cssSelectorsEnabled=true, unexpectedAlertBehaviour=}]
Session ID: ef5bc64daa6efb08ed4fdd43df0fcd0b
	at sun.reflect.NativeConstructorAccessorImpl.newInstance0(Native Method)
	at sun.reflect.NativeConstructorAccessorImpl.newInstance(NativeConstructorAccessorImpl.java:62)
	at sun.reflect.DelegatingConstructorAccessorImpl.newInstance(DelegatingConstructorAccessorImpl.java:45)
	at java.lang.reflect.Constructor.newInstance(Constructor.java:423)
	at org.openqa.selenium.remote.ErrorHandler.createThrowable(ErrorHandler.java:206)
	at org.openqa.selenium.remote.ErrorHandler.throwIfResponseFailed(ErrorHandler.java:158)
	at org.openqa.selenium.remote.RemoteWebDriver.execute(RemoteWebDriver.java:678)
	at org.openqa.selenium.remote.RemoteWebElement.execute(RemoteWebElement.java:327)
	at org.openqa.selenium.remote.RemoteWebElement.click(RemoteWebElement.java:85)
	at sun.reflect.GeneratedMethodAccessor3.invoke(Unknown Source)
	at sun.reflect.DelegatingMethodAccessorImpl.invoke(DelegatingMethodAccessorImpl.java:43)
	at java.lang.reflect.Method.invoke(Method.java:498)
	at org.openqa.selenium.support.pagefactory.internal.LocatingElementHandler.invoke(LocatingElementHandler.java:51)
	at com.sun.proxy.$Proxy7.click(Unknown Source)
	at OpcoUserActions.GDSP_OpcoGUI_073.selectactiononSIMs(GDSP_OpcoGUI_073.java:100)
	at OpcoUserActions.GDSP_OpcoGUI_073_IMPCLASS.TC_073(GDSP_OpcoGUI_073_IMPCLASS.java:50)
	at sun.reflect.NativeMethodAccessorImpl.invoke0(Native Method)
	at sun.reflect.NativeMethodAccessorImpl.invoke(NativeMethodAccessorImpl.java:62)
	at sun.reflect.DelegatingMethodAccessorImpl.invoke(DelegatingMethodAccessorImpl.java:43)
	at java.lang.reflect.Method.invoke(Method.java:498)
	at org.testng.internal.MethodInvocationHelper.invokeMethod(MethodInvocationHelper.java:86)
	at org.testng.internal.Invoker.invokeMethod(Invoker.java:643)
	at org.testng.internal.Invoker.invokeTestMethod(Invoker.java:820)
	at org.testng.internal.Invoker.invokeTestMethods(Invoker.java:1128)
	at org.testng.internal.TestMethodWorker.invokeTestMethods(TestMethodWorker.java:129)
	at org.testng.internal.TestMethodWorker.run(TestMethodWorker.java:112)
	at org.testng.TestRunner.privateRun(TestRunner.java:782)
	at org.testng.TestRunner.run(TestRunner.java:632)
	at org.testng.SuiteRunner.runTest(SuiteRunner.java:366)
	at org.testng.SuiteRunner.runSequentially(SuiteRunner.java:361)
	at org.testng.SuiteRunner.privateRun(SuiteRunner.java:319)
	at org.testng.SuiteRunner.run(SuiteRunner.java:268)
	at org.testng.SuiteRunnerWorker.runSuite(SuiteRunnerWorker.java:52)
	at org.testng.SuiteRunnerWorker.run(SuiteRunnerWorker.java:86)
	at org.testng.TestNG.runSuitesSequentially(TestNG.java:1244)
	at org.testng.TestNG.runSuitesLocally(TestNG.java:1169)
	at org.testng.TestNG.run(TestNG.java:1064)
	at genericLibrary.CreateTestngXML.main(CreateTestngXML.java:90)
</pre></div></td>
<td>327</td>
<td>OpcoUserActions.GDSP_OpcoGUI_073_IMPCLASS@3e2e18f2</td></tr>
<tr>
<td title='OpcoUserActions.GDSP_OpcoGUI_077_IMPCLASS.TC_077()'><b>TC_077</b><br>Test class: OpcoUserActions.GDSP_OpcoGUI_077_IMPCLASS<br>Parameters: {Order=1.0, Script=GDSPOpco, SIMID=210000000502002, TC_ID=GDSP_077, Execute=Y, TC_DESC=ManageSIM_SIM_SimDetailsPopup_SIM history}</td>
<td><div><pre>org.openqa.selenium.NoSuchElementException: no such element: Unable to locate element: {&quot;method&quot;:&quot;xpath&quot;,&quot;selector&quot;:&quot;//a[contains(@href,&apos;popup_sim_history.htm?&apos;)]&quot;}
  (Session info: chrome=60.0.3112.113)
  (Driver info: chromedriver=2.28.455520 (cc17746adff54984afff480136733114c6b3704b),platform=Windows NT 6.1.7601 SP1 x86_64) (WARNING: The server did not provide any stacktrace information)
Command duration or timeout: 24 milliseconds
For documentation on this error, please visit: http://seleniumhq.org/exceptions/no_such_element.html
Build info: version: &apos;2.53.0&apos;, revision: &apos;35ae25b1534ae328c771e0856c93e187490ca824&apos;, time: &apos;2016-03-15 10:43:46&apos;
System info: host: &apos;INL-1ZDLPF2&apos;, ip: &apos;10.155.22.83&apos;, os.name: &apos;Windows 7&apos;, os.arch: &apos;amd64&apos;, os.version: &apos;6.1&apos;, java.version: &apos;1.8.0_102&apos;
Driver info: org.openqa.selenium.chrome.ChromeDriver
Capabilities [{applicationCacheEnabled=false, rotatable=false, mobileEmulationEnabled=false, networkConnectionEnabled=false, chrome={chromedriverVersion=2.28.455520 (cc17746adff54984afff480136733114c6b3704b), userDataDir=C:\Users\ARABIN~1.SAM\AppData\Local\Temp\scoped_dir5072_3567}, takesHeapSnapshot=true, pageLoadStrategy=normal, databaseEnabled=false, handlesAlerts=true, hasTouchScreen=false, version=60.0.3112.113, platform=XP, browserConnectionEnabled=false, nativeEvents=true, acceptSslCerts=true, locationContextEnabled=true, webStorageEnabled=true, browserName=chrome, takesScreenshot=true, javascriptEnabled=true, cssSelectorsEnabled=true, unexpectedAlertBehaviour=}]
Session ID: 07596397230f67d304e4f5b80cc99901
*** Element info: {Using=xpath, value=//a[contains(@href,&apos;popup_sim_history.htm?&apos;)]}
	at org.openqa.selenium.remote.ErrorHandler.createThrowable(ErrorHandler.java:206)
	at org.openqa.selenium.remote.ErrorHandler.throwIfResponseFailed(ErrorHandler.java:158)
	at org.openqa.selenium.remote.RemoteWebDriver.execute(RemoteWebDriver.java:678)
	at org.openqa.selenium.remote.RemoteWebDriver.findElement(RemoteWebDriver.java:363)
	at org.openqa.selenium.remote.RemoteWebDriver.findElementByXPath(RemoteWebDriver.java:500)
	at org.openqa.selenium.By$ByXPath.findElement(By.java:361)
	at org.openqa.selenium.remote.RemoteWebDriver.findElement(RemoteWebDriver.java:355)
	at org.openqa.selenium.support.pagefactory.DefaultElementLocator.findElement(DefaultElementLocator.java:69)
	at org.openqa.selenium.support.pagefactory.internal.LocatingElementHandler.invoke(LocatingElementHandler.java:38)
	at com.sun.proxy.$Proxy7.click(Unknown Source)
	at OpcoUserActions.GDSP_OpcoGUI_077.selectactiononSIMs(GDSP_OpcoGUI_077.java:100)
	at OpcoUserActions.GDSP_OpcoGUI_077_IMPCLASS.TC_077(GDSP_OpcoGUI_077_IMPCLASS.java:46)
	at genericLibrary.CreateTestngXML.main(CreateTestngXML.java:90)
... Removed 24 stack frames</pre></div><a href='#' onClick='toggleBox("stack-trace1379715252", this, "Click to show all stack frames", "Click to hide stack frames")'>Click to show all stack frames</a>
<div class='stack-trace' id='stack-trace1379715252'><pre>org.openqa.selenium.NoSuchElementException: no such element: Unable to locate element: {&quot;method&quot;:&quot;xpath&quot;,&quot;selector&quot;:&quot;//a[contains(@href,&apos;popup_sim_history.htm?&apos;)]&quot;}
  (Session info: chrome=60.0.3112.113)
  (Driver info: chromedriver=2.28.455520 (cc17746adff54984afff480136733114c6b3704b),platform=Windows NT 6.1.7601 SP1 x86_64) (WARNING: The server did not provide any stacktrace information)
Command duration or timeout: 24 milliseconds
For documentation on this error, please visit: http://seleniumhq.org/exceptions/no_such_element.html
Build info: version: &apos;2.53.0&apos;, revision: &apos;35ae25b1534ae328c771e0856c93e187490ca824&apos;, time: &apos;2016-03-15 10:43:46&apos;
System info: host: &apos;INL-1ZDLPF2&apos;, ip: &apos;10.155.22.83&apos;, os.name: &apos;Windows 7&apos;, os.arch: &apos;amd64&apos;, os.version: &apos;6.1&apos;, java.version: &apos;1.8.0_102&apos;
Driver info: org.openqa.selenium.chrome.ChromeDriver
Capabilities [{applicationCacheEnabled=false, rotatable=false, mobileEmulationEnabled=false, networkConnectionEnabled=false, chrome={chromedriverVersion=2.28.455520 (cc17746adff54984afff480136733114c6b3704b), userDataDir=C:\Users\ARABIN~1.SAM\AppData\Local\Temp\scoped_dir5072_3567}, takesHeapSnapshot=true, pageLoadStrategy=normal, databaseEnabled=false, handlesAlerts=true, hasTouchScreen=false, version=60.0.3112.113, platform=XP, browserConnectionEnabled=false, nativeEvents=true, acceptSslCerts=true, locationContextEnabled=true, webStorageEnabled=true, browserName=chrome, takesScreenshot=true, javascriptEnabled=true, cssSelectorsEnabled=true, unexpectedAlertBehaviour=}]
Session ID: 07596397230f67d304e4f5b80cc99901
*** Element info: {Using=xpath, value=//a[contains(@href,&apos;popup_sim_history.htm?&apos;)]}
	at sun.reflect.GeneratedConstructorAccessor51.newInstance(Unknown Source)
	at sun.reflect.DelegatingConstructorAccessorImpl.newInstance(DelegatingConstructorAccessorImpl.java:45)
	at java.lang.reflect.Constructor.newInstance(Constructor.java:423)
	at org.openqa.selenium.remote.ErrorHandler.createThrowable(ErrorHandler.java:206)
	at org.openqa.selenium.remote.ErrorHandler.throwIfResponseFailed(ErrorHandler.java:158)
	at org.openqa.selenium.remote.RemoteWebDriver.execute(RemoteWebDriver.java:678)
	at org.openqa.selenium.remote.RemoteWebDriver.findElement(RemoteWebDriver.java:363)
	at org.openqa.selenium.remote.RemoteWebDriver.findElementByXPath(RemoteWebDriver.java:500)
	at org.openqa.selenium.By$ByXPath.findElement(By.java:361)
	at org.openqa.selenium.remote.RemoteWebDriver.findElement(RemoteWebDriver.java:355)
	at org.openqa.selenium.support.pagefactory.DefaultElementLocator.findElement(DefaultElementLocator.java:69)
	at org.openqa.selenium.support.pagefactory.internal.LocatingElementHandler.invoke(LocatingElementHandler.java:38)
	at com.sun.proxy.$Proxy7.click(Unknown Source)
	at OpcoUserActions.GDSP_OpcoGUI_077.selectactiononSIMs(GDSP_OpcoGUI_077.java:100)
	at OpcoUserActions.GDSP_OpcoGUI_077_IMPCLASS.TC_077(GDSP_OpcoGUI_077_IMPCLASS.java:46)
	at sun.reflect.NativeMethodAccessorImpl.invoke0(Native Method)
	at sun.reflect.NativeMethodAccessorImpl.invoke(NativeMethodAccessorImpl.java:62)
	at sun.reflect.DelegatingMethodAccessorImpl.invoke(DelegatingMethodAccessorImpl.java:43)
	at java.lang.reflect.Method.invoke(Method.java:498)
	at org.testng.internal.MethodInvocationHelper.invokeMethod(MethodInvocationHelper.java:86)
	at org.testng.internal.Invoker.invokeMethod(Invoker.java:643)
	at org.testng.internal.Invoker.invokeTestMethod(Invoker.java:820)
	at org.testng.internal.Invoker.invokeTestMethods(Invoker.java:1128)
	at org.testng.internal.TestMethodWorker.invokeTestMethods(TestMethodWorker.java:129)
	at org.testng.internal.TestMethodWorker.run(TestMethodWorker.java:112)
	at org.testng.TestRunner.privateRun(TestRunner.java:782)
	at org.testng.TestRunner.run(TestRunner.java:632)
	at org.testng.SuiteRunner.runTest(SuiteRunner.java:366)
	at org.testng.SuiteRunner.runSequentially(SuiteRunner.java:361)
	at org.testng.SuiteRunner.privateRun(SuiteRunner.java:319)
	at org.testng.SuiteRunner.run(SuiteRunner.java:268)
	at org.testng.SuiteRunnerWorker.runSuite(SuiteRunnerWorker.java:52)
	at org.testng.SuiteRunnerWorker.run(SuiteRunnerWorker.java:86)
	at org.testng.TestNG.runSuitesSequentially(TestNG.java:1244)
	at org.testng.TestNG.runSuitesLocally(TestNG.java:1169)
	at org.testng.TestNG.run(TestNG.java:1064)
	at genericLibrary.CreateTestngXML.main(CreateTestngXML.java:90)
</pre></div></td>
<td>20</td>
<td>OpcoUserActions.GDSP_OpcoGUI_077_IMPCLASS@3e92efc3</td></tr>
<tr>
<td title='OpcoUserActions.GDSP_OpcoGUI_078_IMPCLASS.TC_078()'><b>TC_078</b><br>Test class: OpcoUserActions.GDSP_OpcoGUI_078_IMPCLASS<br>Parameters: {Order=1.0, Script=GDSPOpco, SIMID=210000000502002, TC_ID=GDSP_078, Execute=Y, TC_DESC=ManageSIM_SIM_SimDetailsPopup_Provisioning History}</td>
<td><div><pre>org.openqa.selenium.NoSuchElementException: no such element: Unable to locate element: {&quot;method&quot;:&quot;name&quot;,&quot;selector&quot;:&quot;login.userId&quot;}
  (Session info: chrome=60.0.3112.113)
  (Driver info: chromedriver=2.28.455520 (cc17746adff54984afff480136733114c6b3704b),platform=Windows NT 6.1.7601 SP1 x86_64) (WARNING: The server did not provide any stacktrace information)
Command duration or timeout: 36 milliseconds
For documentation on this error, please visit: http://seleniumhq.org/exceptions/no_such_element.html
Build info: version: &apos;2.53.0&apos;, revision: &apos;35ae25b1534ae328c771e0856c93e187490ca824&apos;, time: &apos;2016-03-15 10:43:46&apos;
System info: host: &apos;INL-1ZDLPF2&apos;, ip: &apos;10.155.22.83&apos;, os.name: &apos;Windows 7&apos;, os.arch: &apos;amd64&apos;, os.version: &apos;6.1&apos;, java.version: &apos;1.8.0_102&apos;
Driver info: org.openqa.selenium.chrome.ChromeDriver
Capabilities [{applicationCacheEnabled=false, rotatable=false, mobileEmulationEnabled=false, networkConnectionEnabled=false, chrome={chromedriverVersion=2.28.455520 (cc17746adff54984afff480136733114c6b3704b), userDataDir=C:\Users\ARABIN~1.SAM\AppData\Local\Temp\scoped_dir9588_32679}, takesHeapSnapshot=true, pageLoadStrategy=normal, databaseEnabled=false, handlesAlerts=true, hasTouchScreen=false, version=60.0.3112.113, platform=XP, browserConnectionEnabled=false, nativeEvents=true, acceptSslCerts=true, locationContextEnabled=true, webStorageEnabled=true, browserName=chrome, takesScreenshot=true, javascriptEnabled=true, cssSelectorsEnabled=true, unexpectedAlertBehaviour=}]
Session ID: 883e5c4eb7db92c89c9508e19934334a
*** Element info: {Using=name, value=login.userId}
	at org.openqa.selenium.remote.ErrorHandler.createThrowable(ErrorHandler.java:206)
	at org.openqa.selenium.remote.ErrorHandler.throwIfResponseFailed(ErrorHandler.java:158)
	at org.openqa.selenium.remote.RemoteWebDriver.execute(RemoteWebDriver.java:678)
	at org.openqa.selenium.remote.RemoteWebDriver.findElement(RemoteWebDriver.java:363)
	at org.openqa.selenium.remote.RemoteWebDriver.findElementByName(RemoteWebDriver.java:461)
	at org.openqa.selenium.By$ByName.findElement(By.java:303)
	at org.openqa.selenium.remote.RemoteWebDriver.findElement(RemoteWebDriver.java:355)
	at org.openqa.selenium.support.pagefactory.DefaultElementLocator.findElement(DefaultElementLocator.java:69)
	at org.openqa.selenium.support.pagefactory.internal.LocatingElementHandler.invoke(LocatingElementHandler.java:38)
	at com.sun.proxy.$Proxy7.sendKeys(Unknown Source)
	at OpcoUserActions.GDSP_OpcoGUI_078.login(GDSP_OpcoGUI_078.java:76)
	at OpcoUserActions.GDSP_OpcoGUI_078_IMPCLASS.TC_078(GDSP_OpcoGUI_078_IMPCLASS.java:44)
	at genericLibrary.CreateTestngXML.main(CreateTestngXML.java:90)
... Removed 24 stack frames</pre></div><a href='#' onClick='toggleBox("stack-trace766452561", this, "Click to show all stack frames", "Click to hide stack frames")'>Click to show all stack frames</a>
<div class='stack-trace' id='stack-trace766452561'><pre>org.openqa.selenium.NoSuchElementException: no such element: Unable to locate element: {&quot;method&quot;:&quot;name&quot;,&quot;selector&quot;:&quot;login.userId&quot;}
  (Session info: chrome=60.0.3112.113)
  (Driver info: chromedriver=2.28.455520 (cc17746adff54984afff480136733114c6b3704b),platform=Windows NT 6.1.7601 SP1 x86_64) (WARNING: The server did not provide any stacktrace information)
Command duration or timeout: 36 milliseconds
For documentation on this error, please visit: http://seleniumhq.org/exceptions/no_such_element.html
Build info: version: &apos;2.53.0&apos;, revision: &apos;35ae25b1534ae328c771e0856c93e187490ca824&apos;, time: &apos;2016-03-15 10:43:46&apos;
System info: host: &apos;INL-1ZDLPF2&apos;, ip: &apos;10.155.22.83&apos;, os.name: &apos;Windows 7&apos;, os.arch: &apos;amd64&apos;, os.version: &apos;6.1&apos;, java.version: &apos;1.8.0_102&apos;
Driver info: org.openqa.selenium.chrome.ChromeDriver
Capabilities [{applicationCacheEnabled=false, rotatable=false, mobileEmulationEnabled=false, networkConnectionEnabled=false, chrome={chromedriverVersion=2.28.455520 (cc17746adff54984afff480136733114c6b3704b), userDataDir=C:\Users\ARABIN~1.SAM\AppData\Local\Temp\scoped_dir9588_32679}, takesHeapSnapshot=true, pageLoadStrategy=normal, databaseEnabled=false, handlesAlerts=true, hasTouchScreen=false, version=60.0.3112.113, platform=XP, browserConnectionEnabled=false, nativeEvents=true, acceptSslCerts=true, locationContextEnabled=true, webStorageEnabled=true, browserName=chrome, takesScreenshot=true, javascriptEnabled=true, cssSelectorsEnabled=true, unexpectedAlertBehaviour=}]
Session ID: 883e5c4eb7db92c89c9508e19934334a
*** Element info: {Using=name, value=login.userId}
	at sun.reflect.GeneratedConstructorAccessor51.newInstance(Unknown Source)
	at sun.reflect.DelegatingConstructorAccessorImpl.newInstance(DelegatingConstructorAccessorImpl.java:45)
	at java.lang.reflect.Constructor.newInstance(Constructor.java:423)
	at org.openqa.selenium.remote.ErrorHandler.createThrowable(ErrorHandler.java:206)
	at org.openqa.selenium.remote.ErrorHandler.throwIfResponseFailed(ErrorHandler.java:158)
	at org.openqa.selenium.remote.RemoteWebDriver.execute(RemoteWebDriver.java:678)
	at org.openqa.selenium.remote.RemoteWebDriver.findElement(RemoteWebDriver.java:363)
	at org.openqa.selenium.remote.RemoteWebDriver.findElementByName(RemoteWebDriver.java:461)
	at org.openqa.selenium.By$ByName.findElement(By.java:303)
	at org.openqa.selenium.remote.RemoteWebDriver.findElement(RemoteWebDriver.java:355)
	at org.openqa.selenium.support.pagefactory.DefaultElementLocator.findElement(DefaultElementLocator.java:69)
	at org.openqa.selenium.support.pagefactory.internal.LocatingElementHandler.invoke(LocatingElementHandler.java:38)
	at com.sun.proxy.$Proxy7.sendKeys(Unknown Source)
	at OpcoUserActions.GDSP_OpcoGUI_078.login(GDSP_OpcoGUI_078.java:76)
	at OpcoUserActions.GDSP_OpcoGUI_078_IMPCLASS.TC_078(GDSP_OpcoGUI_078_IMPCLASS.java:44)
	at sun.reflect.NativeMethodAccessorImpl.invoke0(Native Method)
	at sun.reflect.NativeMethodAccessorImpl.invoke(NativeMethodAccessorImpl.java:62)
	at sun.reflect.DelegatingMethodAccessorImpl.invoke(DelegatingMethodAccessorImpl.java:43)
	at java.lang.reflect.Method.invoke(Method.java:498)
	at org.testng.internal.MethodInvocationHelper.invokeMethod(MethodInvocationHelper.java:86)
	at org.testng.internal.Invoker.invokeMethod(Invoker.java:643)
	at org.testng.internal.Invoker.invokeTestMethod(Invoker.java:820)
	at org.testng.internal.Invoker.invokeTestMethods(Invoker.java:1128)
	at org.testng.internal.TestMethodWorker.invokeTestMethods(TestMethodWorker.java:129)
	at org.testng.internal.TestMethodWorker.run(TestMethodWorker.java:112)
	at org.testng.TestRunner.privateRun(TestRunner.java:782)
	at org.testng.TestRunner.run(TestRunner.java:632)
	at org.testng.SuiteRunner.runTest(SuiteRunner.java:366)
	at org.testng.SuiteRunner.runSequentially(SuiteRunner.java:361)
	at org.testng.SuiteRunner.privateRun(SuiteRunner.java:319)
	at org.testng.SuiteRunner.run(SuiteRunner.java:268)
	at org.testng.SuiteRunnerWorker.runSuite(SuiteRunnerWorker.java:52)
	at org.testng.SuiteRunnerWorker.run(SuiteRunnerWorker.java:86)
	at org.testng.TestNG.runSuitesSequentially(TestNG.java:1244)
	at org.testng.TestNG.runSuitesLocally(TestNG.java:1169)
	at org.testng.TestNG.run(TestNG.java:1064)
	at genericLibrary.CreateTestngXML.main(CreateTestngXML.java:90)
</pre></div></td>
<td>85</td>
<td>OpcoUserActions.GDSP_OpcoGUI_078_IMPCLASS@1622f1b</td></tr>
<tr>
<td title='OpcoUserActions.GDSP_OpcoGUI_086_IMPCLASS.TC_086()'><b>TC_086</b><br>Test class: OpcoUserActions.GDSP_OpcoGUI_086_IMPCLASS<br>Parameters: {Order=1.0, Script=GDSPOpco, SIMID=330000000000241, TC_ID=GDSP_086, Execute=Y, TC_DESC=ManageSIM_SIM_SimDetailsPopup_updateregistration}</td>
<td><div><pre>org.openqa.selenium.TimeoutException: Timed out after 180 seconds waiting for visibility of element located by By.linkText: 330000000000241
Build info: version: &apos;2.53.0&apos;, revision: &apos;35ae25b1534ae328c771e0856c93e187490ca824&apos;, time: &apos;2016-03-15 10:43:46&apos;
System info: host: &apos;INL-1ZDLPF2&apos;, ip: &apos;10.155.22.83&apos;, os.name: &apos;Windows 7&apos;, os.arch: &apos;amd64&apos;, os.version: &apos;6.1&apos;, java.version: &apos;1.8.0_102&apos;
Driver info: org.openqa.selenium.chrome.ChromeDriver
Capabilities [{applicationCacheEnabled=false, rotatable=false, mobileEmulationEnabled=false, networkConnectionEnabled=false, chrome={chromedriverVersion=2.28.455520 (cc17746adff54984afff480136733114c6b3704b), userDataDir=C:\Users\ARABIN~1.SAM\AppData\Local\Temp\scoped_dir11896_24171}, takesHeapSnapshot=true, pageLoadStrategy=normal, databaseEnabled=false, handlesAlerts=true, hasTouchScreen=false, version=60.0.3112.113, platform=XP, browserConnectionEnabled=false, nativeEvents=true, acceptSslCerts=true, locationContextEnabled=true, webStorageEnabled=true, browserName=chrome, takesScreenshot=true, javascriptEnabled=true, cssSelectorsEnabled=true, unexpectedAlertBehaviour=}]
Session ID: d63b14c5302d82894e153ad65c79d696
	at org.openqa.selenium.support.ui.WebDriverWait.timeoutException(WebDriverWait.java:80)
	at org.openqa.selenium.support.ui.FluentWait.until(FluentWait.java:261)
	at OpcoUserActions.GDSP_OpcoGUI_086.selectactiononSIMs(GDSP_OpcoGUI_086.java:101)
	at OpcoUserActions.GDSP_OpcoGUI_086_IMPCLASS.TC_086(GDSP_OpcoGUI_086_IMPCLASS.java:45)
	at genericLibrary.CreateTestngXML.main(CreateTestngXML.java:90)
Caused by: org.openqa.selenium.NoSuchElementException: no such element: Unable to locate element: {&quot;method&quot;:&quot;link text&quot;,&quot;selector&quot;:&quot;330000000000241&quot;}
  (Session info: chrome=60.0.3112.113)
  (Driver info: chromedriver=2.28.455520 (cc17746adff54984afff480136733114c6b3704b),platform=Windows NT 6.1.7601 SP1 x86_64) (WARNING: The server did not provide any stacktrace information)
Command duration or timeout: 16 milliseconds
For documentation on this error, please visit: http://seleniumhq.org/exceptions/no_such_element.html
Build info: version: &apos;2.53.0&apos;, revision: &apos;35ae25b1534ae328c771e0856c93e187490ca824&apos;, time: &apos;2016-03-15 10:43:46&apos;
System info: host: &apos;INL-1ZDLPF2&apos;, ip: &apos;10.155.22.83&apos;, os.name: &apos;Windows 7&apos;, os.arch: &apos;amd64&apos;, os.version: &apos;6.1&apos;, java.version: &apos;1.8.0_102&apos;
Driver info: org.openqa.selenium.chrome.ChromeDriver
Capabilities [{applicationCacheEnabled=false, rotatable=false, mobileEmulationEnabled=false, networkConnectionEnabled=false, chrome={chromedriverVersion=2.28.455520 (cc17746adff54984afff480136733114c6b3704b), userDataDir=C:\Users\ARABIN~1.SAM\AppData\Local\Temp\scoped_dir11896_24171}, takesHeapSnapshot=true, pageLoadStrategy=normal, databaseEnabled=false, handlesAlerts=true, hasTouchScreen=false, version=60.0.3112.113, platform=XP, browserConnectionEnabled=false, nativeEvents=true, acceptSslCerts=true, locationContextEnabled=true, webStorageEnabled=true, browserName=chrome, takesScreenshot=true, javascriptEnabled=true, cssSelectorsEnabled=true, unexpectedAlertBehaviour=}]
Session ID: d63b14c5302d82894e153ad65c79d696
*** Element info: {Using=link text, value=330000000000241}
	at org.openqa.selenium.remote.ErrorHandler.createThrowable(ErrorHandler.java:206)
	at org.openqa.selenium.remote.ErrorHandler.throwIfResponseFailed(ErrorHandler.java:158)
	at org.openqa.selenium.remote.RemoteWebDriver.execute(RemoteWebDriver.java:678)
	at org.openqa.selenium.remote.RemoteWebDriver.findElement(RemoteWebDriver.java:363)
	at org.openqa.selenium.remote.RemoteWebDriver.findElementByLinkText(RemoteWebDriver.java:428)
	at org.openqa.selenium.By$ByLinkText.findElement(By.java:246)
	at org.openqa.selenium.remote.RemoteWebDriver.findElement(RemoteWebDriver.java:355)
	at org.openqa.selenium.support.ui.ExpectedConditions.findElement(ExpectedConditions.java:899)
	at org.openqa.selenium.support.ui.ExpectedConditions.access$000(ExpectedConditions.java:41)
	at org.openqa.selenium.support.ui.ExpectedConditions$7.apply(ExpectedConditions.java:205)
	at org.openqa.selenium.support.ui.ExpectedConditions$7.apply(ExpectedConditions.java:201)
	at org.openqa.selenium.support.ui.FluentWait.until(FluentWait.java:238)
	... 24 more
... Removed 24 stack frames</pre></div><a href='#' onClick='toggleBox("stack-trace228349133", this, "Click to show all stack frames", "Click to hide stack frames")'>Click to show all stack frames</a>
<div class='stack-trace' id='stack-trace228349133'><pre>org.openqa.selenium.TimeoutException: Timed out after 180 seconds waiting for visibility of element located by By.linkText: 330000000000241
Build info: version: &apos;2.53.0&apos;, revision: &apos;35ae25b1534ae328c771e0856c93e187490ca824&apos;, time: &apos;2016-03-15 10:43:46&apos;
System info: host: &apos;INL-1ZDLPF2&apos;, ip: &apos;10.155.22.83&apos;, os.name: &apos;Windows 7&apos;, os.arch: &apos;amd64&apos;, os.version: &apos;6.1&apos;, java.version: &apos;1.8.0_102&apos;
Driver info: org.openqa.selenium.chrome.ChromeDriver
Capabilities [{applicationCacheEnabled=false, rotatable=false, mobileEmulationEnabled=false, networkConnectionEnabled=false, chrome={chromedriverVersion=2.28.455520 (cc17746adff54984afff480136733114c6b3704b), userDataDir=C:\Users\ARABIN~1.SAM\AppData\Local\Temp\scoped_dir11896_24171}, takesHeapSnapshot=true, pageLoadStrategy=normal, databaseEnabled=false, handlesAlerts=true, hasTouchScreen=false, version=60.0.3112.113, platform=XP, browserConnectionEnabled=false, nativeEvents=true, acceptSslCerts=true, locationContextEnabled=true, webStorageEnabled=true, browserName=chrome, takesScreenshot=true, javascriptEnabled=true, cssSelectorsEnabled=true, unexpectedAlertBehaviour=}]
Session ID: d63b14c5302d82894e153ad65c79d696
	at org.openqa.selenium.support.ui.WebDriverWait.timeoutException(WebDriverWait.java:80)
	at org.openqa.selenium.support.ui.FluentWait.until(FluentWait.java:261)
	at OpcoUserActions.GDSP_OpcoGUI_086.selectactiononSIMs(GDSP_OpcoGUI_086.java:101)
	at OpcoUserActions.GDSP_OpcoGUI_086_IMPCLASS.TC_086(GDSP_OpcoGUI_086_IMPCLASS.java:45)
	at sun.reflect.NativeMethodAccessorImpl.invoke0(Native Method)
	at sun.reflect.NativeMethodAccessorImpl.invoke(NativeMethodAccessorImpl.java:62)
	at sun.reflect.DelegatingMethodAccessorImpl.invoke(DelegatingMethodAccessorImpl.java:43)
	at java.lang.reflect.Method.invoke(Method.java:498)
	at org.testng.internal.MethodInvocationHelper.invokeMethod(MethodInvocationHelper.java:86)
	at org.testng.internal.Invoker.invokeMethod(Invoker.java:643)
	at org.testng.internal.Invoker.invokeTestMethod(Invoker.java:820)
	at org.testng.internal.Invoker.invokeTestMethods(Invoker.java:1128)
	at org.testng.internal.TestMethodWorker.invokeTestMethods(TestMethodWorker.java:129)
	at org.testng.internal.TestMethodWorker.run(TestMethodWorker.java:112)
	at org.testng.TestRunner.privateRun(TestRunner.java:782)
	at org.testng.TestRunner.run(TestRunner.java:632)
	at org.testng.SuiteRunner.runTest(SuiteRunner.java:366)
	at org.testng.SuiteRunner.runSequentially(SuiteRunner.java:361)
	at org.testng.SuiteRunner.privateRun(SuiteRunner.java:319)
	at org.testng.SuiteRunner.run(SuiteRunner.java:268)
	at org.testng.SuiteRunnerWorker.runSuite(SuiteRunnerWorker.java:52)
	at org.testng.SuiteRunnerWorker.run(SuiteRunnerWorker.java:86)
	at org.testng.TestNG.runSuitesSequentially(TestNG.java:1244)
	at org.testng.TestNG.runSuitesLocally(TestNG.java:1169)
	at org.testng.TestNG.run(TestNG.java:1064)
	at genericLibrary.CreateTestngXML.main(CreateTestngXML.java:90)
Caused by: org.openqa.selenium.NoSuchElementException: no such element: Unable to locate element: {&quot;method&quot;:&quot;link text&quot;,&quot;selector&quot;:&quot;330000000000241&quot;}
  (Session info: chrome=60.0.3112.113)
  (Driver info: chromedriver=2.28.455520 (cc17746adff54984afff480136733114c6b3704b),platform=Windows NT 6.1.7601 SP1 x86_64) (WARNING: The server did not provide any stacktrace information)
Command duration or timeout: 16 milliseconds
For documentation on this error, please visit: http://seleniumhq.org/exceptions/no_such_element.html
Build info: version: &apos;2.53.0&apos;, revision: &apos;35ae25b1534ae328c771e0856c93e187490ca824&apos;, time: &apos;2016-03-15 10:43:46&apos;
System info: host: &apos;INL-1ZDLPF2&apos;, ip: &apos;10.155.22.83&apos;, os.name: &apos;Windows 7&apos;, os.arch: &apos;amd64&apos;, os.version: &apos;6.1&apos;, java.version: &apos;1.8.0_102&apos;
Driver info: org.openqa.selenium.chrome.ChromeDriver
Capabilities [{applicationCacheEnabled=false, rotatable=false, mobileEmulationEnabled=false, networkConnectionEnabled=false, chrome={chromedriverVersion=2.28.455520 (cc17746adff54984afff480136733114c6b3704b), userDataDir=C:\Users\ARABIN~1.SAM\AppData\Local\Temp\scoped_dir11896_24171}, takesHeapSnapshot=true, pageLoadStrategy=normal, databaseEnabled=false, handlesAlerts=true, hasTouchScreen=false, version=60.0.3112.113, platform=XP, browserConnectionEnabled=false, nativeEvents=true, acceptSslCerts=true, locationContextEnabled=true, webStorageEnabled=true, browserName=chrome, takesScreenshot=true, javascriptEnabled=true, cssSelectorsEnabled=true, unexpectedAlertBehaviour=}]
Session ID: d63b14c5302d82894e153ad65c79d696
*** Element info: {Using=link text, value=330000000000241}
	at sun.reflect.GeneratedConstructorAccessor51.newInstance(Unknown Source)
	at sun.reflect.DelegatingConstructorAccessorImpl.newInstance(DelegatingConstructorAccessorImpl.java:45)
	at java.lang.reflect.Constructor.newInstance(Constructor.java:423)
	at org.openqa.selenium.remote.ErrorHandler.createThrowable(ErrorHandler.java:206)
	at org.openqa.selenium.remote.ErrorHandler.throwIfResponseFailed(ErrorHandler.java:158)
	at org.openqa.selenium.remote.RemoteWebDriver.execute(RemoteWebDriver.java:678)
	at org.openqa.selenium.remote.RemoteWebDriver.findElement(RemoteWebDriver.java:363)
	at org.openqa.selenium.remote.RemoteWebDriver.findElementByLinkText(RemoteWebDriver.java:428)
	at org.openqa.selenium.By$ByLinkText.findElement(By.java:246)
	at org.openqa.selenium.remote.RemoteWebDriver.findElement(RemoteWebDriver.java:355)
	at org.openqa.selenium.support.ui.ExpectedConditions.findElement(ExpectedConditions.java:899)
	at org.openqa.selenium.support.ui.ExpectedConditions.access$000(ExpectedConditions.java:41)
	at org.openqa.selenium.support.ui.ExpectedConditions$7.apply(ExpectedConditions.java:205)
	at org.openqa.selenium.support.ui.ExpectedConditions$7.apply(ExpectedConditions.java:201)
	at org.openqa.selenium.support.ui.FluentWait.until(FluentWait.java:238)
	... 24 more
</pre></div></td>
<td>201</td>
<td>OpcoUserActions.GDSP_OpcoGUI_086_IMPCLASS@6e4784bc</td></tr>
<tr>
<td title='OpcoUserActions.GDSP_OpcoGUI_088_IMPCLASS.TC_087()'><b>TC_087</b><br>Test class: OpcoUserActions.GDSP_OpcoGUI_088_IMPCLASS<br>Parameters: {Order=1.0, Script=GDSPOpco, SIMID=330000000000241, TC_ID=GDSP_088, Execute=Y, TC_DESC=ManageSIM_SIM_SimDetailsPopup_Recentpsusage}</td>
<td><div><pre>org.openqa.selenium.TimeoutException: Timed out after 180 seconds waiting for visibility of element located by By.linkText: 330000000000241
Build info: version: &apos;2.53.0&apos;, revision: &apos;35ae25b1534ae328c771e0856c93e187490ca824&apos;, time: &apos;2016-03-15 10:43:46&apos;
System info: host: &apos;INL-1ZDLPF2&apos;, ip: &apos;10.155.22.83&apos;, os.name: &apos;Windows 7&apos;, os.arch: &apos;amd64&apos;, os.version: &apos;6.1&apos;, java.version: &apos;1.8.0_102&apos;
Driver info: org.openqa.selenium.chrome.ChromeDriver
Capabilities [{applicationCacheEnabled=false, rotatable=false, mobileEmulationEnabled=false, networkConnectionEnabled=false, chrome={chromedriverVersion=2.28.455520 (cc17746adff54984afff480136733114c6b3704b), userDataDir=C:\Users\ARABIN~1.SAM\AppData\Local\Temp\scoped_dir10968_7875}, takesHeapSnapshot=true, pageLoadStrategy=normal, databaseEnabled=false, handlesAlerts=true, hasTouchScreen=false, version=60.0.3112.113, platform=XP, browserConnectionEnabled=false, nativeEvents=true, acceptSslCerts=true, locationContextEnabled=true, webStorageEnabled=true, browserName=chrome, takesScreenshot=true, javascriptEnabled=true, cssSelectorsEnabled=true, unexpectedAlertBehaviour=}]
Session ID: 23e8efe1d45ac4fc3967f75ce8d9b1cc
	at org.openqa.selenium.support.ui.WebDriverWait.timeoutException(WebDriverWait.java:80)
	at org.openqa.selenium.support.ui.FluentWait.until(FluentWait.java:261)
	at OpcoUserActions.GDSP_OpcoGUI_088.selectactiononSIMs(GDSP_OpcoGUI_088.java:100)
	at OpcoUserActions.GDSP_OpcoGUI_088_IMPCLASS.TC_087(GDSP_OpcoGUI_088_IMPCLASS.java:46)
	at genericLibrary.CreateTestngXML.main(CreateTestngXML.java:90)
Caused by: org.openqa.selenium.NoSuchElementException: no such element: Unable to locate element: {&quot;method&quot;:&quot;link text&quot;,&quot;selector&quot;:&quot;330000000000241&quot;}
  (Session info: chrome=60.0.3112.113)
  (Driver info: chromedriver=2.28.455520 (cc17746adff54984afff480136733114c6b3704b),platform=Windows NT 6.1.7601 SP1 x86_64) (WARNING: The server did not provide any stacktrace information)
Command duration or timeout: 16 milliseconds
For documentation on this error, please visit: http://seleniumhq.org/exceptions/no_such_element.html
Build info: version: &apos;2.53.0&apos;, revision: &apos;35ae25b1534ae328c771e0856c93e187490ca824&apos;, time: &apos;2016-03-15 10:43:46&apos;
System info: host: &apos;INL-1ZDLPF2&apos;, ip: &apos;10.155.22.83&apos;, os.name: &apos;Windows 7&apos;, os.arch: &apos;amd64&apos;, os.version: &apos;6.1&apos;, java.version: &apos;1.8.0_102&apos;
Driver info: org.openqa.selenium.chrome.ChromeDriver
Capabilities [{applicationCacheEnabled=false, rotatable=false, mobileEmulationEnabled=false, networkConnectionEnabled=false, chrome={chromedriverVersion=2.28.455520 (cc17746adff54984afff480136733114c6b3704b), userDataDir=C:\Users\ARABIN~1.SAM\AppData\Local\Temp\scoped_dir10968_7875}, takesHeapSnapshot=true, pageLoadStrategy=normal, databaseEnabled=false, handlesAlerts=true, hasTouchScreen=false, version=60.0.3112.113, platform=XP, browserConnectionEnabled=false, nativeEvents=true, acceptSslCerts=true, locationContextEnabled=true, webStorageEnabled=true, browserName=chrome, takesScreenshot=true, javascriptEnabled=true, cssSelectorsEnabled=true, unexpectedAlertBehaviour=}]
Session ID: 23e8efe1d45ac4fc3967f75ce8d9b1cc
*** Element info: {Using=link text, value=330000000000241}
	at org.openqa.selenium.remote.ErrorHandler.createThrowable(ErrorHandler.java:206)
	at org.openqa.selenium.remote.ErrorHandler.throwIfResponseFailed(ErrorHandler.java:158)
	at org.openqa.selenium.remote.RemoteWebDriver.execute(RemoteWebDriver.java:678)
	at org.openqa.selenium.remote.RemoteWebDriver.findElement(RemoteWebDriver.java:363)
	at org.openqa.selenium.remote.RemoteWebDriver.findElementByLinkText(RemoteWebDriver.java:428)
	at org.openqa.selenium.By$ByLinkText.findElement(By.java:246)
	at org.openqa.selenium.remote.RemoteWebDriver.findElement(RemoteWebDriver.java:355)
	at org.openqa.selenium.support.ui.ExpectedConditions.findElement(ExpectedConditions.java:899)
	at org.openqa.selenium.support.ui.ExpectedConditions.access$000(ExpectedConditions.java:41)
	at org.openqa.selenium.support.ui.ExpectedConditions$7.apply(ExpectedConditions.java:205)
	at org.openqa.selenium.support.ui.ExpectedConditions$7.apply(ExpectedConditions.java:201)
	at org.openqa.selenium.support.ui.FluentWait.until(FluentWait.java:238)
	... 24 more
... Removed 24 stack frames</pre></div><a href='#' onClick='toggleBox("stack-trace1190339243", this, "Click to show all stack frames", "Click to hide stack frames")'>Click to show all stack frames</a>
<div class='stack-trace' id='stack-trace1190339243'><pre>org.openqa.selenium.TimeoutException: Timed out after 180 seconds waiting for visibility of element located by By.linkText: 330000000000241
Build info: version: &apos;2.53.0&apos;, revision: &apos;35ae25b1534ae328c771e0856c93e187490ca824&apos;, time: &apos;2016-03-15 10:43:46&apos;
System info: host: &apos;INL-1ZDLPF2&apos;, ip: &apos;10.155.22.83&apos;, os.name: &apos;Windows 7&apos;, os.arch: &apos;amd64&apos;, os.version: &apos;6.1&apos;, java.version: &apos;1.8.0_102&apos;
Driver info: org.openqa.selenium.chrome.ChromeDriver
Capabilities [{applicationCacheEnabled=false, rotatable=false, mobileEmulationEnabled=false, networkConnectionEnabled=false, chrome={chromedriverVersion=2.28.455520 (cc17746adff54984afff480136733114c6b3704b), userDataDir=C:\Users\ARABIN~1.SAM\AppData\Local\Temp\scoped_dir10968_7875}, takesHeapSnapshot=true, pageLoadStrategy=normal, databaseEnabled=false, handlesAlerts=true, hasTouchScreen=false, version=60.0.3112.113, platform=XP, browserConnectionEnabled=false, nativeEvents=true, acceptSslCerts=true, locationContextEnabled=true, webStorageEnabled=true, browserName=chrome, takesScreenshot=true, javascriptEnabled=true, cssSelectorsEnabled=true, unexpectedAlertBehaviour=}]
Session ID: 23e8efe1d45ac4fc3967f75ce8d9b1cc
	at org.openqa.selenium.support.ui.WebDriverWait.timeoutException(WebDriverWait.java:80)
	at org.openqa.selenium.support.ui.FluentWait.until(FluentWait.java:261)
	at OpcoUserActions.GDSP_OpcoGUI_088.selectactiononSIMs(GDSP_OpcoGUI_088.java:100)
	at OpcoUserActions.GDSP_OpcoGUI_088_IMPCLASS.TC_087(GDSP_OpcoGUI_088_IMPCLASS.java:46)
	at sun.reflect.NativeMethodAccessorImpl.invoke0(Native Method)
	at sun.reflect.NativeMethodAccessorImpl.invoke(NativeMethodAccessorImpl.java:62)
	at sun.reflect.DelegatingMethodAccessorImpl.invoke(DelegatingMethodAccessorImpl.java:43)
	at java.lang.reflect.Method.invoke(Method.java:498)
	at org.testng.internal.MethodInvocationHelper.invokeMethod(MethodInvocationHelper.java:86)
	at org.testng.internal.Invoker.invokeMethod(Invoker.java:643)
	at org.testng.internal.Invoker.invokeTestMethod(Invoker.java:820)
	at org.testng.internal.Invoker.invokeTestMethods(Invoker.java:1128)
	at org.testng.internal.TestMethodWorker.invokeTestMethods(TestMethodWorker.java:129)
	at org.testng.internal.TestMethodWorker.run(TestMethodWorker.java:112)
	at org.testng.TestRunner.privateRun(TestRunner.java:782)
	at org.testng.TestRunner.run(TestRunner.java:632)
	at org.testng.SuiteRunner.runTest(SuiteRunner.java:366)
	at org.testng.SuiteRunner.runSequentially(SuiteRunner.java:361)
	at org.testng.SuiteRunner.privateRun(SuiteRunner.java:319)
	at org.testng.SuiteRunner.run(SuiteRunner.java:268)
	at org.testng.SuiteRunnerWorker.runSuite(SuiteRunnerWorker.java:52)
	at org.testng.SuiteRunnerWorker.run(SuiteRunnerWorker.java:86)
	at org.testng.TestNG.runSuitesSequentially(TestNG.java:1244)
	at org.testng.TestNG.runSuitesLocally(TestNG.java:1169)
	at org.testng.TestNG.run(TestNG.java:1064)
	at genericLibrary.CreateTestngXML.main(CreateTestngXML.java:90)
Caused by: org.openqa.selenium.NoSuchElementException: no such element: Unable to locate element: {&quot;method&quot;:&quot;link text&quot;,&quot;selector&quot;:&quot;330000000000241&quot;}
  (Session info: chrome=60.0.3112.113)
  (Driver info: chromedriver=2.28.455520 (cc17746adff54984afff480136733114c6b3704b),platform=Windows NT 6.1.7601 SP1 x86_64) (WARNING: The server did not provide any stacktrace information)
Command duration or timeout: 16 milliseconds
For documentation on this error, please visit: http://seleniumhq.org/exceptions/no_such_element.html
Build info: version: &apos;2.53.0&apos;, revision: &apos;35ae25b1534ae328c771e0856c93e187490ca824&apos;, time: &apos;2016-03-15 10:43:46&apos;
System info: host: &apos;INL-1ZDLPF2&apos;, ip: &apos;10.155.22.83&apos;, os.name: &apos;Windows 7&apos;, os.arch: &apos;amd64&apos;, os.version: &apos;6.1&apos;, java.version: &apos;1.8.0_102&apos;
Driver info: org.openqa.selenium.chrome.ChromeDriver
Capabilities [{applicationCacheEnabled=false, rotatable=false, mobileEmulationEnabled=false, networkConnectionEnabled=false, chrome={chromedriverVersion=2.28.455520 (cc17746adff54984afff480136733114c6b3704b), userDataDir=C:\Users\ARABIN~1.SAM\AppData\Local\Temp\scoped_dir10968_7875}, takesHeapSnapshot=true, pageLoadStrategy=normal, databaseEnabled=false, handlesAlerts=true, hasTouchScreen=false, version=60.0.3112.113, platform=XP, browserConnectionEnabled=false, nativeEvents=true, acceptSslCerts=true, locationContextEnabled=true, webStorageEnabled=true, browserName=chrome, takesScreenshot=true, javascriptEnabled=true, cssSelectorsEnabled=true, unexpectedAlertBehaviour=}]
Session ID: 23e8efe1d45ac4fc3967f75ce8d9b1cc
*** Element info: {Using=link text, value=330000000000241}
	at sun.reflect.GeneratedConstructorAccessor51.newInstance(Unknown Source)
	at sun.reflect.DelegatingConstructorAccessorImpl.newInstance(DelegatingConstructorAccessorImpl.java:45)
	at java.lang.reflect.Constructor.newInstance(Constructor.java:423)
	at org.openqa.selenium.remote.ErrorHandler.createThrowable(ErrorHandler.java:206)
	at org.openqa.selenium.remote.ErrorHandler.throwIfResponseFailed(ErrorHandler.java:158)
	at org.openqa.selenium.remote.RemoteWebDriver.execute(RemoteWebDriver.java:678)
	at org.openqa.selenium.remote.RemoteWebDriver.findElement(RemoteWebDriver.java:363)
	at org.openqa.selenium.remote.RemoteWebDriver.findElementByLinkText(RemoteWebDriver.java:428)
	at org.openqa.selenium.By$ByLinkText.findElement(By.java:246)
	at org.openqa.selenium.remote.RemoteWebDriver.findElement(RemoteWebDriver.java:355)
	at org.openqa.selenium.support.ui.ExpectedConditions.findElement(ExpectedConditions.java:899)
	at org.openqa.selenium.support.ui.ExpectedConditions.access$000(ExpectedConditions.java:41)
	at org.openqa.selenium.support.ui.ExpectedConditions$7.apply(ExpectedConditions.java:205)
	at org.openqa.selenium.support.ui.ExpectedConditions$7.apply(ExpectedConditions.java:201)
	at org.openqa.selenium.support.ui.FluentWait.until(FluentWait.java:238)
	... 24 more
</pre></div></td>
<td>196</td>
<td>OpcoUserActions.GDSP_OpcoGUI_088_IMPCLASS@34b7ac2f</td></tr>
<tr>
<td title='OpcoUserActions.GDSP_OpcoGUI_089_IMPCLASS.TC_089()'><b>TC_089</b><br>Test class: OpcoUserActions.GDSP_OpcoGUI_089_IMPCLASS<br>Parameters: {Order=1.0, Script=GDSPOpco, SIMID=330000000000241, TC_ID=GDSP_089, Execute=Y, TC_DESC=ManageSIM_SIM_SimDetailsPopup_Recentpsusage}</td>
<td><div><pre>org.openqa.selenium.TimeoutException: Timed out after 180 seconds waiting for visibility of element located by By.linkText: 330000000000241
Build info: version: &apos;2.53.0&apos;, revision: &apos;35ae25b1534ae328c771e0856c93e187490ca824&apos;, time: &apos;2016-03-15 10:43:46&apos;
System info: host: &apos;INL-1ZDLPF2&apos;, ip: &apos;10.155.22.83&apos;, os.name: &apos;Windows 7&apos;, os.arch: &apos;amd64&apos;, os.version: &apos;6.1&apos;, java.version: &apos;1.8.0_102&apos;
Driver info: org.openqa.selenium.chrome.ChromeDriver
Capabilities [{applicationCacheEnabled=false, rotatable=false, mobileEmulationEnabled=false, networkConnectionEnabled=false, chrome={chromedriverVersion=2.28.455520 (cc17746adff54984afff480136733114c6b3704b), userDataDir=C:\Users\ARABIN~1.SAM\AppData\Local\Temp\scoped_dir16588_6529}, takesHeapSnapshot=true, pageLoadStrategy=normal, databaseEnabled=false, handlesAlerts=true, hasTouchScreen=false, version=60.0.3112.113, platform=XP, browserConnectionEnabled=false, nativeEvents=true, acceptSslCerts=true, locationContextEnabled=true, webStorageEnabled=true, browserName=chrome, takesScreenshot=true, javascriptEnabled=true, cssSelectorsEnabled=true, unexpectedAlertBehaviour=}]
Session ID: 46e651fef1f1cb7070e495c6094666a4
	at org.openqa.selenium.support.ui.WebDriverWait.timeoutException(WebDriverWait.java:80)
	at org.openqa.selenium.support.ui.FluentWait.until(FluentWait.java:261)
	at OpcoUserActions.GDSP_OpcoGUI_089.selectactiononSIMs(GDSP_OpcoGUI_089.java:100)
	at OpcoUserActions.GDSP_OpcoGUI_089_IMPCLASS.TC_089(GDSP_OpcoGUI_089_IMPCLASS.java:46)
	at genericLibrary.CreateTestngXML.main(CreateTestngXML.java:90)
Caused by: org.openqa.selenium.NoSuchElementException: no such element: Unable to locate element: {&quot;method&quot;:&quot;link text&quot;,&quot;selector&quot;:&quot;330000000000241&quot;}
  (Session info: chrome=60.0.3112.113)
  (Driver info: chromedriver=2.28.455520 (cc17746adff54984afff480136733114c6b3704b),platform=Windows NT 6.1.7601 SP1 x86_64) (WARNING: The server did not provide any stacktrace information)
Command duration or timeout: 16 milliseconds
For documentation on this error, please visit: http://seleniumhq.org/exceptions/no_such_element.html
Build info: version: &apos;2.53.0&apos;, revision: &apos;35ae25b1534ae328c771e0856c93e187490ca824&apos;, time: &apos;2016-03-15 10:43:46&apos;
System info: host: &apos;INL-1ZDLPF2&apos;, ip: &apos;10.155.22.83&apos;, os.name: &apos;Windows 7&apos;, os.arch: &apos;amd64&apos;, os.version: &apos;6.1&apos;, java.version: &apos;1.8.0_102&apos;
Driver info: org.openqa.selenium.chrome.ChromeDriver
Capabilities [{applicationCacheEnabled=false, rotatable=false, mobileEmulationEnabled=false, networkConnectionEnabled=false, chrome={chromedriverVersion=2.28.455520 (cc17746adff54984afff480136733114c6b3704b), userDataDir=C:\Users\ARABIN~1.SAM\AppData\Local\Temp\scoped_dir16588_6529}, takesHeapSnapshot=true, pageLoadStrategy=normal, databaseEnabled=false, handlesAlerts=true, hasTouchScreen=false, version=60.0.3112.113, platform=XP, browserConnectionEnabled=false, nativeEvents=true, acceptSslCerts=true, locationContextEnabled=true, webStorageEnabled=true, browserName=chrome, takesScreenshot=true, javascriptEnabled=true, cssSelectorsEnabled=true, unexpectedAlertBehaviour=}]
Session ID: 46e651fef1f1cb7070e495c6094666a4
*** Element info: {Using=link text, value=330000000000241}
	at org.openqa.selenium.remote.ErrorHandler.createThrowable(ErrorHandler.java:206)
	at org.openqa.selenium.remote.ErrorHandler.throwIfResponseFailed(ErrorHandler.java:158)
	at org.openqa.selenium.remote.RemoteWebDriver.execute(RemoteWebDriver.java:678)
	at org.openqa.selenium.remote.RemoteWebDriver.findElement(RemoteWebDriver.java:363)
	at org.openqa.selenium.remote.RemoteWebDriver.findElementByLinkText(RemoteWebDriver.java:428)
	at org.openqa.selenium.By$ByLinkText.findElement(By.java:246)
	at org.openqa.selenium.remote.RemoteWebDriver.findElement(RemoteWebDriver.java:355)
	at org.openqa.selenium.support.ui.ExpectedConditions.findElement(ExpectedConditions.java:899)
	at org.openqa.selenium.support.ui.ExpectedConditions.access$000(ExpectedConditions.java:41)
	at org.openqa.selenium.support.ui.ExpectedConditions$7.apply(ExpectedConditions.java:205)
	at org.openqa.selenium.support.ui.ExpectedConditions$7.apply(ExpectedConditions.java:201)
	at org.openqa.selenium.support.ui.FluentWait.until(FluentWait.java:238)
	... 24 more
... Removed 24 stack frames</pre></div><a href='#' onClick='toggleBox("stack-trace869629265", this, "Click to show all stack frames", "Click to hide stack frames")'>Click to show all stack frames</a>
<div class='stack-trace' id='stack-trace869629265'><pre>org.openqa.selenium.TimeoutException: Timed out after 180 seconds waiting for visibility of element located by By.linkText: 330000000000241
Build info: version: &apos;2.53.0&apos;, revision: &apos;35ae25b1534ae328c771e0856c93e187490ca824&apos;, time: &apos;2016-03-15 10:43:46&apos;
System info: host: &apos;INL-1ZDLPF2&apos;, ip: &apos;10.155.22.83&apos;, os.name: &apos;Windows 7&apos;, os.arch: &apos;amd64&apos;, os.version: &apos;6.1&apos;, java.version: &apos;1.8.0_102&apos;
Driver info: org.openqa.selenium.chrome.ChromeDriver
Capabilities [{applicationCacheEnabled=false, rotatable=false, mobileEmulationEnabled=false, networkConnectionEnabled=false, chrome={chromedriverVersion=2.28.455520 (cc17746adff54984afff480136733114c6b3704b), userDataDir=C:\Users\ARABIN~1.SAM\AppData\Local\Temp\scoped_dir16588_6529}, takesHeapSnapshot=true, pageLoadStrategy=normal, databaseEnabled=false, handlesAlerts=true, hasTouchScreen=false, version=60.0.3112.113, platform=XP, browserConnectionEnabled=false, nativeEvents=true, acceptSslCerts=true, locationContextEnabled=true, webStorageEnabled=true, browserName=chrome, takesScreenshot=true, javascriptEnabled=true, cssSelectorsEnabled=true, unexpectedAlertBehaviour=}]
Session ID: 46e651fef1f1cb7070e495c6094666a4
	at org.openqa.selenium.support.ui.WebDriverWait.timeoutException(WebDriverWait.java:80)
	at org.openqa.selenium.support.ui.FluentWait.until(FluentWait.java:261)
	at OpcoUserActions.GDSP_OpcoGUI_089.selectactiononSIMs(GDSP_OpcoGUI_089.java:100)
	at OpcoUserActions.GDSP_OpcoGUI_089_IMPCLASS.TC_089(GDSP_OpcoGUI_089_IMPCLASS.java:46)
	at sun.reflect.NativeMethodAccessorImpl.invoke0(Native Method)
	at sun.reflect.NativeMethodAccessorImpl.invoke(NativeMethodAccessorImpl.java:62)
	at sun.reflect.DelegatingMethodAccessorImpl.invoke(DelegatingMethodAccessorImpl.java:43)
	at java.lang.reflect.Method.invoke(Method.java:498)
	at org.testng.internal.MethodInvocationHelper.invokeMethod(MethodInvocationHelper.java:86)
	at org.testng.internal.Invoker.invokeMethod(Invoker.java:643)
	at org.testng.internal.Invoker.invokeTestMethod(Invoker.java:820)
	at org.testng.internal.Invoker.invokeTestMethods(Invoker.java:1128)
	at org.testng.internal.TestMethodWorker.invokeTestMethods(TestMethodWorker.java:129)
	at org.testng.internal.TestMethodWorker.run(TestMethodWorker.java:112)
	at org.testng.TestRunner.privateRun(TestRunner.java:782)
	at org.testng.TestRunner.run(TestRunner.java:632)
	at org.testng.SuiteRunner.runTest(SuiteRunner.java:366)
	at org.testng.SuiteRunner.runSequentially(SuiteRunner.java:361)
	at org.testng.SuiteRunner.privateRun(SuiteRunner.java:319)
	at org.testng.SuiteRunner.run(SuiteRunner.java:268)
	at org.testng.SuiteRunnerWorker.runSuite(SuiteRunnerWorker.java:52)
	at org.testng.SuiteRunnerWorker.run(SuiteRunnerWorker.java:86)
	at org.testng.TestNG.runSuitesSequentially(TestNG.java:1244)
	at org.testng.TestNG.runSuitesLocally(TestNG.java:1169)
	at org.testng.TestNG.run(TestNG.java:1064)
	at genericLibrary.CreateTestngXML.main(CreateTestngXML.java:90)
Caused by: org.openqa.selenium.NoSuchElementException: no such element: Unable to locate element: {&quot;method&quot;:&quot;link text&quot;,&quot;selector&quot;:&quot;330000000000241&quot;}
  (Session info: chrome=60.0.3112.113)
  (Driver info: chromedriver=2.28.455520 (cc17746adff54984afff480136733114c6b3704b),platform=Windows NT 6.1.7601 SP1 x86_64) (WARNING: The server did not provide any stacktrace information)
Command duration or timeout: 16 milliseconds
For documentation on this error, please visit: http://seleniumhq.org/exceptions/no_such_element.html
Build info: version: &apos;2.53.0&apos;, revision: &apos;35ae25b1534ae328c771e0856c93e187490ca824&apos;, time: &apos;2016-03-15 10:43:46&apos;
System info: host: &apos;INL-1ZDLPF2&apos;, ip: &apos;10.155.22.83&apos;, os.name: &apos;Windows 7&apos;, os.arch: &apos;amd64&apos;, os.version: &apos;6.1&apos;, java.version: &apos;1.8.0_102&apos;
Driver info: org.openqa.selenium.chrome.ChromeDriver
Capabilities [{applicationCacheEnabled=false, rotatable=false, mobileEmulationEnabled=false, networkConnectionEnabled=false, chrome={chromedriverVersion=2.28.455520 (cc17746adff54984afff480136733114c6b3704b), userDataDir=C:\Users\ARABIN~1.SAM\AppData\Local\Temp\scoped_dir16588_6529}, takesHeapSnapshot=true, pageLoadStrategy=normal, databaseEnabled=false, handlesAlerts=true, hasTouchScreen=false, version=60.0.3112.113, platform=XP, browserConnectionEnabled=false, nativeEvents=true, acceptSslCerts=true, locationContextEnabled=true, webStorageEnabled=true, browserName=chrome, takesScreenshot=true, javascriptEnabled=true, cssSelectorsEnabled=true, unexpectedAlertBehaviour=}]
Session ID: 46e651fef1f1cb7070e495c6094666a4
*** Element info: {Using=link text, value=330000000000241}
	at sun.reflect.GeneratedConstructorAccessor51.newInstance(Unknown Source)
	at sun.reflect.DelegatingConstructorAccessorImpl.newInstance(DelegatingConstructorAccessorImpl.java:45)
	at java.lang.reflect.Constructor.newInstance(Constructor.java:423)
	at org.openqa.selenium.remote.ErrorHandler.createThrowable(ErrorHandler.java:206)
	at org.openqa.selenium.remote.ErrorHandler.throwIfResponseFailed(ErrorHandler.java:158)
	at org.openqa.selenium.remote.RemoteWebDriver.execute(RemoteWebDriver.java:678)
	at org.openqa.selenium.remote.RemoteWebDriver.findElement(RemoteWebDriver.java:363)
	at org.openqa.selenium.remote.RemoteWebDriver.findElementByLinkText(RemoteWebDriver.java:428)
	at org.openqa.selenium.By$ByLinkText.findElement(By.java:246)
	at org.openqa.selenium.remote.RemoteWebDriver.findElement(RemoteWebDriver.java:355)
	at org.openqa.selenium.support.ui.ExpectedConditions.findElement(ExpectedConditions.java:899)
	at org.openqa.selenium.support.ui.ExpectedConditions.access$000(ExpectedConditions.java:41)
	at org.openqa.selenium.support.ui.ExpectedConditions$7.apply(ExpectedConditions.java:205)
	at org.openqa.selenium.support.ui.ExpectedConditions$7.apply(ExpectedConditions.java:201)
	at org.openqa.selenium.support.ui.FluentWait.until(FluentWait.java:238)
	... 24 more
</pre></div></td>
<td>197</td>
<td>OpcoUserActions.GDSP_OpcoGUI_089_IMPCLASS@e056f20</td></tr>
<tr>
<td title='OpcoUserActions.GDSP_OpcoGUI_096_IMPCLASS.TC_096()'><b>TC_096</b><br>Test class: OpcoUserActions.GDSP_OpcoGUI_096_IMPCLASS<br>Parameters: {Order=1.0, Script=GDSPOpco, TC_ID=GDSP_096, Execute=Y, TC_DESC=ManageSIM_SIMCustomerOrder_Create, pwd=Secret123, url=http://158.234.62.73:8080/GDSPGui/login.htm, username=SUPPNL4}</td>
<td><div><pre>org.openqa.selenium.TimeoutException: timeout: cannot determine loading status
from timeout: Timed out receiving message from renderer: -0.024
  (Session info: chrome=60.0.3112.113)
  (Driver info: chromedriver=2.28.455520 (cc17746adff54984afff480136733114c6b3704b),platform=Windows NT 6.1.7601 SP1 x86_64) (WARNING: The server did not provide any stacktrace information)
Command duration or timeout: 300.07 seconds
Build info: version: &apos;2.53.0&apos;, revision: &apos;35ae25b1534ae328c771e0856c93e187490ca824&apos;, time: &apos;2016-03-15 10:43:46&apos;
System info: host: &apos;INL-1ZDLPF2&apos;, ip: &apos;10.155.22.83&apos;, os.name: &apos;Windows 7&apos;, os.arch: &apos;amd64&apos;, os.version: &apos;6.1&apos;, java.version: &apos;1.8.0_102&apos;
Driver info: org.openqa.selenium.chrome.ChromeDriver
Capabilities [{applicationCacheEnabled=false, rotatable=false, mobileEmulationEnabled=false, networkConnectionEnabled=false, chrome={chromedriverVersion=2.28.455520 (cc17746adff54984afff480136733114c6b3704b), userDataDir=C:\Users\ARABIN~1.SAM\AppData\Local\Temp\scoped_dir14292_29123}, takesHeapSnapshot=true, pageLoadStrategy=normal, databaseEnabled=false, handlesAlerts=true, hasTouchScreen=false, version=60.0.3112.113, platform=XP, browserConnectionEnabled=false, nativeEvents=true, acceptSslCerts=true, locationContextEnabled=true, webStorageEnabled=true, browserName=chrome, takesScreenshot=true, javascriptEnabled=true, cssSelectorsEnabled=true, unexpectedAlertBehaviour=}]
Session ID: fffeba7be5f0b0d690d2820345a8c513
	at org.openqa.selenium.remote.ErrorHandler.createThrowable(ErrorHandler.java:206)
	at org.openqa.selenium.remote.ErrorHandler.throwIfResponseFailed(ErrorHandler.java:158)
	at org.openqa.selenium.remote.RemoteWebDriver.execute(RemoteWebDriver.java:678)
	at org.openqa.selenium.remote.RemoteWebElement.execute(RemoteWebElement.java:327)
	at org.openqa.selenium.remote.RemoteWebElement.click(RemoteWebElement.java:85)
	at org.openqa.selenium.support.pagefactory.internal.LocatingElementHandler.invoke(LocatingElementHandler.java:51)
	at com.sun.proxy.$Proxy7.click(Unknown Source)
	at OpcoUserActions.GDSP_OpcoGUI_096.SIMCustomerOrder_Create(GDSP_OpcoGUI_096.java:72)
	at OpcoUserActions.GDSP_OpcoGUI_096_IMPCLASS.TC_096(GDSP_OpcoGUI_096_IMPCLASS.java:42)
	at genericLibrary.CreateTestngXML.main(CreateTestngXML.java:90)
... Removed 28 stack frames</pre></div><a href='#' onClick='toggleBox("stack-trace1901018663", this, "Click to show all stack frames", "Click to hide stack frames")'>Click to show all stack frames</a>
<div class='stack-trace' id='stack-trace1901018663'><pre>org.openqa.selenium.TimeoutException: timeout: cannot determine loading status
from timeout: Timed out receiving message from renderer: -0.024
  (Session info: chrome=60.0.3112.113)
  (Driver info: chromedriver=2.28.455520 (cc17746adff54984afff480136733114c6b3704b),platform=Windows NT 6.1.7601 SP1 x86_64) (WARNING: The server did not provide any stacktrace information)
Command duration or timeout: 300.07 seconds
Build info: version: &apos;2.53.0&apos;, revision: &apos;35ae25b1534ae328c771e0856c93e187490ca824&apos;, time: &apos;2016-03-15 10:43:46&apos;
System info: host: &apos;INL-1ZDLPF2&apos;, ip: &apos;10.155.22.83&apos;, os.name: &apos;Windows 7&apos;, os.arch: &apos;amd64&apos;, os.version: &apos;6.1&apos;, java.version: &apos;1.8.0_102&apos;
Driver info: org.openqa.selenium.chrome.ChromeDriver
Capabilities [{applicationCacheEnabled=false, rotatable=false, mobileEmulationEnabled=false, networkConnectionEnabled=false, chrome={chromedriverVersion=2.28.455520 (cc17746adff54984afff480136733114c6b3704b), userDataDir=C:\Users\ARABIN~1.SAM\AppData\Local\Temp\scoped_dir14292_29123}, takesHeapSnapshot=true, pageLoadStrategy=normal, databaseEnabled=false, handlesAlerts=true, hasTouchScreen=false, version=60.0.3112.113, platform=XP, browserConnectionEnabled=false, nativeEvents=true, acceptSslCerts=true, locationContextEnabled=true, webStorageEnabled=true, browserName=chrome, takesScreenshot=true, javascriptEnabled=true, cssSelectorsEnabled=true, unexpectedAlertBehaviour=}]
Session ID: fffeba7be5f0b0d690d2820345a8c513
	at sun.reflect.NativeConstructorAccessorImpl.newInstance0(Native Method)
	at sun.reflect.NativeConstructorAccessorImpl.newInstance(NativeConstructorAccessorImpl.java:62)
	at sun.reflect.DelegatingConstructorAccessorImpl.newInstance(DelegatingConstructorAccessorImpl.java:45)
	at java.lang.reflect.Constructor.newInstance(Constructor.java:423)
	at org.openqa.selenium.remote.ErrorHandler.createThrowable(ErrorHandler.java:206)
	at org.openqa.selenium.remote.ErrorHandler.throwIfResponseFailed(ErrorHandler.java:158)
	at org.openqa.selenium.remote.RemoteWebDriver.execute(RemoteWebDriver.java:678)
	at org.openqa.selenium.remote.RemoteWebElement.execute(RemoteWebElement.java:327)
	at org.openqa.selenium.remote.RemoteWebElement.click(RemoteWebElement.java:85)
	at sun.reflect.GeneratedMethodAccessor3.invoke(Unknown Source)
	at sun.reflect.DelegatingMethodAccessorImpl.invoke(DelegatingMethodAccessorImpl.java:43)
	at java.lang.reflect.Method.invoke(Method.java:498)
	at org.openqa.selenium.support.pagefactory.internal.LocatingElementHandler.invoke(LocatingElementHandler.java:51)
	at com.sun.proxy.$Proxy7.click(Unknown Source)
	at OpcoUserActions.GDSP_OpcoGUI_096.SIMCustomerOrder_Create(GDSP_OpcoGUI_096.java:72)
	at OpcoUserActions.GDSP_OpcoGUI_096_IMPCLASS.TC_096(GDSP_OpcoGUI_096_IMPCLASS.java:42)
	at sun.reflect.NativeMethodAccessorImpl.invoke0(Native Method)
	at sun.reflect.NativeMethodAccessorImpl.invoke(NativeMethodAccessorImpl.java:62)
	at sun.reflect.DelegatingMethodAccessorImpl.invoke(DelegatingMethodAccessorImpl.java:43)
	at java.lang.reflect.Method.invoke(Method.java:498)
	at org.testng.internal.MethodInvocationHelper.invokeMethod(MethodInvocationHelper.java:86)
	at org.testng.internal.Invoker.invokeMethod(Invoker.java:643)
	at org.testng.internal.Invoker.invokeTestMethod(Invoker.java:820)
	at org.testng.internal.Invoker.invokeTestMethods(Invoker.java:1128)
	at org.testng.internal.TestMethodWorker.invokeTestMethods(TestMethodWorker.java:129)
	at org.testng.internal.TestMethodWorker.run(TestMethodWorker.java:112)
	at org.testng.TestRunner.privateRun(TestRunner.java:782)
	at org.testng.TestRunner.run(TestRunner.java:632)
	at org.testng.SuiteRunner.runTest(SuiteRunner.java:366)
	at org.testng.SuiteRunner.runSequentially(SuiteRunner.java:361)
	at org.testng.SuiteRunner.privateRun(SuiteRunner.java:319)
	at org.testng.SuiteRunner.run(SuiteRunner.java:268)
	at org.testng.SuiteRunnerWorker.runSuite(SuiteRunnerWorker.java:52)
	at org.testng.SuiteRunnerWorker.run(SuiteRunnerWorker.java:86)
	at org.testng.TestNG.runSuitesSequentially(TestNG.java:1244)
	at org.testng.TestNG.runSuitesLocally(TestNG.java:1169)
	at org.testng.TestNG.run(TestNG.java:1064)
	at genericLibrary.CreateTestngXML.main(CreateTestngXML.java:90)
</pre></div></td>
<td>342</td>
<td>OpcoUserActions.GDSP_OpcoGUI_096_IMPCLASS@10e41621</td></tr>
<tr>
<td title='OpcoUserActions.GDSP_OpcoGUI_102_IMPCLASS.TC_102()'><b>TC_102</b><br>Test class: OpcoUserActions.GDSP_OpcoGUI_102_IMPCLASS<br>Parameters: {Order=1.0, Script=GDSPOpco, TC_ID=GDSP_102, Execute=Y, CUSTOMERCODE=CUST100, VPNNEWDESC=Successful, TC_DESC=ManageVPNs_VPNGroup_edit, pwd=Secret123, VPNnewgrpname=debashis, url=http://158.234.62.73:8080/GDSPGui/login.htm, username=SUPPNL4, VPNgrpNAME=debashis}</td>
<td><div><pre>org.openqa.selenium.NoSuchElementException: no such element: Unable to locate element: {&quot;method&quot;:&quot;xpath&quot;,&quot;selector&quot;:&quot;//a[contains(text(),&apos;Edit&apos;)]&quot;}
  (Session info: chrome=60.0.3112.113)
  (Driver info: chromedriver=2.28.455520 (cc17746adff54984afff480136733114c6b3704b),platform=Windows NT 6.1.7601 SP1 x86_64) (WARNING: The server did not provide any stacktrace information)
Command duration or timeout: 47 milliseconds
For documentation on this error, please visit: http://seleniumhq.org/exceptions/no_such_element.html
Build info: version: &apos;2.53.0&apos;, revision: &apos;35ae25b1534ae328c771e0856c93e187490ca824&apos;, time: &apos;2016-03-15 10:43:46&apos;
System info: host: &apos;INL-1ZDLPF2&apos;, ip: &apos;10.155.22.83&apos;, os.name: &apos;Windows 7&apos;, os.arch: &apos;amd64&apos;, os.version: &apos;6.1&apos;, java.version: &apos;1.8.0_102&apos;
Driver info: org.openqa.selenium.chrome.ChromeDriver
Capabilities [{applicationCacheEnabled=false, rotatable=false, mobileEmulationEnabled=false, networkConnectionEnabled=false, chrome={chromedriverVersion=2.28.455520 (cc17746adff54984afff480136733114c6b3704b), userDataDir=C:\Users\ARABIN~1.SAM\AppData\Local\Temp\scoped_dir17808_14337}, takesHeapSnapshot=true, pageLoadStrategy=normal, databaseEnabled=false, handlesAlerts=true, hasTouchScreen=false, version=60.0.3112.113, platform=XP, browserConnectionEnabled=false, nativeEvents=true, acceptSslCerts=true, locationContextEnabled=true, webStorageEnabled=true, browserName=chrome, takesScreenshot=true, javascriptEnabled=true, cssSelectorsEnabled=true, unexpectedAlertBehaviour=}]
Session ID: 653cec4e854d24522c225615184e72ef
*** Element info: {Using=xpath, value=//a[contains(text(),&apos;Edit&apos;)]}
	at org.openqa.selenium.remote.ErrorHandler.createThrowable(ErrorHandler.java:206)
	at org.openqa.selenium.remote.ErrorHandler.throwIfResponseFailed(ErrorHandler.java:158)
	at org.openqa.selenium.remote.RemoteWebDriver.execute(RemoteWebDriver.java:678)
	at org.openqa.selenium.remote.RemoteWebDriver.findElement(RemoteWebDriver.java:363)
	at org.openqa.selenium.remote.RemoteWebDriver.findElementByXPath(RemoteWebDriver.java:500)
	at org.openqa.selenium.By$ByXPath.findElement(By.java:361)
	at org.openqa.selenium.remote.RemoteWebDriver.findElement(RemoteWebDriver.java:355)
	at org.openqa.selenium.support.pagefactory.DefaultElementLocator.findElement(DefaultElementLocator.java:69)
	at org.openqa.selenium.support.pagefactory.internal.LocatingElementHandler.invoke(LocatingElementHandler.java:38)
	at com.sun.proxy.$Proxy7.click(Unknown Source)
	at OpcoUserActions.GDSP_OpcoGUI_102.vpnedit(GDSP_OpcoGUI_102.java:81)
	at OpcoUserActions.GDSP_OpcoGUI_102_IMPCLASS.TC_102(GDSP_OpcoGUI_102_IMPCLASS.java:45)
	at genericLibrary.CreateTestngXML.main(CreateTestngXML.java:90)
... Removed 24 stack frames</pre></div><a href='#' onClick='toggleBox("stack-trace1516251609", this, "Click to show all stack frames", "Click to hide stack frames")'>Click to show all stack frames</a>
<div class='stack-trace' id='stack-trace1516251609'><pre>org.openqa.selenium.NoSuchElementException: no such element: Unable to locate element: {&quot;method&quot;:&quot;xpath&quot;,&quot;selector&quot;:&quot;//a[contains(text(),&apos;Edit&apos;)]&quot;}
  (Session info: chrome=60.0.3112.113)
  (Driver info: chromedriver=2.28.455520 (cc17746adff54984afff480136733114c6b3704b),platform=Windows NT 6.1.7601 SP1 x86_64) (WARNING: The server did not provide any stacktrace information)
Command duration or timeout: 47 milliseconds
For documentation on this error, please visit: http://seleniumhq.org/exceptions/no_such_element.html
Build info: version: &apos;2.53.0&apos;, revision: &apos;35ae25b1534ae328c771e0856c93e187490ca824&apos;, time: &apos;2016-03-15 10:43:46&apos;
System info: host: &apos;INL-1ZDLPF2&apos;, ip: &apos;10.155.22.83&apos;, os.name: &apos;Windows 7&apos;, os.arch: &apos;amd64&apos;, os.version: &apos;6.1&apos;, java.version: &apos;1.8.0_102&apos;
Driver info: org.openqa.selenium.chrome.ChromeDriver
Capabilities [{applicationCacheEnabled=false, rotatable=false, mobileEmulationEnabled=false, networkConnectionEnabled=false, chrome={chromedriverVersion=2.28.455520 (cc17746adff54984afff480136733114c6b3704b), userDataDir=C:\Users\ARABIN~1.SAM\AppData\Local\Temp\scoped_dir17808_14337}, takesHeapSnapshot=true, pageLoadStrategy=normal, databaseEnabled=false, handlesAlerts=true, hasTouchScreen=false, version=60.0.3112.113, platform=XP, browserConnectionEnabled=false, nativeEvents=true, acceptSslCerts=true, locationContextEnabled=true, webStorageEnabled=true, browserName=chrome, takesScreenshot=true, javascriptEnabled=true, cssSelectorsEnabled=true, unexpectedAlertBehaviour=}]
Session ID: 653cec4e854d24522c225615184e72ef
*** Element info: {Using=xpath, value=//a[contains(text(),&apos;Edit&apos;)]}
	at sun.reflect.GeneratedConstructorAccessor51.newInstance(Unknown Source)
	at sun.reflect.DelegatingConstructorAccessorImpl.newInstance(DelegatingConstructorAccessorImpl.java:45)
	at java.lang.reflect.Constructor.newInstance(Constructor.java:423)
	at org.openqa.selenium.remote.ErrorHandler.createThrowable(ErrorHandler.java:206)
	at org.openqa.selenium.remote.ErrorHandler.throwIfResponseFailed(ErrorHandler.java:158)
	at org.openqa.selenium.remote.RemoteWebDriver.execute(RemoteWebDriver.java:678)
	at org.openqa.selenium.remote.RemoteWebDriver.findElement(RemoteWebDriver.java:363)
	at org.openqa.selenium.remote.RemoteWebDriver.findElementByXPath(RemoteWebDriver.java:500)
	at org.openqa.selenium.By$ByXPath.findElement(By.java:361)
	at org.openqa.selenium.remote.RemoteWebDriver.findElement(RemoteWebDriver.java:355)
	at org.openqa.selenium.support.pagefactory.DefaultElementLocator.findElement(DefaultElementLocator.java:69)
	at org.openqa.selenium.support.pagefactory.internal.LocatingElementHandler.invoke(LocatingElementHandler.java:38)
	at com.sun.proxy.$Proxy7.click(Unknown Source)
	at OpcoUserActions.GDSP_OpcoGUI_102.vpnedit(GDSP_OpcoGUI_102.java:81)
	at OpcoUserActions.GDSP_OpcoGUI_102_IMPCLASS.TC_102(GDSP_OpcoGUI_102_IMPCLASS.java:45)
	at sun.reflect.NativeMethodAccessorImpl.invoke0(Native Method)
	at sun.reflect.NativeMethodAccessorImpl.invoke(NativeMethodAccessorImpl.java:62)
	at sun.reflect.DelegatingMethodAccessorImpl.invoke(DelegatingMethodAccessorImpl.java:43)
	at java.lang.reflect.Method.invoke(Method.java:498)
	at org.testng.internal.MethodInvocationHelper.invokeMethod(MethodInvocationHelper.java:86)
	at org.testng.internal.Invoker.invokeMethod(Invoker.java:643)
	at org.testng.internal.Invoker.invokeTestMethod(Invoker.java:820)
	at org.testng.internal.Invoker.invokeTestMethods(Invoker.java:1128)
	at org.testng.internal.TestMethodWorker.invokeTestMethods(TestMethodWorker.java:129)
	at org.testng.internal.TestMethodWorker.run(TestMethodWorker.java:112)
	at org.testng.TestRunner.privateRun(TestRunner.java:782)
	at org.testng.TestRunner.run(TestRunner.java:632)
	at org.testng.SuiteRunner.runTest(SuiteRunner.java:366)
	at org.testng.SuiteRunner.runSequentially(SuiteRunner.java:361)
	at org.testng.SuiteRunner.privateRun(SuiteRunner.java:319)
	at org.testng.SuiteRunner.run(SuiteRunner.java:268)
	at org.testng.SuiteRunnerWorker.runSuite(SuiteRunnerWorker.java:52)
	at org.testng.SuiteRunnerWorker.run(SuiteRunnerWorker.java:86)
	at org.testng.TestNG.runSuitesSequentially(TestNG.java:1244)
	at org.testng.TestNG.runSuitesLocally(TestNG.java:1169)
	at org.testng.TestNG.run(TestNG.java:1064)
	at genericLibrary.CreateTestngXML.main(CreateTestngXML.java:90)
</pre></div></td>
<td>15</td>
<td>OpcoUserActions.GDSP_OpcoGUI_102_IMPCLASS@2667f029</td></tr>
<tr>
<td title='OpcoUserActions.GDSP_OpcoGUI_103_IMPCLASS.TC_103()'><b>TC_103</b><br>Test class: OpcoUserActions.GDSP_OpcoGUI_103_IMPCLASS<br>Parameters: {Order=1.0, Script=GDSPOpco, TC_ID=GDSP_103, Execute=Y, CUSTOMERCODE=CUST100, VPNNEWDESC=successful, TC_DESC=ManageVPNs_VPNGroup_copy, pwd=Secret123, VPNnewgrpname=Suriya, url=http://158.234.62.73:8080/GDSPGui/login.htm, username=SUPPNL4, VPNgrpNAME=debashis}</td>
<td><div><pre>org.openqa.selenium.NoSuchElementException: no such element: Unable to locate element: {&quot;method&quot;:&quot;xpath&quot;,&quot;selector&quot;:&quot;//a[contains(text(),&apos;Copy&apos;)]&quot;}
  (Session info: chrome=60.0.3112.113)
  (Driver info: chromedriver=2.28.455520 (cc17746adff54984afff480136733114c6b3704b),platform=Windows NT 6.1.7601 SP1 x86_64) (WARNING: The server did not provide any stacktrace information)
Command duration or timeout: 33 milliseconds
For documentation on this error, please visit: http://seleniumhq.org/exceptions/no_such_element.html
Build info: version: &apos;2.53.0&apos;, revision: &apos;35ae25b1534ae328c771e0856c93e187490ca824&apos;, time: &apos;2016-03-15 10:43:46&apos;
System info: host: &apos;INL-1ZDLPF2&apos;, ip: &apos;10.155.22.83&apos;, os.name: &apos;Windows 7&apos;, os.arch: &apos;amd64&apos;, os.version: &apos;6.1&apos;, java.version: &apos;1.8.0_102&apos;
Driver info: org.openqa.selenium.chrome.ChromeDriver
Capabilities [{applicationCacheEnabled=false, rotatable=false, mobileEmulationEnabled=false, networkConnectionEnabled=false, chrome={chromedriverVersion=2.28.455520 (cc17746adff54984afff480136733114c6b3704b), userDataDir=C:\Users\ARABIN~1.SAM\AppData\Local\Temp\scoped_dir7248_29435}, takesHeapSnapshot=true, pageLoadStrategy=normal, databaseEnabled=false, handlesAlerts=true, hasTouchScreen=false, version=60.0.3112.113, platform=XP, browserConnectionEnabled=false, nativeEvents=true, acceptSslCerts=true, locationContextEnabled=true, webStorageEnabled=true, browserName=chrome, takesScreenshot=true, javascriptEnabled=true, cssSelectorsEnabled=true, unexpectedAlertBehaviour=}]
Session ID: cb49e868f5efd1bd1bfdc0cb0698bc01
*** Element info: {Using=xpath, value=//a[contains(text(),&apos;Copy&apos;)]}
	at org.openqa.selenium.remote.ErrorHandler.createThrowable(ErrorHandler.java:206)
	at org.openqa.selenium.remote.ErrorHandler.throwIfResponseFailed(ErrorHandler.java:158)
	at org.openqa.selenium.remote.RemoteWebDriver.execute(RemoteWebDriver.java:678)
	at org.openqa.selenium.remote.RemoteWebDriver.findElement(RemoteWebDriver.java:363)
	at org.openqa.selenium.remote.RemoteWebDriver.findElementByXPath(RemoteWebDriver.java:500)
	at org.openqa.selenium.By$ByXPath.findElement(By.java:361)
	at org.openqa.selenium.remote.RemoteWebDriver.findElement(RemoteWebDriver.java:355)
	at org.openqa.selenium.support.pagefactory.DefaultElementLocator.findElement(DefaultElementLocator.java:69)
	at org.openqa.selenium.support.pagefactory.internal.LocatingElementHandler.invoke(LocatingElementHandler.java:38)
	at com.sun.proxy.$Proxy7.click(Unknown Source)
	at OpcoUserActions.GDSP_OpcoGUI_103.vpncopy(GDSP_OpcoGUI_103.java:83)
	at OpcoUserActions.GDSP_OpcoGUI_103_IMPCLASS.TC_103(GDSP_OpcoGUI_103_IMPCLASS.java:45)
	at genericLibrary.CreateTestngXML.main(CreateTestngXML.java:90)
... Removed 24 stack frames</pre></div><a href='#' onClick='toggleBox("stack-trace1873837494", this, "Click to show all stack frames", "Click to hide stack frames")'>Click to show all stack frames</a>
<div class='stack-trace' id='stack-trace1873837494'><pre>org.openqa.selenium.NoSuchElementException: no such element: Unable to locate element: {&quot;method&quot;:&quot;xpath&quot;,&quot;selector&quot;:&quot;//a[contains(text(),&apos;Copy&apos;)]&quot;}
  (Session info: chrome=60.0.3112.113)
  (Driver info: chromedriver=2.28.455520 (cc17746adff54984afff480136733114c6b3704b),platform=Windows NT 6.1.7601 SP1 x86_64) (WARNING: The server did not provide any stacktrace information)
Command duration or timeout: 33 milliseconds
For documentation on this error, please visit: http://seleniumhq.org/exceptions/no_such_element.html
Build info: version: &apos;2.53.0&apos;, revision: &apos;35ae25b1534ae328c771e0856c93e187490ca824&apos;, time: &apos;2016-03-15 10:43:46&apos;
System info: host: &apos;INL-1ZDLPF2&apos;, ip: &apos;10.155.22.83&apos;, os.name: &apos;Windows 7&apos;, os.arch: &apos;amd64&apos;, os.version: &apos;6.1&apos;, java.version: &apos;1.8.0_102&apos;
Driver info: org.openqa.selenium.chrome.ChromeDriver
Capabilities [{applicationCacheEnabled=false, rotatable=false, mobileEmulationEnabled=false, networkConnectionEnabled=false, chrome={chromedriverVersion=2.28.455520 (cc17746adff54984afff480136733114c6b3704b), userDataDir=C:\Users\ARABIN~1.SAM\AppData\Local\Temp\scoped_dir7248_29435}, takesHeapSnapshot=true, pageLoadStrategy=normal, databaseEnabled=false, handlesAlerts=true, hasTouchScreen=false, version=60.0.3112.113, platform=XP, browserConnectionEnabled=false, nativeEvents=true, acceptSslCerts=true, locationContextEnabled=true, webStorageEnabled=true, browserName=chrome, takesScreenshot=true, javascriptEnabled=true, cssSelectorsEnabled=true, unexpectedAlertBehaviour=}]
Session ID: cb49e868f5efd1bd1bfdc0cb0698bc01
*** Element info: {Using=xpath, value=//a[contains(text(),&apos;Copy&apos;)]}
	at sun.reflect.GeneratedConstructorAccessor51.newInstance(Unknown Source)
	at sun.reflect.DelegatingConstructorAccessorImpl.newInstance(DelegatingConstructorAccessorImpl.java:45)
	at java.lang.reflect.Constructor.newInstance(Constructor.java:423)
	at org.openqa.selenium.remote.ErrorHandler.createThrowable(ErrorHandler.java:206)
	at org.openqa.selenium.remote.ErrorHandler.throwIfResponseFailed(ErrorHandler.java:158)
	at org.openqa.selenium.remote.RemoteWebDriver.execute(RemoteWebDriver.java:678)
	at org.openqa.selenium.remote.RemoteWebDriver.findElement(RemoteWebDriver.java:363)
	at org.openqa.selenium.remote.RemoteWebDriver.findElementByXPath(RemoteWebDriver.java:500)
	at org.openqa.selenium.By$ByXPath.findElement(By.java:361)
	at org.openqa.selenium.remote.RemoteWebDriver.findElement(RemoteWebDriver.java:355)
	at org.openqa.selenium.support.pagefactory.DefaultElementLocator.findElement(DefaultElementLocator.java:69)
	at org.openqa.selenium.support.pagefactory.internal.LocatingElementHandler.invoke(LocatingElementHandler.java:38)
	at com.sun.proxy.$Proxy7.click(Unknown Source)
	at OpcoUserActions.GDSP_OpcoGUI_103.vpncopy(GDSP_OpcoGUI_103.java:83)
	at OpcoUserActions.GDSP_OpcoGUI_103_IMPCLASS.TC_103(GDSP_OpcoGUI_103_IMPCLASS.java:45)
	at sun.reflect.NativeMethodAccessorImpl.invoke0(Native Method)
	at sun.reflect.NativeMethodAccessorImpl.invoke(NativeMethodAccessorImpl.java:62)
	at sun.reflect.DelegatingMethodAccessorImpl.invoke(DelegatingMethodAccessorImpl.java:43)
	at java.lang.reflect.Method.invoke(Method.java:498)
	at org.testng.internal.MethodInvocationHelper.invokeMethod(MethodInvocationHelper.java:86)
	at org.testng.internal.Invoker.invokeMethod(Invoker.java:643)
	at org.testng.internal.Invoker.invokeTestMethod(Invoker.java:820)
	at org.testng.internal.Invoker.invokeTestMethods(Invoker.java:1128)
	at org.testng.internal.TestMethodWorker.invokeTestMethods(TestMethodWorker.java:129)
	at org.testng.internal.TestMethodWorker.run(TestMethodWorker.java:112)
	at org.testng.TestRunner.privateRun(TestRunner.java:782)
	at org.testng.TestRunner.run(TestRunner.java:632)
	at org.testng.SuiteRunner.runTest(SuiteRunner.java:366)
	at org.testng.SuiteRunner.runSequentially(SuiteRunner.java:361)
	at org.testng.SuiteRunner.privateRun(SuiteRunner.java:319)
	at org.testng.SuiteRunner.run(SuiteRunner.java:268)
	at org.testng.SuiteRunnerWorker.runSuite(SuiteRunnerWorker.java:52)
	at org.testng.SuiteRunnerWorker.run(SuiteRunnerWorker.java:86)
	at org.testng.TestNG.runSuitesSequentially(TestNG.java:1244)
	at org.testng.TestNG.runSuitesLocally(TestNG.java:1169)
	at org.testng.TestNG.run(TestNG.java:1064)
	at genericLibrary.CreateTestngXML.main(CreateTestngXML.java:90)
</pre></div></td>
<td>14</td>
<td>OpcoUserActions.GDSP_OpcoGUI_103_IMPCLASS@67a20f67</td></tr>
<tr>
<td title='OpcoUserActions.GDSP_OpcoGUI_106_IMPCLASS.TC_106()'><b>TC_106</b><br>Test class: OpcoUserActions.GDSP_OpcoGUI_106_IMPCLASS<br>Parameters: {Order=1.0, Script=GDSPOpco, TC_ID=GDSP_106, Execute=Y, vpngrpname=debashis, INREST=11,395_Black_List, TC_DESC=ManageVPNs_VPNGroup_configurecallingrestrictions, pwd=Secret123, OUTREST=100200040,CL_BL_01, url=http://158.234.62.73:8080/GDSPGui/login.htm, username=SUPPNL4}</td>
<td><div><pre>org.openqa.selenium.NoSuchElementException: no such element: Unable to locate element: {&quot;method&quot;:&quot;xpath&quot;,&quot;selector&quot;:&quot;//a[contains(@href,&apos;manage_restrictions&apos;)]&quot;}
  (Session info: chrome=60.0.3112.113)
  (Driver info: chromedriver=2.28.455520 (cc17746adff54984afff480136733114c6b3704b),platform=Windows NT 6.1.7601 SP1 x86_64) (WARNING: The server did not provide any stacktrace information)
Command duration or timeout: 68 milliseconds
For documentation on this error, please visit: http://seleniumhq.org/exceptions/no_such_element.html
Build info: version: &apos;2.53.0&apos;, revision: &apos;35ae25b1534ae328c771e0856c93e187490ca824&apos;, time: &apos;2016-03-15 10:43:46&apos;
System info: host: &apos;INL-1ZDLPF2&apos;, ip: &apos;10.155.22.83&apos;, os.name: &apos;Windows 7&apos;, os.arch: &apos;amd64&apos;, os.version: &apos;6.1&apos;, java.version: &apos;1.8.0_102&apos;
Driver info: org.openqa.selenium.chrome.ChromeDriver
Capabilities [{applicationCacheEnabled=false, rotatable=false, mobileEmulationEnabled=false, networkConnectionEnabled=false, chrome={chromedriverVersion=2.28.455520 (cc17746adff54984afff480136733114c6b3704b), userDataDir=C:\Users\ARABIN~1.SAM\AppData\Local\Temp\scoped_dir18660_14901}, takesHeapSnapshot=true, pageLoadStrategy=normal, databaseEnabled=false, handlesAlerts=true, hasTouchScreen=false, version=60.0.3112.113, platform=XP, browserConnectionEnabled=false, nativeEvents=true, acceptSslCerts=true, locationContextEnabled=true, webStorageEnabled=true, browserName=chrome, takesScreenshot=true, javascriptEnabled=true, cssSelectorsEnabled=true, unexpectedAlertBehaviour=}]
Session ID: be261735b5af2ceb43709b8e05e526fe
*** Element info: {Using=xpath, value=//a[contains(@href,&apos;manage_restrictions&apos;)]}
	at org.openqa.selenium.remote.ErrorHandler.createThrowable(ErrorHandler.java:206)
	at org.openqa.selenium.remote.ErrorHandler.throwIfResponseFailed(ErrorHandler.java:158)
	at org.openqa.selenium.remote.RemoteWebDriver.execute(RemoteWebDriver.java:678)
	at org.openqa.selenium.remote.RemoteWebDriver.findElement(RemoteWebDriver.java:363)
	at org.openqa.selenium.remote.RemoteWebDriver.findElementByXPath(RemoteWebDriver.java:500)
	at org.openqa.selenium.By$ByXPath.findElement(By.java:361)
	at org.openqa.selenium.remote.RemoteWebDriver.findElement(RemoteWebDriver.java:355)
	at org.openqa.selenium.support.pagefactory.DefaultElementLocator.findElement(DefaultElementLocator.java:69)
	at org.openqa.selenium.support.pagefactory.internal.LocatingElementHandler.invoke(LocatingElementHandler.java:38)
	at com.sun.proxy.$Proxy7.click(Unknown Source)
	at OpcoUserActions.GDSP_OpcoGUI_106.vpnconfigcallrest(GDSP_OpcoGUI_106.java:66)
	at OpcoUserActions.GDSP_OpcoGUI_106_IMPCLASS.TC_106(GDSP_OpcoGUI_106_IMPCLASS.java:45)
	at genericLibrary.CreateTestngXML.main(CreateTestngXML.java:90)
... Removed 24 stack frames</pre></div><a href='#' onClick='toggleBox("stack-trace741377162", this, "Click to show all stack frames", "Click to hide stack frames")'>Click to show all stack frames</a>
<div class='stack-trace' id='stack-trace741377162'><pre>org.openqa.selenium.NoSuchElementException: no such element: Unable to locate element: {&quot;method&quot;:&quot;xpath&quot;,&quot;selector&quot;:&quot;//a[contains(@href,&apos;manage_restrictions&apos;)]&quot;}
  (Session info: chrome=60.0.3112.113)
  (Driver info: chromedriver=2.28.455520 (cc17746adff54984afff480136733114c6b3704b),platform=Windows NT 6.1.7601 SP1 x86_64) (WARNING: The server did not provide any stacktrace information)
Command duration or timeout: 68 milliseconds
For documentation on this error, please visit: http://seleniumhq.org/exceptions/no_such_element.html
Build info: version: &apos;2.53.0&apos;, revision: &apos;35ae25b1534ae328c771e0856c93e187490ca824&apos;, time: &apos;2016-03-15 10:43:46&apos;
System info: host: &apos;INL-1ZDLPF2&apos;, ip: &apos;10.155.22.83&apos;, os.name: &apos;Windows 7&apos;, os.arch: &apos;amd64&apos;, os.version: &apos;6.1&apos;, java.version: &apos;1.8.0_102&apos;
Driver info: org.openqa.selenium.chrome.ChromeDriver
Capabilities [{applicationCacheEnabled=false, rotatable=false, mobileEmulationEnabled=false, networkConnectionEnabled=false, chrome={chromedriverVersion=2.28.455520 (cc17746adff54984afff480136733114c6b3704b), userDataDir=C:\Users\ARABIN~1.SAM\AppData\Local\Temp\scoped_dir18660_14901}, takesHeapSnapshot=true, pageLoadStrategy=normal, databaseEnabled=false, handlesAlerts=true, hasTouchScreen=false, version=60.0.3112.113, platform=XP, browserConnectionEnabled=false, nativeEvents=true, acceptSslCerts=true, locationContextEnabled=true, webStorageEnabled=true, browserName=chrome, takesScreenshot=true, javascriptEnabled=true, cssSelectorsEnabled=true, unexpectedAlertBehaviour=}]
Session ID: be261735b5af2ceb43709b8e05e526fe
*** Element info: {Using=xpath, value=//a[contains(@href,&apos;manage_restrictions&apos;)]}
	at sun.reflect.GeneratedConstructorAccessor51.newInstance(Unknown Source)
	at sun.reflect.DelegatingConstructorAccessorImpl.newInstance(DelegatingConstructorAccessorImpl.java:45)
	at java.lang.reflect.Constructor.newInstance(Constructor.java:423)
	at org.openqa.selenium.remote.ErrorHandler.createThrowable(ErrorHandler.java:206)
	at org.openqa.selenium.remote.ErrorHandler.throwIfResponseFailed(ErrorHandler.java:158)
	at org.openqa.selenium.remote.RemoteWebDriver.execute(RemoteWebDriver.java:678)
	at org.openqa.selenium.remote.RemoteWebDriver.findElement(RemoteWebDriver.java:363)
	at org.openqa.selenium.remote.RemoteWebDriver.findElementByXPath(RemoteWebDriver.java:500)
	at org.openqa.selenium.By$ByXPath.findElement(By.java:361)
	at org.openqa.selenium.remote.RemoteWebDriver.findElement(RemoteWebDriver.java:355)
	at org.openqa.selenium.support.pagefactory.DefaultElementLocator.findElement(DefaultElementLocator.java:69)
	at org.openqa.selenium.support.pagefactory.internal.LocatingElementHandler.invoke(LocatingElementHandler.java:38)
	at com.sun.proxy.$Proxy7.click(Unknown Source)
	at OpcoUserActions.GDSP_OpcoGUI_106.vpnconfigcallrest(GDSP_OpcoGUI_106.java:66)
	at OpcoUserActions.GDSP_OpcoGUI_106_IMPCLASS.TC_106(GDSP_OpcoGUI_106_IMPCLASS.java:45)
	at sun.reflect.NativeMethodAccessorImpl.invoke0(Native Method)
	at sun.reflect.NativeMethodAccessorImpl.invoke(NativeMethodAccessorImpl.java:62)
	at sun.reflect.DelegatingMethodAccessorImpl.invoke(DelegatingMethodAccessorImpl.java:43)
	at java.lang.reflect.Method.invoke(Method.java:498)
	at org.testng.internal.MethodInvocationHelper.invokeMethod(MethodInvocationHelper.java:86)
	at org.testng.internal.Invoker.invokeMethod(Invoker.java:643)
	at org.testng.internal.Invoker.invokeTestMethod(Invoker.java:820)
	at org.testng.internal.Invoker.invokeTestMethods(Invoker.java:1128)
	at org.testng.internal.TestMethodWorker.invokeTestMethods(TestMethodWorker.java:129)
	at org.testng.internal.TestMethodWorker.run(TestMethodWorker.java:112)
	at org.testng.TestRunner.privateRun(TestRunner.java:782)
	at org.testng.TestRunner.run(TestRunner.java:632)
	at org.testng.SuiteRunner.runTest(SuiteRunner.java:366)
	at org.testng.SuiteRunner.runSequentially(SuiteRunner.java:361)
	at org.testng.SuiteRunner.privateRun(SuiteRunner.java:319)
	at org.testng.SuiteRunner.run(SuiteRunner.java:268)
	at org.testng.SuiteRunnerWorker.runSuite(SuiteRunnerWorker.java:52)
	at org.testng.SuiteRunnerWorker.run(SuiteRunnerWorker.java:86)
	at org.testng.TestNG.runSuitesSequentially(TestNG.java:1244)
	at org.testng.TestNG.runSuitesLocally(TestNG.java:1169)
	at org.testng.TestNG.run(TestNG.java:1064)
	at genericLibrary.CreateTestngXML.main(CreateTestngXML.java:90)
</pre></div></td>
<td>10</td>
<td>OpcoUserActions.GDSP_OpcoGUI_106_IMPCLASS@13e39c73</td></tr>
<tr>
<td title='OpcoUserActions.GDSP_OpcoGUI_129_IMPCLASS.TC_129()'><b>TC_129</b><br>Test class: OpcoUserActions.GDSP_OpcoGUI_129_IMPCLASS<br>Parameters: {Order=1.0, Script=GDSPOpco, TC_ID=GDSP_129, Execute=Y, ENDPOINTNAME=Samar, TC_DESC=ManageEvents_outboundwsc_delete, pwd=Secret123, url=http://158.234.62.73:8080/GDSPGui/login.htm, username=SUPPNL4}</td>
<td><div><pre>org.openqa.selenium.WebDriverException: unknown error: Element &lt;input type=&quot;image&quot; src=&quot;images/search.png&quot; alt=&quot;submit&quot;&gt; is not clickable at point (927, 186). Other element would receive the click: &lt;div id=&quot;TB_title&quot;&gt;...&lt;/div&gt;
  (Session info: chrome=60.0.3112.113)
  (Driver info: chromedriver=2.28.455520 (cc17746adff54984afff480136733114c6b3704b),platform=Windows NT 6.1.7601 SP1 x86_64) (WARNING: The server did not provide any stacktrace information)
Command duration or timeout: 77 milliseconds
Build info: version: &apos;2.53.0&apos;, revision: &apos;35ae25b1534ae328c771e0856c93e187490ca824&apos;, time: &apos;2016-03-15 10:43:46&apos;
System info: host: &apos;INL-1ZDLPF2&apos;, ip: &apos;10.155.22.83&apos;, os.name: &apos;Windows 7&apos;, os.arch: &apos;amd64&apos;, os.version: &apos;6.1&apos;, java.version: &apos;1.8.0_102&apos;
Driver info: org.openqa.selenium.chrome.ChromeDriver
Capabilities [{applicationCacheEnabled=false, rotatable=false, mobileEmulationEnabled=false, networkConnectionEnabled=false, chrome={chromedriverVersion=2.28.455520 (cc17746adff54984afff480136733114c6b3704b), userDataDir=C:\Users\ARABIN~1.SAM\AppData\Local\Temp\scoped_dir19936_1781}, takesHeapSnapshot=true, pageLoadStrategy=normal, databaseEnabled=false, handlesAlerts=true, hasTouchScreen=false, version=60.0.3112.113, platform=XP, browserConnectionEnabled=false, nativeEvents=true, acceptSslCerts=true, locationContextEnabled=true, webStorageEnabled=true, browserName=chrome, takesScreenshot=true, javascriptEnabled=true, cssSelectorsEnabled=true, unexpectedAlertBehaviour=}]
Session ID: de216e6c37562dd11fdf26d3bfde4edf
	at org.openqa.selenium.remote.ErrorHandler.createThrowable(ErrorHandler.java:206)
	at org.openqa.selenium.remote.ErrorHandler.throwIfResponseFailed(ErrorHandler.java:158)
	at org.openqa.selenium.remote.RemoteWebDriver.execute(RemoteWebDriver.java:678)
	at org.openqa.selenium.remote.RemoteWebElement.execute(RemoteWebElement.java:327)
	at org.openqa.selenium.remote.RemoteWebElement.click(RemoteWebElement.java:85)
	at org.openqa.selenium.support.pagefactory.internal.LocatingElementHandler.invoke(LocatingElementHandler.java:51)
	at com.sun.proxy.$Proxy7.click(Unknown Source)
	at OpcoUserActions.GDSP_OpcoGUI_129.deleteoutboundwsc(GDSP_OpcoGUI_129.java:82)
	at OpcoUserActions.GDSP_OpcoGUI_129_IMPCLASS.TC_129(GDSP_OpcoGUI_129_IMPCLASS.java:43)
	at genericLibrary.CreateTestngXML.main(CreateTestngXML.java:90)
... Removed 28 stack frames</pre></div><a href='#' onClick='toggleBox("stack-trace209496617", this, "Click to show all stack frames", "Click to hide stack frames")'>Click to show all stack frames</a>
<div class='stack-trace' id='stack-trace209496617'><pre>org.openqa.selenium.WebDriverException: unknown error: Element &lt;input type=&quot;image&quot; src=&quot;images/search.png&quot; alt=&quot;submit&quot;&gt; is not clickable at point (927, 186). Other element would receive the click: &lt;div id=&quot;TB_title&quot;&gt;...&lt;/div&gt;
  (Session info: chrome=60.0.3112.113)
  (Driver info: chromedriver=2.28.455520 (cc17746adff54984afff480136733114c6b3704b),platform=Windows NT 6.1.7601 SP1 x86_64) (WARNING: The server did not provide any stacktrace information)
Command duration or timeout: 77 milliseconds
Build info: version: &apos;2.53.0&apos;, revision: &apos;35ae25b1534ae328c771e0856c93e187490ca824&apos;, time: &apos;2016-03-15 10:43:46&apos;
System info: host: &apos;INL-1ZDLPF2&apos;, ip: &apos;10.155.22.83&apos;, os.name: &apos;Windows 7&apos;, os.arch: &apos;amd64&apos;, os.version: &apos;6.1&apos;, java.version: &apos;1.8.0_102&apos;
Driver info: org.openqa.selenium.chrome.ChromeDriver
Capabilities [{applicationCacheEnabled=false, rotatable=false, mobileEmulationEnabled=false, networkConnectionEnabled=false, chrome={chromedriverVersion=2.28.455520 (cc17746adff54984afff480136733114c6b3704b), userDataDir=C:\Users\ARABIN~1.SAM\AppData\Local\Temp\scoped_dir19936_1781}, takesHeapSnapshot=true, pageLoadStrategy=normal, databaseEnabled=false, handlesAlerts=true, hasTouchScreen=false, version=60.0.3112.113, platform=XP, browserConnectionEnabled=false, nativeEvents=true, acceptSslCerts=true, locationContextEnabled=true, webStorageEnabled=true, browserName=chrome, takesScreenshot=true, javascriptEnabled=true, cssSelectorsEnabled=true, unexpectedAlertBehaviour=}]
Session ID: de216e6c37562dd11fdf26d3bfde4edf
	at sun.reflect.NativeConstructorAccessorImpl.newInstance0(Native Method)
	at sun.reflect.NativeConstructorAccessorImpl.newInstance(NativeConstructorAccessorImpl.java:62)
	at sun.reflect.DelegatingConstructorAccessorImpl.newInstance(DelegatingConstructorAccessorImpl.java:45)
	at java.lang.reflect.Constructor.newInstance(Constructor.java:423)
	at org.openqa.selenium.remote.ErrorHandler.createThrowable(ErrorHandler.java:206)
	at org.openqa.selenium.remote.ErrorHandler.throwIfResponseFailed(ErrorHandler.java:158)
	at org.openqa.selenium.remote.RemoteWebDriver.execute(RemoteWebDriver.java:678)
	at org.openqa.selenium.remote.RemoteWebElement.execute(RemoteWebElement.java:327)
	at org.openqa.selenium.remote.RemoteWebElement.click(RemoteWebElement.java:85)
	at sun.reflect.GeneratedMethodAccessor3.invoke(Unknown Source)
	at sun.reflect.DelegatingMethodAccessorImpl.invoke(DelegatingMethodAccessorImpl.java:43)
	at java.lang.reflect.Method.invoke(Method.java:498)
	at org.openqa.selenium.support.pagefactory.internal.LocatingElementHandler.invoke(LocatingElementHandler.java:51)
	at com.sun.proxy.$Proxy7.click(Unknown Source)
	at OpcoUserActions.GDSP_OpcoGUI_129.deleteoutboundwsc(GDSP_OpcoGUI_129.java:82)
	at OpcoUserActions.GDSP_OpcoGUI_129_IMPCLASS.TC_129(GDSP_OpcoGUI_129_IMPCLASS.java:43)
	at sun.reflect.NativeMethodAccessorImpl.invoke0(Native Method)
	at sun.reflect.NativeMethodAccessorImpl.invoke(NativeMethodAccessorImpl.java:62)
	at sun.reflect.DelegatingMethodAccessorImpl.invoke(DelegatingMethodAccessorImpl.java:43)
	at java.lang.reflect.Method.invoke(Method.java:498)
	at org.testng.internal.MethodInvocationHelper.invokeMethod(MethodInvocationHelper.java:86)
	at org.testng.internal.Invoker.invokeMethod(Invoker.java:643)
	at org.testng.internal.Invoker.invokeTestMethod(Invoker.java:820)
	at org.testng.internal.Invoker.invokeTestMethods(Invoker.java:1128)
	at org.testng.internal.TestMethodWorker.invokeTestMethods(TestMethodWorker.java:129)
	at org.testng.internal.TestMethodWorker.run(TestMethodWorker.java:112)
	at org.testng.TestRunner.privateRun(TestRunner.java:782)
	at org.testng.TestRunner.run(TestRunner.java:632)
	at org.testng.SuiteRunner.runTest(SuiteRunner.java:366)
	at org.testng.SuiteRunner.runSequentially(SuiteRunner.java:361)
	at org.testng.SuiteRunner.privateRun(SuiteRunner.java:319)
	at org.testng.SuiteRunner.run(SuiteRunner.java:268)
	at org.testng.SuiteRunnerWorker.runSuite(SuiteRunnerWorker.java:52)
	at org.testng.SuiteRunnerWorker.run(SuiteRunnerWorker.java:86)
	at org.testng.TestNG.runSuitesSequentially(TestNG.java:1244)
	at org.testng.TestNG.runSuitesLocally(TestNG.java:1169)
	at org.testng.TestNG.run(TestNG.java:1064)
	at genericLibrary.CreateTestngXML.main(CreateTestngXML.java:90)
</pre></div></td>
<td>27</td>
<td>OpcoUserActions.GDSP_OpcoGUI_129_IMPCLASS@5e82df6a</td></tr>
</table><p>
<table width='100%' border='1' class='invocation-passed'>
<tr><td colspan='4' align='center'><b>PASSED TESTS</b></td></tr>
<tr><td><b>Test method</b></td>
<td width="30%"><b>Exception</b></td>
<td width="10%"><b>Time (seconds)</b></td>
<td><b>Instance</b></td>
</tr>
<tr>
<td title='OpcoUserActions.GDSP_OpcoGUI_001_IMPCLASS.TC_001()'><b>TC_001</b><br>Test class: OpcoUserActions.GDSP_OpcoGUI_001_IMPCLASS<br>Parameters: {Order=1.0, Script=GDSPOpco, TC_ID=GDSPOPCO_01, Execute=Y, TC_DESC=Validate login for Valid Credential, pwd=Secret123, url=http://158.234.62.60:8080/GDSPGui/login.htm, username=SUPPNL4}</td>
<td></td>
<td>13</td>
<td>OpcoUserActions.GDSP_OpcoGUI_001_IMPCLASS@1b1473ab</td></tr>
<tr>
<td title='OpcoUserActions.GDSP_OpcoGUI_013_IMPCLASS.TC_003()'><b>TC_003</b><br>Test class: OpcoUserActions.GDSP_OpcoGUI_013_IMPCLASS<br>Parameters: {Order=1.0, Script=GDSPOpco, TC_ID=GDSPOPCO_13, Execute=Y, TC_DESC=Filter by Contact name, pwd=Secret123, FULLNAME=BSG1, url=http://158.234.62.73:8080/GDSPGui/login.htm, username=SUPPNL4}</td>
<td></td>
<td>24</td>
<td>OpcoUserActions.GDSP_OpcoGUI_013_IMPCLASS@6af93788</td></tr>
<tr>
<td title='OpcoUserActions.GDSP_OpcoGUI_010_IMPCLASS.TC_010()'><b>TC_010</b><br>Test class: OpcoUserActions.GDSP_OpcoGUI_010_IMPCLASS<br>Parameters: {Order=1.0, Script=GDSPOpco, TC_ID=GDSPOPCO_10, Execute=Y, CUSTOMERCODE=test_01, USERNAME=baby1, ACCESSRIGHT=Read only, TC_DESC=Filter User using different parameters, pwd=Secret123, FULLNAME=baby, url=http://158.234.62.60:8080/GDSPGui/login.htm, username=SUPPNL4}</td>
<td></td>
<td>17</td>
<td>OpcoUserActions.GDSP_OpcoGUI_010_IMPCLASS@2f7c2f4f</td></tr>
<tr>
<td title='OpcoUserActions.GDSP_OpcoGUI_014_IMPCLASS.TC_014()'><b>TC_014</b><br>Test class: OpcoUserActions.GDSP_OpcoGUI_014_IMPCLASS<br>Parameters: {Order=1.0, Script=GDSPOpco, TC_ID=GDSP_014, Execute=Y, TC_DESC=Contact_BackToTop Button Verification, pwd=Secret123, FULLNAME=BSG1, url=http://158.234.62.73:8080/GDSPGui/login.htm, username=SUPPNL4}</td>
<td></td>
<td>31</td>
<td>OpcoUserActions.GDSP_OpcoGUI_014_IMPCLASS@ef9296d</td></tr>
<tr>
<td title='OpcoUserActions.GDSP_OpcoGUI_018_IMPCLASS.TC_018()'><b>TC_018</b><br>Test class: OpcoUserActions.GDSP_OpcoGUI_018_IMPCLASS<br>Parameters: {Order=1.0, Script=GDSPOpco, TC_ID=GDSP_018, Execute=Y, TC_DESC=Filter Tariff, pwd=Secret123, FULLNAME=R9TARIFF_SC, url=http://158.234.62.84:8080/GDSPGui/login.htm, username=R9OPCOUSER_SC_TE}</td>
<td></td>
<td>19</td>
<td>OpcoUserActions.GDSP_OpcoGUI_018_IMPCLASS@36c88a32</td></tr>
<tr>
<td title='OpcoUserActions.GDSP_OpcoGUI_019_IMPCLASS.TC_019()'><b>TC_019</b><br>Test class: OpcoUserActions.GDSP_OpcoGUI_019_IMPCLASS<br>Parameters: {Order=1.0, Script=GDSPOpco, TC_ID=GDSP_019, Execute=Y, TC_DESC=BackTotop_tariff, pwd=Secret123, url=http://158.234.62.84:8080/GDSPGui/login.htm, username=R9OPCOUSER_SC_TE}</td>
<td></td>
<td>18</td>
<td>OpcoUserActions.GDSP_OpcoGUI_019_IMPCLASS@7880cdf3</td></tr>
<tr>
<td title='OpcoUserActions.GDSP_OpcoGUI_025_IMPCLASS.TC_025()'><b>TC_025</b><br>Test class: OpcoUserActions.GDSP_OpcoGUI_025_IMPCLASS<br>Parameters: {Order=1.0, Script=GDSPOpco, TC_ID=GDSP_025, Execute=Y, TC_DESC=ManageCustomer_Customer_Filter, pwd=Secret123, FULLNAME=001dp_test, url=http://158.234.62.73:8080/GDSPGui/login.htm, username=SUPPNL4}</td>
<td></td>
<td>29</td>
<td>OpcoUserActions.GDSP_OpcoGUI_025_IMPCLASS@5be6e01c</td></tr>
<tr>
<td title='OpcoUserActions.GDSP_OpcoGUI_027_IMPCLASS.TC_027()'><b>TC_027</b><br>Test class: OpcoUserActions.GDSP_OpcoGUI_027_IMPCLASS<br>Parameters: {Order=1.0, Script=GDSPOpco, TC_ID=GDSP_027, Execute=Y, CUSTNAME=Blended, TC_DESC=ManageCustomer_Customer_login, pwd=Secret123, url=http://158.234.62.73:8080/GDSPGui/login.htm, username=SUPPNL4}</td>
<td></td>
<td>30</td>
<td>OpcoUserActions.GDSP_OpcoGUI_027_IMPCLASS@1c93084c</td></tr>
<tr>
<td title='OpcoUserActions.GDSP_OpcoGUI_028_IMPCLASS.TC_028()'><b>TC_028</b><br>Test class: OpcoUserActions.GDSP_OpcoGUI_028_IMPCLASS<br>Parameters: {Order=1.0, Script=GDSPOpco, TC_ID=GDSP_028, Execute=Y, WSCNAME=guiGetCustomerDetails, PERIOD=Minute, CUSTNAME=001dp_test, TC_DESC=ManageCustomer_Customer_Configure API throtlling, pwd=Secret123, CALLLIMIT=30, url=http://158.234.62.87:8080/GDSPGui/login.htm, username=SUPPNL4}</td>
<td></td>
<td>29</td>
<td>OpcoUserActions.GDSP_OpcoGUI_028_IMPCLASS@6ef888f6</td></tr>
<tr>
<td title='OpcoUserActions.GDSP_OpcoGUI_029_IMPCLASS.TC_029()'><b>TC_029</b><br>Test class: OpcoUserActions.GDSP_OpcoGUI_029_IMPCLASS<br>Parameters: {Order=1.0, Script=GDSPOpco, TC_ID=GDSP_029, Execute=Y, CUSTNAME=001dp_test, TC_DESC=ManageCustomer_Customer_Edit API throttling, pwd=Secret123, CALLLIMIT=10, url=http://158.234.62.73:8080/GDSPGui/login.htm, username=SUPPNL4}</td>
<td></td>
<td>36</td>
<td>OpcoUserActions.GDSP_OpcoGUI_029_IMPCLASS@10e92f8f</td></tr>
<tr>
<td title='OpcoUserActions.GDSP_OpcoGUI_030_IMPCLASS.TC_030()'><b>TC_030</b><br>Test class: OpcoUserActions.GDSP_OpcoGUI_030_IMPCLASS<br>Parameters: {Order=1.0, Script=GDSPOpco, TC_ID=GDSP_030, Execute=Y, WSCNAME=guiGetCustomerDetails, CUSTNAME=001dp_test, TC_DESC=ManageCustomer_Customer_Delete API throtlling, pwd=Secret123, url=http://158.234.62.87:8080/GDSPGui/login.htm, username=SUPPNL4}</td>
<td></td>
<td>31</td>
<td>OpcoUserActions.GDSP_OpcoGUI_030_IMPCLASS@7ce3cb8e</td></tr>
<tr>
<td title='OpcoUserActions.GDSP_OpcoGUI_031_IMPCLASS.TC_031()'><b>TC_031</b><br>Test class: OpcoUserActions.GDSP_OpcoGUI_031_IMPCLASS<br>Parameters: {Order=1.0, Script=GDSPOpco, Execute=Y, url=http://158.234.62.73:8080/GDSPGui/login.htm, DESC=certificate, NAME=pin, TC_ID=GDSP_031, CUSTNAME=001dp_test, FILEPATH=C:\\Users\\arabinda.samal\\upload.exe, TC_DESC=ManageCustomer_Customer_ManageCertificate_Create, pwd=Secret123, PWD=changeit, username=SUPPNL4}</td>
<td></td>
<td>50</td>
<td>OpcoUserActions.GDSP_OpcoGUI_031_IMPCLASS@78b66d36</td></tr>
<tr>
<td title='OpcoUserActions.GDSP_OpcoGUI_032_IMPCLASS.TC_032()'><b>TC_032</b><br>Test class: OpcoUserActions.GDSP_OpcoGUI_032_IMPCLASS<br>Parameters: {Order=1.0, Script=GDSPOpco, Execute=Y, url=http://158.234.62.73:8080/GDSPGui/login.htm, DESC=certificate, NAME=Sarat, TC_ID=GDSP_032, CUSTNAME=001dp_test, FILEPATH=C:\\Users\\arabinda.samal\\upload.exe, TC_DESC=ManageCustomer_Customer_ManageCertificate_Duplicate, pwd=Secret123, PWD=changeit, username=SUPPNL4}</td>
<td></td>
<td>44</td>
<td>OpcoUserActions.GDSP_OpcoGUI_032_IMPCLASS@5223e5ee</td></tr>
<tr>
<td title='OpcoUserActions.GDSP_OpcoGUI_033_IMPCLASS.TC_033()'><b>TC_033</b><br>Test class: OpcoUserActions.GDSP_OpcoGUI_033_IMPCLASS<br>Parameters: {Order=1.0, Script=GDSPOpco, TC_ID=GDSP_033, Execute=Y, CUSTNAME=001dp_test, TC_DESC=Customer_ManageCertificate_Delete, pwd=Secret123, CertificateName=Sarat, url=http://158.234.62.73:8080/GDSPGui/login.htm, username=SUPPNL4}</td>
<td></td>
<td>44</td>
<td>OpcoUserActions.GDSP_OpcoGUI_033_IMPCLASS@bef2d72</td></tr>
<tr>
<td title='OpcoUserActions.GDSP_OpcoGUI_034_IMPCLASS.TC_034()'><b>TC_034</b><br>Test class: OpcoUserActions.GDSP_OpcoGUI_034_IMPCLASS<br>Parameters: {Order=1.0, Script=GDSPOpco, TC_ID=GDSP_034, Execute=Y, CUSTNAME=001dp_test, TC_DESC=Customer_ManageCertificate_Filter, pwd=Secret123, CertificateName=final, url=http://158.234.62.73:8080/GDSPGui/login.htm, username=SUPPNL4}</td>
<td></td>
<td>34</td>
<td>OpcoUserActions.GDSP_OpcoGUI_034_IMPCLASS@69b2283a</td></tr>
<tr>
<td title='OpcoUserActions.GDSP_OpcoGUI_035_IMPCLASS.TC_035()'><b>TC_035</b><br>Test class: OpcoUserActions.GDSP_OpcoGUI_035_IMPCLASS<br>Parameters: {Order=1.0, Script=GDSPOpco, TC_ID=GDSP_035, Execute=Y, CUSTNAME=001dp_test, TC_DESC=ManageCustomer_Customer_ConfigureSimCustomAttributes, pwd=Secret123, url=http://158.234.62.73:8080/GDSPGui/login.htm, username=SUPPNL4}</td>
<td></td>
<td>30</td>
<td>OpcoUserActions.GDSP_OpcoGUI_035_IMPCLASS@22a637e7</td></tr>
<tr>
<td title='OpcoUserActions.GDSP_OpcoGUI_037_IMPCLASS.TC_037()'><b>TC_037</b><br>Test class: OpcoUserActions.GDSP_OpcoGUI_037_IMPCLASS<br>Parameters: {Order=1.0, Script=GDSPOpco, TC_ID=GDSP_037, Execute=Y, TC_DESC=ManageCustomer_Customer_BackToTop, pwd=Secret123, url=http://158.234.62.73:8080/GDSPGui/login.htm, username=SUPPNL4}</td>
<td></td>
<td>24</td>
<td>OpcoUserActions.GDSP_OpcoGUI_037_IMPCLASS@6fe7aac8</td></tr>
<tr>
<td title='OpcoUserActions.GDSP_OpcoGUI_040_IMPCLASS.TC_040()'><b>TC_040</b><br>Test class: OpcoUserActions.GDSP_OpcoGUI_040_IMPCLASS<br>Parameters: {Order=1.0, Script=GDSPOpco, TC_ID=GDSP_040, Execute=Y, TC_DESC=ManageCustomer_CustomerServiceProfile_Filter, pwd=Secret123, FULLNAME=cr226_csdb_csp, url=http://158.234.62.73:8080/GDSPGui/login.htm, username=SUPPNL4}</td>
<td></td>
<td>32</td>
<td>OpcoUserActions.GDSP_OpcoGUI_040_IMPCLASS@1d119efb</td></tr>
<tr>
<td title='OpcoUserActions.GDSP_OpcoGUI_044_IMPCLASS.TC_044()'><b>TC_044</b><br>Test class: OpcoUserActions.GDSP_OpcoGUI_044_IMPCLASS<br>Parameters: {Order=1.0, Script=GDSPOpco, TC_ID=GDSP_044, Execute=Y, TC_DESC=ManageCustomer_CustomerServiceProfile_ReturnToCSPPage, pwd=Secret123, FULLNAME=cr226_csdb_csp, url=http://158.234.62.73:8080/GDSPGui/login.htm, username=SUPPNL4}</td>
<td></td>
<td>38</td>
<td>OpcoUserActions.GDSP_OpcoGUI_044_IMPCLASS@659a969b</td></tr>
<tr>
<td title='OpcoUserActions.GDSP_OpcoGUI_047_IMPCLASS.TC_047()'><b>TC_047</b><br>Test class: OpcoUserActions.GDSP_OpcoGUI_047_IMPCLASS<br>Parameters: {Order=1.0, Script=GDSPOpco, PROFILENAME=sdfdfdfsdfdfdfsdfdfdf, TC_ID=GDSP_047, Execute=Y, TC_DESC=ManageCustomer_CustomerServiceProfile_Filter, pwd=Secret123, url=http://158.234.62.73:8080/GDSPGui/login.htm, username=SUPPNL4}</td>
<td></td>
<td>17</td>
<td>OpcoUserActions.GDSP_OpcoGUI_047_IMPCLASS@76908cc0</td></tr>
<tr>
<td title='OpcoUserActions.GDSP_OpcoGUI_052_IMPCLASS.TC_052()'><b>TC_052</b><br>Test class: OpcoUserActions.GDSP_OpcoGUI_052_IMPCLASS<br>Parameters: {Order=1.0, Script=GDSPOpco, TC_ID=GDSP_052, Execute=Y, TC_DESC=ManageCustomer_LoginAsCustomer, pwd=Secret123, FULLNAME=Automotive_Test, url=http://158.234.62.73:8080/GDSPGui/login.htm, username=SUPPNL4}</td>
<td></td>
<td>32</td>
<td>OpcoUserActions.GDSP_OpcoGUI_052_IMPCLASS@49b0b76</td></tr>
<tr>
<td title='OpcoUserActions.GDSP_OpcoGUI_053_IMPCLASS.TC_053()'><b>TC_053</b><br>Test class: OpcoUserActions.GDSP_OpcoGUI_053_IMPCLASS<br>Parameters: {Order=1.0, Script=GDSPOpco, TC_ID=GDSP_053, Execute=Y, CUSTNAME=Blended, TC_DESC=ManageSIM_SearchSim_Customer, pwd=Secret123, url=http://158.234.62.73:8080/GDSPGui/login.htm, username=SUPPNL4}</td>
<td></td>
<td>40</td>
<td>OpcoUserActions.GDSP_OpcoGUI_053_IMPCLASS@769f71a9</td></tr>
<tr>
<td title='OpcoUserActions.GDSP_OpcoGUI_054_IMPCLASS.TC_054()'><b>TC_054</b><br>Test class: OpcoUserActions.GDSP_OpcoGUI_054_IMPCLASS<br>Parameters: {Order=1.0, Script=GDSPOpco, TC_ID=GDSP_054, Execute=Y, STATE=Active.Standby, TC_DESC=ManageSIM_SearchSim_State, pwd=Secret123, url=http://158.234.62.73:8080/GDSPGui/login.htm, username=SUPPNL4}</td>
<td></td>
<td>42</td>
<td>OpcoUserActions.GDSP_OpcoGUI_054_IMPCLASS@4c9f8c13</td></tr>
<tr>
<td title='OpcoUserActions.GDSP_OpcoGUI_056_IMPCLASS.TC_056()'><b>TC_056</b><br>Test class: OpcoUserActions.GDSP_OpcoGUI_056_IMPCLASS<br>Parameters: {Order=1.0, Script=GDSPOpco, TC_ID=GDSP_056, Execute=Y, CSPNAME=CSP100, CUSTNAME=Automotive_Test, TC_DESC=ManageSIM_SearchSim_Customer Service Profile, pwd=Secret123, url=http://158.234.62.73:8080/GDSPGui/login.htm, username=SUPPNL4}</td>
<td></td>
<td>33</td>
<td>OpcoUserActions.GDSP_OpcoGUI_056_IMPCLASS@5ae50ce6</td></tr>
<tr>
<td title='OpcoUserActions.GDSP_OpcoGUI_057_IMPCLASS.TC_057()'><b>TC_057</b><br>Test class: OpcoUserActions.GDSP_OpcoGUI_057_IMPCLASS<br>Parameters: {Order=1.0, Script=GDSPOpco, TC_ID=GDSP_057, Execute=Y, SIMGROUP=Dvc_Grp, CUSTNAME=Automotive_Test, TC_DESC=ManageSIM_SearchSim_SIM Group, pwd=Secret123, url=http://158.234.62.73:8080/GDSPGui/login.htm, username=SUPPNL4}</td>
<td></td>
<td>33</td>
<td>OpcoUserActions.GDSP_OpcoGUI_057_IMPCLASS@6f96c77</td></tr>
<tr>
<td title='OpcoUserActions.GDSP_OpcoGUI_058_IMPCLASS.TC_058()'><b>TC_058</b><br>Test class: OpcoUserActions.GDSP_OpcoGUI_058_IMPCLASS<br>Parameters: {Order=1.0, Script=GDSPOpco, TC_ID=GDSP_058, Execute=Y, CUSTNAME=Automotive_Test, OTASTATUS=OTA Campaign Candidate, TC_DESC=ManageSIM_SearchSim_OTA Status, pwd=Secret123, url=http://158.234.62.73:8080/GDSPGui/login.htm, username=SUPPNL4}</td>
<td></td>
<td>48</td>
<td>OpcoUserActions.GDSP_OpcoGUI_058_IMPCLASS@be64738</td></tr>
<tr>
<td title='OpcoUserActions.GDSP_OpcoGUI_059_IMPCLASS.TC_059()'><b>TC_059</b><br>Test class: OpcoUserActions.GDSP_OpcoGUI_059_IMPCLASS<br>Parameters: {Order=1.0, Script=GDSPOpco, SIMID=210000000502003, TC_ID=GDSP_059, Execute=Y, TC_DESC=ManageSIM_SearchSim_SIM ID, pwd=Secret123, url=http://158.234.62.73:8080/GDSPGui/login.htm, username=SUPPNL4}</td>
<td></td>
<td>28</td>
<td>OpcoUserActions.GDSP_OpcoGUI_059_IMPCLASS@3ba9ad43</td></tr>
<tr>
<td title='OpcoUserActions.GDSP_OpcoGUI_060_IMPCLASS.TC_060()'><b>TC_060</b><br>Test class: OpcoUserActions.GDSP_OpcoGUI_060_IMPCLASS<br>Parameters: {Order=1.0, Script=GDSPOpco, TC_ID=GDSP_060, Execute=Y, IMSI=600000011065222, TC_DESC=ManageSIM_SearchSim_IMSI, pwd=Secret123, url=http://158.234.62.73:8080/GDSPGui/login.htm, username=SUPPNL4}</td>
<td></td>
<td>28</td>
<td>OpcoUserActions.GDSP_OpcoGUI_060_IMPCLASS@49d904ec</td></tr>
<tr>
<td title='OpcoUserActions.GDSP_OpcoGUI_061_IMPCLASS.TC_061()'><b>TC_061</b><br>Test class: OpcoUserActions.GDSP_OpcoGUI_061_IMPCLASS<br>Parameters: {Order=1.0, Script=GDSPOpco, TC_ID=GDSP_061, Execute=Y, IMEI=3545450520010018, TC_DESC=ManageSIM_SearchSim_IMEI, pwd=Secret123, url=http://158.234.62.73:8080/GDSPGui/login.htm, username=SUPPNL4}</td>
<td></td>
<td>27</td>
<td>OpcoUserActions.GDSP_OpcoGUI_061_IMPCLASS@48e4374</td></tr>
<tr>
<td title='OpcoUserActions.GDSP_OpcoGUI_062_IMPCLASS.TC_062()'><b>TC_062</b><br>Test class: OpcoUserActions.GDSP_OpcoGUI_062_IMPCLASS<br>Parameters: {Order=1.0, ICCID=6000000000000065224 , Script=GDSPOpco, TC_ID=GDSP_062, Execute=Y, TC_DESC=ManageSIM_SearchSim_ICCID, pwd=Secret123, url=http://158.234.62.73:8080/GDSPGui/login.htm, username=SUPPNL4}</td>
<td></td>
<td>28</td>
<td>OpcoUserActions.GDSP_OpcoGUI_062_IMPCLASS@3d680b5a</td></tr>
<tr>
<td title='OpcoUserActions.GDSP_OpcoGUI_063_IMPCLASS.TC_063()'><b>TC_063</b><br>Test class: OpcoUserActions.GDSP_OpcoGUI_063_IMPCLASS<br>Parameters: {Order=1.0, Script=GDSPOpco, TC_ID=GDSP_063, Execute=Y, IPADDRESS=10.25.133.128, TC_DESC=ManageSIM_SearchSim_IPADDRESS, pwd=Secret123, url=http://158.234.62.73:8080/GDSPGui/login.htm, username=SUPPNL4}</td>
<td></td>
<td>26</td>
<td>OpcoUserActions.GDSP_OpcoGUI_063_IMPCLASS@4b5d6a01</td></tr>
<tr>
<td title='OpcoUserActions.GDSP_OpcoGUI_064_IMPCLASS.TC_064()'><b>TC_064</b><br>Test class: OpcoUserActions.GDSP_OpcoGUI_064_IMPCLASS<br>Parameters: {Order=1.0, Script=GDSPOpco, MSISDN=600000011065222, TC_ID=GDSP_064, Execute=Y, TC_DESC=ManageSIM_SearchSim_MSISDN, pwd=Secret123, url=http://158.234.62.73:8080/GDSPGui/login.htm, username=SUPPNL4}</td>
<td></td>
<td>28</td>
<td>OpcoUserActions.GDSP_OpcoGUI_064_IMPCLASS@4a22f9e2</td></tr>
<tr>
<td title='OpcoUserActions.GDSP_OpcoGUI_071_IMPCLASS.TC_071()'><b>TC_071</b><br>Test class: OpcoUserActions.GDSP_OpcoGUI_071_IMPCLASS<br>Parameters: {Order=1.0, Script=GDSPOpco, ActionName=Diagnostic Trace, SIMID=210000000502003, TC_ID=GDSP_071, Execute=Y, TC_DESC=ManageSIM_SIM_Diagnostic Trace, pwd=Secret123, url=http://158.234.62.73:8080/GDSPGui/login.htm, username=SUPPNL4}</td>
<td></td>
<td>26</td>
<td>OpcoUserActions.GDSP_OpcoGUI_071_IMPCLASS@3c130745</td></tr>
<tr>
<td title='OpcoUserActions.GDSP_OpcoGUI_074_IMPCLASS.TC_074()'><b>TC_074</b><br>Test class: OpcoUserActions.GDSP_OpcoGUI_074_IMPCLASS<br>Parameters: {Order=1.0, Script=GDSPOpco, SIMID=210000000502002, TC_ID=GDSP_074, Execute=Y, TC_DESC=ManageSIM_SIM_SimDetailsPopup_SIM Registration Data}</td>
<td></td>
<td>33</td>
<td>OpcoUserActions.GDSP_OpcoGUI_074_IMPCLASS@470f1802</td></tr>
<tr>
<td title='OpcoUserActions.GDSP_OpcoGUI_075_IMPCLASS.TC_075()'><b>TC_075</b><br>Test class: OpcoUserActions.GDSP_OpcoGUI_075_IMPCLASS<br>Parameters: {Order=1.0, Script=GDSPOpco, SIMID=210000000502002, TC_ID=GDSP_075, Execute=Y, TC_DESC=ManageSIM_SIM_SimDetailsPopup_cicrcuitswitchedsession}</td>
<td></td>
<td>31</td>
<td>OpcoUserActions.GDSP_OpcoGUI_075_IMPCLASS@63021689</td></tr>
<tr>
<td title='OpcoUserActions.GDSP_OpcoGUI_076_IMPCLASS.TC_076()'><b>TC_076</b><br>Test class: OpcoUserActions.GDSP_OpcoGUI_076_IMPCLASS<br>Parameters: {Order=1.0, Script=GDSPOpco, SIMID=210000000502002, TC_ID=GDSP_076, Execute=Y, TC_DESC=ManageSIM_SIM_SimDetailsPopup_Packet Data Session}</td>
<td></td>
<td>35</td>
<td>OpcoUserActions.GDSP_OpcoGUI_076_IMPCLASS@703580bf</td></tr>
<tr>
<td title='OpcoUserActions.GDSP_OpcoGUI_079_IMPCLASS.TC_079()'><b>TC_079</b><br>Test class: OpcoUserActions.GDSP_OpcoGUI_079_IMPCLASS<br>Parameters: {Order=1.0, Script=GDSPOpco, SIMID=210000000502002, TC_ID=GDSP_079, Execute=Y, TC_DESC=ManageSIM_SIM_SimDetailsPopup_customattribute}</td>
<td></td>
<td>72</td>
<td>OpcoUserActions.GDSP_OpcoGUI_079_IMPCLASS@72a7c7e0</td></tr>
<tr>
<td title='OpcoUserActions.GDSP_OpcoGUI_080_IMPCLASS.TC_080()'><b>TC_080</b><br>Test class: OpcoUserActions.GDSP_OpcoGUI_080_IMPCLASS<br>Parameters: {Order=1.0, Script=GDSPOpco, SIMID=210000000502002, TC_ID=GDSP_080, Execute=Y, TC_DESC=ManageSIM_SIM_SimDetailsPopup_Simgroup}</td>
<td></td>
<td>36</td>
<td>OpcoUserActions.GDSP_OpcoGUI_080_IMPCLASS@2e4b8173</td></tr>
<tr>
<td title='OpcoUserActions.GDSP_OpcoGUI_081_IMPCLASS.TC_081()'><b>TC_081</b><br>Test class: OpcoUserActions.GDSP_OpcoGUI_081_IMPCLASS<br>Parameters: {Order=1.0, Script=GDSPOpco, SIMID=210000000502002, TC_ID=GDSP_081, Execute=Y, TC_DESC=ManageSIM_SIM_SimDetailsPopup_apndetails}</td>
<td></td>
<td>35</td>
<td>OpcoUserActions.GDSP_OpcoGUI_081_IMPCLASS@70e8f8e</td></tr>
<tr>
<td title='OpcoUserActions.GDSP_OpcoGUI_082_IMPCLASS.TC_082()'><b>TC_082</b><br>Test class: OpcoUserActions.GDSP_OpcoGUI_082_IMPCLASS<br>Parameters: {Order=1.0, Script=GDSPOpco, SIMID=210000000502002, TC_ID=GDSP_082, Execute=Y, TC_DESC=ManageSIM_SIM_SimDetailsPopup_Refresh}</td>
<td></td>
<td>41</td>
<td>OpcoUserActions.GDSP_OpcoGUI_082_IMPCLASS@17046283</td></tr>
<tr>
<td title='OpcoUserActions.GDSP_OpcoGUI_083_IMPCLASS.TC_083()'><b>TC_083</b><br>Test class: OpcoUserActions.GDSP_OpcoGUI_083_IMPCLASS<br>Parameters: {Order=1.0, Script=GDSPOpco, SIMID=210000000502002, TC_ID=GDSP_083, Execute=Y, TC_DESC=ManageSIM_SIM_SimDetailsPopup_BackToSimsResult}</td>
<td></td>
<td>33</td>
<td>OpcoUserActions.GDSP_OpcoGUI_083_IMPCLASS@5bd03f44</td></tr>
<tr>
<td title='OpcoUserActions.GDSP_OpcoGUI_084_IMPCLASS.TC_084()'><b>TC_084</b><br>Test class: OpcoUserActions.GDSP_OpcoGUI_084_IMPCLASS<br>Parameters: {Order=1.0, Script=GDSPOpco, SIMID=210000000502002, TC_ID=GDSP_084, Execute=Y, TC_DESC=ManageSIM_SIM_SimDetailsPopup_Recent CS Usage}</td>
<td></td>
<td>63</td>
<td>OpcoUserActions.GDSP_OpcoGUI_084_IMPCLASS@29626d54</td></tr>
<tr>
<td title='OpcoUserActions.GDSP_OpcoGUI_085_IMPCLASS.TC_085()'><b>TC_085</b><br>Test class: OpcoUserActions.GDSP_OpcoGUI_085_IMPCLASS<br>Parameters: {Order=1.0, Script=GDSPOpco, SIMID=210000000502002, TC_ID=GDSP_085, Execute=Y, TC_DESC=ManageSIM_SIM_SimDetailsPopup_RecentSMSusage}</td>
<td></td>
<td>47</td>
<td>OpcoUserActions.GDSP_OpcoGUI_085_IMPCLASS@5a63f509</td></tr>
<tr>
<td title='OpcoUserActions.GDSP_OpcoGUI_094_IMPCLASS.TC_094()'><b>TC_094</b><br>Test class: OpcoUserActions.GDSP_OpcoGUI_094_IMPCLASS<br>Parameters: {Order=1.0, Script=GDSPOpco, TC_ID=GDSP_094, Execute=Y, CUSTOMERCODE=Automotive_Test, TC_DESC=ManageSIM_SIMManufactrerOrder_Filter, pwd=Secret123, url=http://158.234.62.73:8080/GDSPGui/login.htm, username=SUPPNL4}</td>
<td></td>
<td>21</td>
<td>OpcoUserActions.GDSP_OpcoGUI_094_IMPCLASS@4b0b0854</td></tr>
<tr>
<td title='OpcoUserActions.GDSP_OpcoGUI_095_IMPCLASS.TC_095()'><b>TC_095</b><br>Test class: OpcoUserActions.GDSP_OpcoGUI_095_IMPCLASS<br>Parameters: {Order=1.0, Script=GDSPOpco, CUSTCODE=Automotive_Test, TC_ID=GDSP_095, Execute=Y, TC_DESC=ManageSIM_SIMManufactrerOrder_View Order, pwd=Secret123, url=http://158.234.62.73:8080/GDSPGui/login.htm, username=SUPPNL4}</td>
<td></td>
<td>28</td>
<td>OpcoUserActions.GDSP_OpcoGUI_095_IMPCLASS@19bb07ed</td></tr>
<tr>
<td title='OpcoUserActions.GDSP_OpcoGUI_101_IMPCLASS.TC_101()'><b>TC_101</b><br>Test class: OpcoUserActions.GDSP_OpcoGUI_101_IMPCLASS<br>Parameters: {Order=1.0, Script=GDSPOpco, VPNDESC=description, TC_ID=GDSP_101, Execute=Y, CUSTOMERCODE=CUST100, CustomerID=100, TC_DESC=ManageVPNs_VPNGroup_Create, pwd=Secret123, url=http://158.234.62.73:8080/GDSPGui/login.htm, username=SUPPNL4, VPNgrpNAME=ratna}</td>
<td></td>
<td>26</td>
<td>OpcoUserActions.GDSP_OpcoGUI_101_IMPCLASS@353d0772</td></tr>
<tr>
<td title='OpcoUserActions.GDSP_OpcoGUI_104_IMPCLASS.TC_104()'><b>TC_104</b><br>Test class: OpcoUserActions.GDSP_OpcoGUI_104_IMPCLASS<br>Parameters: {Order=1.0, Script=GDSPOpco, TC_ID=GDSP_104, Execute=Y, CUSTOMERCODE=CUST100, TC_DESC=ManageVPNs_VPNGroup_filter, pwd=Secret123, VPNnewgrpname=samrat, url=http://158.234.62.73:8080/GDSPGui/login.htm, username=SUPPNL4}</td>
<td></td>
<td>12</td>
<td>OpcoUserActions.GDSP_OpcoGUI_104_IMPCLASS@57c758ac</td></tr>
<tr>
<td title='OpcoUserActions.GDSP_OpcoGUI_105_IMPCLASS.TC_105()'><b>TC_105</b><br>Test class: OpcoUserActions.GDSP_OpcoGUI_105_IMPCLASS<br>Parameters: {Order=1.0, Script=GDSPOpco, TC_ID=GDSP_105, Execute=Y, TC_DESC=ManageVPNs_VPNGroup_BacktoTop, pwd=Secret123, url=http://158.234.62.73:8080/GDSPGui/login.htm, username=SUPPNL4}</td>
<td></td>
<td>17</td>
<td>OpcoUserActions.GDSP_OpcoGUI_105_IMPCLASS@a9cd3b1</td></tr>
<tr>
<td title='OpcoUserActions.GDSP_OpcoGUI_107_IMPCLASS.TC_107()'><b>TC_107</b><br>Test class: OpcoUserActions.GDSP_OpcoGUI_107_IMPCLASS<br>Parameters: {Order=1.0, Script=GDSPOpco, NUMLISTNAME=ritu, TC_ID=GDSP_107, Execute=Y, CUSTOMERCODE=CUST100, TC_DESC=ManageVPNs_NumberList_Create, pwd=Secret123, NUMLISTS=12345678123, NUMLISTDESC=desc, url=http://158.234.62.87:8080/GDSPGui/login.htm, username=SUPPNL4}</td>
<td></td>
<td>32</td>
<td>OpcoUserActions.GDSP_OpcoGUI_107_IMPCLASS@64cd705f</td></tr>
<tr>
<td title='OpcoUserActions.GDSP_OpcoGUI_108_IMPCLASS.TC_108()'><b>TC_108</b><br>Test class: OpcoUserActions.GDSP_OpcoGUI_108_IMPCLASS<br>Parameters: {Order=1.0, Script=GDSPOpco, NUMLISTNAME=Raghu, TC_ID=GDSP_108, Execute=Y, CUSTOMERCODE=Automotive_Test, TC_DESC=ManageVPNs_NumberList_Edit, pwd=Secret123, NUMLISTS=123456789123, NUMLISTDESC=desc, url=http://158.234.62.73:8080/GDSPGui/login.htm, username=SUPPNL4}</td>
<td></td>
<td>24</td>
<td>OpcoUserActions.GDSP_OpcoGUI_108_IMPCLASS@9225652</td></tr>
<tr>
<td title='OpcoUserActions.GDSP_OpcoGUI_109_IMPCLASS.TC_109()'><b>TC_109</b><br>Test class: OpcoUserActions.GDSP_OpcoGUI_109_IMPCLASS<br>Parameters: {Order=1.0, Script=GDSPOpco, NUMLISTNAME=Raghu, Execute=Y, CUSTOMERCODE=CUST100, NUMLISTS=1234567891101, url=http://158.234.62.73:8080/GDSPGui/login.htm, TC_ID=GDSP_109, TC_DESC=ManageVPNs_NumberList_Copy, pwd=Secret123, NUMLISTDESC=desc, username=SUPPNL4, NEWNUMLISTNAME=Raghu1}</td>
<td></td>
<td>34</td>
<td>OpcoUserActions.GDSP_OpcoGUI_109_IMPCLASS@654f0d9c</td></tr>
<tr>
<td title='OpcoUserActions.GDSP_OpcoGUI_110_IMPCLASS.TC_110()'><b>TC_110</b><br>Test class: OpcoUserActions.GDSP_OpcoGUI_110_IMPCLASS<br>Parameters: {Order=1.0, Script=GDSPOpco, NUMLISTNAME=kalyan, TC_ID=GDSP_110, Execute=Y, TC_DESC=ManageVPNs_NumberList_filter, pwd=Secret123, url=http://158.234.62.73:8080/GDSPGui/login.htm, username=SUPPNL4}</td>
<td></td>
<td>19</td>
<td>OpcoUserActions.GDSP_OpcoGUI_110_IMPCLASS@6a400542</td></tr>
<tr>
<td title='OpcoUserActions.GDSP_OpcoGUI_111_IMPCLASS.TC_111()'><b>TC_111</b><br>Test class: OpcoUserActions.GDSP_OpcoGUI_111_IMPCLASS<br>Parameters: {Order=1.0, Script=GDSPOpco, TC_ID=GDSP_111, Execute=Y, NUMBERLISTNAME=newTest67, TC_DESC=ManageVPNs_NumberList_Back to Top, pwd=Secret123, url=http://158.234.62.73:8080/GDSPGui/login.htm, username=SUPPNL4}</td>
<td></td>
<td>21</td>
<td>OpcoUserActions.GDSP_OpcoGUI_111_IMPCLASS@6580cfdd</td></tr>
<tr>
<td title='OpcoUserActions.GDSP_OpcoGUI_112_IMPCLASS.TC_112()'><b>TC_112</b><br>Test class: OpcoUserActions.GDSP_OpcoGUI_112_IMPCLASS<br>Parameters: {Order=1.0, Script=GDSPOpco, CUSTCODE=CUST100, VPNBARRINGNAME=arabinda1234, TC_ID=GDSP_112, Execute=Y, VPNBARRINGDESC=desc, BARRINGTYPE=Black
                                        , TC_DESC=ManageVPNs_CallListConfiguration_Create, pwd=Secret123, url=http://158.234.62.73:8080/GDSPGui/login.htm, username=SUPPNL4}</td>
<td></td>
<td>31</td>
<td>OpcoUserActions.GDSP_OpcoGUI_112_IMPCLASS@7e0b85f9</td></tr>
<tr>
<td title='OpcoUserActions.GDSP_OpcoGUI_115_IMPCLASS.TC_115()'><b>TC_115</b><br>Test class: OpcoUserActions.GDSP_OpcoGUI_115_IMPCLASS<br>Parameters: {Order=1.0, Script=GDSPOpco, VPNBARRINGNAME=vpn_sunil, TC_ID=GDSP_115, Execute=Y, TC_DESC=ManageVPNs_CallListConfiguration_Filter, pwd=Secret123, url=http://158.234.62.73:8080/GDSPGui/login.htm, username=SUPPNL4}</td>
<td></td>
<td>18</td>
<td>OpcoUserActions.GDSP_OpcoGUI_115_IMPCLASS@63355449</td></tr>
<tr>
<td title='OpcoUserActions.GDSP_OpcoGUI_116_IMPCLASS.TC_116()'><b>TC_116</b><br>Test class: OpcoUserActions.GDSP_OpcoGUI_116_IMPCLASS<br>Parameters: {Order=1.0, Script=GDSPOpco, TC_ID=GDSP_116, Execute=Y, TC_DESC=ManageVPNs_CallListConfiguration_Back to Top, pwd=Secret123, url=http://158.234.62.73:8080/GDSPGui/login.htm, username=SUPPNL4}</td>
<td></td>
<td>81</td>
<td>OpcoUserActions.GDSP_OpcoGUI_116_IMPCLASS@9353778</td></tr>
<tr>
<td title='OpcoUserActions.GDSP_OpcoGUI_117_IMPCLASS.TC_117()'><b>TC_117</b><br>Test class: OpcoUserActions.GDSP_OpcoGUI_117_IMPCLASS<br>Parameters: {Order=1.0, Script=GDSPOpco, CUSTCODE=001dp_test, CUSTOMERCONTROLLEDVALUE=Yes , Execute=Y, EVENTNAME=Rakul, EVENTMETRIC=API Call Success Percentage, url=http://158.234.62.73:8080/GDSPGui/login.htm, ENTITYTYPE=Service Profile, MONITORINGPERIOD=Monthly, TC_ID=GDSP_117, EVENTDESC=desc, SERVICEPROFILENAME=Test_CSP2, TC_DESC=ManageEvents_NotificationEvents_create, pwd=Secret123, THRESOLDVALUE=25, username=SUPPNL4}</td>
<td></td>
<td>29</td>
<td>OpcoUserActions.GDSP_OpcoGUI_117_IMPCLASS@6a28ffa4</td></tr>
<tr>
<td title='OpcoUserActions.GDSP_OpcoGUI_118_IMPCLASS.TC_118()'><b>TC_118</b><br>Test class: OpcoUserActions.GDSP_OpcoGUI_118_IMPCLASS<br>Parameters: {Order=1.0, Script=GDSPOpco, TC_ID=GDSP_118, Execute=Y, EVENTNAME=Rakul, TC_DESC=ManageEvents_NotificationEvents_edit, pwd=Secret123, THRESOLDVALUE=30, url=http://158.234.62.73:8080/GDSPGui/login.htm, username=SUPPNL4}</td>
<td></td>
<td>27</td>
<td>OpcoUserActions.GDSP_OpcoGUI_118_IMPCLASS@48ae9b55</td></tr>
<tr>
<td title='OpcoUserActions.GDSP_OpcoGUI_119_IMPCLASS.TC_119()'><b>TC_119</b><br>Test class: OpcoUserActions.GDSP_OpcoGUI_119_IMPCLASS<br>Parameters: {Order=1.0, Script=GDSPOpco, TC_ID=GDSP_119, Execute=Y, EVENTNAME=Rakul, NEWEVENTNAME=Rashita, TC_DESC=ManageEvents_NotificationEvents_copy, pwd=Secret123, url=http://158.234.62.73:8080/GDSPGui/login.htm, username=SUPPNL4}</td>
<td></td>
<td>41</td>
<td>OpcoUserActions.GDSP_OpcoGUI_119_IMPCLASS@1700915</td></tr>
<tr>
<td title='OpcoUserActions.GDSP_OpcoGUI_120_IMPCLASS.TC_120()'><b>TC_120</b><br>Test class: OpcoUserActions.GDSP_OpcoGUI_120_IMPCLASS<br>Parameters: {Order=1.0, Script=GDSPOpco, TC_ID=GDSP_120, Execute=Y, EVENTNAME=Rakul, TC_DESC=ManageEvents_NotificationEvents_Delete, pwd=Secret123, url=http://158.234.62.73:8080/GDSPGui/login.htm, username=SUPPNL4}</td>
<td></td>
<td>26</td>
<td>OpcoUserActions.GDSP_OpcoGUI_120_IMPCLASS@21de60b4</td></tr>
<tr>
<td title='OpcoUserActions.GDSP_OpcoGUI_121_IMPCLASS.TC_121()'><b>TC_121</b><br>Test class: OpcoUserActions.GDSP_OpcoGUI_121_IMPCLASS<br>Parameters: {Order=1.0, Script=GDSPOpco, TC_ID=GDSP_121, Execute=Y, EVENTNAME=Combined_Usage, TC_DESC=ManageEvents_NotificationEvents_Filter by Event Name, pwd=Secret123, url=http://158.234.62.73:8080/GDSPGui/login.htm, username=SUPPNL4}</td>
<td></td>
<td>17</td>
<td>OpcoUserActions.GDSP_OpcoGUI_121_IMPCLASS@c267ef4</td></tr>
<tr>
<td title='OpcoUserActions.GDSP_OpcoGUI_122_IMPCLASS.TC_122()'><b>TC_122</b><br>Test class: OpcoUserActions.GDSP_OpcoGUI_122_IMPCLASS<br>Parameters: {Order=1.0, Script=GDSPOpco, TC_ID=GDSP_122, Execute=Y, CUSTOMERCODE=001dp_test, TC_DESC=ManageEvents_NotificationEvents_Filter by by Customer Code, pwd=Secret123, url=http://158.234.62.73:8080/GDSPGui/login.htm, username=SUPPNL4}</td>
<td></td>
<td>28</td>
<td>OpcoUserActions.GDSP_OpcoGUI_122_IMPCLASS@30ee2816</td></tr>
<tr>
<td title='OpcoUserActions.GDSP_OpcoGUI_123_IMPCLASS.TC_123()'><b>TC_123</b><br>Test class: OpcoUserActions.GDSP_OpcoGUI_123_IMPCLASS<br>Parameters: {Order=1.0, Script=GDSPOpco, TC_ID=GDSP_123, Execute=Y, EVENTNAME=ROGUE_USAGE10, TC_DESC=ManageEvents_NotificationEvents_Threshold Enable Disable, pwd=Secret123, url=http://158.234.62.73:8080/GDSPGui/login.htm, username=SUPPNL4}</td>
<td></td>
<td>26</td>
<td>OpcoUserActions.GDSP_OpcoGUI_123_IMPCLASS@31d7b7bf</td></tr>
<tr>
<td title='OpcoUserActions.GDSP_OpcoGUI_124_IMPCLASS.TC_124()'><b>TC_124</b><br>Test class: OpcoUserActions.GDSP_OpcoGUI_124_IMPCLASS<br>Parameters: {Order=1.0, Script=GDSPOpco, TC_ID=GDSP_124, Execute=Y, EVENTNAME=ROGUE_USAGE10, TC_DESC=ManageEvents_NotificationEvents_Customer visibility, pwd=Secret123, url=http://158.234.62.73:8080/GDSPGui/login.htm, username=SUPPNL4}</td>
<td></td>
<td>20</td>
<td>OpcoUserActions.GDSP_OpcoGUI_124_IMPCLASS@635eaaf1</td></tr>
<tr>
<td title='OpcoUserActions.GDSP_OpcoGUI_125_IMPCLASS.TC_125()'><b>TC_125</b><br>Test class: OpcoUserActions.GDSP_OpcoGUI_125_IMPCLASS<br>Parameters: {Order=1.0, Script=GDSPOpco, TC_ID=GDSP_125, Execute=Y, CUSTOMERCODE=001dp_test, TC_DESC=ManageEvents_NotificationEvents_Clear Filter, pwd=Secret123, url=http://158.234.62.73:8080/GDSPGui/login.htm, username=SUPPNL4}</td>
<td></td>
<td>33</td>
<td>OpcoUserActions.GDSP_OpcoGUI_125_IMPCLASS@5c30a9b0</td></tr>
<tr>
<td title='OpcoUserActions.GDSP_OpcoGUI_126_IMPCLASS.TC_126()'><b>TC_126</b><br>Test class: OpcoUserActions.GDSP_OpcoGUI_126_IMPCLASS<br>Parameters: {Order=1.0, WSCSUPPORTED=notifyEvent, Script=GDSPOpco, CUSTCODE=CUST106, WSCPASSWORD=gdsp, Execute=Y, MCREQUESTWSC=0, ACTIONUPONFAILURE=Log Error, SOAPLOCATION=http://158.234.62.65:8180/GDSPWebServiceStubs/CSPChangeNotificationService, url=http://158.234.62.73:8080/GDSPGui/login.htm, DELIVERYVALIDITY=0, DELIVERYREGIME=Confirmed delivery, TC_ID=GDSP_126, ENDPOINTDESC=desc, NUMBEROFRETRIES=0, WSCENABLED=Yes, ENDPOINTNAME=samar, TC_DESC=ManageEvents_outboundwsc_create, pwd=Secret123, WSCUSERNAME=gdsp, username=SUPPNL4}</td>
<td></td>
<td>28</td>
<td>OpcoUserActions.GDSP_OpcoGUI_126_IMPCLASS@1ddf84b8</td></tr>
<tr>
<td title='OpcoUserActions.GDSP_OpcoGUI_127_IMPCLASS.TC_127()'><b>TC_127</b><br>Test class: OpcoUserActions.GDSP_OpcoGUI_127_IMPCLASS<br>Parameters: {Order=1.0, Script=GDSPOpco, TC_ID=GDSP_127, Execute=Y, ENDPOINTDESC=sidharth, ENDPOINTNAME=Samar, TC_DESC=ManageEvents_outboundwsc_edit, pwd=Secret123, url=http://158.234.62.73:8080/GDSPGui/login.htm, username=SUPPNL4}</td>
<td></td>
<td>30</td>
<td>OpcoUserActions.GDSP_OpcoGUI_127_IMPCLASS@1139b2f3</td></tr>
<tr>
<td title='OpcoUserActions.GDSP_OpcoGUI_128_IMPCLASS.TC_128()'><b>TC_128</b><br>Test class: OpcoUserActions.GDSP_OpcoGUI_128_IMPCLASS<br>Parameters: {Order=1.0, Script=GDSPOpco, TC_ID=GDSP_128, Execute=Y, ENDPOINTNAME=Samar, SOAPLOC=http://158.234.62.72:8180/GDSPWebServiceStubs/EventNotificationService, TC_DESC=ManageEvents_outboundwsc_copy, pwd=Secret123, NEWENDPOINTDESC=Desc, url=http://158.234.62.73:8080/GDSPGui/login.htm, username=SUPPNL4, NEWENDPOINTNAME=saroja}</td>
<td></td>
<td>32</td>
<td>OpcoUserActions.GDSP_OpcoGUI_128_IMPCLASS@7a69b07</td></tr>
<tr>
<td title='OpcoUserActions.GDSP_OpcoGUI_130_IMPCLASS.TC_130()'><b>TC_130</b><br>Test class: OpcoUserActions.GDSP_OpcoGUI_130_IMPCLASS<br>Parameters: {Order=1.0, Script=GDSPOpco, TC_ID=GDSP_130, Execute=Y, CUSTOMERCODE=001dp_test, TC_DESC=ManageEvents_Outboundwebservice_customerfilter, pwd=Secret123, url=http://158.234.62.73:8080/GDSPGui/login.htm, username=SUPPNL4}</td>
<td></td>
<td>24</td>
<td>OpcoUserActions.GDSP_OpcoGUI_130_IMPCLASS@3f197a46</td></tr>
<tr>
<td title='OpcoUserActions.GDSP_OpcoGUI_131_IMPCLASS.TC_130()'><b>TC_130</b><br>Test class: OpcoUserActions.GDSP_OpcoGUI_131_IMPCLASS<br>Parameters: {Order=1.0, Script=GDSPOpco, TC_ID=GDSP_131, Execute=Y, ENDPOINTNAME=ryy, TC_DESC=ManageEvents_Outboundwebservice_endpointfilter, pwd=Secret123, url=http://158.234.62.73:8080/GDSPGui/login.htm, username=SUPPNL4}</td>
<td></td>
<td>26</td>
<td>OpcoUserActions.GDSP_OpcoGUI_131_IMPCLASS@636be97c</td></tr>
<tr>
<td title='OpcoUserActions.GDSP_OpcoGUI_132_IMPCLASS.TC_132()'><b>TC_132</b><br>Test class: OpcoUserActions.GDSP_OpcoGUI_132_IMPCLASS<br>Parameters: {Order=1.0, Script=GDSPOpco, TC_ID=GDSP_132, Execute=Y, TC_DESC=ManageEvents_WebOutBoundService_Back To Top, pwd=Secret123, url=http://158.234.62.73:8080/GDSPGui/login.htm, username=SUPPNL4}</td>
<td></td>
<td>26</td>
<td>OpcoUserActions.GDSP_OpcoGUI_132_IMPCLASS@50a638b5</td></tr>
<tr>
<td title='OpcoUserActions.GDSP_OpcoGUI_141_IMPCLASS.TC_141()'><b>TC_141</b><br>Test class: OpcoUserActions.GDSP_OpcoGUI_141_IMPCLASS<br>Parameters: {Order=1.0, Script=GDSPOpco, APNNAME=ip.dynapn.com, TC_ID=GDSP_141, Execute=Y, EXTENDTRACINGBY=30 Minutes, TC_DESC=Network_ConfigureNetworkTrace_Edit, pwd=Secret123, url=http://158.234.62.73:8080/GDSPGui/login.htm, TRACING=Diameter, username=SUPPNL4}</td>
<td></td>
<td>28</td>
<td>OpcoUserActions.GDSP_OpcoGUI_141_IMPCLASS@1817d444</td></tr>
<tr>
<td title='OpcoUserActions.GDSP_OpcoGUI_142_IMPCLASS.TC_142()'><b>TC_142</b><br>Test class: OpcoUserActions.GDSP_OpcoGUI_142_IMPCLASS<br>Parameters: {Order=1.0, Script=GDSPOpco, TC_ID=GDSP_142, Execute=Y, TC_DESC=Network_ConfigureNetworkTrace_Back To Top, pwd=Secret123, url=http://158.234.62.73:8080/GDSPGui/login.htm, username=SUPPNL4}</td>
<td></td>
<td>21</td>
<td>OpcoUserActions.GDSP_OpcoGUI_142_IMPCLASS@6ca8564a</td></tr>
<tr>
<td title='OpcoUserActions.GDSP_OpcoGUI_143_IMPCLASS.TC_143()'><b>TC_143</b><br>Test class: OpcoUserActions.GDSP_OpcoGUI_143_IMPCLASS<br>Parameters: {Order=1.0, Script=GDSPOpco, TC_ID=GDSP_143, Execute=Y, APNPROFILE=07testapn, TC_DESC=Network_ConfigureNetworkTrace_Filter by APN, pwd=Secret123, url=http://158.234.62.84:8080/GDSPGui/login.htm, username=SUPPNL4}</td>
<td></td>
<td>13</td>
<td>OpcoUserActions.GDSP_OpcoGUI_143_IMPCLASS@50b472aa</td></tr>
<tr>
<td title='OpcoUserActions.GDSP_OpcoGUI_147_IMPCLASS.TC_147()'><b>TC_147</b><br>Test class: OpcoUserActions.GDSP_OpcoGUI_147_IMPCLASS<br>Parameters: {Order=1.0, Script=GDSPOpco, TC_ID=GDSP_147, Execute=Y, TC_DESC=Network_ProcessingInformation_KPI Filter, pwd=Secret123, url=http://158.234.62.84:8080/GDSPGui/login.htm, username=SUPPNL4, KPINAME=Number of IMSIs in Active-Ready state}</td>
<td></td>
<td>20</td>
<td>OpcoUserActions.GDSP_OpcoGUI_147_IMPCLASS@31368b99</td></tr>
<tr>
<td title='OpcoUserActions.GDSP_OpcoGUI_149_IMPCLASS.TC_149()'><b>TC_149</b><br>Test class: OpcoUserActions.GDSP_OpcoGUI_149_IMPCLASS<br>Parameters: {Order=1.0, Script=GDSPOpco, TC_ID=GDSP_149, Execute=Y, TC_DESC=Network_ProcessingInformation_ProcessingInformation_Refresh, pwd=Secret123, url=http://158.234.62.73:8080/GDSPGui/login.htm, username=SUPPNL4, KPINAME=Number of IMSIs provisioned in GDSP}</td>
<td></td>
<td>43</td>
<td>OpcoUserActions.GDSP_OpcoGUI_149_IMPCLASS@1725dc0f</td></tr>
<tr>
<td title='OpcoUserActions.GDSP_OpcoGUI_150_IMPCLASS.TC_150()'><b>TC_150</b><br>Test class: OpcoUserActions.GDSP_OpcoGUI_150_IMPCLASS<br>Parameters: {Order=1.0, Script=GDSPOpco, CUSTCODE=CUST305, TC_ID=GDSP_150, Execute=Y, TC_DESC=Network_ProcessingInformation_Filter by Customer Code, pwd=Secret123, CUSTCODEVALUE="324", url=http://158.234.62.73:8080/GDSPGui/login.htm, username=SUPPNL4, KPINAME=Number of IMSIs provisioned in GDSP}</td>
<td></td>
<td>30</td>
<td>OpcoUserActions.GDSP_OpcoGUI_150_IMPCLASS@3911c2a7</td></tr>
<tr>
<td title='OpcoUserActions.GDSP_OpcoGUI_152_IMPCLASS.TC_152()'><b>TC_152</b><br>Test class: OpcoUserActions.GDSP_OpcoGUI_152_IMPCLASS<br>Parameters: {Order=1.0, Script=GDSPOpco, TC_ID=GDSP_152, Execute=Y, TC_DESC=Filter by KPI name, pwd=Secret123, url=http://158.234.62.73:8080/GDSPGui/login.htm, username=SUPPNL4, KPINAME=10globalreseller51}</td>
<td></td>
<td>13</td>
<td>OpcoUserActions.GDSP_OpcoGUI_152_IMPCLASS@4ac3c60d</td></tr>
<tr>
<td title='OpcoUserActions.GDSP_OpcoGUI_050_IMPCLASS.TC_50()'><b>TC_50</b><br>Test class: OpcoUserActions.GDSP_OpcoGUI_050_IMPCLASS<br>Parameters: {Order=1.0, Script=GDSPOpco, TC_ID=GDSP_050, Execute=Y, IMSIRANGE=2.10000000502005E14, TC_DESC=ManageCustomer_IMSIRange_Filter, pwd=Secret123, url=http://158.234.62.73:8080/GDSPGui/login.htm, username=SUPPNL4}</td>
<td></td>
<td>27</td>
<td>OpcoUserActions.GDSP_OpcoGUI_050_IMPCLASS@2473d930</td></tr>
<tr>
<td title='OpcoUserActions.GDSP_OpcoGUI_051_IMPCLASS.TC_51()'><b>TC_51</b><br>Test class: OpcoUserActions.GDSP_OpcoGUI_051_IMPCLASS<br>Parameters: {Order=1.0, Script=GDSPOpco, TC_ID=GDSP_051, Execute=Y, IMSIRANGE=2.10000000502005E14, TC_DESC=ManageCustomer_IMSIRange_BackToTop, pwd=Secret123, url=http://158.234.62.73:8080/GDSPGui/login.htm, username=SUPPNL4}</td>
<td></td>
<td>26</td>
<td>OpcoUserActions.GDSP_OpcoGUI_051_IMPCLASS@35047d03</td></tr>
</table><p>
</body>
</html>