<?xml version="1.0" encoding="UTF-8"?>
<!-- Generated by org.testng.reporters.JUnitXMLReporter -->
<testsuite hostname="INL-1ZDLPF2" name="Test" tests="95" failures="15" timestamp="12 Sep 2017 13:08:45 GMT" time="4783.26" errors="0">
  <testcase name="TC_001" time="13.368" classname="OpcoUserActions.GDSP_OpcoGUI_001_IMPCLASS"/>
  <testcase name="TC_010" time="17.322" classname="OpcoUserActions.GDSP_OpcoGUI_010_IMPCLASS"/>
  <testcase name="TC_003" time="24.281" classname="OpcoUserActions.GDSP_OpcoGUI_013_IMPCLASS"/>
  <testcase name="TC_014" time="31.402" classname="OpcoUserActions.GDSP_OpcoGUI_014_IMPCLASS"/>
  <testcase name="TC_018" time="19.935" classname="OpcoUserActions.GDSP_OpcoGUI_018_IMPCLASS"/>
  <testcase name="TC_019" time="18.885" classname="OpcoUserActions.GDSP_OpcoGUI_019_IMPCLASS"/>
  <testcase name="TC_025" time="29.385" classname="OpcoUserActions.GDSP_OpcoGUI_025_IMPCLASS"/>
  <testcase name="TC_027" time="30.841" classname="OpcoUserActions.GDSP_OpcoGUI_027_IMPCLASS"/>
  <testcase name="TC_028" time="29.012" classname="OpcoUserActions.GDSP_OpcoGUI_028_IMPCLASS"/>
  <testcase name="TC_029" time="36.025" classname="OpcoUserActions.GDSP_OpcoGUI_029_IMPCLASS"/>
  <testcase name="TC_030" time="31.372" classname="OpcoUserActions.GDSP_OpcoGUI_030_IMPCLASS"/>
  <testcase name="TC_031" time="50.486" classname="OpcoUserActions.GDSP_OpcoGUI_031_IMPCLASS"/>
  <testcase name="TC_032" time="44.074" classname="OpcoUserActions.GDSP_OpcoGUI_032_IMPCLASS"/>
  <testcase name="TC_033" time="44.882" classname="OpcoUserActions.GDSP_OpcoGUI_033_IMPCLASS"/>
  <testcase name="TC_034" time="34.558" classname="OpcoUserActions.GDSP_OpcoGUI_034_IMPCLASS"/>
  <testcase name="TC_035" time="30.622" classname="OpcoUserActions.GDSP_OpcoGUI_035_IMPCLASS"/>
  <testcase name="TC_037" time="24.727" classname="OpcoUserActions.GDSP_OpcoGUI_037_IMPCLASS"/>
  <testcase name="TC_040" time="32.368" classname="OpcoUserActions.GDSP_OpcoGUI_040_IMPCLASS"/>
  <testcase name="TC_044" time="38.613" classname="OpcoUserActions.GDSP_OpcoGUI_044_IMPCLASS"/>
  <testcase name="TC_047" time="17.743" classname="OpcoUserActions.GDSP_OpcoGUI_047_IMPCLASS"/>
  <testcase name="TC_50" time="27.002" classname="OpcoUserActions.GDSP_OpcoGUI_050_IMPCLASS"/>
  <testcase name="TC_51" time="26.053" classname="OpcoUserActions.GDSP_OpcoGUI_051_IMPCLASS"/>
  <testcase name="TC_052" time="32.168" classname="OpcoUserActions.GDSP_OpcoGUI_052_IMPCLASS"/>
  <testcase name="TC_053" time="40.573" classname="OpcoUserActions.GDSP_OpcoGUI_053_IMPCLASS"/>
  <testcase name="TC_054" time="42.268" classname="OpcoUserActions.GDSP_OpcoGUI_054_IMPCLASS"/>
  <testcase name="TC_056" time="33.135" classname="OpcoUserActions.GDSP_OpcoGUI_056_IMPCLASS"/>
  <testcase name="TC_057" time="33.334" classname="OpcoUserActions.GDSP_OpcoGUI_057_IMPCLASS"/>
  <testcase name="TC_058" time="48.114" classname="OpcoUserActions.GDSP_OpcoGUI_058_IMPCLASS"/>
  <testcase name="TC_059" time="28.104" classname="OpcoUserActions.GDSP_OpcoGUI_059_IMPCLASS"/>
  <testcase name="TC_060" time="28.838" classname="OpcoUserActions.GDSP_OpcoGUI_060_IMPCLASS"/>
  <testcase name="TC_061" time="27.534" classname="OpcoUserActions.GDSP_OpcoGUI_061_IMPCLASS"/>
  <testcase name="TC_062" time="28.14" classname="OpcoUserActions.GDSP_OpcoGUI_062_IMPCLASS"/>
  <testcase name="TC_063" time="26.396" classname="OpcoUserActions.GDSP_OpcoGUI_063_IMPCLASS"/>
  <testcase name="TC_064" time="28.88" classname="OpcoUserActions.GDSP_OpcoGUI_064_IMPCLASS"/>
  <testcase name="TC_065" time="15.989" classname="OpcoUserActions.GDSP_OpcoGUI_065_IMPCLASS">
    <failure type="org.openqa.selenium.NoSuchElementException" message="Cannot locate element with text: 07testapn
For documentation on this error, please visit: http://seleniumhq.org/exceptions/no_such_element.html
Build info: version: &amp;apos;2.53.0&amp;apos;, revision: &amp;apos;35ae25b1534ae328c771e0856c93e187490ca824&amp;apos;, time: &amp;apos;2016-03-15 10:43:46&amp;apos;
System info: host: &amp;apos;INL-1ZDLPF2&amp;apos;, ip: &amp;apos;10.155.22.83&amp;apos;, os.name: &amp;apos;Windows 7&amp;apos;, os.arch: &amp;apos;amd64&amp;apos;, os.version: &amp;apos;6.1&amp;apos;, java.version: &amp;apos;1.8.0_102&amp;apos;
Driver info: driver.version: unknown">
      <![CDATA[org.openqa.selenium.NoSuchElementException: Cannot locate element with text: 07testapn
For documentation on this error, please visit: http://seleniumhq.org/exceptions/no_such_element.html
Build info: version: '2.53.0', revision: '35ae25b1534ae328c771e0856c93e187490ca824', time: '2016-03-15 10:43:46'
System info: host: 'INL-1ZDLPF2', ip: '10.155.22.83', os.name: 'Windows 7', os.arch: 'amd64', os.version: '6.1', java.version: '1.8.0_102'
Driver info: driver.version: unknown
	at org.openqa.selenium.support.ui.Select.selectByVisibleText(Select.java:150)
	at OpcoUserActions.GDSP_OpcoGUI_065.searchSIMcustomers(GDSP_OpcoGUI_065.java:69)
	at OpcoUserActions.GDSP_OpcoGUI_065_IMPCLASS.TC_065(GDSP_OpcoGUI_065_IMPCLASS.java:42)
	at genericLibrary.CreateTestngXML.main(CreateTestngXML.java:90)
... Removed 21 stack frames]]>
    </failure>
  </testcase> <!-- TC_065 -->
  <testcase name="TC_066" time="195.296" classname="OpcoUserActions.GDSP_OpcoGUI_066_IMPCLASS">
    <failure type="org.openqa.selenium.TimeoutException" message="Timed out after 180 seconds waiting for visibility of element located by By.linkText: 330000000000154
Build info: version: &amp;apos;2.53.0&amp;apos;, revision: &amp;apos;35ae25b1534ae328c771e0856c93e187490ca824&amp;apos;, time: &amp;apos;2016-03-15 10:43:46&amp;apos;
System info: host: &amp;apos;INL-1ZDLPF2&amp;apos;, ip: &amp;apos;10.155.22.83&amp;apos;, os.name: &amp;apos;Windows 7&amp;apos;, os.arch: &amp;apos;amd64&amp;apos;, os.version: &amp;apos;6.1&amp;apos;, java.version: &amp;apos;1.8.0_102&amp;apos;
Driver info: org.openqa.selenium.chrome.ChromeDriver
Capabilities [{applicationCacheEnabled=false, rotatable=false, mobileEmulationEnabled=false, networkConnectionEnabled=false, chrome={chromedriverVersion=2.28.455520 (cc17746adff54984afff480136733114c6b3704b), userDataDir=C:\Users\ARABIN~1.SAM\AppData\Local\Temp\scoped_dir14896_4595}, takesHeapSnapshot=true, pageLoadStrategy=normal, databaseEnabled=false, handlesAlerts=true, hasTouchScreen=false, version=60.0.3112.113, platform=XP, browserConnectionEnabled=false, nativeEvents=true, acceptSslCerts=true, locationContextEnabled=true, webStorageEnabled=true, browserName=chrome, takesScreenshot=true, javascriptEnabled=true, cssSelectorsEnabled=true, unexpectedAlertBehaviour=}]
Session ID: 474f50d1abc1baf3531f82f86f05a319">
      <![CDATA[org.openqa.selenium.TimeoutException: Timed out after 180 seconds waiting for visibility of element located by By.linkText: 330000000000154
Build info: version: '2.53.0', revision: '35ae25b1534ae328c771e0856c93e187490ca824', time: '2016-03-15 10:43:46'
System info: host: 'INL-1ZDLPF2', ip: '10.155.22.83', os.name: 'Windows 7', os.arch: 'amd64', os.version: '6.1', java.version: '1.8.0_102'
Driver info: org.openqa.selenium.chrome.ChromeDriver
Capabilities [{applicationCacheEnabled=false, rotatable=false, mobileEmulationEnabled=false, networkConnectionEnabled=false, chrome={chromedriverVersion=2.28.455520 (cc17746adff54984afff480136733114c6b3704b), userDataDir=C:\Users\ARABIN~1.SAM\AppData\Local\Temp\scoped_dir14896_4595}, takesHeapSnapshot=true, pageLoadStrategy=normal, databaseEnabled=false, handlesAlerts=true, hasTouchScreen=false, version=60.0.3112.113, platform=XP, browserConnectionEnabled=false, nativeEvents=true, acceptSslCerts=true, locationContextEnabled=true, webStorageEnabled=true, browserName=chrome, takesScreenshot=true, javascriptEnabled=true, cssSelectorsEnabled=true, unexpectedAlertBehaviour=}]
Session ID: 474f50d1abc1baf3531f82f86f05a319
	at org.openqa.selenium.support.ui.WebDriverWait.timeoutException(WebDriverWait.java:80)
	at org.openqa.selenium.support.ui.FluentWait.until(FluentWait.java:261)
	at OpcoUserActions.GDSP_OpcoGUI_066.editSIMs(GDSP_OpcoGUI_066.java:77)
	at OpcoUserActions.GDSP_OpcoGUI_066_IMPCLASS.TC_066(GDSP_OpcoGUI_066_IMPCLASS.java:47)
	at genericLibrary.CreateTestngXML.main(CreateTestngXML.java:90)
Caused by: org.openqa.selenium.NoSuchElementException: no such element: Unable to locate element: {"method":"link text","selector":"330000000000154"}
  (Session info: chrome=60.0.3112.113)
  (Driver info: chromedriver=2.28.455520 (cc17746adff54984afff480136733114c6b3704b),platform=Windows NT 6.1.7601 SP1 x86_64) (WARNING: The server did not provide any stacktrace information)
Command duration or timeout: 31 milliseconds
For documentation on this error, please visit: http://seleniumhq.org/exceptions/no_such_element.html
Build info: version: '2.53.0', revision: '35ae25b1534ae328c771e0856c93e187490ca824', time: '2016-03-15 10:43:46'
System info: host: 'INL-1ZDLPF2', ip: '10.155.22.83', os.name: 'Windows 7', os.arch: 'amd64', os.version: '6.1', java.version: '1.8.0_102'
Driver info: org.openqa.selenium.chrome.ChromeDriver
Capabilities [{applicationCacheEnabled=false, rotatable=false, mobileEmulationEnabled=false, networkConnectionEnabled=false, chrome={chromedriverVersion=2.28.455520 (cc17746adff54984afff480136733114c6b3704b), userDataDir=C:\Users\ARABIN~1.SAM\AppData\Local\Temp\scoped_dir14896_4595}, takesHeapSnapshot=true, pageLoadStrategy=normal, databaseEnabled=false, handlesAlerts=true, hasTouchScreen=false, version=60.0.3112.113, platform=XP, browserConnectionEnabled=false, nativeEvents=true, acceptSslCerts=true, locationContextEnabled=true, webStorageEnabled=true, browserName=chrome, takesScreenshot=true, javascriptEnabled=true, cssSelectorsEnabled=true, unexpectedAlertBehaviour=}]
Session ID: 474f50d1abc1baf3531f82f86f05a319
*** Element info: {Using=link text, value=330000000000154}
	at org.openqa.selenium.remote.ErrorHandler.createThrowable(ErrorHandler.java:206)
	at org.openqa.selenium.remote.ErrorHandler.throwIfResponseFailed(ErrorHandler.java:158)
	at org.openqa.selenium.remote.RemoteWebDriver.execute(RemoteWebDriver.java:678)
	at org.openqa.selenium.remote.RemoteWebDriver.findElement(RemoteWebDriver.java:363)
	at org.openqa.selenium.remote.RemoteWebDriver.findElementByLinkText(RemoteWebDriver.java:428)
	at org.openqa.selenium.By$ByLinkText.findElement(By.java:246)
	at org.openqa.selenium.remote.RemoteWebDriver.findElement(RemoteWebDriver.java:355)
	at org.openqa.selenium.support.ui.ExpectedConditions.findElement(ExpectedConditions.java:899)
	at org.openqa.selenium.support.ui.ExpectedConditions.access$000(ExpectedConditions.java:41)
	at org.openqa.selenium.support.ui.ExpectedConditions$7.apply(ExpectedConditions.java:205)
	at org.openqa.selenium.support.ui.ExpectedConditions$7.apply(ExpectedConditions.java:201)
	at org.openqa.selenium.support.ui.FluentWait.until(FluentWait.java:238)
	... 24 more
... Removed 24 stack frames]]>
    </failure>
  </testcase> <!-- TC_066 -->
  <testcase name="TC_067" time="323.72" classname="OpcoUserActions.GDSP_OpcoGUI_067_IMPCLASS">
    <failure type="org.openqa.selenium.TimeoutException" message="timeout: cannot determine loading status
from timeout: Timed out receiving message from renderer: -0.017
  (Session info: chrome=60.0.3112.113)
  (Driver info: chromedriver=2.28.455520 (cc17746adff54984afff480136733114c6b3704b),platform=Windows NT 6.1.7601 SP1 x86_64) (WARNING: The server did not provide any stacktrace information)
Command duration or timeout: 300.07 seconds
Build info: version: &amp;apos;2.53.0&amp;apos;, revision: &amp;apos;35ae25b1534ae328c771e0856c93e187490ca824&amp;apos;, time: &amp;apos;2016-03-15 10:43:46&amp;apos;
System info: host: &amp;apos;INL-1ZDLPF2&amp;apos;, ip: &amp;apos;10.155.22.83&amp;apos;, os.name: &amp;apos;Windows 7&amp;apos;, os.arch: &amp;apos;amd64&amp;apos;, os.version: &amp;apos;6.1&amp;apos;, java.version: &amp;apos;1.8.0_102&amp;apos;
Driver info: org.openqa.selenium.chrome.ChromeDriver
Capabilities [{applicationCacheEnabled=false, rotatable=false, mobileEmulationEnabled=false, networkConnectionEnabled=false, chrome={chromedriverVersion=2.28.455520 (cc17746adff54984afff480136733114c6b3704b), userDataDir=C:\Users\ARABIN~1.SAM\AppData\Local\Temp\scoped_dir12276_6344}, takesHeapSnapshot=true, pageLoadStrategy=normal, databaseEnabled=false, handlesAlerts=true, hasTouchScreen=false, version=60.0.3112.113, platform=XP, browserConnectionEnabled=false, nativeEvents=true, acceptSslCerts=true, locationContextEnabled=true, webStorageEnabled=true, browserName=chrome, takesScreenshot=true, javascriptEnabled=true, cssSelectorsEnabled=true, unexpectedAlertBehaviour=}]
Session ID: e3027f15659b2fb83db1312226e4883a">
      <![CDATA[org.openqa.selenium.TimeoutException: timeout: cannot determine loading status
from timeout: Timed out receiving message from renderer: -0.017
  (Session info: chrome=60.0.3112.113)
  (Driver info: chromedriver=2.28.455520 (cc17746adff54984afff480136733114c6b3704b),platform=Windows NT 6.1.7601 SP1 x86_64) (WARNING: The server did not provide any stacktrace information)
Command duration or timeout: 300.07 seconds
Build info: version: '2.53.0', revision: '35ae25b1534ae328c771e0856c93e187490ca824', time: '2016-03-15 10:43:46'
System info: host: 'INL-1ZDLPF2', ip: '10.155.22.83', os.name: 'Windows 7', os.arch: 'amd64', os.version: '6.1', java.version: '1.8.0_102'
Driver info: org.openqa.selenium.chrome.ChromeDriver
Capabilities [{applicationCacheEnabled=false, rotatable=false, mobileEmulationEnabled=false, networkConnectionEnabled=false, chrome={chromedriverVersion=2.28.455520 (cc17746adff54984afff480136733114c6b3704b), userDataDir=C:\Users\ARABIN~1.SAM\AppData\Local\Temp\scoped_dir12276_6344}, takesHeapSnapshot=true, pageLoadStrategy=normal, databaseEnabled=false, handlesAlerts=true, hasTouchScreen=false, version=60.0.3112.113, platform=XP, browserConnectionEnabled=false, nativeEvents=true, acceptSslCerts=true, locationContextEnabled=true, webStorageEnabled=true, browserName=chrome, takesScreenshot=true, javascriptEnabled=true, cssSelectorsEnabled=true, unexpectedAlertBehaviour=}]
Session ID: e3027f15659b2fb83db1312226e4883a
	at org.openqa.selenium.remote.ErrorHandler.createThrowable(ErrorHandler.java:206)
	at org.openqa.selenium.remote.ErrorHandler.throwIfResponseFailed(ErrorHandler.java:158)
	at org.openqa.selenium.remote.RemoteWebDriver.execute(RemoteWebDriver.java:678)
	at org.openqa.selenium.remote.RemoteWebElement.execute(RemoteWebElement.java:327)
	at org.openqa.selenium.remote.RemoteWebElement.click(RemoteWebElement.java:85)
	at org.openqa.selenium.support.pagefactory.internal.LocatingElementHandler.invoke(LocatingElementHandler.java:51)
	at com.sun.proxy.$Proxy7.click(Unknown Source)
	at OpcoUserActions.GDSP_OpcoGUI_067.selectactiononSIMs(GDSP_OpcoGUI_067.java:123)
	at OpcoUserActions.GDSP_OpcoGUI_067_IMPCLASS.TC_067(GDSP_OpcoGUI_067_IMPCLASS.java:51)
	at genericLibrary.CreateTestngXML.main(CreateTestngXML.java:90)
... Removed 28 stack frames]]>
    </failure>
  </testcase> <!-- TC_067 -->
  <testcase name="TC_071" time="26.999" classname="OpcoUserActions.GDSP_OpcoGUI_071_IMPCLASS"/>
  <testcase name="TC_072" time="326.41" classname="OpcoUserActions.GDSP_OpcoGUI_072_IMPCLASS">
    <failure type="org.openqa.selenium.TimeoutException" message="timeout: cannot determine loading status
from timeout: Timed out receiving message from renderer: -0.028
  (Session info: chrome=60.0.3112.113)
  (Driver info: chromedriver=2.28.455520 (cc17746adff54984afff480136733114c6b3704b),platform=Windows NT 6.1.7601 SP1 x86_64) (WARNING: The server did not provide any stacktrace information)
Command duration or timeout: 300.12 seconds
Build info: version: &amp;apos;2.53.0&amp;apos;, revision: &amp;apos;35ae25b1534ae328c771e0856c93e187490ca824&amp;apos;, time: &amp;apos;2016-03-15 10:43:46&amp;apos;
System info: host: &amp;apos;INL-1ZDLPF2&amp;apos;, ip: &amp;apos;10.155.22.83&amp;apos;, os.name: &amp;apos;Windows 7&amp;apos;, os.arch: &amp;apos;amd64&amp;apos;, os.version: &amp;apos;6.1&amp;apos;, java.version: &amp;apos;1.8.0_102&amp;apos;
Driver info: org.openqa.selenium.chrome.ChromeDriver
Capabilities [{applicationCacheEnabled=false, rotatable=false, mobileEmulationEnabled=false, networkConnectionEnabled=false, chrome={chromedriverVersion=2.28.455520 (cc17746adff54984afff480136733114c6b3704b), userDataDir=C:\Users\ARABIN~1.SAM\AppData\Local\Temp\scoped_dir12252_21707}, takesHeapSnapshot=true, pageLoadStrategy=normal, databaseEnabled=false, handlesAlerts=true, hasTouchScreen=false, version=60.0.3112.113, platform=XP, browserConnectionEnabled=false, nativeEvents=true, acceptSslCerts=true, locationContextEnabled=true, webStorageEnabled=true, browserName=chrome, takesScreenshot=true, javascriptEnabled=true, cssSelectorsEnabled=true, unexpectedAlertBehaviour=}]
Session ID: 96a39d2086d1469f6e1a235c683cb8cd">
      <![CDATA[org.openqa.selenium.TimeoutException: timeout: cannot determine loading status
from timeout: Timed out receiving message from renderer: -0.028
  (Session info: chrome=60.0.3112.113)
  (Driver info: chromedriver=2.28.455520 (cc17746adff54984afff480136733114c6b3704b),platform=Windows NT 6.1.7601 SP1 x86_64) (WARNING: The server did not provide any stacktrace information)
Command duration or timeout: 300.12 seconds
Build info: version: '2.53.0', revision: '35ae25b1534ae328c771e0856c93e187490ca824', time: '2016-03-15 10:43:46'
System info: host: 'INL-1ZDLPF2', ip: '10.155.22.83', os.name: 'Windows 7', os.arch: 'amd64', os.version: '6.1', java.version: '1.8.0_102'
Driver info: org.openqa.selenium.chrome.ChromeDriver
Capabilities [{applicationCacheEnabled=false, rotatable=false, mobileEmulationEnabled=false, networkConnectionEnabled=false, chrome={chromedriverVersion=2.28.455520 (cc17746adff54984afff480136733114c6b3704b), userDataDir=C:\Users\ARABIN~1.SAM\AppData\Local\Temp\scoped_dir12252_21707}, takesHeapSnapshot=true, pageLoadStrategy=normal, databaseEnabled=false, handlesAlerts=true, hasTouchScreen=false, version=60.0.3112.113, platform=XP, browserConnectionEnabled=false, nativeEvents=true, acceptSslCerts=true, locationContextEnabled=true, webStorageEnabled=true, browserName=chrome, takesScreenshot=true, javascriptEnabled=true, cssSelectorsEnabled=true, unexpectedAlertBehaviour=}]
Session ID: 96a39d2086d1469f6e1a235c683cb8cd
	at org.openqa.selenium.remote.ErrorHandler.createThrowable(ErrorHandler.java:206)
	at org.openqa.selenium.remote.ErrorHandler.throwIfResponseFailed(ErrorHandler.java:158)
	at org.openqa.selenium.remote.RemoteWebDriver.execute(RemoteWebDriver.java:678)
	at org.openqa.selenium.remote.RemoteWebElement.execute(RemoteWebElement.java:327)
	at org.openqa.selenium.remote.RemoteWebElement.click(RemoteWebElement.java:85)
	at org.openqa.selenium.support.pagefactory.internal.LocatingElementHandler.invoke(LocatingElementHandler.java:51)
	at com.sun.proxy.$Proxy7.click(Unknown Source)
	at OpcoUserActions.GDSP_OpcoGUI_072.selectactiononSIMs(GDSP_OpcoGUI_072.java:102)
	at OpcoUserActions.GDSP_OpcoGUI_072_IMPCLASS.TC_072(GDSP_OpcoGUI_072_IMPCLASS.java:50)
	at genericLibrary.CreateTestngXML.main(CreateTestngXML.java:90)
... Removed 28 stack frames]]>
    </failure>
  </testcase> <!-- TC_072 -->
  <testcase name="TC_073" time="327.365" classname="OpcoUserActions.GDSP_OpcoGUI_073_IMPCLASS">
    <failure type="org.openqa.selenium.TimeoutException" message="timeout: cannot determine loading status
from timeout: Timed out receiving message from renderer: -0.017
  (Session info: chrome=60.0.3112.113)
  (Driver info: chromedriver=2.28.455520 (cc17746adff54984afff480136733114c6b3704b),platform=Windows NT 6.1.7601 SP1 x86_64) (WARNING: The server did not provide any stacktrace information)
Command duration or timeout: 300.11 seconds
Build info: version: &amp;apos;2.53.0&amp;apos;, revision: &amp;apos;35ae25b1534ae328c771e0856c93e187490ca824&amp;apos;, time: &amp;apos;2016-03-15 10:43:46&amp;apos;
System info: host: &amp;apos;INL-1ZDLPF2&amp;apos;, ip: &amp;apos;10.155.22.83&amp;apos;, os.name: &amp;apos;Windows 7&amp;apos;, os.arch: &amp;apos;amd64&amp;apos;, os.version: &amp;apos;6.1&amp;apos;, java.version: &amp;apos;1.8.0_102&amp;apos;
Driver info: org.openqa.selenium.chrome.ChromeDriver
Capabilities [{applicationCacheEnabled=false, rotatable=false, mobileEmulationEnabled=false, networkConnectionEnabled=false, chrome={chromedriverVersion=2.28.455520 (cc17746adff54984afff480136733114c6b3704b), userDataDir=C:\Users\ARABIN~1.SAM\AppData\Local\Temp\scoped_dir12964_1421}, takesHeapSnapshot=true, pageLoadStrategy=normal, databaseEnabled=false, handlesAlerts=true, hasTouchScreen=false, version=60.0.3112.113, platform=XP, browserConnectionEnabled=false, nativeEvents=true, acceptSslCerts=true, locationContextEnabled=true, webStorageEnabled=true, browserName=chrome, takesScreenshot=true, javascriptEnabled=true, cssSelectorsEnabled=true, unexpectedAlertBehaviour=}]
Session ID: ef5bc64daa6efb08ed4fdd43df0fcd0b">
      <![CDATA[org.openqa.selenium.TimeoutException: timeout: cannot determine loading status
from timeout: Timed out receiving message from renderer: -0.017
  (Session info: chrome=60.0.3112.113)
  (Driver info: chromedriver=2.28.455520 (cc17746adff54984afff480136733114c6b3704b),platform=Windows NT 6.1.7601 SP1 x86_64) (WARNING: The server did not provide any stacktrace information)
Command duration or timeout: 300.11 seconds
Build info: version: '2.53.0', revision: '35ae25b1534ae328c771e0856c93e187490ca824', time: '2016-03-15 10:43:46'
System info: host: 'INL-1ZDLPF2', ip: '10.155.22.83', os.name: 'Windows 7', os.arch: 'amd64', os.version: '6.1', java.version: '1.8.0_102'
Driver info: org.openqa.selenium.chrome.ChromeDriver
Capabilities [{applicationCacheEnabled=false, rotatable=false, mobileEmulationEnabled=false, networkConnectionEnabled=false, chrome={chromedriverVersion=2.28.455520 (cc17746adff54984afff480136733114c6b3704b), userDataDir=C:\Users\ARABIN~1.SAM\AppData\Local\Temp\scoped_dir12964_1421}, takesHeapSnapshot=true, pageLoadStrategy=normal, databaseEnabled=false, handlesAlerts=true, hasTouchScreen=false, version=60.0.3112.113, platform=XP, browserConnectionEnabled=false, nativeEvents=true, acceptSslCerts=true, locationContextEnabled=true, webStorageEnabled=true, browserName=chrome, takesScreenshot=true, javascriptEnabled=true, cssSelectorsEnabled=true, unexpectedAlertBehaviour=}]
Session ID: ef5bc64daa6efb08ed4fdd43df0fcd0b
	at org.openqa.selenium.remote.ErrorHandler.createThrowable(ErrorHandler.java:206)
	at org.openqa.selenium.remote.ErrorHandler.throwIfResponseFailed(ErrorHandler.java:158)
	at org.openqa.selenium.remote.RemoteWebDriver.execute(RemoteWebDriver.java:678)
	at org.openqa.selenium.remote.RemoteWebElement.execute(RemoteWebElement.java:327)
	at org.openqa.selenium.remote.RemoteWebElement.click(RemoteWebElement.java:85)
	at org.openqa.selenium.support.pagefactory.internal.LocatingElementHandler.invoke(LocatingElementHandler.java:51)
	at com.sun.proxy.$Proxy7.click(Unknown Source)
	at OpcoUserActions.GDSP_OpcoGUI_073.selectactiononSIMs(GDSP_OpcoGUI_073.java:100)
	at OpcoUserActions.GDSP_OpcoGUI_073_IMPCLASS.TC_073(GDSP_OpcoGUI_073_IMPCLASS.java:50)
	at genericLibrary.CreateTestngXML.main(CreateTestngXML.java:90)
... Removed 28 stack frames]]>
    </failure>
  </testcase> <!-- TC_073 -->
  <testcase name="TC_074" time="33.871" classname="OpcoUserActions.GDSP_OpcoGUI_074_IMPCLASS"/>
  <testcase name="TC_075" time="31.921" classname="OpcoUserActions.GDSP_OpcoGUI_075_IMPCLASS"/>
  <testcase name="TC_076" time="35.875" classname="OpcoUserActions.GDSP_OpcoGUI_076_IMPCLASS"/>
  <testcase name="TC_077" time="20.321" classname="OpcoUserActions.GDSP_OpcoGUI_077_IMPCLASS">
    <failure type="org.openqa.selenium.NoSuchElementException" message="no such element: Unable to locate element: {&amp;quot;method&amp;quot;:&amp;quot;xpath&amp;quot;,&amp;quot;selector&amp;quot;:&amp;quot;//a[contains(@href,&amp;apos;popup_sim_history.htm?&amp;apos;)]&amp;quot;}
  (Session info: chrome=60.0.3112.113)
  (Driver info: chromedriver=2.28.455520 (cc17746adff54984afff480136733114c6b3704b),platform=Windows NT 6.1.7601 SP1 x86_64) (WARNING: The server did not provide any stacktrace information)
Command duration or timeout: 24 milliseconds
For documentation on this error, please visit: http://seleniumhq.org/exceptions/no_such_element.html
Build info: version: &amp;apos;2.53.0&amp;apos;, revision: &amp;apos;35ae25b1534ae328c771e0856c93e187490ca824&amp;apos;, time: &amp;apos;2016-03-15 10:43:46&amp;apos;
System info: host: &amp;apos;INL-1ZDLPF2&amp;apos;, ip: &amp;apos;10.155.22.83&amp;apos;, os.name: &amp;apos;Windows 7&amp;apos;, os.arch: &amp;apos;amd64&amp;apos;, os.version: &amp;apos;6.1&amp;apos;, java.version: &amp;apos;1.8.0_102&amp;apos;
Driver info: org.openqa.selenium.chrome.ChromeDriver
Capabilities [{applicationCacheEnabled=false, rotatable=false, mobileEmulationEnabled=false, networkConnectionEnabled=false, chrome={chromedriverVersion=2.28.455520 (cc17746adff54984afff480136733114c6b3704b), userDataDir=C:\Users\ARABIN~1.SAM\AppData\Local\Temp\scoped_dir5072_3567}, takesHeapSnapshot=true, pageLoadStrategy=normal, databaseEnabled=false, handlesAlerts=true, hasTouchScreen=false, version=60.0.3112.113, platform=XP, browserConnectionEnabled=false, nativeEvents=true, acceptSslCerts=true, locationContextEnabled=true, webStorageEnabled=true, browserName=chrome, takesScreenshot=true, javascriptEnabled=true, cssSelectorsEnabled=true, unexpectedAlertBehaviour=}]
Session ID: 07596397230f67d304e4f5b80cc99901
*** Element info: {Using=xpath, value=//a[contains(@href,&amp;apos;popup_sim_history.htm?&amp;apos;)]}">
      <![CDATA[org.openqa.selenium.NoSuchElementException: no such element: Unable to locate element: {"method":"xpath","selector":"//a[contains(@href,'popup_sim_history.htm?')]"}
  (Session info: chrome=60.0.3112.113)
  (Driver info: chromedriver=2.28.455520 (cc17746adff54984afff480136733114c6b3704b),platform=Windows NT 6.1.7601 SP1 x86_64) (WARNING: The server did not provide any stacktrace information)
Command duration or timeout: 24 milliseconds
For documentation on this error, please visit: http://seleniumhq.org/exceptions/no_such_element.html
Build info: version: '2.53.0', revision: '35ae25b1534ae328c771e0856c93e187490ca824', time: '2016-03-15 10:43:46'
System info: host: 'INL-1ZDLPF2', ip: '10.155.22.83', os.name: 'Windows 7', os.arch: 'amd64', os.version: '6.1', java.version: '1.8.0_102'
Driver info: org.openqa.selenium.chrome.ChromeDriver
Capabilities [{applicationCacheEnabled=false, rotatable=false, mobileEmulationEnabled=false, networkConnectionEnabled=false, chrome={chromedriverVersion=2.28.455520 (cc17746adff54984afff480136733114c6b3704b), userDataDir=C:\Users\ARABIN~1.SAM\AppData\Local\Temp\scoped_dir5072_3567}, takesHeapSnapshot=true, pageLoadStrategy=normal, databaseEnabled=false, handlesAlerts=true, hasTouchScreen=false, version=60.0.3112.113, platform=XP, browserConnectionEnabled=false, nativeEvents=true, acceptSslCerts=true, locationContextEnabled=true, webStorageEnabled=true, browserName=chrome, takesScreenshot=true, javascriptEnabled=true, cssSelectorsEnabled=true, unexpectedAlertBehaviour=}]
Session ID: 07596397230f67d304e4f5b80cc99901
*** Element info: {Using=xpath, value=//a[contains(@href,'popup_sim_history.htm?')]}
	at org.openqa.selenium.remote.ErrorHandler.createThrowable(ErrorHandler.java:206)
	at org.openqa.selenium.remote.ErrorHandler.throwIfResponseFailed(ErrorHandler.java:158)
	at org.openqa.selenium.remote.RemoteWebDriver.execute(RemoteWebDriver.java:678)
	at org.openqa.selenium.remote.RemoteWebDriver.findElement(RemoteWebDriver.java:363)
	at org.openqa.selenium.remote.RemoteWebDriver.findElementByXPath(RemoteWebDriver.java:500)
	at org.openqa.selenium.By$ByXPath.findElement(By.java:361)
	at org.openqa.selenium.remote.RemoteWebDriver.findElement(RemoteWebDriver.java:355)
	at org.openqa.selenium.support.pagefactory.DefaultElementLocator.findElement(DefaultElementLocator.java:69)
	at org.openqa.selenium.support.pagefactory.internal.LocatingElementHandler.invoke(LocatingElementHandler.java:38)
	at com.sun.proxy.$Proxy7.click(Unknown Source)
	at OpcoUserActions.GDSP_OpcoGUI_077.selectactiononSIMs(GDSP_OpcoGUI_077.java:100)
	at OpcoUserActions.GDSP_OpcoGUI_077_IMPCLASS.TC_077(GDSP_OpcoGUI_077_IMPCLASS.java:46)
	at genericLibrary.CreateTestngXML.main(CreateTestngXML.java:90)
... Removed 24 stack frames]]>
    </failure>
  </testcase> <!-- TC_077 -->
  <testcase name="TC_078" time="85.195" classname="OpcoUserActions.GDSP_OpcoGUI_078_IMPCLASS">
    <failure type="org.openqa.selenium.NoSuchElementException" message="no such element: Unable to locate element: {&amp;quot;method&amp;quot;:&amp;quot;name&amp;quot;,&amp;quot;selector&amp;quot;:&amp;quot;login.userId&amp;quot;}
  (Session info: chrome=60.0.3112.113)
  (Driver info: chromedriver=2.28.455520 (cc17746adff54984afff480136733114c6b3704b),platform=Windows NT 6.1.7601 SP1 x86_64) (WARNING: The server did not provide any stacktrace information)
Command duration or timeout: 36 milliseconds
For documentation on this error, please visit: http://seleniumhq.org/exceptions/no_such_element.html
Build info: version: &amp;apos;2.53.0&amp;apos;, revision: &amp;apos;35ae25b1534ae328c771e0856c93e187490ca824&amp;apos;, time: &amp;apos;2016-03-15 10:43:46&amp;apos;
System info: host: &amp;apos;INL-1ZDLPF2&amp;apos;, ip: &amp;apos;10.155.22.83&amp;apos;, os.name: &amp;apos;Windows 7&amp;apos;, os.arch: &amp;apos;amd64&amp;apos;, os.version: &amp;apos;6.1&amp;apos;, java.version: &amp;apos;1.8.0_102&amp;apos;
Driver info: org.openqa.selenium.chrome.ChromeDriver
Capabilities [{applicationCacheEnabled=false, rotatable=false, mobileEmulationEnabled=false, networkConnectionEnabled=false, chrome={chromedriverVersion=2.28.455520 (cc17746adff54984afff480136733114c6b3704b), userDataDir=C:\Users\ARABIN~1.SAM\AppData\Local\Temp\scoped_dir9588_32679}, takesHeapSnapshot=true, pageLoadStrategy=normal, databaseEnabled=false, handlesAlerts=true, hasTouchScreen=false, version=60.0.3112.113, platform=XP, browserConnectionEnabled=false, nativeEvents=true, acceptSslCerts=true, locationContextEnabled=true, webStorageEnabled=true, browserName=chrome, takesScreenshot=true, javascriptEnabled=true, cssSelectorsEnabled=true, unexpectedAlertBehaviour=}]
Session ID: 883e5c4eb7db92c89c9508e19934334a
*** Element info: {Using=name, value=login.userId}">
      <![CDATA[org.openqa.selenium.NoSuchElementException: no such element: Unable to locate element: {"method":"name","selector":"login.userId"}
  (Session info: chrome=60.0.3112.113)
  (Driver info: chromedriver=2.28.455520 (cc17746adff54984afff480136733114c6b3704b),platform=Windows NT 6.1.7601 SP1 x86_64) (WARNING: The server did not provide any stacktrace information)
Command duration or timeout: 36 milliseconds
For documentation on this error, please visit: http://seleniumhq.org/exceptions/no_such_element.html
Build info: version: '2.53.0', revision: '35ae25b1534ae328c771e0856c93e187490ca824', time: '2016-03-15 10:43:46'
System info: host: 'INL-1ZDLPF2', ip: '10.155.22.83', os.name: 'Windows 7', os.arch: 'amd64', os.version: '6.1', java.version: '1.8.0_102'
Driver info: org.openqa.selenium.chrome.ChromeDriver
Capabilities [{applicationCacheEnabled=false, rotatable=false, mobileEmulationEnabled=false, networkConnectionEnabled=false, chrome={chromedriverVersion=2.28.455520 (cc17746adff54984afff480136733114c6b3704b), userDataDir=C:\Users\ARABIN~1.SAM\AppData\Local\Temp\scoped_dir9588_32679}, takesHeapSnapshot=true, pageLoadStrategy=normal, databaseEnabled=false, handlesAlerts=true, hasTouchScreen=false, version=60.0.3112.113, platform=XP, browserConnectionEnabled=false, nativeEvents=true, acceptSslCerts=true, locationContextEnabled=true, webStorageEnabled=true, browserName=chrome, takesScreenshot=true, javascriptEnabled=true, cssSelectorsEnabled=true, unexpectedAlertBehaviour=}]
Session ID: 883e5c4eb7db92c89c9508e19934334a
*** Element info: {Using=name, value=login.userId}
	at org.openqa.selenium.remote.ErrorHandler.createThrowable(ErrorHandler.java:206)
	at org.openqa.selenium.remote.ErrorHandler.throwIfResponseFailed(ErrorHandler.java:158)
	at org.openqa.selenium.remote.RemoteWebDriver.execute(RemoteWebDriver.java:678)
	at org.openqa.selenium.remote.RemoteWebDriver.findElement(RemoteWebDriver.java:363)
	at org.openqa.selenium.remote.RemoteWebDriver.findElementByName(RemoteWebDriver.java:461)
	at org.openqa.selenium.By$ByName.findElement(By.java:303)
	at org.openqa.selenium.remote.RemoteWebDriver.findElement(RemoteWebDriver.java:355)
	at org.openqa.selenium.support.pagefactory.DefaultElementLocator.findElement(DefaultElementLocator.java:69)
	at org.openqa.selenium.support.pagefactory.internal.LocatingElementHandler.invoke(LocatingElementHandler.java:38)
	at com.sun.proxy.$Proxy7.sendKeys(Unknown Source)
	at OpcoUserActions.GDSP_OpcoGUI_078.login(GDSP_OpcoGUI_078.java:76)
	at OpcoUserActions.GDSP_OpcoGUI_078_IMPCLASS.TC_078(GDSP_OpcoGUI_078_IMPCLASS.java:44)
	at genericLibrary.CreateTestngXML.main(CreateTestngXML.java:90)
... Removed 24 stack frames]]>
    </failure>
  </testcase> <!-- TC_078 -->
  <testcase name="TC_079" time="72.35" classname="OpcoUserActions.GDSP_OpcoGUI_079_IMPCLASS"/>
  <testcase name="TC_080" time="36.598" classname="OpcoUserActions.GDSP_OpcoGUI_080_IMPCLASS"/>
  <testcase name="TC_081" time="35.998" classname="OpcoUserActions.GDSP_OpcoGUI_081_IMPCLASS"/>
  <testcase name="TC_082" time="41.106" classname="OpcoUserActions.GDSP_OpcoGUI_082_IMPCLASS"/>
  <testcase name="TC_083" time="33.415" classname="OpcoUserActions.GDSP_OpcoGUI_083_IMPCLASS"/>
  <testcase name="TC_084" time="63.246" classname="OpcoUserActions.GDSP_OpcoGUI_084_IMPCLASS"/>
  <testcase name="TC_085" time="47.793" classname="OpcoUserActions.GDSP_OpcoGUI_085_IMPCLASS"/>
  <testcase name="TC_086" time="201.693" classname="OpcoUserActions.GDSP_OpcoGUI_086_IMPCLASS">
    <failure type="org.openqa.selenium.TimeoutException" message="Timed out after 180 seconds waiting for visibility of element located by By.linkText: 330000000000241
Build info: version: &amp;apos;2.53.0&amp;apos;, revision: &amp;apos;35ae25b1534ae328c771e0856c93e187490ca824&amp;apos;, time: &amp;apos;2016-03-15 10:43:46&amp;apos;
System info: host: &amp;apos;INL-1ZDLPF2&amp;apos;, ip: &amp;apos;10.155.22.83&amp;apos;, os.name: &amp;apos;Windows 7&amp;apos;, os.arch: &amp;apos;amd64&amp;apos;, os.version: &amp;apos;6.1&amp;apos;, java.version: &amp;apos;1.8.0_102&amp;apos;
Driver info: org.openqa.selenium.chrome.ChromeDriver
Capabilities [{applicationCacheEnabled=false, rotatable=false, mobileEmulationEnabled=false, networkConnectionEnabled=false, chrome={chromedriverVersion=2.28.455520 (cc17746adff54984afff480136733114c6b3704b), userDataDir=C:\Users\ARABIN~1.SAM\AppData\Local\Temp\scoped_dir11896_24171}, takesHeapSnapshot=true, pageLoadStrategy=normal, databaseEnabled=false, handlesAlerts=true, hasTouchScreen=false, version=60.0.3112.113, platform=XP, browserConnectionEnabled=false, nativeEvents=true, acceptSslCerts=true, locationContextEnabled=true, webStorageEnabled=true, browserName=chrome, takesScreenshot=true, javascriptEnabled=true, cssSelectorsEnabled=true, unexpectedAlertBehaviour=}]
Session ID: d63b14c5302d82894e153ad65c79d696">
      <![CDATA[org.openqa.selenium.TimeoutException: Timed out after 180 seconds waiting for visibility of element located by By.linkText: 330000000000241
Build info: version: '2.53.0', revision: '35ae25b1534ae328c771e0856c93e187490ca824', time: '2016-03-15 10:43:46'
System info: host: 'INL-1ZDLPF2', ip: '10.155.22.83', os.name: 'Windows 7', os.arch: 'amd64', os.version: '6.1', java.version: '1.8.0_102'
Driver info: org.openqa.selenium.chrome.ChromeDriver
Capabilities [{applicationCacheEnabled=false, rotatable=false, mobileEmulationEnabled=false, networkConnectionEnabled=false, chrome={chromedriverVersion=2.28.455520 (cc17746adff54984afff480136733114c6b3704b), userDataDir=C:\Users\ARABIN~1.SAM\AppData\Local\Temp\scoped_dir11896_24171}, takesHeapSnapshot=true, pageLoadStrategy=normal, databaseEnabled=false, handlesAlerts=true, hasTouchScreen=false, version=60.0.3112.113, platform=XP, browserConnectionEnabled=false, nativeEvents=true, acceptSslCerts=true, locationContextEnabled=true, webStorageEnabled=true, browserName=chrome, takesScreenshot=true, javascriptEnabled=true, cssSelectorsEnabled=true, unexpectedAlertBehaviour=}]
Session ID: d63b14c5302d82894e153ad65c79d696
	at org.openqa.selenium.support.ui.WebDriverWait.timeoutException(WebDriverWait.java:80)
	at org.openqa.selenium.support.ui.FluentWait.until(FluentWait.java:261)
	at OpcoUserActions.GDSP_OpcoGUI_086.selectactiononSIMs(GDSP_OpcoGUI_086.java:101)
	at OpcoUserActions.GDSP_OpcoGUI_086_IMPCLASS.TC_086(GDSP_OpcoGUI_086_IMPCLASS.java:45)
	at genericLibrary.CreateTestngXML.main(CreateTestngXML.java:90)
Caused by: org.openqa.selenium.NoSuchElementException: no such element: Unable to locate element: {"method":"link text","selector":"330000000000241"}
  (Session info: chrome=60.0.3112.113)
  (Driver info: chromedriver=2.28.455520 (cc17746adff54984afff480136733114c6b3704b),platform=Windows NT 6.1.7601 SP1 x86_64) (WARNING: The server did not provide any stacktrace information)
Command duration or timeout: 16 milliseconds
For documentation on this error, please visit: http://seleniumhq.org/exceptions/no_such_element.html
Build info: version: '2.53.0', revision: '35ae25b1534ae328c771e0856c93e187490ca824', time: '2016-03-15 10:43:46'
System info: host: 'INL-1ZDLPF2', ip: '10.155.22.83', os.name: 'Windows 7', os.arch: 'amd64', os.version: '6.1', java.version: '1.8.0_102'
Driver info: org.openqa.selenium.chrome.ChromeDriver
Capabilities [{applicationCacheEnabled=false, rotatable=false, mobileEmulationEnabled=false, networkConnectionEnabled=false, chrome={chromedriverVersion=2.28.455520 (cc17746adff54984afff480136733114c6b3704b), userDataDir=C:\Users\ARABIN~1.SAM\AppData\Local\Temp\scoped_dir11896_24171}, takesHeapSnapshot=true, pageLoadStrategy=normal, databaseEnabled=false, handlesAlerts=true, hasTouchScreen=false, version=60.0.3112.113, platform=XP, browserConnectionEnabled=false, nativeEvents=true, acceptSslCerts=true, locationContextEnabled=true, webStorageEnabled=true, browserName=chrome, takesScreenshot=true, javascriptEnabled=true, cssSelectorsEnabled=true, unexpectedAlertBehaviour=}]
Session ID: d63b14c5302d82894e153ad65c79d696
*** Element info: {Using=link text, value=330000000000241}
	at org.openqa.selenium.remote.ErrorHandler.createThrowable(ErrorHandler.java:206)
	at org.openqa.selenium.remote.ErrorHandler.throwIfResponseFailed(ErrorHandler.java:158)
	at org.openqa.selenium.remote.RemoteWebDriver.execute(RemoteWebDriver.java:678)
	at org.openqa.selenium.remote.RemoteWebDriver.findElement(RemoteWebDriver.java:363)
	at org.openqa.selenium.remote.RemoteWebDriver.findElementByLinkText(RemoteWebDriver.java:428)
	at org.openqa.selenium.By$ByLinkText.findElement(By.java:246)
	at org.openqa.selenium.remote.RemoteWebDriver.findElement(RemoteWebDriver.java:355)
	at org.openqa.selenium.support.ui.ExpectedConditions.findElement(ExpectedConditions.java:899)
	at org.openqa.selenium.support.ui.ExpectedConditions.access$000(ExpectedConditions.java:41)
	at org.openqa.selenium.support.ui.ExpectedConditions$7.apply(ExpectedConditions.java:205)
	at org.openqa.selenium.support.ui.ExpectedConditions$7.apply(ExpectedConditions.java:201)
	at org.openqa.selenium.support.ui.FluentWait.until(FluentWait.java:238)
	... 24 more
... Removed 24 stack frames]]>
    </failure>
  </testcase> <!-- TC_086 -->
  <testcase name="TC_087" time="196.877" classname="OpcoUserActions.GDSP_OpcoGUI_088_IMPCLASS">
    <failure type="org.openqa.selenium.TimeoutException" message="Timed out after 180 seconds waiting for visibility of element located by By.linkText: 330000000000241
Build info: version: &amp;apos;2.53.0&amp;apos;, revision: &amp;apos;35ae25b1534ae328c771e0856c93e187490ca824&amp;apos;, time: &amp;apos;2016-03-15 10:43:46&amp;apos;
System info: host: &amp;apos;INL-1ZDLPF2&amp;apos;, ip: &amp;apos;10.155.22.83&amp;apos;, os.name: &amp;apos;Windows 7&amp;apos;, os.arch: &amp;apos;amd64&amp;apos;, os.version: &amp;apos;6.1&amp;apos;, java.version: &amp;apos;1.8.0_102&amp;apos;
Driver info: org.openqa.selenium.chrome.ChromeDriver
Capabilities [{applicationCacheEnabled=false, rotatable=false, mobileEmulationEnabled=false, networkConnectionEnabled=false, chrome={chromedriverVersion=2.28.455520 (cc17746adff54984afff480136733114c6b3704b), userDataDir=C:\Users\ARABIN~1.SAM\AppData\Local\Temp\scoped_dir10968_7875}, takesHeapSnapshot=true, pageLoadStrategy=normal, databaseEnabled=false, handlesAlerts=true, hasTouchScreen=false, version=60.0.3112.113, platform=XP, browserConnectionEnabled=false, nativeEvents=true, acceptSslCerts=true, locationContextEnabled=true, webStorageEnabled=true, browserName=chrome, takesScreenshot=true, javascriptEnabled=true, cssSelectorsEnabled=true, unexpectedAlertBehaviour=}]
Session ID: 23e8efe1d45ac4fc3967f75ce8d9b1cc">
      <![CDATA[org.openqa.selenium.TimeoutException: Timed out after 180 seconds waiting for visibility of element located by By.linkText: 330000000000241
Build info: version: '2.53.0', revision: '35ae25b1534ae328c771e0856c93e187490ca824', time: '2016-03-15 10:43:46'
System info: host: 'INL-1ZDLPF2', ip: '10.155.22.83', os.name: 'Windows 7', os.arch: 'amd64', os.version: '6.1', java.version: '1.8.0_102'
Driver info: org.openqa.selenium.chrome.ChromeDriver
Capabilities [{applicationCacheEnabled=false, rotatable=false, mobileEmulationEnabled=false, networkConnectionEnabled=false, chrome={chromedriverVersion=2.28.455520 (cc17746adff54984afff480136733114c6b3704b), userDataDir=C:\Users\ARABIN~1.SAM\AppData\Local\Temp\scoped_dir10968_7875}, takesHeapSnapshot=true, pageLoadStrategy=normal, databaseEnabled=false, handlesAlerts=true, hasTouchScreen=false, version=60.0.3112.113, platform=XP, browserConnectionEnabled=false, nativeEvents=true, acceptSslCerts=true, locationContextEnabled=true, webStorageEnabled=true, browserName=chrome, takesScreenshot=true, javascriptEnabled=true, cssSelectorsEnabled=true, unexpectedAlertBehaviour=}]
Session ID: 23e8efe1d45ac4fc3967f75ce8d9b1cc
	at org.openqa.selenium.support.ui.WebDriverWait.timeoutException(WebDriverWait.java:80)
	at org.openqa.selenium.support.ui.FluentWait.until(FluentWait.java:261)
	at OpcoUserActions.GDSP_OpcoGUI_088.selectactiononSIMs(GDSP_OpcoGUI_088.java:100)
	at OpcoUserActions.GDSP_OpcoGUI_088_IMPCLASS.TC_087(GDSP_OpcoGUI_088_IMPCLASS.java:46)
	at genericLibrary.CreateTestngXML.main(CreateTestngXML.java:90)
Caused by: org.openqa.selenium.NoSuchElementException: no such element: Unable to locate element: {"method":"link text","selector":"330000000000241"}
  (Session info: chrome=60.0.3112.113)
  (Driver info: chromedriver=2.28.455520 (cc17746adff54984afff480136733114c6b3704b),platform=Windows NT 6.1.7601 SP1 x86_64) (WARNING: The server did not provide any stacktrace information)
Command duration or timeout: 16 milliseconds
For documentation on this error, please visit: http://seleniumhq.org/exceptions/no_such_element.html
Build info: version: '2.53.0', revision: '35ae25b1534ae328c771e0856c93e187490ca824', time: '2016-03-15 10:43:46'
System info: host: 'INL-1ZDLPF2', ip: '10.155.22.83', os.name: 'Windows 7', os.arch: 'amd64', os.version: '6.1', java.version: '1.8.0_102'
Driver info: org.openqa.selenium.chrome.ChromeDriver
Capabilities [{applicationCacheEnabled=false, rotatable=false, mobileEmulationEnabled=false, networkConnectionEnabled=false, chrome={chromedriverVersion=2.28.455520 (cc17746adff54984afff480136733114c6b3704b), userDataDir=C:\Users\ARABIN~1.SAM\AppData\Local\Temp\scoped_dir10968_7875}, takesHeapSnapshot=true, pageLoadStrategy=normal, databaseEnabled=false, handlesAlerts=true, hasTouchScreen=false, version=60.0.3112.113, platform=XP, browserConnectionEnabled=false, nativeEvents=true, acceptSslCerts=true, locationContextEnabled=true, webStorageEnabled=true, browserName=chrome, takesScreenshot=true, javascriptEnabled=true, cssSelectorsEnabled=true, unexpectedAlertBehaviour=}]
Session ID: 23e8efe1d45ac4fc3967f75ce8d9b1cc
*** Element info: {Using=link text, value=330000000000241}
	at org.openqa.selenium.remote.ErrorHandler.createThrowable(ErrorHandler.java:206)
	at org.openqa.selenium.remote.ErrorHandler.throwIfResponseFailed(ErrorHandler.java:158)
	at org.openqa.selenium.remote.RemoteWebDriver.execute(RemoteWebDriver.java:678)
	at org.openqa.selenium.remote.RemoteWebDriver.findElement(RemoteWebDriver.java:363)
	at org.openqa.selenium.remote.RemoteWebDriver.findElementByLinkText(RemoteWebDriver.java:428)
	at org.openqa.selenium.By$ByLinkText.findElement(By.java:246)
	at org.openqa.selenium.remote.RemoteWebDriver.findElement(RemoteWebDriver.java:355)
	at org.openqa.selenium.support.ui.ExpectedConditions.findElement(ExpectedConditions.java:899)
	at org.openqa.selenium.support.ui.ExpectedConditions.access$000(ExpectedConditions.java:41)
	at org.openqa.selenium.support.ui.ExpectedConditions$7.apply(ExpectedConditions.java:205)
	at org.openqa.selenium.support.ui.ExpectedConditions$7.apply(ExpectedConditions.java:201)
	at org.openqa.selenium.support.ui.FluentWait.until(FluentWait.java:238)
	... 24 more
... Removed 24 stack frames]]>
    </failure>
  </testcase> <!-- TC_087 -->
  <testcase name="TC_089" time="197.056" classname="OpcoUserActions.GDSP_OpcoGUI_089_IMPCLASS">
    <failure type="org.openqa.selenium.TimeoutException" message="Timed out after 180 seconds waiting for visibility of element located by By.linkText: 330000000000241
Build info: version: &amp;apos;2.53.0&amp;apos;, revision: &amp;apos;35ae25b1534ae328c771e0856c93e187490ca824&amp;apos;, time: &amp;apos;2016-03-15 10:43:46&amp;apos;
System info: host: &amp;apos;INL-1ZDLPF2&amp;apos;, ip: &amp;apos;10.155.22.83&amp;apos;, os.name: &amp;apos;Windows 7&amp;apos;, os.arch: &amp;apos;amd64&amp;apos;, os.version: &amp;apos;6.1&amp;apos;, java.version: &amp;apos;1.8.0_102&amp;apos;
Driver info: org.openqa.selenium.chrome.ChromeDriver
Capabilities [{applicationCacheEnabled=false, rotatable=false, mobileEmulationEnabled=false, networkConnectionEnabled=false, chrome={chromedriverVersion=2.28.455520 (cc17746adff54984afff480136733114c6b3704b), userDataDir=C:\Users\ARABIN~1.SAM\AppData\Local\Temp\scoped_dir16588_6529}, takesHeapSnapshot=true, pageLoadStrategy=normal, databaseEnabled=false, handlesAlerts=true, hasTouchScreen=false, version=60.0.3112.113, platform=XP, browserConnectionEnabled=false, nativeEvents=true, acceptSslCerts=true, locationContextEnabled=true, webStorageEnabled=true, browserName=chrome, takesScreenshot=true, javascriptEnabled=true, cssSelectorsEnabled=true, unexpectedAlertBehaviour=}]
Session ID: 46e651fef1f1cb7070e495c6094666a4">
      <![CDATA[org.openqa.selenium.TimeoutException: Timed out after 180 seconds waiting for visibility of element located by By.linkText: 330000000000241
Build info: version: '2.53.0', revision: '35ae25b1534ae328c771e0856c93e187490ca824', time: '2016-03-15 10:43:46'
System info: host: 'INL-1ZDLPF2', ip: '10.155.22.83', os.name: 'Windows 7', os.arch: 'amd64', os.version: '6.1', java.version: '1.8.0_102'
Driver info: org.openqa.selenium.chrome.ChromeDriver
Capabilities [{applicationCacheEnabled=false, rotatable=false, mobileEmulationEnabled=false, networkConnectionEnabled=false, chrome={chromedriverVersion=2.28.455520 (cc17746adff54984afff480136733114c6b3704b), userDataDir=C:\Users\ARABIN~1.SAM\AppData\Local\Temp\scoped_dir16588_6529}, takesHeapSnapshot=true, pageLoadStrategy=normal, databaseEnabled=false, handlesAlerts=true, hasTouchScreen=false, version=60.0.3112.113, platform=XP, browserConnectionEnabled=false, nativeEvents=true, acceptSslCerts=true, locationContextEnabled=true, webStorageEnabled=true, browserName=chrome, takesScreenshot=true, javascriptEnabled=true, cssSelectorsEnabled=true, unexpectedAlertBehaviour=}]
Session ID: 46e651fef1f1cb7070e495c6094666a4
	at org.openqa.selenium.support.ui.WebDriverWait.timeoutException(WebDriverWait.java:80)
	at org.openqa.selenium.support.ui.FluentWait.until(FluentWait.java:261)
	at OpcoUserActions.GDSP_OpcoGUI_089.selectactiononSIMs(GDSP_OpcoGUI_089.java:100)
	at OpcoUserActions.GDSP_OpcoGUI_089_IMPCLASS.TC_089(GDSP_OpcoGUI_089_IMPCLASS.java:46)
	at genericLibrary.CreateTestngXML.main(CreateTestngXML.java:90)
Caused by: org.openqa.selenium.NoSuchElementException: no such element: Unable to locate element: {"method":"link text","selector":"330000000000241"}
  (Session info: chrome=60.0.3112.113)
  (Driver info: chromedriver=2.28.455520 (cc17746adff54984afff480136733114c6b3704b),platform=Windows NT 6.1.7601 SP1 x86_64) (WARNING: The server did not provide any stacktrace information)
Command duration or timeout: 16 milliseconds
For documentation on this error, please visit: http://seleniumhq.org/exceptions/no_such_element.html
Build info: version: '2.53.0', revision: '35ae25b1534ae328c771e0856c93e187490ca824', time: '2016-03-15 10:43:46'
System info: host: 'INL-1ZDLPF2', ip: '10.155.22.83', os.name: 'Windows 7', os.arch: 'amd64', os.version: '6.1', java.version: '1.8.0_102'
Driver info: org.openqa.selenium.chrome.ChromeDriver
Capabilities [{applicationCacheEnabled=false, rotatable=false, mobileEmulationEnabled=false, networkConnectionEnabled=false, chrome={chromedriverVersion=2.28.455520 (cc17746adff54984afff480136733114c6b3704b), userDataDir=C:\Users\ARABIN~1.SAM\AppData\Local\Temp\scoped_dir16588_6529}, takesHeapSnapshot=true, pageLoadStrategy=normal, databaseEnabled=false, handlesAlerts=true, hasTouchScreen=false, version=60.0.3112.113, platform=XP, browserConnectionEnabled=false, nativeEvents=true, acceptSslCerts=true, locationContextEnabled=true, webStorageEnabled=true, browserName=chrome, takesScreenshot=true, javascriptEnabled=true, cssSelectorsEnabled=true, unexpectedAlertBehaviour=}]
Session ID: 46e651fef1f1cb7070e495c6094666a4
*** Element info: {Using=link text, value=330000000000241}
	at org.openqa.selenium.remote.ErrorHandler.createThrowable(ErrorHandler.java:206)
	at org.openqa.selenium.remote.ErrorHandler.throwIfResponseFailed(ErrorHandler.java:158)
	at org.openqa.selenium.remote.RemoteWebDriver.execute(RemoteWebDriver.java:678)
	at org.openqa.selenium.remote.RemoteWebDriver.findElement(RemoteWebDriver.java:363)
	at org.openqa.selenium.remote.RemoteWebDriver.findElementByLinkText(RemoteWebDriver.java:428)
	at org.openqa.selenium.By$ByLinkText.findElement(By.java:246)
	at org.openqa.selenium.remote.RemoteWebDriver.findElement(RemoteWebDriver.java:355)
	at org.openqa.selenium.support.ui.ExpectedConditions.findElement(ExpectedConditions.java:899)
	at org.openqa.selenium.support.ui.ExpectedConditions.access$000(ExpectedConditions.java:41)
	at org.openqa.selenium.support.ui.ExpectedConditions$7.apply(ExpectedConditions.java:205)
	at org.openqa.selenium.support.ui.ExpectedConditions$7.apply(ExpectedConditions.java:201)
	at org.openqa.selenium.support.ui.FluentWait.until(FluentWait.java:238)
	... 24 more
... Removed 24 stack frames]]>
    </failure>
  </testcase> <!-- TC_089 -->
  <testcase name="TC_094" time="21.898" classname="OpcoUserActions.GDSP_OpcoGUI_094_IMPCLASS"/>
  <testcase name="TC_095" time="28.962" classname="OpcoUserActions.GDSP_OpcoGUI_095_IMPCLASS"/>
  <testcase name="TC_096" time="342.235" classname="OpcoUserActions.GDSP_OpcoGUI_096_IMPCLASS">
    <failure type="org.openqa.selenium.TimeoutException" message="timeout: cannot determine loading status
from timeout: Timed out receiving message from renderer: -0.024
  (Session info: chrome=60.0.3112.113)
  (Driver info: chromedriver=2.28.455520 (cc17746adff54984afff480136733114c6b3704b),platform=Windows NT 6.1.7601 SP1 x86_64) (WARNING: The server did not provide any stacktrace information)
Command duration or timeout: 300.07 seconds
Build info: version: &amp;apos;2.53.0&amp;apos;, revision: &amp;apos;35ae25b1534ae328c771e0856c93e187490ca824&amp;apos;, time: &amp;apos;2016-03-15 10:43:46&amp;apos;
System info: host: &amp;apos;INL-1ZDLPF2&amp;apos;, ip: &amp;apos;10.155.22.83&amp;apos;, os.name: &amp;apos;Windows 7&amp;apos;, os.arch: &amp;apos;amd64&amp;apos;, os.version: &amp;apos;6.1&amp;apos;, java.version: &amp;apos;1.8.0_102&amp;apos;
Driver info: org.openqa.selenium.chrome.ChromeDriver
Capabilities [{applicationCacheEnabled=false, rotatable=false, mobileEmulationEnabled=false, networkConnectionEnabled=false, chrome={chromedriverVersion=2.28.455520 (cc17746adff54984afff480136733114c6b3704b), userDataDir=C:\Users\ARABIN~1.SAM\AppData\Local\Temp\scoped_dir14292_29123}, takesHeapSnapshot=true, pageLoadStrategy=normal, databaseEnabled=false, handlesAlerts=true, hasTouchScreen=false, version=60.0.3112.113, platform=XP, browserConnectionEnabled=false, nativeEvents=true, acceptSslCerts=true, locationContextEnabled=true, webStorageEnabled=true, browserName=chrome, takesScreenshot=true, javascriptEnabled=true, cssSelectorsEnabled=true, unexpectedAlertBehaviour=}]
Session ID: fffeba7be5f0b0d690d2820345a8c513">
      <![CDATA[org.openqa.selenium.TimeoutException: timeout: cannot determine loading status
from timeout: Timed out receiving message from renderer: -0.024
  (Session info: chrome=60.0.3112.113)
  (Driver info: chromedriver=2.28.455520 (cc17746adff54984afff480136733114c6b3704b),platform=Windows NT 6.1.7601 SP1 x86_64) (WARNING: The server did not provide any stacktrace information)
Command duration or timeout: 300.07 seconds
Build info: version: '2.53.0', revision: '35ae25b1534ae328c771e0856c93e187490ca824', time: '2016-03-15 10:43:46'
System info: host: 'INL-1ZDLPF2', ip: '10.155.22.83', os.name: 'Windows 7', os.arch: 'amd64', os.version: '6.1', java.version: '1.8.0_102'
Driver info: org.openqa.selenium.chrome.ChromeDriver
Capabilities [{applicationCacheEnabled=false, rotatable=false, mobileEmulationEnabled=false, networkConnectionEnabled=false, chrome={chromedriverVersion=2.28.455520 (cc17746adff54984afff480136733114c6b3704b), userDataDir=C:\Users\ARABIN~1.SAM\AppData\Local\Temp\scoped_dir14292_29123}, takesHeapSnapshot=true, pageLoadStrategy=normal, databaseEnabled=false, handlesAlerts=true, hasTouchScreen=false, version=60.0.3112.113, platform=XP, browserConnectionEnabled=false, nativeEvents=true, acceptSslCerts=true, locationContextEnabled=true, webStorageEnabled=true, browserName=chrome, takesScreenshot=true, javascriptEnabled=true, cssSelectorsEnabled=true, unexpectedAlertBehaviour=}]
Session ID: fffeba7be5f0b0d690d2820345a8c513
	at org.openqa.selenium.remote.ErrorHandler.createThrowable(ErrorHandler.java:206)
	at org.openqa.selenium.remote.ErrorHandler.throwIfResponseFailed(ErrorHandler.java:158)
	at org.openqa.selenium.remote.RemoteWebDriver.execute(RemoteWebDriver.java:678)
	at org.openqa.selenium.remote.RemoteWebElement.execute(RemoteWebElement.java:327)
	at org.openqa.selenium.remote.RemoteWebElement.click(RemoteWebElement.java:85)
	at org.openqa.selenium.support.pagefactory.internal.LocatingElementHandler.invoke(LocatingElementHandler.java:51)
	at com.sun.proxy.$Proxy7.click(Unknown Source)
	at OpcoUserActions.GDSP_OpcoGUI_096.SIMCustomerOrder_Create(GDSP_OpcoGUI_096.java:72)
	at OpcoUserActions.GDSP_OpcoGUI_096_IMPCLASS.TC_096(GDSP_OpcoGUI_096_IMPCLASS.java:42)
	at genericLibrary.CreateTestngXML.main(CreateTestngXML.java:90)
... Removed 28 stack frames]]>
    </failure>
  </testcase> <!-- TC_096 -->
  <testcase name="TC_101" time="26.793" classname="OpcoUserActions.GDSP_OpcoGUI_101_IMPCLASS"/>
  <testcase name="TC_102" time="15.734" classname="OpcoUserActions.GDSP_OpcoGUI_102_IMPCLASS">
    <failure type="org.openqa.selenium.NoSuchElementException" message="no such element: Unable to locate element: {&amp;quot;method&amp;quot;:&amp;quot;xpath&amp;quot;,&amp;quot;selector&amp;quot;:&amp;quot;//a[contains(text(),&amp;apos;Edit&amp;apos;)]&amp;quot;}
  (Session info: chrome=60.0.3112.113)
  (Driver info: chromedriver=2.28.455520 (cc17746adff54984afff480136733114c6b3704b),platform=Windows NT 6.1.7601 SP1 x86_64) (WARNING: The server did not provide any stacktrace information)
Command duration or timeout: 47 milliseconds
For documentation on this error, please visit: http://seleniumhq.org/exceptions/no_such_element.html
Build info: version: &amp;apos;2.53.0&amp;apos;, revision: &amp;apos;35ae25b1534ae328c771e0856c93e187490ca824&amp;apos;, time: &amp;apos;2016-03-15 10:43:46&amp;apos;
System info: host: &amp;apos;INL-1ZDLPF2&amp;apos;, ip: &amp;apos;10.155.22.83&amp;apos;, os.name: &amp;apos;Windows 7&amp;apos;, os.arch: &amp;apos;amd64&amp;apos;, os.version: &amp;apos;6.1&amp;apos;, java.version: &amp;apos;1.8.0_102&amp;apos;
Driver info: org.openqa.selenium.chrome.ChromeDriver
Capabilities [{applicationCacheEnabled=false, rotatable=false, mobileEmulationEnabled=false, networkConnectionEnabled=false, chrome={chromedriverVersion=2.28.455520 (cc17746adff54984afff480136733114c6b3704b), userDataDir=C:\Users\ARABIN~1.SAM\AppData\Local\Temp\scoped_dir17808_14337}, takesHeapSnapshot=true, pageLoadStrategy=normal, databaseEnabled=false, handlesAlerts=true, hasTouchScreen=false, version=60.0.3112.113, platform=XP, browserConnectionEnabled=false, nativeEvents=true, acceptSslCerts=true, locationContextEnabled=true, webStorageEnabled=true, browserName=chrome, takesScreenshot=true, javascriptEnabled=true, cssSelectorsEnabled=true, unexpectedAlertBehaviour=}]
Session ID: 653cec4e854d24522c225615184e72ef
*** Element info: {Using=xpath, value=//a[contains(text(),&amp;apos;Edit&amp;apos;)]}">
      <![CDATA[org.openqa.selenium.NoSuchElementException: no such element: Unable to locate element: {"method":"xpath","selector":"//a[contains(text(),'Edit')]"}
  (Session info: chrome=60.0.3112.113)
  (Driver info: chromedriver=2.28.455520 (cc17746adff54984afff480136733114c6b3704b),platform=Windows NT 6.1.7601 SP1 x86_64) (WARNING: The server did not provide any stacktrace information)
Command duration or timeout: 47 milliseconds
For documentation on this error, please visit: http://seleniumhq.org/exceptions/no_such_element.html
Build info: version: '2.53.0', revision: '35ae25b1534ae328c771e0856c93e187490ca824', time: '2016-03-15 10:43:46'
System info: host: 'INL-1ZDLPF2', ip: '10.155.22.83', os.name: 'Windows 7', os.arch: 'amd64', os.version: '6.1', java.version: '1.8.0_102'
Driver info: org.openqa.selenium.chrome.ChromeDriver
Capabilities [{applicationCacheEnabled=false, rotatable=false, mobileEmulationEnabled=false, networkConnectionEnabled=false, chrome={chromedriverVersion=2.28.455520 (cc17746adff54984afff480136733114c6b3704b), userDataDir=C:\Users\ARABIN~1.SAM\AppData\Local\Temp\scoped_dir17808_14337}, takesHeapSnapshot=true, pageLoadStrategy=normal, databaseEnabled=false, handlesAlerts=true, hasTouchScreen=false, version=60.0.3112.113, platform=XP, browserConnectionEnabled=false, nativeEvents=true, acceptSslCerts=true, locationContextEnabled=true, webStorageEnabled=true, browserName=chrome, takesScreenshot=true, javascriptEnabled=true, cssSelectorsEnabled=true, unexpectedAlertBehaviour=}]
Session ID: 653cec4e854d24522c225615184e72ef
*** Element info: {Using=xpath, value=//a[contains(text(),'Edit')]}
	at org.openqa.selenium.remote.ErrorHandler.createThrowable(ErrorHandler.java:206)
	at org.openqa.selenium.remote.ErrorHandler.throwIfResponseFailed(ErrorHandler.java:158)
	at org.openqa.selenium.remote.RemoteWebDriver.execute(RemoteWebDriver.java:678)
	at org.openqa.selenium.remote.RemoteWebDriver.findElement(RemoteWebDriver.java:363)
	at org.openqa.selenium.remote.RemoteWebDriver.findElementByXPath(RemoteWebDriver.java:500)
	at org.openqa.selenium.By$ByXPath.findElement(By.java:361)
	at org.openqa.selenium.remote.RemoteWebDriver.findElement(RemoteWebDriver.java:355)
	at org.openqa.selenium.support.pagefactory.DefaultElementLocator.findElement(DefaultElementLocator.java:69)
	at org.openqa.selenium.support.pagefactory.internal.LocatingElementHandler.invoke(LocatingElementHandler.java:38)
	at com.sun.proxy.$Proxy7.click(Unknown Source)
	at OpcoUserActions.GDSP_OpcoGUI_102.vpnedit(GDSP_OpcoGUI_102.java:81)
	at OpcoUserActions.GDSP_OpcoGUI_102_IMPCLASS.TC_102(GDSP_OpcoGUI_102_IMPCLASS.java:45)
	at genericLibrary.CreateTestngXML.main(CreateTestngXML.java:90)
... Removed 24 stack frames]]>
    </failure>
  </testcase> <!-- TC_102 -->
  <testcase name="TC_103" time="14.113" classname="OpcoUserActions.GDSP_OpcoGUI_103_IMPCLASS">
    <failure type="org.openqa.selenium.NoSuchElementException" message="no such element: Unable to locate element: {&amp;quot;method&amp;quot;:&amp;quot;xpath&amp;quot;,&amp;quot;selector&amp;quot;:&amp;quot;//a[contains(text(),&amp;apos;Copy&amp;apos;)]&amp;quot;}
  (Session info: chrome=60.0.3112.113)
  (Driver info: chromedriver=2.28.455520 (cc17746adff54984afff480136733114c6b3704b),platform=Windows NT 6.1.7601 SP1 x86_64) (WARNING: The server did not provide any stacktrace information)
Command duration or timeout: 33 milliseconds
For documentation on this error, please visit: http://seleniumhq.org/exceptions/no_such_element.html
Build info: version: &amp;apos;2.53.0&amp;apos;, revision: &amp;apos;35ae25b1534ae328c771e0856c93e187490ca824&amp;apos;, time: &amp;apos;2016-03-15 10:43:46&amp;apos;
System info: host: &amp;apos;INL-1ZDLPF2&amp;apos;, ip: &amp;apos;10.155.22.83&amp;apos;, os.name: &amp;apos;Windows 7&amp;apos;, os.arch: &amp;apos;amd64&amp;apos;, os.version: &amp;apos;6.1&amp;apos;, java.version: &amp;apos;1.8.0_102&amp;apos;
Driver info: org.openqa.selenium.chrome.ChromeDriver
Capabilities [{applicationCacheEnabled=false, rotatable=false, mobileEmulationEnabled=false, networkConnectionEnabled=false, chrome={chromedriverVersion=2.28.455520 (cc17746adff54984afff480136733114c6b3704b), userDataDir=C:\Users\ARABIN~1.SAM\AppData\Local\Temp\scoped_dir7248_29435}, takesHeapSnapshot=true, pageLoadStrategy=normal, databaseEnabled=false, handlesAlerts=true, hasTouchScreen=false, version=60.0.3112.113, platform=XP, browserConnectionEnabled=false, nativeEvents=true, acceptSslCerts=true, locationContextEnabled=true, webStorageEnabled=true, browserName=chrome, takesScreenshot=true, javascriptEnabled=true, cssSelectorsEnabled=true, unexpectedAlertBehaviour=}]
Session ID: cb49e868f5efd1bd1bfdc0cb0698bc01
*** Element info: {Using=xpath, value=//a[contains(text(),&amp;apos;Copy&amp;apos;)]}">
      <![CDATA[org.openqa.selenium.NoSuchElementException: no such element: Unable to locate element: {"method":"xpath","selector":"//a[contains(text(),'Copy')]"}
  (Session info: chrome=60.0.3112.113)
  (Driver info: chromedriver=2.28.455520 (cc17746adff54984afff480136733114c6b3704b),platform=Windows NT 6.1.7601 SP1 x86_64) (WARNING: The server did not provide any stacktrace information)
Command duration or timeout: 33 milliseconds
For documentation on this error, please visit: http://seleniumhq.org/exceptions/no_such_element.html
Build info: version: '2.53.0', revision: '35ae25b1534ae328c771e0856c93e187490ca824', time: '2016-03-15 10:43:46'
System info: host: 'INL-1ZDLPF2', ip: '10.155.22.83', os.name: 'Windows 7', os.arch: 'amd64', os.version: '6.1', java.version: '1.8.0_102'
Driver info: org.openqa.selenium.chrome.ChromeDriver
Capabilities [{applicationCacheEnabled=false, rotatable=false, mobileEmulationEnabled=false, networkConnectionEnabled=false, chrome={chromedriverVersion=2.28.455520 (cc17746adff54984afff480136733114c6b3704b), userDataDir=C:\Users\ARABIN~1.SAM\AppData\Local\Temp\scoped_dir7248_29435}, takesHeapSnapshot=true, pageLoadStrategy=normal, databaseEnabled=false, handlesAlerts=true, hasTouchScreen=false, version=60.0.3112.113, platform=XP, browserConnectionEnabled=false, nativeEvents=true, acceptSslCerts=true, locationContextEnabled=true, webStorageEnabled=true, browserName=chrome, takesScreenshot=true, javascriptEnabled=true, cssSelectorsEnabled=true, unexpectedAlertBehaviour=}]
Session ID: cb49e868f5efd1bd1bfdc0cb0698bc01
*** Element info: {Using=xpath, value=//a[contains(text(),'Copy')]}
	at org.openqa.selenium.remote.ErrorHandler.createThrowable(ErrorHandler.java:206)
	at org.openqa.selenium.remote.ErrorHandler.throwIfResponseFailed(ErrorHandler.java:158)
	at org.openqa.selenium.remote.RemoteWebDriver.execute(RemoteWebDriver.java:678)
	at org.openqa.selenium.remote.RemoteWebDriver.findElement(RemoteWebDriver.java:363)
	at org.openqa.selenium.remote.RemoteWebDriver.findElementByXPath(RemoteWebDriver.java:500)
	at org.openqa.selenium.By$ByXPath.findElement(By.java:361)
	at org.openqa.selenium.remote.RemoteWebDriver.findElement(RemoteWebDriver.java:355)
	at org.openqa.selenium.support.pagefactory.DefaultElementLocator.findElement(DefaultElementLocator.java:69)
	at org.openqa.selenium.support.pagefactory.internal.LocatingElementHandler.invoke(LocatingElementHandler.java:38)
	at com.sun.proxy.$Proxy7.click(Unknown Source)
	at OpcoUserActions.GDSP_OpcoGUI_103.vpncopy(GDSP_OpcoGUI_103.java:83)
	at OpcoUserActions.GDSP_OpcoGUI_103_IMPCLASS.TC_103(GDSP_OpcoGUI_103_IMPCLASS.java:45)
	at genericLibrary.CreateTestngXML.main(CreateTestngXML.java:90)
... Removed 24 stack frames]]>
    </failure>
  </testcase> <!-- TC_103 -->
  <testcase name="TC_104" time="12.501" classname="OpcoUserActions.GDSP_OpcoGUI_104_IMPCLASS"/>
  <testcase name="TC_105" time="17.753" classname="OpcoUserActions.GDSP_OpcoGUI_105_IMPCLASS"/>
  <testcase name="TC_106" time="10.603" classname="OpcoUserActions.GDSP_OpcoGUI_106_IMPCLASS">
    <failure type="org.openqa.selenium.NoSuchElementException" message="no such element: Unable to locate element: {&amp;quot;method&amp;quot;:&amp;quot;xpath&amp;quot;,&amp;quot;selector&amp;quot;:&amp;quot;//a[contains(@href,&amp;apos;manage_restrictions&amp;apos;)]&amp;quot;}
  (Session info: chrome=60.0.3112.113)
  (Driver info: chromedriver=2.28.455520 (cc17746adff54984afff480136733114c6b3704b),platform=Windows NT 6.1.7601 SP1 x86_64) (WARNING: The server did not provide any stacktrace information)
Command duration or timeout: 68 milliseconds
For documentation on this error, please visit: http://seleniumhq.org/exceptions/no_such_element.html
Build info: version: &amp;apos;2.53.0&amp;apos;, revision: &amp;apos;35ae25b1534ae328c771e0856c93e187490ca824&amp;apos;, time: &amp;apos;2016-03-15 10:43:46&amp;apos;
System info: host: &amp;apos;INL-1ZDLPF2&amp;apos;, ip: &amp;apos;10.155.22.83&amp;apos;, os.name: &amp;apos;Windows 7&amp;apos;, os.arch: &amp;apos;amd64&amp;apos;, os.version: &amp;apos;6.1&amp;apos;, java.version: &amp;apos;1.8.0_102&amp;apos;
Driver info: org.openqa.selenium.chrome.ChromeDriver
Capabilities [{applicationCacheEnabled=false, rotatable=false, mobileEmulationEnabled=false, networkConnectionEnabled=false, chrome={chromedriverVersion=2.28.455520 (cc17746adff54984afff480136733114c6b3704b), userDataDir=C:\Users\ARABIN~1.SAM\AppData\Local\Temp\scoped_dir18660_14901}, takesHeapSnapshot=true, pageLoadStrategy=normal, databaseEnabled=false, handlesAlerts=true, hasTouchScreen=false, version=60.0.3112.113, platform=XP, browserConnectionEnabled=false, nativeEvents=true, acceptSslCerts=true, locationContextEnabled=true, webStorageEnabled=true, browserName=chrome, takesScreenshot=true, javascriptEnabled=true, cssSelectorsEnabled=true, unexpectedAlertBehaviour=}]
Session ID: be261735b5af2ceb43709b8e05e526fe
*** Element info: {Using=xpath, value=//a[contains(@href,&amp;apos;manage_restrictions&amp;apos;)]}">
      <![CDATA[org.openqa.selenium.NoSuchElementException: no such element: Unable to locate element: {"method":"xpath","selector":"//a[contains(@href,'manage_restrictions')]"}
  (Session info: chrome=60.0.3112.113)
  (Driver info: chromedriver=2.28.455520 (cc17746adff54984afff480136733114c6b3704b),platform=Windows NT 6.1.7601 SP1 x86_64) (WARNING: The server did not provide any stacktrace information)
Command duration or timeout: 68 milliseconds
For documentation on this error, please visit: http://seleniumhq.org/exceptions/no_such_element.html
Build info: version: '2.53.0', revision: '35ae25b1534ae328c771e0856c93e187490ca824', time: '2016-03-15 10:43:46'
System info: host: 'INL-1ZDLPF2', ip: '10.155.22.83', os.name: 'Windows 7', os.arch: 'amd64', os.version: '6.1', java.version: '1.8.0_102'
Driver info: org.openqa.selenium.chrome.ChromeDriver
Capabilities [{applicationCacheEnabled=false, rotatable=false, mobileEmulationEnabled=false, networkConnectionEnabled=false, chrome={chromedriverVersion=2.28.455520 (cc17746adff54984afff480136733114c6b3704b), userDataDir=C:\Users\ARABIN~1.SAM\AppData\Local\Temp\scoped_dir18660_14901}, takesHeapSnapshot=true, pageLoadStrategy=normal, databaseEnabled=false, handlesAlerts=true, hasTouchScreen=false, version=60.0.3112.113, platform=XP, browserConnectionEnabled=false, nativeEvents=true, acceptSslCerts=true, locationContextEnabled=true, webStorageEnabled=true, browserName=chrome, takesScreenshot=true, javascriptEnabled=true, cssSelectorsEnabled=true, unexpectedAlertBehaviour=}]
Session ID: be261735b5af2ceb43709b8e05e526fe
*** Element info: {Using=xpath, value=//a[contains(@href,'manage_restrictions')]}
	at org.openqa.selenium.remote.ErrorHandler.createThrowable(ErrorHandler.java:206)
	at org.openqa.selenium.remote.ErrorHandler.throwIfResponseFailed(ErrorHandler.java:158)
	at org.openqa.selenium.remote.RemoteWebDriver.execute(RemoteWebDriver.java:678)
	at org.openqa.selenium.remote.RemoteWebDriver.findElement(RemoteWebDriver.java:363)
	at org.openqa.selenium.remote.RemoteWebDriver.findElementByXPath(RemoteWebDriver.java:500)
	at org.openqa.selenium.By$ByXPath.findElement(By.java:361)
	at org.openqa.selenium.remote.RemoteWebDriver.findElement(RemoteWebDriver.java:355)
	at org.openqa.selenium.support.pagefactory.DefaultElementLocator.findElement(DefaultElementLocator.java:69)
	at org.openqa.selenium.support.pagefactory.internal.LocatingElementHandler.invoke(LocatingElementHandler.java:38)
	at com.sun.proxy.$Proxy7.click(Unknown Source)
	at OpcoUserActions.GDSP_OpcoGUI_106.vpnconfigcallrest(GDSP_OpcoGUI_106.java:66)
	at OpcoUserActions.GDSP_OpcoGUI_106_IMPCLASS.TC_106(GDSP_OpcoGUI_106_IMPCLASS.java:45)
	at genericLibrary.CreateTestngXML.main(CreateTestngXML.java:90)
... Removed 24 stack frames]]>
    </failure>
  </testcase> <!-- TC_106 -->
  <testcase name="TC_107" time="32.063" classname="OpcoUserActions.GDSP_OpcoGUI_107_IMPCLASS"/>
  <testcase name="TC_108" time="24.015" classname="OpcoUserActions.GDSP_OpcoGUI_108_IMPCLASS"/>
  <testcase name="TC_109" time="34.8" classname="OpcoUserActions.GDSP_OpcoGUI_109_IMPCLASS"/>
  <testcase name="TC_110" time="19.285" classname="OpcoUserActions.GDSP_OpcoGUI_110_IMPCLASS"/>
  <testcase name="TC_111" time="21.171" classname="OpcoUserActions.GDSP_OpcoGUI_111_IMPCLASS"/>
  <testcase name="TC_112" time="31.241" classname="OpcoUserActions.GDSP_OpcoGUI_112_IMPCLASS"/>
  <testcase name="TC_115" time="18.548" classname="OpcoUserActions.GDSP_OpcoGUI_115_IMPCLASS"/>
  <testcase name="TC_116" time="81.66" classname="OpcoUserActions.GDSP_OpcoGUI_116_IMPCLASS"/>
  <testcase name="TC_117" time="29.736" classname="OpcoUserActions.GDSP_OpcoGUI_117_IMPCLASS"/>
  <testcase name="TC_118" time="27.483" classname="OpcoUserActions.GDSP_OpcoGUI_118_IMPCLASS"/>
  <testcase name="TC_119" time="41.636" classname="OpcoUserActions.GDSP_OpcoGUI_119_IMPCLASS"/>
  <testcase name="TC_120" time="26.811" classname="OpcoUserActions.GDSP_OpcoGUI_120_IMPCLASS"/>
  <testcase name="TC_121" time="17.047" classname="OpcoUserActions.GDSP_OpcoGUI_121_IMPCLASS"/>
  <testcase name="TC_122" time="28.428" classname="OpcoUserActions.GDSP_OpcoGUI_122_IMPCLASS"/>
  <testcase name="TC_123" time="26.094" classname="OpcoUserActions.GDSP_OpcoGUI_123_IMPCLASS"/>
  <testcase name="TC_124" time="20.904" classname="OpcoUserActions.GDSP_OpcoGUI_124_IMPCLASS"/>
  <testcase name="TC_125" time="33.071" classname="OpcoUserActions.GDSP_OpcoGUI_125_IMPCLASS"/>
  <testcase name="TC_126" time="28.886" classname="OpcoUserActions.GDSP_OpcoGUI_126_IMPCLASS"/>
  <testcase name="TC_127" time="30.276" classname="OpcoUserActions.GDSP_OpcoGUI_127_IMPCLASS"/>
  <testcase name="TC_128" time="32.559" classname="OpcoUserActions.GDSP_OpcoGUI_128_IMPCLASS"/>
  <testcase name="TC_129" time="27.512" classname="OpcoUserActions.GDSP_OpcoGUI_129_IMPCLASS">
    <failure type="org.openqa.selenium.WebDriverException" message="unknown error: Element &amp;lt;input type=&amp;quot;image&amp;quot; src=&amp;quot;images/search.png&amp;quot; alt=&amp;quot;submit&amp;quot;&amp;gt; is not clickable at point (927, 186). Other element would receive the click: &amp;lt;div id=&amp;quot;TB_title&amp;quot;&amp;gt;...&amp;lt;/div&amp;gt;
  (Session info: chrome=60.0.3112.113)
  (Driver info: chromedriver=2.28.455520 (cc17746adff54984afff480136733114c6b3704b),platform=Windows NT 6.1.7601 SP1 x86_64) (WARNING: The server did not provide any stacktrace information)
Command duration or timeout: 77 milliseconds
Build info: version: &amp;apos;2.53.0&amp;apos;, revision: &amp;apos;35ae25b1534ae328c771e0856c93e187490ca824&amp;apos;, time: &amp;apos;2016-03-15 10:43:46&amp;apos;
System info: host: &amp;apos;INL-1ZDLPF2&amp;apos;, ip: &amp;apos;10.155.22.83&amp;apos;, os.name: &amp;apos;Windows 7&amp;apos;, os.arch: &amp;apos;amd64&amp;apos;, os.version: &amp;apos;6.1&amp;apos;, java.version: &amp;apos;1.8.0_102&amp;apos;
Driver info: org.openqa.selenium.chrome.ChromeDriver
Capabilities [{applicationCacheEnabled=false, rotatable=false, mobileEmulationEnabled=false, networkConnectionEnabled=false, chrome={chromedriverVersion=2.28.455520 (cc17746adff54984afff480136733114c6b3704b), userDataDir=C:\Users\ARABIN~1.SAM\AppData\Local\Temp\scoped_dir19936_1781}, takesHeapSnapshot=true, pageLoadStrategy=normal, databaseEnabled=false, handlesAlerts=true, hasTouchScreen=false, version=60.0.3112.113, platform=XP, browserConnectionEnabled=false, nativeEvents=true, acceptSslCerts=true, locationContextEnabled=true, webStorageEnabled=true, browserName=chrome, takesScreenshot=true, javascriptEnabled=true, cssSelectorsEnabled=true, unexpectedAlertBehaviour=}]
Session ID: de216e6c37562dd11fdf26d3bfde4edf">
      <![CDATA[org.openqa.selenium.WebDriverException: unknown error: Element <input type="image" src="images/search.png" alt="submit"> is not clickable at point (927, 186). Other element would receive the click: <div id="TB_title">...</div>
  (Session info: chrome=60.0.3112.113)
  (Driver info: chromedriver=2.28.455520 (cc17746adff54984afff480136733114c6b3704b),platform=Windows NT 6.1.7601 SP1 x86_64) (WARNING: The server did not provide any stacktrace information)
Command duration or timeout: 77 milliseconds
Build info: version: '2.53.0', revision: '35ae25b1534ae328c771e0856c93e187490ca824', time: '2016-03-15 10:43:46'
System info: host: 'INL-1ZDLPF2', ip: '10.155.22.83', os.name: 'Windows 7', os.arch: 'amd64', os.version: '6.1', java.version: '1.8.0_102'
Driver info: org.openqa.selenium.chrome.ChromeDriver
Capabilities [{applicationCacheEnabled=false, rotatable=false, mobileEmulationEnabled=false, networkConnectionEnabled=false, chrome={chromedriverVersion=2.28.455520 (cc17746adff54984afff480136733114c6b3704b), userDataDir=C:\Users\ARABIN~1.SAM\AppData\Local\Temp\scoped_dir19936_1781}, takesHeapSnapshot=true, pageLoadStrategy=normal, databaseEnabled=false, handlesAlerts=true, hasTouchScreen=false, version=60.0.3112.113, platform=XP, browserConnectionEnabled=false, nativeEvents=true, acceptSslCerts=true, locationContextEnabled=true, webStorageEnabled=true, browserName=chrome, takesScreenshot=true, javascriptEnabled=true, cssSelectorsEnabled=true, unexpectedAlertBehaviour=}]
Session ID: de216e6c37562dd11fdf26d3bfde4edf
	at org.openqa.selenium.remote.ErrorHandler.createThrowable(ErrorHandler.java:206)
	at org.openqa.selenium.remote.ErrorHandler.throwIfResponseFailed(ErrorHandler.java:158)
	at org.openqa.selenium.remote.RemoteWebDriver.execute(RemoteWebDriver.java:678)
	at org.openqa.selenium.remote.RemoteWebElement.execute(RemoteWebElement.java:327)
	at org.openqa.selenium.remote.RemoteWebElement.click(RemoteWebElement.java:85)
	at org.openqa.selenium.support.pagefactory.internal.LocatingElementHandler.invoke(LocatingElementHandler.java:51)
	at com.sun.proxy.$Proxy7.click(Unknown Source)
	at OpcoUserActions.GDSP_OpcoGUI_129.deleteoutboundwsc(GDSP_OpcoGUI_129.java:82)
	at OpcoUserActions.GDSP_OpcoGUI_129_IMPCLASS.TC_129(GDSP_OpcoGUI_129_IMPCLASS.java:43)
	at genericLibrary.CreateTestngXML.main(CreateTestngXML.java:90)
... Removed 28 stack frames]]>
    </failure>
  </testcase> <!-- TC_129 -->
  <testcase name="TC_130" time="24.637" classname="OpcoUserActions.GDSP_OpcoGUI_130_IMPCLASS"/>
  <testcase name="TC_130" time="26.524" classname="OpcoUserActions.GDSP_OpcoGUI_131_IMPCLASS"/>
  <testcase name="TC_132" time="26.491" classname="OpcoUserActions.GDSP_OpcoGUI_132_IMPCLASS"/>
  <testcase name="TC_141" time="28.265" classname="OpcoUserActions.GDSP_OpcoGUI_141_IMPCLASS"/>
  <testcase name="TC_142" time="21.934" classname="OpcoUserActions.GDSP_OpcoGUI_142_IMPCLASS"/>
  <testcase name="TC_143" time="13.624" classname="OpcoUserActions.GDSP_OpcoGUI_143_IMPCLASS"/>
  <testcase name="TC_147" time="20.713" classname="OpcoUserActions.GDSP_OpcoGUI_147_IMPCLASS"/>
  <testcase name="TC_149" time="43.486" classname="OpcoUserActions.GDSP_OpcoGUI_149_IMPCLASS"/>
  <testcase name="TC_150" time="30.917" classname="OpcoUserActions.GDSP_OpcoGUI_150_IMPCLASS"/>
  <testcase name="TC_152" time="13.23" classname="OpcoUserActions.GDSP_OpcoGUI_152_IMPCLASS"/>
</testsuite> <!-- Test -->
